[2024-12-04T16:07:16.279+0000] {local_task_job_runner.py:123} INFO - ::group::Pre task execution logs
[2024-12-04T16:07:16.304+0000] {taskinstance.py:2613} INFO - Dependencies all met for dep_context=non-requeueable deps ti=<TaskInstance: instacart_etl_pipeline.etl_dim_aisle manual__2024-12-04T16:07:12.730715+00:00 [queued]>
[2024-12-04T16:07:16.323+0000] {taskinstance.py:2613} INFO - Dependencies all met for dep_context=requeueable deps ti=<TaskInstance: instacart_etl_pipeline.etl_dim_aisle manual__2024-12-04T16:07:12.730715+00:00 [queued]>
[2024-12-04T16:07:16.324+0000] {taskinstance.py:2866} INFO - Starting attempt 1 of 1
[2024-12-04T16:07:16.347+0000] {taskinstance.py:2889} INFO - Executing <Task(PythonOperator): etl_dim_aisle> on 2024-12-04 16:07:12.730715+00:00
[2024-12-04T16:07:16.368+0000] {logging_mixin.py:190} WARNING - /home/***/.local/lib/python3.12/site-packages/***/task/task_runner/standard_task_runner.py:70 DeprecationWarning: This process (pid=12147) is multi-threaded, use of fork() may lead to deadlocks in the child.
[2024-12-04T16:07:16.372+0000] {standard_task_runner.py:72} INFO - Started process 12150 to run task
[2024-12-04T16:07:16.368+0000] {standard_task_runner.py:104} INFO - Running: ['***', 'tasks', 'run', 'instacart_etl_pipeline', 'etl_dim_aisle', 'manual__2024-12-04T16:07:12.730715+00:00', '--job-id', '215', '--raw', '--subdir', 'DAGS_FOLDER/instacart_etl_dag.py', '--cfg-path', '/tmp/tmptxcl4wt0']
[2024-12-04T16:07:16.374+0000] {standard_task_runner.py:105} INFO - Job 215: Subtask etl_dim_aisle
[2024-12-04T16:07:21.911+0000] {task_command.py:467} INFO - Running <TaskInstance: instacart_etl_pipeline.etl_dim_aisle manual__2024-12-04T16:07:12.730715+00:00 [running]> on host e64be71b3b6d
[2024-12-04T16:07:29.655+0000] {job.py:229} INFO - Heartbeat recovered after 13.61 seconds
[2024-12-04T16:07:29.929+0000] {taskinstance.py:3132} INFO - Exporting env vars: AIRFLOW_CTX_DAG_OWNER='***' AIRFLOW_CTX_DAG_ID='instacart_etl_pipeline' AIRFLOW_CTX_TASK_ID='etl_dim_aisle' AIRFLOW_CTX_EXECUTION_DATE='2024-12-04T16:07:12.730715+00:00' AIRFLOW_CTX_TRY_NUMBER='1' AIRFLOW_CTX_DAG_RUN_ID='manual__2024-12-04T16:07:12.730715+00:00'
[2024-12-04T16:07:29.931+0000] {taskinstance.py:731} INFO - ::endgroup::
[2024-12-04T16:07:29.986+0000] {base.py:84} INFO - Retrieving connection 'mssql_default'
[2024-12-04T16:07:31.345+0000] {python.py:240} INFO - Done. Returned value was: None
[2024-12-04T16:07:31.355+0000] {taskinstance.py:340} INFO - ::group::Post task execution logs
[2024-12-04T16:07:31.356+0000] {taskinstance.py:352} INFO - Marking task as SUCCESS. dag_id=instacart_etl_pipeline, task_id=etl_dim_aisle, run_id=manual__2024-12-04T16:07:12.730715+00:00, execution_date=20241204T160712, start_date=20241204T160716, end_date=20241204T160731
[2024-12-04T16:07:31.389+0000] {local_task_job_runner.py:266} INFO - Task exited with return code 0
[2024-12-04T16:07:31.392+0000] {standard_task_runner.py:217} INFO - Process not found (most likely exited), stop collecting metrics
[2024-12-04T16:07:31.400+0000] {local_task_job_runner.py:245} INFO - ::endgroup::
