[2024-12-05T22:12:28.298+0000] {local_task_job_runner.py:123} INFO - ::group::Pre task execution logs
[2024-12-05T22:12:28.330+0000] {taskinstance.py:2613} INFO - Dependencies all met for dep_context=non-requeueable deps ti=<TaskInstance: instacart_pl.etl_dim_department manual__2024-12-05T22:12:25.277233+00:00 [queued]>
[2024-12-05T22:12:28.345+0000] {taskinstance.py:2613} INFO - Dependencies all met for dep_context=requeueable deps ti=<TaskInstance: instacart_pl.etl_dim_department manual__2024-12-05T22:12:25.277233+00:00 [queued]>
[2024-12-05T22:12:28.348+0000] {taskinstance.py:2866} INFO - Starting attempt 1 of 1
[2024-12-05T22:12:28.368+0000] {taskinstance.py:2889} INFO - Executing <Task(PythonOperator): etl_dim_department> on 2024-12-05 22:12:25.277233+00:00
[2024-12-05T22:12:28.387+0000] {logging_mixin.py:190} WARNING - /home/***/.local/lib/python3.12/site-packages/***/task/task_runner/standard_task_runner.py:70 DeprecationWarning: This process (pid=865) is multi-threaded, use of fork() may lead to deadlocks in the child.
[2024-12-05T22:12:28.389+0000] {standard_task_runner.py:72} INFO - Started process 874 to run task
[2024-12-05T22:12:28.388+0000] {standard_task_runner.py:104} INFO - Running: ['***', 'tasks', 'run', 'instacart_pl', 'etl_dim_department', 'manual__2024-12-05T22:12:25.277233+00:00', '--job-id', '644', '--raw', '--subdir', 'DAGS_FOLDER/test_etl_dag.py', '--cfg-path', '/tmp/tmpawhm9s9u']
[2024-12-05T22:12:28.391+0000] {standard_task_runner.py:105} INFO - Job 644: Subtask etl_dim_department
[2024-12-05T22:12:28.459+0000] {task_command.py:467} INFO - Running <TaskInstance: instacart_pl.etl_dim_department manual__2024-12-05T22:12:25.277233+00:00 [running]> on host eb2422a66d7b
[2024-12-05T22:12:28.589+0000] {taskinstance.py:3132} INFO - Exporting env vars: AIRFLOW_CTX_DAG_OWNER='***' AIRFLOW_CTX_DAG_ID='instacart_pl' AIRFLOW_CTX_TASK_ID='etl_dim_department' AIRFLOW_CTX_EXECUTION_DATE='2024-12-05T22:12:25.277233+00:00' AIRFLOW_CTX_TRY_NUMBER='1' AIRFLOW_CTX_DAG_RUN_ID='manual__2024-12-05T22:12:25.277233+00:00'
[2024-12-05T22:12:28.592+0000] {taskinstance.py:731} INFO - ::endgroup::
[2024-12-05T22:12:28.644+0000] {base.py:84} INFO - Retrieving connection 'mssql_default'
[2024-12-05T22:12:28.776+0000] {logging_mixin.py:190} INFO - Initial DataFrame from /opt/***/data/departments.csv/departments.csv:
   department_id department
0              1     frozen
1              2      other
2              3     bakery
3              4    produce
4              5    alcohol
[2024-12-05T22:12:28.858+0000] {python.py:240} INFO - Done. Returned value was: None
[2024-12-05T22:12:28.876+0000] {taskinstance.py:340} INFO - ::group::Post task execution logs
[2024-12-05T22:12:28.879+0000] {taskinstance.py:352} INFO - Marking task as SUCCESS. dag_id=instacart_pl, task_id=etl_dim_department, run_id=manual__2024-12-05T22:12:25.277233+00:00, execution_date=20241205T221225, start_date=20241205T221228, end_date=20241205T221228
[2024-12-05T22:12:28.930+0000] {local_task_job_runner.py:266} INFO - Task exited with return code 0
[2024-12-05T22:12:28.965+0000] {taskinstance.py:3895} INFO - 0 downstream tasks scheduled from follow-on schedule check
[2024-12-05T22:12:28.971+0000] {local_task_job_runner.py:245} INFO - ::endgroup::
