[2024-12-05T19:28:17.340+0000] {local_task_job_runner.py:123} INFO - ::group::Pre task execution logs
[2024-12-05T19:28:17.366+0000] {taskinstance.py:2613} INFO - Dependencies all met for dep_context=non-requeueable deps ti=<TaskInstance: instacart_etl.etl_dim_aisle manual__2024-12-05T19:28:15.746483+00:00 [queued]>
[2024-12-05T19:28:17.381+0000] {taskinstance.py:2613} INFO - Dependencies all met for dep_context=requeueable deps ti=<TaskInstance: instacart_etl.etl_dim_aisle manual__2024-12-05T19:28:15.746483+00:00 [queued]>
[2024-12-05T19:28:17.382+0000] {taskinstance.py:2866} INFO - Starting attempt 1 of 2
[2024-12-05T19:28:17.403+0000] {taskinstance.py:2889} INFO - Executing <Task(PythonOperator): etl_dim_aisle> on 2024-12-05 19:28:15.746483+00:00
[2024-12-05T19:28:17.428+0000] {logging_mixin.py:190} WARNING - /home/***/.local/lib/python3.12/site-packages/***/task/task_runner/standard_task_runner.py:70 DeprecationWarning: This process (pid=784) is multi-threaded, use of fork() may lead to deadlocks in the child.
[2024-12-05T19:28:17.430+0000] {standard_task_runner.py:72} INFO - Started process 787 to run task
[2024-12-05T19:28:17.428+0000] {standard_task_runner.py:104} INFO - Running: ['***', 'tasks', 'run', 'instacart_etl', 'etl_dim_aisle', 'manual__2024-12-05T19:28:15.746483+00:00', '--job-id', '561', '--raw', '--subdir', 'DAGS_FOLDER/test_dag.py', '--cfg-path', '/tmp/tmprna0r_1o']
[2024-12-05T19:28:17.431+0000] {standard_task_runner.py:105} INFO - Job 561: Subtask etl_dim_aisle
[2024-12-05T19:28:17.500+0000] {task_command.py:467} INFO - Running <TaskInstance: instacart_etl.etl_dim_aisle manual__2024-12-05T19:28:15.746483+00:00 [running]> on host d8dedb74dbcd
[2024-12-05T19:28:17.608+0000] {taskinstance.py:3132} INFO - Exporting env vars: AIRFLOW_CTX_DAG_OWNER='***' AIRFLOW_CTX_DAG_ID='instacart_etl' AIRFLOW_CTX_TASK_ID='etl_dim_aisle' AIRFLOW_CTX_EXECUTION_DATE='2024-12-05T19:28:15.746483+00:00' AIRFLOW_CTX_TRY_NUMBER='1' AIRFLOW_CTX_DAG_RUN_ID='manual__2024-12-05T19:28:15.746483+00:00'
[2024-12-05T19:28:17.609+0000] {taskinstance.py:731} INFO - ::endgroup::
[2024-12-05T19:28:17.634+0000] {base.py:84} INFO - Retrieving connection 'mssql_default'
[2024-12-05T19:28:17.669+0000] {logging_mixin.py:190} INFO - Index(['aisle_id', 'aisle'], dtype='object')
[2024-12-05T19:28:17.923+0000] {python.py:240} INFO - Done. Returned value was: None
[2024-12-05T19:28:17.935+0000] {taskinstance.py:340} INFO - ::group::Post task execution logs
[2024-12-05T19:28:17.938+0000] {taskinstance.py:352} INFO - Marking task as SUCCESS. dag_id=instacart_etl, task_id=etl_dim_aisle, run_id=manual__2024-12-05T19:28:15.746483+00:00, execution_date=20241205T192815, start_date=20241205T192817, end_date=20241205T192817
[2024-12-05T19:28:18.008+0000] {local_task_job_runner.py:266} INFO - Task exited with return code 0
[2024-12-05T19:28:18.028+0000] {taskinstance.py:3895} INFO - 1 downstream tasks scheduled from follow-on schedule check
[2024-12-05T19:28:18.033+0000] {local_task_job_runner.py:245} INFO - ::endgroup::
