[2024-12-06T22:56:43.704+0000] {local_task_job_runner.py:123} INFO - ::group::Pre task execution logs
[2024-12-06T22:56:43.721+0000] {taskinstance.py:2613} INFO - Dependencies all met for dep_context=non-requeueable deps ti=<TaskInstance: instacart_pl.etl_dim_product manual__2024-12-06T22:56:32.371304+00:00 [queued]>
[2024-12-06T22:56:43.732+0000] {taskinstance.py:2613} INFO - Dependencies all met for dep_context=requeueable deps ti=<TaskInstance: instacart_pl.etl_dim_product manual__2024-12-06T22:56:32.371304+00:00 [queued]>
[2024-12-06T22:56:43.733+0000] {taskinstance.py:2866} INFO - Starting attempt 1 of 1
[2024-12-06T22:56:43.751+0000] {taskinstance.py:2889} INFO - Executing <Task(PythonOperator): etl_dim_product> on 2024-12-06 22:56:32.371304+00:00
[2024-12-06T22:56:43.777+0000] {logging_mixin.py:190} WARNING - /home/***/.local/lib/python3.12/site-packages/***/task/task_runner/standard_task_runner.py:70 DeprecationWarning: This process (pid=1545) is multi-threaded, use of fork() may lead to deadlocks in the child.
[2024-12-06T22:56:43.778+0000] {standard_task_runner.py:72} INFO - Started process 1547 to run task
[2024-12-06T22:56:43.777+0000] {standard_task_runner.py:104} INFO - Running: ['***', 'tasks', 'run', 'instacart_pl', 'etl_dim_product', 'manual__2024-12-06T22:56:32.371304+00:00', '--job-id', '648', '--raw', '--subdir', 'DAGS_FOLDER/test_etl_dag.py', '--cfg-path', '/tmp/tmpqk8ooif8']
[2024-12-06T22:56:43.782+0000] {standard_task_runner.py:105} INFO - Job 648: Subtask etl_dim_product
[2024-12-06T22:56:43.840+0000] {task_command.py:467} INFO - Running <TaskInstance: instacart_pl.etl_dim_product manual__2024-12-06T22:56:32.371304+00:00 [running]> on host eb2422a66d7b
[2024-12-06T22:56:43.949+0000] {taskinstance.py:3132} INFO - Exporting env vars: AIRFLOW_CTX_DAG_OWNER='***' AIRFLOW_CTX_DAG_ID='instacart_pl' AIRFLOW_CTX_TASK_ID='etl_dim_product' AIRFLOW_CTX_EXECUTION_DATE='2024-12-06T22:56:32.371304+00:00' AIRFLOW_CTX_TRY_NUMBER='1' AIRFLOW_CTX_DAG_RUN_ID='manual__2024-12-06T22:56:32.371304+00:00'
[2024-12-06T22:56:43.951+0000] {taskinstance.py:731} INFO - ::endgroup::
[2024-12-06T22:56:43.981+0000] {base.py:84} INFO - Retrieving connection 'mssql_default'
[2024-12-06T22:56:44.172+0000] {logging_mixin.py:190} INFO - Initial DataFrame from /opt/***/data/products.csv/products.csv:
   product_id  ... department_id
0           1  ...            19
1           2  ...            13
2           3  ...             7
3           4  ...             1
4           5  ...            13

[5 rows x 4 columns]
[2024-12-06T22:59:05.019+0000] {python.py:240} INFO - Done. Returned value was: None
[2024-12-06T22:59:05.351+0000] {taskinstance.py:340} INFO - ::group::Post task execution logs
[2024-12-06T22:59:05.356+0000] {taskinstance.py:352} INFO - Marking task as SUCCESS. dag_id=instacart_pl, task_id=etl_dim_product, run_id=manual__2024-12-06T22:56:32.371304+00:00, execution_date=20241206T225632, start_date=20241206T225643, end_date=20241206T225905
[2024-12-06T22:59:05.492+0000] {local_task_job_runner.py:266} INFO - Task exited with return code 0
[2024-12-06T22:59:05.558+0000] {taskinstance.py:3895} INFO - 0 downstream tasks scheduled from follow-on schedule check
[2024-12-06T22:59:05.563+0000] {local_task_job_runner.py:245} INFO - ::endgroup::
