[2024-12-19T06:44:17.450+0000] {local_task_job_runner.py:123} INFO - ::group::Pre task execution logs
[2024-12-19T06:44:17.476+0000] {taskinstance.py:2613} INFO - Dependencies all met for dep_context=non-requeueable deps ti=<TaskInstance: instacart_etl.etl_dim_orders manual__2024-12-19T06:43:25.324539+00:00 [queued]>
[2024-12-19T06:44:17.491+0000] {taskinstance.py:2613} INFO - Dependencies all met for dep_context=requeueable deps ti=<TaskInstance: instacart_etl.etl_dim_orders manual__2024-12-19T06:43:25.324539+00:00 [queued]>
[2024-12-19T06:44:17.493+0000] {taskinstance.py:2866} INFO - Starting attempt 1 of 1
[2024-12-19T06:44:17.521+0000] {taskinstance.py:2889} INFO - Executing <Task(PythonOperator): etl_dim_orders> on 2024-12-19 06:43:25.324539+00:00
[2024-12-19T06:44:17.546+0000] {logging_mixin.py:190} WARNING - /home/***/.local/lib/python3.12/site-packages/***/task/task_runner/standard_task_runner.py:70 DeprecationWarning: This process (pid=1312) is multi-threaded, use of fork() may lead to deadlocks in the child.
[2024-12-19T06:44:17.551+0000] {standard_task_runner.py:72} INFO - Started process 1320 to run task
[2024-12-19T06:44:17.546+0000] {standard_task_runner.py:104} INFO - Running: ['***', 'tasks', 'run', 'instacart_etl', 'etl_dim_orders', 'manual__2024-12-19T06:43:25.324539+00:00', '--job-id', '133', '--raw', '--subdir', 'DAGS_FOLDER/instacart_etl_dag.py', '--cfg-path', '/tmp/tmp4j20wyjj']
[2024-12-19T06:44:17.554+0000] {standard_task_runner.py:105} INFO - Job 133: Subtask etl_dim_orders
[2024-12-19T06:44:17.633+0000] {task_command.py:467} INFO - Running <TaskInstance: instacart_etl.etl_dim_orders manual__2024-12-19T06:43:25.324539+00:00 [running]> on host 4388517a8e9b
[2024-12-19T06:44:17.767+0000] {taskinstance.py:3132} INFO - Exporting env vars: AIRFLOW_CTX_DAG_OWNER='***' AIRFLOW_CTX_DAG_ID='instacart_etl' AIRFLOW_CTX_TASK_ID='etl_dim_orders' AIRFLOW_CTX_EXECUTION_DATE='2024-12-19T06:43:25.324539+00:00' AIRFLOW_CTX_TRY_NUMBER='1' AIRFLOW_CTX_DAG_RUN_ID='manual__2024-12-19T06:43:25.324539+00:00'
[2024-12-19T06:44:17.769+0000] {taskinstance.py:731} INFO - ::endgroup::
[2024-12-19T06:51:19.905+0000] {logging_mixin.py:190} INFO - Batch 1: 1000 rows inserted
[2024-12-19T06:51:20.174+0000] {logging_mixin.py:190} INFO - Batch 2: 1000 rows inserted
[2024-12-19T06:51:20.319+0000] {logging_mixin.py:190} INFO - Batch 3: 1000 rows inserted
[2024-12-19T06:51:20.401+0000] {logging_mixin.py:190} INFO - Batch 4: 1000 rows inserted
[2024-12-19T06:51:20.497+0000] {logging_mixin.py:190} INFO - Batch 5: 1000 rows inserted
[2024-12-19T06:51:20.593+0000] {logging_mixin.py:190} INFO - Batch 6: 1000 rows inserted
[2024-12-19T06:51:20.663+0000] {logging_mixin.py:190} INFO - Batch 7: 1000 rows inserted
[2024-12-19T06:51:20.740+0000] {logging_mixin.py:190} INFO - Batch 8: 1000 rows inserted
[2024-12-19T06:51:20.815+0000] {logging_mixin.py:190} INFO - Batch 9: 1000 rows inserted
[2024-12-19T06:51:20.899+0000] {logging_mixin.py:190} INFO - Batch 10: 1000 rows inserted
[2024-12-19T06:51:20.992+0000] {logging_mixin.py:190} INFO - Batch 11: 1000 rows inserted
[2024-12-19T06:51:21.064+0000] {logging_mixin.py:190} INFO - Batch 12: 1000 rows inserted
[2024-12-19T06:51:21.142+0000] {logging_mixin.py:190} INFO - Batch 13: 1000 rows inserted
[2024-12-19T06:51:21.212+0000] {logging_mixin.py:190} INFO - Batch 14: 1000 rows inserted
[2024-12-19T06:51:21.294+0000] {logging_mixin.py:190} INFO - Batch 15: 1000 rows inserted
[2024-12-19T06:51:21.384+0000] {logging_mixin.py:190} INFO - Batch 16: 1000 rows inserted
[2024-12-19T06:51:21.464+0000] {logging_mixin.py:190} INFO - Batch 17: 1000 rows inserted
[2024-12-19T06:51:21.566+0000] {logging_mixin.py:190} INFO - Batch 18: 1000 rows inserted
[2024-12-19T06:51:21.675+0000] {logging_mixin.py:190} INFO - Batch 19: 1000 rows inserted
[2024-12-19T06:51:21.777+0000] {logging_mixin.py:190} INFO - Batch 20: 1000 rows inserted
[2024-12-19T06:51:21.888+0000] {logging_mixin.py:190} INFO - Batch 21: 1000 rows inserted
[2024-12-19T06:51:21.991+0000] {logging_mixin.py:190} INFO - Batch 22: 1000 rows inserted
[2024-12-19T06:51:22.078+0000] {logging_mixin.py:190} INFO - Batch 23: 1000 rows inserted
[2024-12-19T06:51:22.196+0000] {logging_mixin.py:190} INFO - Batch 24: 1000 rows inserted
[2024-12-19T06:51:22.302+0000] {logging_mixin.py:190} INFO - Batch 25: 1000 rows inserted
[2024-12-19T06:51:22.825+0000] {logging_mixin.py:190} INFO - Batch 26: 1000 rows inserted
[2024-12-19T06:51:23.246+0000] {logging_mixin.py:190} INFO - Batch 27: 1000 rows inserted
[2024-12-19T06:51:23.537+0000] {logging_mixin.py:190} INFO - Batch 28: 1000 rows inserted
[2024-12-19T06:51:23.661+0000] {logging_mixin.py:190} INFO - Batch 29: 1000 rows inserted
[2024-12-19T06:51:23.778+0000] {logging_mixin.py:190} INFO - Batch 30: 1000 rows inserted
[2024-12-19T06:51:23.873+0000] {logging_mixin.py:190} INFO - Batch 31: 1000 rows inserted
[2024-12-19T06:51:23.952+0000] {logging_mixin.py:190} INFO - Batch 32: 1000 rows inserted
[2024-12-19T06:51:24.052+0000] {logging_mixin.py:190} INFO - Batch 33: 1000 rows inserted
[2024-12-19T06:51:24.148+0000] {logging_mixin.py:190} INFO - Batch 34: 1000 rows inserted
[2024-12-19T06:51:24.235+0000] {logging_mixin.py:190} INFO - Batch 35: 1000 rows inserted
[2024-12-19T06:51:24.322+0000] {logging_mixin.py:190} INFO - Batch 36: 1000 rows inserted
[2024-12-19T06:51:24.414+0000] {logging_mixin.py:190} INFO - Batch 37: 1000 rows inserted
[2024-12-19T06:51:24.532+0000] {logging_mixin.py:190} INFO - Batch 38: 1000 rows inserted
[2024-12-19T06:51:24.626+0000] {logging_mixin.py:190} INFO - Batch 39: 1000 rows inserted
[2024-12-19T06:51:24.726+0000] {logging_mixin.py:190} INFO - Batch 40: 1000 rows inserted
[2024-12-19T06:51:24.822+0000] {logging_mixin.py:190} INFO - Batch 41: 1000 rows inserted
[2024-12-19T06:51:24.907+0000] {logging_mixin.py:190} INFO - Batch 42: 1000 rows inserted
[2024-12-19T06:51:24.990+0000] {logging_mixin.py:190} INFO - Batch 43: 1000 rows inserted
[2024-12-19T06:51:25.079+0000] {logging_mixin.py:190} INFO - Batch 44: 1000 rows inserted
[2024-12-19T06:51:25.161+0000] {logging_mixin.py:190} INFO - Batch 45: 1000 rows inserted
[2024-12-19T06:51:25.242+0000] {logging_mixin.py:190} INFO - Batch 46: 1000 rows inserted
[2024-12-19T06:51:25.339+0000] {logging_mixin.py:190} INFO - Batch 47: 1000 rows inserted
[2024-12-19T06:51:25.445+0000] {logging_mixin.py:190} INFO - Batch 48: 1000 rows inserted
[2024-12-19T06:51:25.528+0000] {logging_mixin.py:190} INFO - Batch 49: 1000 rows inserted
[2024-12-19T06:51:25.610+0000] {logging_mixin.py:190} INFO - Batch 50: 1000 rows inserted
[2024-12-19T06:51:25.698+0000] {logging_mixin.py:190} INFO - Batch 51: 1000 rows inserted
[2024-12-19T06:51:25.777+0000] {logging_mixin.py:190} INFO - Batch 52: 1000 rows inserted
[2024-12-19T06:51:25.851+0000] {logging_mixin.py:190} INFO - Batch 53: 1000 rows inserted
[2024-12-19T06:51:25.931+0000] {logging_mixin.py:190} INFO - Batch 54: 1000 rows inserted
[2024-12-19T06:51:25.997+0000] {logging_mixin.py:190} INFO - Batch 55: 1000 rows inserted
[2024-12-19T06:51:26.075+0000] {logging_mixin.py:190} INFO - Batch 56: 1000 rows inserted
[2024-12-19T06:51:26.154+0000] {logging_mixin.py:190} INFO - Batch 57: 1000 rows inserted
[2024-12-19T06:51:26.225+0000] {logging_mixin.py:190} INFO - Batch 58: 1000 rows inserted
[2024-12-19T06:51:26.301+0000] {logging_mixin.py:190} INFO - Batch 59: 1000 rows inserted
[2024-12-19T06:51:26.375+0000] {logging_mixin.py:190} INFO - Batch 60: 1000 rows inserted
[2024-12-19T06:51:26.457+0000] {logging_mixin.py:190} INFO - Batch 61: 1000 rows inserted
[2024-12-19T06:51:26.530+0000] {logging_mixin.py:190} INFO - Batch 62: 1000 rows inserted
[2024-12-19T06:51:26.591+0000] {logging_mixin.py:190} INFO - Batch 63: 1000 rows inserted
[2024-12-19T06:51:26.672+0000] {logging_mixin.py:190} INFO - Batch 64: 1000 rows inserted
[2024-12-19T06:51:26.788+0000] {logging_mixin.py:190} INFO - Batch 65: 1000 rows inserted
[2024-12-19T06:51:26.875+0000] {logging_mixin.py:190} INFO - Batch 66: 1000 rows inserted
[2024-12-19T06:51:26.947+0000] {logging_mixin.py:190} INFO - Batch 67: 1000 rows inserted
[2024-12-19T06:51:27.029+0000] {logging_mixin.py:190} INFO - Batch 68: 1000 rows inserted
[2024-12-19T06:51:27.136+0000] {logging_mixin.py:190} INFO - Batch 69: 1000 rows inserted
[2024-12-19T06:51:27.224+0000] {logging_mixin.py:190} INFO - Batch 70: 1000 rows inserted
[2024-12-19T06:51:27.295+0000] {logging_mixin.py:190} INFO - Batch 71: 1000 rows inserted
[2024-12-19T06:51:27.387+0000] {logging_mixin.py:190} INFO - Batch 72: 1000 rows inserted
[2024-12-19T06:51:27.471+0000] {logging_mixin.py:190} INFO - Batch 73: 1000 rows inserted
[2024-12-19T06:51:27.550+0000] {logging_mixin.py:190} INFO - Batch 74: 1000 rows inserted
[2024-12-19T06:51:27.640+0000] {logging_mixin.py:190} INFO - Batch 75: 1000 rows inserted
[2024-12-19T06:51:27.725+0000] {logging_mixin.py:190} INFO - Batch 76: 1000 rows inserted
[2024-12-19T06:51:27.812+0000] {logging_mixin.py:190} INFO - Batch 77: 1000 rows inserted
[2024-12-19T06:51:27.905+0000] {logging_mixin.py:190} INFO - Batch 78: 1000 rows inserted
[2024-12-19T06:51:28.014+0000] {logging_mixin.py:190} INFO - Batch 79: 1000 rows inserted
[2024-12-19T06:51:28.097+0000] {logging_mixin.py:190} INFO - Batch 80: 1000 rows inserted
[2024-12-19T06:51:28.197+0000] {logging_mixin.py:190} INFO - Batch 81: 1000 rows inserted
[2024-12-19T06:51:28.294+0000] {logging_mixin.py:190} INFO - Batch 82: 1000 rows inserted
[2024-12-19T06:51:28.379+0000] {logging_mixin.py:190} INFO - Batch 83: 1000 rows inserted
[2024-12-19T06:51:28.485+0000] {logging_mixin.py:190} INFO - Batch 84: 1000 rows inserted
[2024-12-19T06:51:28.567+0000] {logging_mixin.py:190} INFO - Batch 85: 1000 rows inserted
[2024-12-19T06:51:28.644+0000] {logging_mixin.py:190} INFO - Batch 86: 1000 rows inserted
[2024-12-19T06:51:28.725+0000] {logging_mixin.py:190} INFO - Batch 87: 1000 rows inserted
[2024-12-19T06:51:28.795+0000] {logging_mixin.py:190} INFO - Batch 88: 1000 rows inserted
[2024-12-19T06:51:28.878+0000] {logging_mixin.py:190} INFO - Batch 89: 1000 rows inserted
[2024-12-19T06:51:28.969+0000] {logging_mixin.py:190} INFO - Batch 90: 1000 rows inserted
[2024-12-19T06:51:29.055+0000] {logging_mixin.py:190} INFO - Batch 91: 1000 rows inserted
[2024-12-19T06:51:29.153+0000] {logging_mixin.py:190} INFO - Batch 92: 1000 rows inserted
[2024-12-19T06:51:29.261+0000] {logging_mixin.py:190} INFO - Batch 93: 1000 rows inserted
[2024-12-19T06:51:29.347+0000] {logging_mixin.py:190} INFO - Batch 94: 1000 rows inserted
[2024-12-19T06:51:29.441+0000] {logging_mixin.py:190} INFO - Batch 95: 1000 rows inserted
[2024-12-19T06:51:29.522+0000] {logging_mixin.py:190} INFO - Batch 96: 1000 rows inserted
[2024-12-19T06:51:29.614+0000] {logging_mixin.py:190} INFO - Batch 97: 1000 rows inserted
[2024-12-19T06:51:29.724+0000] {logging_mixin.py:190} INFO - Batch 98: 1000 rows inserted
[2024-12-19T06:51:29.811+0000] {logging_mixin.py:190} INFO - Batch 99: 1000 rows inserted
[2024-12-19T06:51:29.897+0000] {logging_mixin.py:190} INFO - Batch 100: 1000 rows inserted
[2024-12-19T06:51:29.993+0000] {logging_mixin.py:190} INFO - Batch 101: 1000 rows inserted
[2024-12-19T06:51:30.077+0000] {logging_mixin.py:190} INFO - Batch 102: 1000 rows inserted
[2024-12-19T06:51:30.167+0000] {logging_mixin.py:190} INFO - Batch 103: 1000 rows inserted
[2024-12-19T06:51:30.256+0000] {logging_mixin.py:190} INFO - Batch 104: 1000 rows inserted
[2024-12-19T06:51:30.339+0000] {logging_mixin.py:190} INFO - Batch 105: 1000 rows inserted
[2024-12-19T06:51:30.419+0000] {logging_mixin.py:190} INFO - Batch 106: 1000 rows inserted
[2024-12-19T06:51:30.508+0000] {logging_mixin.py:190} INFO - Batch 107: 1000 rows inserted
[2024-12-19T06:51:30.607+0000] {logging_mixin.py:190} INFO - Batch 108: 1000 rows inserted
[2024-12-19T06:51:30.709+0000] {logging_mixin.py:190} INFO - Batch 109: 1000 rows inserted
[2024-12-19T06:51:30.786+0000] {logging_mixin.py:190} INFO - Batch 110: 1000 rows inserted
[2024-12-19T06:51:30.868+0000] {logging_mixin.py:190} INFO - Batch 111: 1000 rows inserted
[2024-12-19T06:51:30.957+0000] {logging_mixin.py:190} INFO - Batch 112: 1000 rows inserted
[2024-12-19T06:51:31.055+0000] {logging_mixin.py:190} INFO - Batch 113: 1000 rows inserted
[2024-12-19T06:51:31.139+0000] {logging_mixin.py:190} INFO - Batch 114: 1000 rows inserted
[2024-12-19T06:51:31.240+0000] {logging_mixin.py:190} INFO - Batch 115: 1000 rows inserted
[2024-12-19T06:51:31.312+0000] {logging_mixin.py:190} INFO - Batch 116: 1000 rows inserted
[2024-12-19T06:51:31.399+0000] {logging_mixin.py:190} INFO - Batch 117: 1000 rows inserted
[2024-12-19T06:51:31.491+0000] {logging_mixin.py:190} INFO - Batch 118: 1000 rows inserted
[2024-12-19T06:51:31.610+0000] {logging_mixin.py:190} INFO - Batch 119: 1000 rows inserted
[2024-12-19T06:51:31.736+0000] {logging_mixin.py:190} INFO - Batch 120: 1000 rows inserted
[2024-12-19T06:51:31.830+0000] {logging_mixin.py:190} INFO - Batch 121: 1000 rows inserted
[2024-12-19T06:51:31.922+0000] {logging_mixin.py:190} INFO - Batch 122: 1000 rows inserted
[2024-12-19T06:51:32.020+0000] {logging_mixin.py:190} INFO - Batch 123: 1000 rows inserted
[2024-12-19T06:51:32.125+0000] {logging_mixin.py:190} INFO - Batch 124: 1000 rows inserted
[2024-12-19T06:51:32.210+0000] {logging_mixin.py:190} INFO - Batch 125: 1000 rows inserted
[2024-12-19T06:51:32.302+0000] {logging_mixin.py:190} INFO - Batch 126: 1000 rows inserted
[2024-12-19T06:51:32.386+0000] {logging_mixin.py:190} INFO - Batch 127: 1000 rows inserted
[2024-12-19T06:51:32.484+0000] {logging_mixin.py:190} INFO - Batch 128: 1000 rows inserted
[2024-12-19T06:51:32.561+0000] {logging_mixin.py:190} INFO - Batch 129: 1000 rows inserted
[2024-12-19T06:51:32.650+0000] {logging_mixin.py:190} INFO - Batch 130: 1000 rows inserted
[2024-12-19T06:51:32.746+0000] {logging_mixin.py:190} INFO - Batch 131: 1000 rows inserted
[2024-12-19T06:51:32.844+0000] {logging_mixin.py:190} INFO - Batch 132: 1000 rows inserted
[2024-12-19T06:51:32.933+0000] {logging_mixin.py:190} INFO - Batch 133: 1000 rows inserted
[2024-12-19T06:51:33.287+0000] {logging_mixin.py:190} INFO - Batch 134: 1000 rows inserted
[2024-12-19T06:51:33.375+0000] {logging_mixin.py:190} INFO - Batch 135: 1000 rows inserted
[2024-12-19T06:51:33.460+0000] {logging_mixin.py:190} INFO - Batch 136: 1000 rows inserted
[2024-12-19T06:51:33.558+0000] {logging_mixin.py:190} INFO - Batch 137: 1000 rows inserted
[2024-12-19T06:51:33.660+0000] {logging_mixin.py:190} INFO - Batch 138: 1000 rows inserted
[2024-12-19T06:51:33.755+0000] {logging_mixin.py:190} INFO - Batch 139: 1000 rows inserted
[2024-12-19T06:51:33.845+0000] {logging_mixin.py:190} INFO - Batch 140: 1000 rows inserted
[2024-12-19T06:51:33.929+0000] {logging_mixin.py:190} INFO - Batch 141: 1000 rows inserted
[2024-12-19T06:51:34.020+0000] {logging_mixin.py:190} INFO - Batch 142: 1000 rows inserted
[2024-12-19T06:51:34.107+0000] {logging_mixin.py:190} INFO - Batch 143: 1000 rows inserted
[2024-12-19T06:51:34.200+0000] {logging_mixin.py:190} INFO - Batch 144: 1000 rows inserted
[2024-12-19T06:51:34.294+0000] {logging_mixin.py:190} INFO - Batch 145: 1000 rows inserted
[2024-12-19T06:51:34.386+0000] {logging_mixin.py:190} INFO - Batch 146: 1000 rows inserted
[2024-12-19T06:51:34.466+0000] {logging_mixin.py:190} INFO - Batch 147: 1000 rows inserted
[2024-12-19T06:51:34.556+0000] {logging_mixin.py:190} INFO - Batch 148: 1000 rows inserted
[2024-12-19T06:51:34.677+0000] {logging_mixin.py:190} INFO - Batch 149: 1000 rows inserted
[2024-12-19T06:51:34.793+0000] {logging_mixin.py:190} INFO - Batch 150: 1000 rows inserted
[2024-12-19T06:51:34.879+0000] {logging_mixin.py:190} INFO - Batch 151: 1000 rows inserted
[2024-12-19T06:51:34.979+0000] {logging_mixin.py:190} INFO - Batch 152: 1000 rows inserted
[2024-12-19T06:51:35.073+0000] {logging_mixin.py:190} INFO - Batch 153: 1000 rows inserted
[2024-12-19T06:51:35.164+0000] {logging_mixin.py:190} INFO - Batch 154: 1000 rows inserted
[2024-12-19T06:51:35.262+0000] {logging_mixin.py:190} INFO - Batch 155: 1000 rows inserted
[2024-12-19T06:51:35.367+0000] {logging_mixin.py:190} INFO - Batch 156: 1000 rows inserted
[2024-12-19T06:51:35.456+0000] {logging_mixin.py:190} INFO - Batch 157: 1000 rows inserted
[2024-12-19T06:51:35.536+0000] {logging_mixin.py:190} INFO - Batch 158: 1000 rows inserted
[2024-12-19T06:51:35.621+0000] {logging_mixin.py:190} INFO - Batch 159: 1000 rows inserted
[2024-12-19T06:51:35.716+0000] {logging_mixin.py:190} INFO - Batch 160: 1000 rows inserted
[2024-12-19T06:51:35.821+0000] {logging_mixin.py:190} INFO - Batch 161: 1000 rows inserted
[2024-12-19T06:51:35.895+0000] {logging_mixin.py:190} INFO - Batch 162: 1000 rows inserted
[2024-12-19T06:51:35.989+0000] {logging_mixin.py:190} INFO - Batch 163: 1000 rows inserted
[2024-12-19T06:51:36.061+0000] {logging_mixin.py:190} INFO - Batch 164: 1000 rows inserted
[2024-12-19T06:51:36.357+0000] {logging_mixin.py:190} INFO - Batch 165: 1000 rows inserted
[2024-12-19T06:51:36.420+0000] {logging_mixin.py:190} INFO - Batch 166: 1000 rows inserted
[2024-12-19T06:51:36.468+0000] {logging_mixin.py:190} INFO - Batch 167: 1000 rows inserted
[2024-12-19T06:51:36.520+0000] {logging_mixin.py:190} INFO - Batch 168: 1000 rows inserted
[2024-12-19T06:51:36.571+0000] {logging_mixin.py:190} INFO - Batch 169: 1000 rows inserted
[2024-12-19T06:51:36.632+0000] {logging_mixin.py:190} INFO - Batch 170: 1000 rows inserted
[2024-12-19T06:51:36.705+0000] {logging_mixin.py:190} INFO - Batch 171: 1000 rows inserted
[2024-12-19T06:51:36.761+0000] {logging_mixin.py:190} INFO - Batch 172: 1000 rows inserted
[2024-12-19T06:51:36.820+0000] {logging_mixin.py:190} INFO - Batch 173: 1000 rows inserted
[2024-12-19T06:51:36.890+0000] {logging_mixin.py:190} INFO - Batch 174: 1000 rows inserted
[2024-12-19T06:51:36.949+0000] {logging_mixin.py:190} INFO - Batch 175: 1000 rows inserted
[2024-12-19T06:51:37.013+0000] {logging_mixin.py:190} INFO - Batch 176: 1000 rows inserted
[2024-12-19T06:51:37.089+0000] {logging_mixin.py:190} INFO - Batch 177: 1000 rows inserted
[2024-12-19T06:51:37.169+0000] {logging_mixin.py:190} INFO - Batch 178: 1000 rows inserted
[2024-12-19T06:51:37.223+0000] {logging_mixin.py:190} INFO - Batch 179: 1000 rows inserted
[2024-12-19T06:51:37.273+0000] {logging_mixin.py:190} INFO - Batch 180: 1000 rows inserted
[2024-12-19T06:51:37.327+0000] {logging_mixin.py:190} INFO - Batch 181: 1000 rows inserted
[2024-12-19T06:51:37.387+0000] {logging_mixin.py:190} INFO - Batch 182: 1000 rows inserted
[2024-12-19T06:51:37.461+0000] {logging_mixin.py:190} INFO - Batch 183: 1000 rows inserted
[2024-12-19T06:51:37.525+0000] {logging_mixin.py:190} INFO - Batch 184: 1000 rows inserted
[2024-12-19T06:51:37.582+0000] {logging_mixin.py:190} INFO - Batch 185: 1000 rows inserted
[2024-12-19T06:51:37.640+0000] {logging_mixin.py:190} INFO - Batch 186: 1000 rows inserted
[2024-12-19T06:51:37.708+0000] {logging_mixin.py:190} INFO - Batch 187: 1000 rows inserted
[2024-12-19T06:51:37.771+0000] {logging_mixin.py:190} INFO - Batch 188: 1000 rows inserted
[2024-12-19T06:51:37.825+0000] {logging_mixin.py:190} INFO - Batch 189: 1000 rows inserted
[2024-12-19T06:51:37.877+0000] {logging_mixin.py:190} INFO - Batch 190: 1000 rows inserted
[2024-12-19T06:51:37.951+0000] {logging_mixin.py:190} INFO - Batch 191: 1000 rows inserted
[2024-12-19T06:51:38.018+0000] {logging_mixin.py:190} INFO - Batch 192: 1000 rows inserted
[2024-12-19T06:51:38.068+0000] {logging_mixin.py:190} INFO - Batch 193: 1000 rows inserted
[2024-12-19T06:51:38.120+0000] {logging_mixin.py:190} INFO - Batch 194: 1000 rows inserted
[2024-12-19T06:51:38.172+0000] {logging_mixin.py:190} INFO - Batch 195: 1000 rows inserted
[2024-12-19T06:51:38.227+0000] {logging_mixin.py:190} INFO - Batch 196: 1000 rows inserted
[2024-12-19T06:51:38.293+0000] {logging_mixin.py:190} INFO - Batch 197: 1000 rows inserted
[2024-12-19T06:51:38.359+0000] {logging_mixin.py:190} INFO - Batch 198: 1000 rows inserted
[2024-12-19T06:51:38.414+0000] {logging_mixin.py:190} INFO - Batch 199: 1000 rows inserted
[2024-12-19T06:51:38.473+0000] {logging_mixin.py:190} INFO - Batch 200: 1000 rows inserted
[2024-12-19T06:51:38.525+0000] {logging_mixin.py:190} INFO - Batch 201: 1000 rows inserted
[2024-12-19T06:51:38.594+0000] {logging_mixin.py:190} INFO - Batch 202: 1000 rows inserted
[2024-12-19T06:51:38.955+0000] {logging_mixin.py:190} INFO - Batch 203: 1000 rows inserted
[2024-12-19T06:51:39.053+0000] {logging_mixin.py:190} INFO - Batch 204: 1000 rows inserted
[2024-12-19T06:51:39.123+0000] {logging_mixin.py:190} INFO - Batch 205: 1000 rows inserted
[2024-12-19T06:51:39.197+0000] {logging_mixin.py:190} INFO - Batch 206: 1000 rows inserted
[2024-12-19T06:51:39.268+0000] {logging_mixin.py:190} INFO - Batch 207: 1000 rows inserted
[2024-12-19T06:51:39.327+0000] {logging_mixin.py:190} INFO - Batch 208: 1000 rows inserted
[2024-12-19T06:51:39.400+0000] {logging_mixin.py:190} INFO - Batch 209: 1000 rows inserted
[2024-12-19T06:51:39.478+0000] {logging_mixin.py:190} INFO - Batch 210: 1000 rows inserted
[2024-12-19T06:51:39.540+0000] {logging_mixin.py:190} INFO - Batch 211: 1000 rows inserted
[2024-12-19T06:51:39.620+0000] {logging_mixin.py:190} INFO - Batch 212: 1000 rows inserted
[2024-12-19T06:51:39.705+0000] {logging_mixin.py:190} INFO - Batch 213: 1000 rows inserted
[2024-12-19T06:51:39.778+0000] {logging_mixin.py:190} INFO - Batch 214: 1000 rows inserted
[2024-12-19T06:51:39.848+0000] {logging_mixin.py:190} INFO - Batch 215: 1000 rows inserted
[2024-12-19T06:51:39.908+0000] {logging_mixin.py:190} INFO - Batch 216: 1000 rows inserted
[2024-12-19T06:51:39.967+0000] {logging_mixin.py:190} INFO - Batch 217: 1000 rows inserted
[2024-12-19T06:51:40.031+0000] {logging_mixin.py:190} INFO - Batch 218: 1000 rows inserted
[2024-12-19T06:51:40.080+0000] {logging_mixin.py:190} INFO - Batch 219: 1000 rows inserted
[2024-12-19T06:51:40.132+0000] {logging_mixin.py:190} INFO - Batch 220: 1000 rows inserted
[2024-12-19T06:51:40.197+0000] {logging_mixin.py:190} INFO - Batch 221: 1000 rows inserted
[2024-12-19T06:51:40.250+0000] {logging_mixin.py:190} INFO - Batch 222: 1000 rows inserted
[2024-12-19T06:51:40.318+0000] {logging_mixin.py:190} INFO - Batch 223: 1000 rows inserted
[2024-12-19T06:51:40.411+0000] {logging_mixin.py:190} INFO - Batch 224: 1000 rows inserted
[2024-12-19T06:51:40.481+0000] {logging_mixin.py:190} INFO - Batch 225: 1000 rows inserted
[2024-12-19T06:51:40.540+0000] {logging_mixin.py:190} INFO - Batch 226: 1000 rows inserted
[2024-12-19T06:51:40.596+0000] {logging_mixin.py:190} INFO - Batch 227: 1000 rows inserted
[2024-12-19T06:51:40.656+0000] {logging_mixin.py:190} INFO - Batch 228: 1000 rows inserted
[2024-12-19T06:51:40.744+0000] {logging_mixin.py:190} INFO - Batch 229: 1000 rows inserted
[2024-12-19T06:51:40.819+0000] {logging_mixin.py:190} INFO - Batch 230: 1000 rows inserted
[2024-12-19T06:51:40.901+0000] {logging_mixin.py:190} INFO - Batch 231: 1000 rows inserted
[2024-12-19T06:51:40.971+0000] {logging_mixin.py:190} INFO - Batch 232: 1000 rows inserted
[2024-12-19T06:51:41.041+0000] {logging_mixin.py:190} INFO - Batch 233: 1000 rows inserted
[2024-12-19T06:51:41.109+0000] {logging_mixin.py:190} INFO - Batch 234: 1000 rows inserted
[2024-12-19T06:51:41.170+0000] {logging_mixin.py:190} INFO - Batch 235: 1000 rows inserted
[2024-12-19T06:51:41.244+0000] {logging_mixin.py:190} INFO - Batch 236: 1000 rows inserted
[2024-12-19T06:51:41.341+0000] {logging_mixin.py:190} INFO - Batch 237: 1000 rows inserted
[2024-12-19T06:51:41.401+0000] {logging_mixin.py:190} INFO - Batch 238: 1000 rows inserted
[2024-12-19T06:51:41.462+0000] {logging_mixin.py:190} INFO - Batch 239: 1000 rows inserted
[2024-12-19T06:51:41.550+0000] {logging_mixin.py:190} INFO - Batch 240: 1000 rows inserted
[2024-12-19T06:51:41.678+0000] {logging_mixin.py:190} INFO - Batch 241: 1000 rows inserted
[2024-12-19T06:51:41.760+0000] {logging_mixin.py:190} INFO - Batch 242: 1000 rows inserted
[2024-12-19T06:51:41.850+0000] {logging_mixin.py:190} INFO - Batch 243: 1000 rows inserted
[2024-12-19T06:51:41.910+0000] {logging_mixin.py:190} INFO - Batch 244: 1000 rows inserted
[2024-12-19T06:51:41.962+0000] {logging_mixin.py:190} INFO - Batch 245: 1000 rows inserted
[2024-12-19T06:51:42.284+0000] {logging_mixin.py:190} INFO - Batch 246: 1000 rows inserted
[2024-12-19T06:51:42.659+0000] {logging_mixin.py:190} INFO - Batch 247: 1000 rows inserted
[2024-12-19T06:51:42.964+0000] {logging_mixin.py:190} INFO - Batch 248: 1000 rows inserted
[2024-12-19T06:51:43.002+0000] {logging_mixin.py:190} INFO - Batch 249: 1000 rows inserted
[2024-12-19T06:51:43.039+0000] {logging_mixin.py:190} INFO - Batch 250: 1000 rows inserted
[2024-12-19T06:51:43.075+0000] {logging_mixin.py:190} INFO - Batch 251: 1000 rows inserted
[2024-12-19T06:51:43.131+0000] {logging_mixin.py:190} INFO - Batch 252: 1000 rows inserted
[2024-12-19T06:51:43.194+0000] {logging_mixin.py:190} INFO - Batch 253: 1000 rows inserted
[2024-12-19T06:51:43.241+0000] {logging_mixin.py:190} INFO - Batch 254: 1000 rows inserted
[2024-12-19T06:51:43.288+0000] {logging_mixin.py:190} INFO - Batch 255: 1000 rows inserted
[2024-12-19T06:51:43.337+0000] {logging_mixin.py:190} INFO - Batch 256: 1000 rows inserted
[2024-12-19T06:51:43.910+0000] {logging_mixin.py:190} INFO - Batch 257: 1000 rows inserted
[2024-12-19T06:51:44.692+0000] {logging_mixin.py:190} INFO - Batch 258: 1000 rows inserted
[2024-12-19T06:51:44.745+0000] {logging_mixin.py:190} INFO - Batch 259: 1000 rows inserted
[2024-12-19T06:51:44.806+0000] {logging_mixin.py:190} INFO - Batch 260: 1000 rows inserted
[2024-12-19T06:51:44.855+0000] {logging_mixin.py:190} INFO - Batch 261: 1000 rows inserted
[2024-12-19T06:51:44.900+0000] {logging_mixin.py:190} INFO - Batch 262: 1000 rows inserted
[2024-12-19T06:51:44.944+0000] {logging_mixin.py:190} INFO - Batch 263: 1000 rows inserted
[2024-12-19T06:51:44.988+0000] {logging_mixin.py:190} INFO - Batch 264: 1000 rows inserted
[2024-12-19T06:51:45.029+0000] {logging_mixin.py:190} INFO - Batch 265: 1000 rows inserted
[2024-12-19T06:51:45.080+0000] {logging_mixin.py:190} INFO - Batch 266: 1000 rows inserted
[2024-12-19T06:51:45.150+0000] {logging_mixin.py:190} INFO - Batch 267: 1000 rows inserted
[2024-12-19T06:51:45.198+0000] {logging_mixin.py:190} INFO - Batch 268: 1000 rows inserted
[2024-12-19T06:51:45.239+0000] {logging_mixin.py:190} INFO - Batch 269: 1000 rows inserted
[2024-12-19T06:51:45.297+0000] {logging_mixin.py:190} INFO - Batch 270: 1000 rows inserted
[2024-12-19T06:51:45.349+0000] {logging_mixin.py:190} INFO - Batch 271: 1000 rows inserted
[2024-12-19T06:51:45.395+0000] {logging_mixin.py:190} INFO - Batch 272: 1000 rows inserted
[2024-12-19T06:51:45.440+0000] {logging_mixin.py:190} INFO - Batch 273: 1000 rows inserted
[2024-12-19T06:51:45.490+0000] {logging_mixin.py:190} INFO - Batch 274: 1000 rows inserted
[2024-12-19T06:51:45.584+0000] {logging_mixin.py:190} INFO - Batch 275: 1000 rows inserted
[2024-12-19T06:51:45.674+0000] {logging_mixin.py:190} INFO - Batch 276: 1000 rows inserted
[2024-12-19T06:51:45.764+0000] {logging_mixin.py:190} INFO - Batch 277: 1000 rows inserted
[2024-12-19T06:51:45.828+0000] {logging_mixin.py:190} INFO - Batch 278: 1000 rows inserted
[2024-12-19T06:51:45.863+0000] {logging_mixin.py:190} INFO - Batch 279: 1000 rows inserted
[2024-12-19T06:51:45.902+0000] {logging_mixin.py:190} INFO - Batch 280: 1000 rows inserted
[2024-12-19T06:51:46.398+0000] {logging_mixin.py:190} INFO - Batch 281: 1000 rows inserted
[2024-12-19T06:51:46.467+0000] {logging_mixin.py:190} INFO - Batch 282: 1000 rows inserted
[2024-12-19T06:51:46.506+0000] {logging_mixin.py:190} INFO - Batch 283: 1000 rows inserted
[2024-12-19T06:51:46.551+0000] {logging_mixin.py:190} INFO - Batch 284: 1000 rows inserted
[2024-12-19T06:51:46.822+0000] {logging_mixin.py:190} INFO - Batch 285: 1000 rows inserted
[2024-12-19T06:51:46.899+0000] {logging_mixin.py:190} INFO - Batch 286: 1000 rows inserted
[2024-12-19T06:51:46.950+0000] {logging_mixin.py:190} INFO - Batch 287: 1000 rows inserted
[2024-12-19T06:51:47.028+0000] {logging_mixin.py:190} INFO - Batch 288: 1000 rows inserted
[2024-12-19T06:51:47.088+0000] {logging_mixin.py:190} INFO - Batch 289: 1000 rows inserted
[2024-12-19T06:51:47.140+0000] {logging_mixin.py:190} INFO - Batch 290: 1000 rows inserted
[2024-12-19T06:51:47.206+0000] {logging_mixin.py:190} INFO - Batch 291: 1000 rows inserted
[2024-12-19T06:51:47.275+0000] {logging_mixin.py:190} INFO - Batch 292: 1000 rows inserted
[2024-12-19T06:51:47.338+0000] {logging_mixin.py:190} INFO - Batch 293: 1000 rows inserted
[2024-12-19T06:51:47.401+0000] {logging_mixin.py:190} INFO - Batch 294: 1000 rows inserted
[2024-12-19T06:51:47.475+0000] {logging_mixin.py:190} INFO - Batch 295: 1000 rows inserted
[2024-12-19T06:51:47.525+0000] {logging_mixin.py:190} INFO - Batch 296: 1000 rows inserted
[2024-12-19T06:51:47.592+0000] {logging_mixin.py:190} INFO - Batch 297: 1000 rows inserted
[2024-12-19T06:51:47.661+0000] {logging_mixin.py:190} INFO - Batch 298: 1000 rows inserted
[2024-12-19T06:51:47.716+0000] {logging_mixin.py:190} INFO - Batch 299: 1000 rows inserted
[2024-12-19T06:51:47.765+0000] {logging_mixin.py:190} INFO - Batch 300: 1000 rows inserted
[2024-12-19T06:51:47.826+0000] {logging_mixin.py:190} INFO - Batch 301: 1000 rows inserted
[2024-12-19T06:51:47.880+0000] {logging_mixin.py:190} INFO - Batch 302: 1000 rows inserted
[2024-12-19T06:51:47.924+0000] {logging_mixin.py:190} INFO - Batch 303: 1000 rows inserted
[2024-12-19T06:51:47.975+0000] {logging_mixin.py:190} INFO - Batch 304: 1000 rows inserted
[2024-12-19T06:51:48.021+0000] {logging_mixin.py:190} INFO - Batch 305: 1000 rows inserted
[2024-12-19T06:51:48.082+0000] {logging_mixin.py:190} INFO - Batch 306: 1000 rows inserted
[2024-12-19T06:51:48.136+0000] {logging_mixin.py:190} INFO - Batch 307: 1000 rows inserted
[2024-12-19T06:51:48.196+0000] {logging_mixin.py:190} INFO - Batch 308: 1000 rows inserted
[2024-12-19T06:51:48.242+0000] {logging_mixin.py:190} INFO - Batch 309: 1000 rows inserted
[2024-12-19T06:51:48.298+0000] {logging_mixin.py:190} INFO - Batch 310: 1000 rows inserted
[2024-12-19T06:51:48.368+0000] {logging_mixin.py:190} INFO - Batch 311: 1000 rows inserted
[2024-12-19T06:51:48.416+0000] {logging_mixin.py:190} INFO - Batch 312: 1000 rows inserted
[2024-12-19T06:51:48.472+0000] {logging_mixin.py:190} INFO - Batch 313: 1000 rows inserted
[2024-12-19T06:51:48.541+0000] {logging_mixin.py:190} INFO - Batch 314: 1000 rows inserted
[2024-12-19T06:51:48.602+0000] {logging_mixin.py:190} INFO - Batch 315: 1000 rows inserted
[2024-12-19T06:51:48.643+0000] {logging_mixin.py:190} INFO - Batch 316: 1000 rows inserted
[2024-12-19T06:51:48.707+0000] {logging_mixin.py:190} INFO - Batch 317: 1000 rows inserted
[2024-12-19T06:51:48.771+0000] {logging_mixin.py:190} INFO - Batch 318: 1000 rows inserted
[2024-12-19T06:51:48.828+0000] {logging_mixin.py:190} INFO - Batch 319: 1000 rows inserted
[2024-12-19T06:51:48.884+0000] {logging_mixin.py:190} INFO - Batch 320: 1000 rows inserted
[2024-12-19T06:51:48.953+0000] {logging_mixin.py:190} INFO - Batch 321: 1000 rows inserted
[2024-12-19T06:51:49.018+0000] {logging_mixin.py:190} INFO - Batch 322: 1000 rows inserted
[2024-12-19T06:51:49.064+0000] {logging_mixin.py:190} INFO - Batch 323: 1000 rows inserted
[2024-12-19T06:51:49.118+0000] {logging_mixin.py:190} INFO - Batch 324: 1000 rows inserted
[2024-12-19T06:51:49.187+0000] {logging_mixin.py:190} INFO - Batch 325: 1000 rows inserted
[2024-12-19T06:51:49.237+0000] {logging_mixin.py:190} INFO - Batch 326: 1000 rows inserted
[2024-12-19T06:51:49.296+0000] {logging_mixin.py:190} INFO - Batch 327: 1000 rows inserted
[2024-12-19T06:51:49.349+0000] {logging_mixin.py:190} INFO - Batch 328: 1000 rows inserted
[2024-12-19T06:51:49.402+0000] {logging_mixin.py:190} INFO - Batch 329: 1000 rows inserted
[2024-12-19T06:51:49.446+0000] {logging_mixin.py:190} INFO - Batch 330: 1000 rows inserted
[2024-12-19T06:51:49.517+0000] {logging_mixin.py:190} INFO - Batch 331: 1000 rows inserted
[2024-12-19T06:51:49.586+0000] {logging_mixin.py:190} INFO - Batch 332: 1000 rows inserted
[2024-12-19T06:51:49.635+0000] {logging_mixin.py:190} INFO - Batch 333: 1000 rows inserted
[2024-12-19T06:51:49.700+0000] {logging_mixin.py:190} INFO - Batch 334: 1000 rows inserted
[2024-12-19T06:51:49.774+0000] {logging_mixin.py:190} INFO - Batch 335: 1000 rows inserted
[2024-12-19T06:51:49.834+0000] {logging_mixin.py:190} INFO - Batch 336: 1000 rows inserted
[2024-12-19T06:51:49.877+0000] {logging_mixin.py:190} INFO - Batch 337: 1000 rows inserted
[2024-12-19T06:51:49.931+0000] {logging_mixin.py:190} INFO - Batch 338: 1000 rows inserted
[2024-12-19T06:51:49.990+0000] {logging_mixin.py:190} INFO - Batch 339: 1000 rows inserted
[2024-12-19T06:51:50.044+0000] {logging_mixin.py:190} INFO - Batch 340: 1000 rows inserted
[2024-12-19T06:51:50.087+0000] {logging_mixin.py:190} INFO - Batch 341: 1000 rows inserted
[2024-12-19T06:51:50.141+0000] {logging_mixin.py:190} INFO - Batch 342: 1000 rows inserted
[2024-12-19T06:51:50.199+0000] {logging_mixin.py:190} INFO - Batch 343: 1000 rows inserted
[2024-12-19T06:51:50.243+0000] {logging_mixin.py:190} INFO - Batch 344: 1000 rows inserted
[2024-12-19T06:51:50.287+0000] {logging_mixin.py:190} INFO - Batch 345: 1000 rows inserted
[2024-12-19T06:51:50.339+0000] {logging_mixin.py:190} INFO - Batch 346: 1000 rows inserted
[2024-12-19T06:51:50.401+0000] {logging_mixin.py:190} INFO - Batch 347: 1000 rows inserted
[2024-12-19T06:51:50.444+0000] {logging_mixin.py:190} INFO - Batch 348: 1000 rows inserted
[2024-12-19T06:51:50.490+0000] {logging_mixin.py:190} INFO - Batch 349: 1000 rows inserted
[2024-12-19T06:51:50.543+0000] {logging_mixin.py:190} INFO - Batch 350: 1000 rows inserted
[2024-12-19T06:51:50.600+0000] {logging_mixin.py:190} INFO - Batch 351: 1000 rows inserted
[2024-12-19T06:51:50.676+0000] {logging_mixin.py:190} INFO - Batch 352: 1000 rows inserted
[2024-12-19T06:51:50.728+0000] {logging_mixin.py:190} INFO - Batch 353: 1000 rows inserted
[2024-12-19T06:51:50.774+0000] {logging_mixin.py:190} INFO - Batch 354: 1000 rows inserted
[2024-12-19T06:51:51.230+0000] {logging_mixin.py:190} INFO - Batch 355: 1000 rows inserted
[2024-12-19T06:51:51.312+0000] {logging_mixin.py:190} INFO - Batch 356: 1000 rows inserted
[2024-12-19T06:51:51.374+0000] {logging_mixin.py:190} INFO - Batch 357: 1000 rows inserted
[2024-12-19T06:51:51.423+0000] {logging_mixin.py:190} INFO - Batch 358: 1000 rows inserted
[2024-12-19T06:51:51.499+0000] {logging_mixin.py:190} INFO - Batch 359: 1000 rows inserted
[2024-12-19T06:51:51.567+0000] {logging_mixin.py:190} INFO - Batch 360: 1000 rows inserted
[2024-12-19T06:51:51.626+0000] {logging_mixin.py:190} INFO - Batch 361: 1000 rows inserted
[2024-12-19T06:51:51.678+0000] {logging_mixin.py:190} INFO - Batch 362: 1000 rows inserted
[2024-12-19T06:51:51.741+0000] {logging_mixin.py:190} INFO - Batch 363: 1000 rows inserted
[2024-12-19T06:51:51.809+0000] {logging_mixin.py:190} INFO - Batch 364: 1000 rows inserted
[2024-12-19T06:51:51.856+0000] {logging_mixin.py:190} INFO - Batch 365: 1000 rows inserted
[2024-12-19T06:51:51.916+0000] {logging_mixin.py:190} INFO - Batch 366: 1000 rows inserted
[2024-12-19T06:51:51.961+0000] {logging_mixin.py:190} INFO - Batch 367: 1000 rows inserted
[2024-12-19T06:51:52.012+0000] {logging_mixin.py:190} INFO - Batch 368: 1000 rows inserted
[2024-12-19T06:51:52.070+0000] {logging_mixin.py:190} INFO - Batch 369: 1000 rows inserted
[2024-12-19T06:51:52.115+0000] {logging_mixin.py:190} INFO - Batch 370: 1000 rows inserted
[2024-12-19T06:51:52.163+0000] {logging_mixin.py:190} INFO - Batch 371: 1000 rows inserted
[2024-12-19T06:51:52.212+0000] {logging_mixin.py:190} INFO - Batch 372: 1000 rows inserted
[2024-12-19T06:51:52.262+0000] {logging_mixin.py:190} INFO - Batch 373: 1000 rows inserted
[2024-12-19T06:51:52.312+0000] {logging_mixin.py:190} INFO - Batch 374: 1000 rows inserted
[2024-12-19T06:51:52.356+0000] {logging_mixin.py:190} INFO - Batch 375: 1000 rows inserted
[2024-12-19T06:51:52.401+0000] {logging_mixin.py:190} INFO - Batch 376: 1000 rows inserted
[2024-12-19T06:51:52.454+0000] {logging_mixin.py:190} INFO - Batch 377: 1000 rows inserted
[2024-12-19T06:51:52.514+0000] {logging_mixin.py:190} INFO - Batch 378: 1000 rows inserted
[2024-12-19T06:51:52.568+0000] {logging_mixin.py:190} INFO - Batch 379: 1000 rows inserted
[2024-12-19T06:51:52.616+0000] {logging_mixin.py:190} INFO - Batch 380: 1000 rows inserted
[2024-12-19T06:51:52.677+0000] {logging_mixin.py:190} INFO - Batch 381: 1000 rows inserted
[2024-12-19T06:51:52.757+0000] {logging_mixin.py:190} INFO - Batch 382: 1000 rows inserted
[2024-12-19T06:51:52.812+0000] {logging_mixin.py:190} INFO - Batch 383: 1000 rows inserted
[2024-12-19T06:51:52.863+0000] {logging_mixin.py:190} INFO - Batch 384: 1000 rows inserted
[2024-12-19T06:51:52.920+0000] {logging_mixin.py:190} INFO - Batch 385: 1000 rows inserted
[2024-12-19T06:51:52.986+0000] {logging_mixin.py:190} INFO - Batch 386: 1000 rows inserted
[2024-12-19T06:51:53.059+0000] {logging_mixin.py:190} INFO - Batch 387: 1000 rows inserted
[2024-12-19T06:51:53.111+0000] {logging_mixin.py:190} INFO - Batch 388: 1000 rows inserted
[2024-12-19T06:51:53.163+0000] {logging_mixin.py:190} INFO - Batch 389: 1000 rows inserted
[2024-12-19T06:51:53.215+0000] {logging_mixin.py:190} INFO - Batch 390: 1000 rows inserted
[2024-12-19T06:51:53.268+0000] {logging_mixin.py:190} INFO - Batch 391: 1000 rows inserted
[2024-12-19T06:51:53.323+0000] {logging_mixin.py:190} INFO - Batch 392: 1000 rows inserted
[2024-12-19T06:51:53.375+0000] {logging_mixin.py:190} INFO - Batch 393: 1000 rows inserted
[2024-12-19T06:51:53.434+0000] {logging_mixin.py:190} INFO - Batch 394: 1000 rows inserted
[2024-12-19T06:51:53.502+0000] {logging_mixin.py:190} INFO - Batch 395: 1000 rows inserted
[2024-12-19T06:51:53.554+0000] {logging_mixin.py:190} INFO - Batch 396: 1000 rows inserted
[2024-12-19T06:51:53.608+0000] {logging_mixin.py:190} INFO - Batch 397: 1000 rows inserted
[2024-12-19T06:51:53.665+0000] {logging_mixin.py:190} INFO - Batch 398: 1000 rows inserted
[2024-12-19T06:51:53.728+0000] {logging_mixin.py:190} INFO - Batch 399: 1000 rows inserted
[2024-12-19T06:51:53.798+0000] {logging_mixin.py:190} INFO - Batch 400: 1000 rows inserted
[2024-12-19T06:51:53.849+0000] {logging_mixin.py:190} INFO - Batch 401: 1000 rows inserted
[2024-12-19T06:51:53.901+0000] {logging_mixin.py:190} INFO - Batch 402: 1000 rows inserted
[2024-12-19T06:51:53.957+0000] {logging_mixin.py:190} INFO - Batch 403: 1000 rows inserted
[2024-12-19T06:51:54.032+0000] {logging_mixin.py:190} INFO - Batch 404: 1000 rows inserted
[2024-12-19T06:51:54.082+0000] {logging_mixin.py:190} INFO - Batch 405: 1000 rows inserted
[2024-12-19T06:51:54.131+0000] {logging_mixin.py:190} INFO - Batch 406: 1000 rows inserted
[2024-12-19T06:51:54.186+0000] {logging_mixin.py:190} INFO - Batch 407: 1000 rows inserted
[2024-12-19T06:51:54.252+0000] {logging_mixin.py:190} INFO - Batch 408: 1000 rows inserted
[2024-12-19T06:51:54.305+0000] {logging_mixin.py:190} INFO - Batch 409: 1000 rows inserted
[2024-12-19T06:51:54.357+0000] {logging_mixin.py:190} INFO - Batch 410: 1000 rows inserted
[2024-12-19T06:51:54.410+0000] {logging_mixin.py:190} INFO - Batch 411: 1000 rows inserted
[2024-12-19T06:51:54.475+0000] {logging_mixin.py:190} INFO - Batch 412: 1000 rows inserted
[2024-12-19T06:51:54.539+0000] {logging_mixin.py:190} INFO - Batch 413: 1000 rows inserted
[2024-12-19T06:51:54.589+0000] {logging_mixin.py:190} INFO - Batch 414: 1000 rows inserted
[2024-12-19T06:51:54.625+0000] {logging_mixin.py:190} INFO - Batch 415: 1000 rows inserted
[2024-12-19T06:51:54.681+0000] {logging_mixin.py:190} INFO - Batch 416: 1000 rows inserted
[2024-12-19T06:51:54.741+0000] {logging_mixin.py:190} INFO - Batch 417: 1000 rows inserted
[2024-12-19T06:51:54.780+0000] {logging_mixin.py:190} INFO - Batch 418: 1000 rows inserted
[2024-12-19T06:51:54.817+0000] {logging_mixin.py:190} INFO - Batch 419: 1000 rows inserted
[2024-12-19T06:51:54.854+0000] {logging_mixin.py:190} INFO - Batch 420: 1000 rows inserted
[2024-12-19T06:51:54.894+0000] {logging_mixin.py:190} INFO - Batch 421: 1000 rows inserted
[2024-12-19T06:51:54.941+0000] {logging_mixin.py:190} INFO - Batch 422: 1000 rows inserted
[2024-12-19T06:51:55.012+0000] {logging_mixin.py:190} INFO - Batch 423: 1000 rows inserted
[2024-12-19T06:51:55.057+0000] {logging_mixin.py:190} INFO - Batch 424: 1000 rows inserted
[2024-12-19T06:51:55.113+0000] {logging_mixin.py:190} INFO - Batch 425: 1000 rows inserted
[2024-12-19T06:51:55.166+0000] {logging_mixin.py:190} INFO - Batch 426: 1000 rows inserted
[2024-12-19T06:51:55.222+0000] {logging_mixin.py:190} INFO - Batch 427: 1000 rows inserted
[2024-12-19T06:51:55.296+0000] {logging_mixin.py:190} INFO - Batch 428: 1000 rows inserted
[2024-12-19T06:51:55.354+0000] {logging_mixin.py:190} INFO - Batch 429: 1000 rows inserted
[2024-12-19T06:51:55.404+0000] {logging_mixin.py:190} INFO - Batch 430: 1000 rows inserted
[2024-12-19T06:51:55.452+0000] {logging_mixin.py:190} INFO - Batch 431: 1000 rows inserted
[2024-12-19T06:51:55.514+0000] {logging_mixin.py:190} INFO - Batch 432: 1000 rows inserted
[2024-12-19T06:51:55.582+0000] {logging_mixin.py:190} INFO - Batch 433: 1000 rows inserted
[2024-12-19T06:51:55.926+0000] {logging_mixin.py:190} INFO - Batch 434: 1000 rows inserted
[2024-12-19T06:51:55.995+0000] {logging_mixin.py:190} INFO - Batch 435: 1000 rows inserted
[2024-12-19T06:51:56.082+0000] {logging_mixin.py:190} INFO - Batch 436: 1000 rows inserted
[2024-12-19T06:51:56.187+0000] {logging_mixin.py:190} INFO - Batch 437: 1000 rows inserted
[2024-12-19T06:51:56.272+0000] {logging_mixin.py:190} INFO - Batch 438: 1000 rows inserted
[2024-12-19T06:51:56.363+0000] {logging_mixin.py:190} INFO - Batch 439: 1000 rows inserted
[2024-12-19T06:51:56.441+0000] {logging_mixin.py:190} INFO - Batch 440: 1000 rows inserted
[2024-12-19T06:51:56.529+0000] {logging_mixin.py:190} INFO - Batch 441: 1000 rows inserted
[2024-12-19T06:51:56.592+0000] {logging_mixin.py:190} INFO - Batch 442: 1000 rows inserted
[2024-12-19T06:51:56.649+0000] {logging_mixin.py:190} INFO - Batch 443: 1000 rows inserted
[2024-12-19T06:51:56.764+0000] {logging_mixin.py:190} INFO - Batch 444: 1000 rows inserted
[2024-12-19T06:51:56.827+0000] {logging_mixin.py:190} INFO - Batch 445: 1000 rows inserted
[2024-12-19T06:51:56.882+0000] {logging_mixin.py:190} INFO - Batch 446: 1000 rows inserted
[2024-12-19T06:51:56.937+0000] {logging_mixin.py:190} INFO - Batch 447: 1000 rows inserted
[2024-12-19T06:51:56.992+0000] {logging_mixin.py:190} INFO - Batch 448: 1000 rows inserted
[2024-12-19T06:51:57.073+0000] {logging_mixin.py:190} INFO - Batch 449: 1000 rows inserted
[2024-12-19T06:51:57.172+0000] {logging_mixin.py:190} INFO - Batch 450: 1000 rows inserted
[2024-12-19T06:51:57.253+0000] {logging_mixin.py:190} INFO - Batch 451: 1000 rows inserted
[2024-12-19T06:51:57.330+0000] {logging_mixin.py:190} INFO - Batch 452: 1000 rows inserted
[2024-12-19T06:51:57.411+0000] {logging_mixin.py:190} INFO - Batch 453: 1000 rows inserted
[2024-12-19T06:51:57.490+0000] {logging_mixin.py:190} INFO - Batch 454: 1000 rows inserted
[2024-12-19T06:51:57.569+0000] {logging_mixin.py:190} INFO - Batch 455: 1000 rows inserted
[2024-12-19T06:51:57.662+0000] {logging_mixin.py:190} INFO - Batch 456: 1000 rows inserted
[2024-12-19T06:51:57.733+0000] {logging_mixin.py:190} INFO - Batch 457: 1000 rows inserted
[2024-12-19T06:51:57.798+0000] {logging_mixin.py:190} INFO - Batch 458: 1000 rows inserted
[2024-12-19T06:51:57.894+0000] {logging_mixin.py:190} INFO - Batch 459: 1000 rows inserted
[2024-12-19T06:51:58.010+0000] {logging_mixin.py:190} INFO - Batch 460: 1000 rows inserted
[2024-12-19T06:51:58.087+0000] {logging_mixin.py:190} INFO - Batch 461: 1000 rows inserted
[2024-12-19T06:51:58.160+0000] {logging_mixin.py:190} INFO - Batch 462: 1000 rows inserted
[2024-12-19T06:51:58.217+0000] {logging_mixin.py:190} INFO - Batch 463: 1000 rows inserted
[2024-12-19T06:51:58.283+0000] {logging_mixin.py:190} INFO - Batch 464: 1000 rows inserted
[2024-12-19T06:51:58.362+0000] {logging_mixin.py:190} INFO - Batch 465: 1000 rows inserted
[2024-12-19T06:51:58.430+0000] {logging_mixin.py:190} INFO - Batch 466: 1000 rows inserted
[2024-12-19T06:51:58.492+0000] {logging_mixin.py:190} INFO - Batch 467: 1000 rows inserted
[2024-12-19T06:51:58.550+0000] {logging_mixin.py:190} INFO - Batch 468: 1000 rows inserted
[2024-12-19T06:51:58.639+0000] {logging_mixin.py:190} INFO - Batch 469: 1000 rows inserted
[2024-12-19T06:51:58.726+0000] {logging_mixin.py:190} INFO - Batch 470: 1000 rows inserted
[2024-12-19T06:51:58.777+0000] {logging_mixin.py:190} INFO - Batch 471: 1000 rows inserted
[2024-12-19T06:51:58.830+0000] {logging_mixin.py:190} INFO - Batch 472: 1000 rows inserted
[2024-12-19T06:51:58.889+0000] {logging_mixin.py:190} INFO - Batch 473: 1000 rows inserted
[2024-12-19T06:51:58.964+0000] {logging_mixin.py:190} INFO - Batch 474: 1000 rows inserted
[2024-12-19T06:51:59.047+0000] {logging_mixin.py:190} INFO - Batch 475: 1000 rows inserted
[2024-12-19T06:51:59.120+0000] {logging_mixin.py:190} INFO - Batch 476: 1000 rows inserted
[2024-12-19T06:51:59.240+0000] {logging_mixin.py:190} INFO - Batch 477: 1000 rows inserted
[2024-12-19T06:51:59.347+0000] {logging_mixin.py:190} INFO - Batch 478: 1000 rows inserted
[2024-12-19T06:51:59.436+0000] {logging_mixin.py:190} INFO - Batch 479: 1000 rows inserted
[2024-12-19T06:51:59.543+0000] {logging_mixin.py:190} INFO - Batch 480: 1000 rows inserted
[2024-12-19T06:51:59.617+0000] {logging_mixin.py:190} INFO - Batch 481: 1000 rows inserted
[2024-12-19T06:51:59.707+0000] {logging_mixin.py:190} INFO - Batch 482: 1000 rows inserted
[2024-12-19T06:51:59.784+0000] {logging_mixin.py:190} INFO - Batch 483: 1000 rows inserted
[2024-12-19T06:51:59.868+0000] {logging_mixin.py:190} INFO - Batch 484: 1000 rows inserted
[2024-12-19T06:51:59.928+0000] {logging_mixin.py:190} INFO - Batch 485: 1000 rows inserted
[2024-12-19T06:52:00.008+0000] {logging_mixin.py:190} INFO - Batch 486: 1000 rows inserted
[2024-12-19T06:52:00.075+0000] {logging_mixin.py:190} INFO - Batch 487: 1000 rows inserted
[2024-12-19T06:52:00.141+0000] {logging_mixin.py:190} INFO - Batch 488: 1000 rows inserted
[2024-12-19T06:52:00.247+0000] {logging_mixin.py:190} INFO - Batch 489: 1000 rows inserted
[2024-12-19T06:52:00.305+0000] {logging_mixin.py:190} INFO - Batch 490: 1000 rows inserted
[2024-12-19T06:52:00.360+0000] {logging_mixin.py:190} INFO - Batch 491: 1000 rows inserted
[2024-12-19T06:52:00.414+0000] {logging_mixin.py:190} INFO - Batch 492: 1000 rows inserted
[2024-12-19T06:52:00.482+0000] {logging_mixin.py:190} INFO - Batch 493: 1000 rows inserted
[2024-12-19T06:52:00.561+0000] {logging_mixin.py:190} INFO - Batch 494: 1000 rows inserted
[2024-12-19T06:52:00.623+0000] {logging_mixin.py:190} INFO - Batch 495: 1000 rows inserted
[2024-12-19T06:52:00.698+0000] {logging_mixin.py:190} INFO - Batch 496: 1000 rows inserted
[2024-12-19T06:52:00.759+0000] {logging_mixin.py:190} INFO - Batch 497: 1000 rows inserted
[2024-12-19T06:52:00.830+0000] {logging_mixin.py:190} INFO - Batch 498: 1000 rows inserted
[2024-12-19T06:52:00.905+0000] {logging_mixin.py:190} INFO - Batch 499: 1000 rows inserted
[2024-12-19T06:52:00.970+0000] {logging_mixin.py:190} INFO - Batch 500: 1000 rows inserted
[2024-12-19T06:52:01.049+0000] {logging_mixin.py:190} INFO - Batch 501: 1000 rows inserted
[2024-12-19T06:52:01.125+0000] {logging_mixin.py:190} INFO - Batch 502: 1000 rows inserted
[2024-12-19T06:52:01.213+0000] {logging_mixin.py:190} INFO - Batch 503: 1000 rows inserted
[2024-12-19T06:52:01.294+0000] {logging_mixin.py:190} INFO - Batch 504: 1000 rows inserted
[2024-12-19T06:52:01.355+0000] {logging_mixin.py:190} INFO - Batch 505: 1000 rows inserted
[2024-12-19T06:52:01.411+0000] {logging_mixin.py:190} INFO - Batch 506: 1000 rows inserted
[2024-12-19T06:52:01.475+0000] {logging_mixin.py:190} INFO - Batch 507: 1000 rows inserted
[2024-12-19T06:52:01.547+0000] {logging_mixin.py:190} INFO - Batch 508: 1000 rows inserted
[2024-12-19T06:52:01.607+0000] {logging_mixin.py:190} INFO - Batch 509: 1000 rows inserted
[2024-12-19T06:52:01.675+0000] {logging_mixin.py:190} INFO - Batch 510: 1000 rows inserted
[2024-12-19T06:52:01.732+0000] {logging_mixin.py:190} INFO - Batch 511: 1000 rows inserted
[2024-12-19T06:52:02.072+0000] {logging_mixin.py:190} INFO - Batch 512: 1000 rows inserted
[2024-12-19T06:52:02.145+0000] {logging_mixin.py:190} INFO - Batch 513: 1000 rows inserted
[2024-12-19T06:52:02.205+0000] {logging_mixin.py:190} INFO - Batch 514: 1000 rows inserted
[2024-12-19T06:52:02.262+0000] {logging_mixin.py:190} INFO - Batch 515: 1000 rows inserted
[2024-12-19T06:52:02.325+0000] {logging_mixin.py:190} INFO - Batch 516: 1000 rows inserted
[2024-12-19T06:52:02.431+0000] {logging_mixin.py:190} INFO - Batch 517: 1000 rows inserted
[2024-12-19T06:52:02.502+0000] {logging_mixin.py:190} INFO - Batch 518: 1000 rows inserted
[2024-12-19T06:52:02.561+0000] {logging_mixin.py:190} INFO - Batch 519: 1000 rows inserted
[2024-12-19T06:52:02.622+0000] {logging_mixin.py:190} INFO - Batch 520: 1000 rows inserted
[2024-12-19T06:52:02.710+0000] {logging_mixin.py:190} INFO - Batch 521: 1000 rows inserted
[2024-12-19T06:52:02.764+0000] {logging_mixin.py:190} INFO - Batch 522: 1000 rows inserted
[2024-12-19T06:52:02.822+0000] {logging_mixin.py:190} INFO - Batch 523: 1000 rows inserted
[2024-12-19T06:52:02.875+0000] {logging_mixin.py:190} INFO - Batch 524: 1000 rows inserted
[2024-12-19T06:52:02.895+0000] {logging_mixin.py:190} INFO - Batch 525: 287 rows inserted
[2024-12-19T06:52:02.924+0000] {logging_mixin.py:190} INFO - ETL Process for Orders Completed.
[2024-12-19T06:52:03.208+0000] {python.py:240} INFO - Done. Returned value was: None
[2024-12-19T06:52:03.336+0000] {taskinstance.py:340} INFO - ::group::Post task execution logs
[2024-12-19T06:52:03.339+0000] {taskinstance.py:352} INFO - Marking task as SUCCESS. dag_id=instacart_etl, task_id=etl_dim_orders, run_id=manual__2024-12-19T06:43:25.324539+00:00, execution_date=20241219T064325, start_date=20241219T064417, end_date=20241219T065203
[2024-12-19T06:52:03.468+0000] {local_task_job_runner.py:266} INFO - Task exited with return code 0
[2024-12-19T06:52:03.588+0000] {taskinstance.py:3895} INFO - 1 downstream tasks scheduled from follow-on schedule check
[2024-12-19T06:52:03.592+0000] {local_task_job_runner.py:245} INFO - ::endgroup::
