[2024-12-05T22:00:40.273+0000] {local_task_job_runner.py:123} INFO - ::group::Pre task execution logs
[2024-12-05T22:00:40.299+0000] {taskinstance.py:2613} INFO - Dependencies all met for dep_context=non-requeueable deps ti=<TaskInstance: instacart_pl.etl_dim_department manual__2024-12-05T22:00:36.458213+00:00 [queued]>
[2024-12-05T22:00:40.313+0000] {taskinstance.py:2613} INFO - Dependencies all met for dep_context=requeueable deps ti=<TaskInstance: instacart_pl.etl_dim_department manual__2024-12-05T22:00:36.458213+00:00 [queued]>
[2024-12-05T22:00:40.314+0000] {taskinstance.py:2866} INFO - Starting attempt 1 of 1
[2024-12-05T22:00:40.348+0000] {taskinstance.py:2889} INFO - Executing <Task(PythonOperator): etl_dim_department> on 2024-12-05 22:00:36.458213+00:00
[2024-12-05T22:00:40.370+0000] {standard_task_runner.py:104} INFO - Running: ['***', 'tasks', 'run', 'instacart_pl', 'etl_dim_department', 'manual__2024-12-05T22:00:36.458213+00:00', '--job-id', '638', '--raw', '--subdir', 'DAGS_FOLDER/test_etl_dag.py', '--cfg-path', '/tmp/tmpxg_m_4us']
[2024-12-05T22:00:40.371+0000] {logging_mixin.py:190} WARNING - /home/***/.local/lib/python3.12/site-packages/***/task/task_runner/standard_task_runner.py:70 DeprecationWarning: This process (pid=426) is multi-threaded, use of fork() may lead to deadlocks in the child.
[2024-12-05T22:00:40.375+0000] {standard_task_runner.py:105} INFO - Job 638: Subtask etl_dim_department
[2024-12-05T22:00:40.375+0000] {standard_task_runner.py:72} INFO - Started process 431 to run task
[2024-12-05T22:00:40.498+0000] {task_command.py:467} INFO - Running <TaskInstance: instacart_pl.etl_dim_department manual__2024-12-05T22:00:36.458213+00:00 [running]> on host eb2422a66d7b
[2024-12-05T22:00:40.731+0000] {taskinstance.py:3132} INFO - Exporting env vars: AIRFLOW_CTX_DAG_OWNER='***' AIRFLOW_CTX_DAG_ID='instacart_pl' AIRFLOW_CTX_TASK_ID='etl_dim_department' AIRFLOW_CTX_EXECUTION_DATE='2024-12-05T22:00:36.458213+00:00' AIRFLOW_CTX_TRY_NUMBER='1' AIRFLOW_CTX_DAG_RUN_ID='manual__2024-12-05T22:00:36.458213+00:00'
[2024-12-05T22:00:40.733+0000] {taskinstance.py:731} INFO - ::endgroup::
[2024-12-05T22:00:40.791+0000] {base.py:84} INFO - Retrieving connection 'mssql_default'
[2024-12-05T22:00:40.928+0000] {logging_mixin.py:190} INFO - Initial DataFrame from /opt/***/data/departments.csv/departments.csv:
   department_id department
0              1     frozen
1              2      other
2              3     bakery
3              4    produce
4              5    alcohol
[2024-12-05T22:00:40.930+0000] {logging_mixin.py:190} INFO - Preparing to insert: ID=1, Name=frozen, FK Values={}
[2024-12-05T22:00:40.939+0000] {logging_mixin.py:190} INFO - Preparing to insert: ID=2, Name=other, FK Values={}
[2024-12-05T22:00:40.943+0000] {logging_mixin.py:190} INFO - Preparing to insert: ID=3, Name=bakery, FK Values={}
[2024-12-05T22:00:40.948+0000] {logging_mixin.py:190} INFO - Preparing to insert: ID=4, Name=produce, FK Values={}
[2024-12-05T22:00:40.952+0000] {logging_mixin.py:190} INFO - Preparing to insert: ID=5, Name=alcohol, FK Values={}
[2024-12-05T22:00:40.957+0000] {logging_mixin.py:190} INFO - Preparing to insert: ID=6, Name=international, FK Values={}
[2024-12-05T22:00:40.962+0000] {logging_mixin.py:190} INFO - Preparing to insert: ID=7, Name=beverages, FK Values={}
[2024-12-05T22:00:40.977+0000] {logging_mixin.py:190} INFO - Preparing to insert: ID=8, Name=pets, FK Values={}
[2024-12-05T22:00:40.982+0000] {logging_mixin.py:190} INFO - Preparing to insert: ID=9, Name=dry goods pasta, FK Values={}
[2024-12-05T22:00:40.990+0000] {logging_mixin.py:190} INFO - Preparing to insert: ID=10, Name=bulk, FK Values={}
[2024-12-05T22:00:40.996+0000] {logging_mixin.py:190} INFO - Preparing to insert: ID=11, Name=personal care, FK Values={}
[2024-12-05T22:00:41.000+0000] {logging_mixin.py:190} INFO - Preparing to insert: ID=12, Name=meat seafood, FK Values={}
[2024-12-05T22:00:41.007+0000] {logging_mixin.py:190} INFO - Preparing to insert: ID=13, Name=pantry, FK Values={}
[2024-12-05T22:00:41.011+0000] {logging_mixin.py:190} INFO - Preparing to insert: ID=14, Name=breakfast, FK Values={}
[2024-12-05T22:00:41.016+0000] {logging_mixin.py:190} INFO - Preparing to insert: ID=15, Name=canned goods, FK Values={}
[2024-12-05T22:00:41.023+0000] {logging_mixin.py:190} INFO - Preparing to insert: ID=16, Name=dairy eggs, FK Values={}
[2024-12-05T22:00:41.028+0000] {logging_mixin.py:190} INFO - Preparing to insert: ID=17, Name=household, FK Values={}
[2024-12-05T22:00:41.033+0000] {logging_mixin.py:190} INFO - Preparing to insert: ID=18, Name=babies, FK Values={}
[2024-12-05T22:00:41.040+0000] {logging_mixin.py:190} INFO - Preparing to insert: ID=19, Name=snacks, FK Values={}
[2024-12-05T22:00:41.045+0000] {logging_mixin.py:190} INFO - Preparing to insert: ID=20, Name=deli, FK Values={}
[2024-12-05T22:00:41.050+0000] {logging_mixin.py:190} INFO - Preparing to insert: ID=21, Name=missing, FK Values={}
[2024-12-05T22:00:41.060+0000] {python.py:240} INFO - Done. Returned value was: None
[2024-12-05T22:00:41.105+0000] {taskinstance.py:340} INFO - ::group::Post task execution logs
[2024-12-05T22:00:41.107+0000] {taskinstance.py:352} INFO - Marking task as SUCCESS. dag_id=instacart_pl, task_id=etl_dim_department, run_id=manual__2024-12-05T22:00:36.458213+00:00, execution_date=20241205T220036, start_date=20241205T220040, end_date=20241205T220041
[2024-12-05T22:00:41.154+0000] {local_task_job_runner.py:266} INFO - Task exited with return code 0
[2024-12-05T22:00:41.189+0000] {taskinstance.py:3895} INFO - 0 downstream tasks scheduled from follow-on schedule check
[2024-12-05T22:00:41.194+0000] {local_task_job_runner.py:245} INFO - ::endgroup::
