[2024-12-25T23:07:59.093+0000] {local_task_job_runner.py:123} INFO - ::group::Pre task execution logs
[2024-12-25T23:07:59.128+0000] {taskinstance.py:2613} INFO - Dependencies all met for dep_context=non-requeueable deps ti=<TaskInstance: dim_date_dag.generate_dim_date manual__2024-12-25T23:07:57.011189+00:00 [queued]>
[2024-12-25T23:07:59.141+0000] {taskinstance.py:2613} INFO - Dependencies all met for dep_context=requeueable deps ti=<TaskInstance: dim_date_dag.generate_dim_date manual__2024-12-25T23:07:57.011189+00:00 [queued]>
[2024-12-25T23:07:59.141+0000] {taskinstance.py:2866} INFO - Starting attempt 1 of 1
[2024-12-25T23:07:59.171+0000] {taskinstance.py:2889} INFO - Executing <Task(PythonOperator): generate_dim_date> on 2024-12-25 23:07:57.011189+00:00
[2024-12-25T23:07:59.181+0000] {standard_task_runner.py:104} INFO - Running: ['***', 'tasks', 'run', 'dim_date_dag', 'generate_dim_date', 'manual__2024-12-25T23:07:57.011189+00:00', '--job-id', '268', '--raw', '--subdir', 'DAGS_FOLDER/test.py', '--cfg-path', '/tmp/tmpavvmz094']
[2024-12-25T23:07:59.186+0000] {standard_task_runner.py:105} INFO - Job 268: Subtask generate_dim_date
[2024-12-25T23:07:59.211+0000] {logging_mixin.py:190} WARNING - /home/***/.local/lib/python3.12/site-packages/***/task/task_runner/standard_task_runner.py:70 DeprecationWarning: This process (pid=7064) is multi-threaded, use of fork() may lead to deadlocks in the child.
[2024-12-25T23:07:59.212+0000] {standard_task_runner.py:72} INFO - Started process 7065 to run task
[2024-12-25T23:07:59.254+0000] {task_command.py:467} INFO - Running <TaskInstance: dim_date_dag.generate_dim_date manual__2024-12-25T23:07:57.011189+00:00 [running]> on host 53a83a5c1c65
[2024-12-25T23:07:59.420+0000] {taskinstance.py:3132} INFO - Exporting env vars: AIRFLOW_CTX_DAG_OWNER='***' AIRFLOW_CTX_DAG_ID='dim_date_dag' AIRFLOW_CTX_TASK_ID='generate_dim_date' AIRFLOW_CTX_EXECUTION_DATE='2024-12-25T23:07:57.011189+00:00' AIRFLOW_CTX_TRY_NUMBER='1' AIRFLOW_CTX_DAG_RUN_ID='manual__2024-12-25T23:07:57.011189+00:00'
[2024-12-25T23:07:59.422+0000] {taskinstance.py:731} INFO - ::endgroup::
[2024-12-25T23:07:59.452+0000] {test.py:46} INFO - Connecting to SQL Server...
[2024-12-25T23:07:59.512+0000] {test.py:48} INFO - Executing stored procedure 'populate_dim_date'...
[2024-12-25T23:07:59.536+0000] {test.py:51} INFO - Stored procedure executed successfully.
[2024-12-25T23:07:59.537+0000] {test.py:58} INFO - SQL Server connection closed.
[2024-12-25T23:07:59.537+0000] {python.py:240} INFO - Done. Returned value was: None
[2024-12-25T23:07:59.553+0000] {taskinstance.py:340} INFO - ::group::Post task execution logs
[2024-12-25T23:07:59.554+0000] {taskinstance.py:352} INFO - Marking task as SUCCESS. dag_id=dim_date_dag, task_id=generate_dim_date, run_id=manual__2024-12-25T23:07:57.011189+00:00, execution_date=20241225T230757, start_date=20241225T230759, end_date=20241225T230759
[2024-12-25T23:07:59.592+0000] {local_task_job_runner.py:266} INFO - Task exited with return code 0
[2024-12-25T23:07:59.613+0000] {taskinstance.py:3895} INFO - 0 downstream tasks scheduled from follow-on schedule check
[2024-12-25T23:07:59.617+0000] {local_task_job_runner.py:245} INFO - ::endgroup::
