[2024-12-05T22:01:57.674+0000] {local_task_job_runner.py:123} INFO - ::group::Pre task execution logs
[2024-12-05T22:01:57.699+0000] {taskinstance.py:2613} INFO - Dependencies all met for dep_context=non-requeueable deps ti=<TaskInstance: instacart_pl.etl_dim_product manual__2024-12-05T22:01:51.626397+00:00 [queued]>
[2024-12-05T22:01:57.712+0000] {taskinstance.py:2613} INFO - Dependencies all met for dep_context=requeueable deps ti=<TaskInstance: instacart_pl.etl_dim_product manual__2024-12-05T22:01:51.626397+00:00 [queued]>
[2024-12-05T22:01:57.714+0000] {taskinstance.py:2866} INFO - Starting attempt 1 of 1
[2024-12-05T22:01:57.738+0000] {taskinstance.py:2889} INFO - Executing <Task(PythonOperator): etl_dim_product> on 2024-12-05 22:01:51.626397+00:00
[2024-12-05T22:01:57.751+0000] {logging_mixin.py:190} WARNING - /home/***/.local/lib/python3.12/site-packages/***/task/task_runner/standard_task_runner.py:70 DeprecationWarning: This process (pid=493) is multi-threaded, use of fork() may lead to deadlocks in the child.
[2024-12-05T22:01:57.752+0000] {standard_task_runner.py:72} INFO - Started process 495 to run task
[2024-12-05T22:01:57.752+0000] {standard_task_runner.py:104} INFO - Running: ['***', 'tasks', 'run', 'instacart_pl', 'etl_dim_product', 'manual__2024-12-05T22:01:51.626397+00:00', '--job-id', '642', '--raw', '--subdir', 'DAGS_FOLDER/test_etl_dag.py', '--cfg-path', '/tmp/tmpngsmwcna']
[2024-12-05T22:01:57.755+0000] {standard_task_runner.py:105} INFO - Job 642: Subtask etl_dim_product
[2024-12-05T22:01:57.829+0000] {task_command.py:467} INFO - Running <TaskInstance: instacart_pl.etl_dim_product manual__2024-12-05T22:01:51.626397+00:00 [running]> on host eb2422a66d7b
[2024-12-05T22:01:57.946+0000] {taskinstance.py:3132} INFO - Exporting env vars: AIRFLOW_CTX_DAG_OWNER='***' AIRFLOW_CTX_DAG_ID='instacart_pl' AIRFLOW_CTX_TASK_ID='etl_dim_product' AIRFLOW_CTX_EXECUTION_DATE='2024-12-05T22:01:51.626397+00:00' AIRFLOW_CTX_TRY_NUMBER='1' AIRFLOW_CTX_DAG_RUN_ID='manual__2024-12-05T22:01:51.626397+00:00'
[2024-12-05T22:01:57.948+0000] {taskinstance.py:731} INFO - ::endgroup::
[2024-12-05T22:01:57.974+0000] {base.py:84} INFO - Retrieving connection 'mssql_default'
[2024-12-05T22:01:58.195+0000] {logging_mixin.py:190} INFO - Initial DataFrame from /opt/***/data/products.csv/products.csv:
   product_id  ... department_id
0           1  ...            19
1           2  ...            13
2           3  ...             7
3           4  ...             1
4           5  ...            13

[5 rows x 4 columns]
[2024-12-05T22:01:58.202+0000] {logging_mixin.py:190} INFO - Foreign key mapping for aisle_key using dim_aisle:
{1: 1, 2: 2, 3: 3, 4: 4, 5: 5, 6: 6, 7: 7, 8: 8, 9: 9, 10: 10, 11: 11, 12: 12, 13: 13, 14: 14, 15: 15, 16: 16, 17: 17, 18: 18, 19: 19, 20: 20, 21: 21, 22: 22, 23: 23, 24: 24, 25: 25, 26: 26, 27: 27, 28: 28, 29: 29, 30: 30, 31: 31, 32: 32, 33: 33, 34: 34, 35: 35, 36: 36, 37: 37, 38: 38, 39: 39, 40: 40, 41: 41, 42: 42, 43: 43, 44: 44, 45: 45, 46: 46, 47: 47, 48: 48, 49: 49, 50: 50, 51: 51, 52: 52, 53: 53, 54: 54, 55: 55, 56: 56, 57: 57, 58: 58, 59: 59, 60: 60, 61: 61, 62: 62, 63: 63, 64: 64, 65: 65, 66: 66, 67: 67, 68: 68, 69: 69, 70: 70, 71: 71, 72: 72, 73: 73, 74: 74, 75: 75, 76: 76, 77: 77, 78: 78, 79: 79, 80: 80, 81: 81, 82: 82, 83: 83, 84: 84, 85: 85, 86: 86, 87: 87, 88: 88, 89: 89, 90: 90, 91: 91, 92: 92, 93: 93, 94: 94, 95: 95, 96: 96, 97: 97, 98: 98, 99: 99, 100: 100, 101: 101, 102: 102, 103: 103, 104: 104, 105: 105, 106: 106, 107: 107, 108: 108, 109: 109, 110: 110, 111: 111, 112: 112, 113: 113, 114: 114, 115: 115, 116: 116, 117: 117, 118: 118, 119: 119, 120: 120, 121: 121, 122: 122, 123: 123, 124: 124, 125: 125, 126: 126, 127: 127, 128: 128, 129: 129, 130: 130, 131: 131, 132: 132, 133: 133, 134: 134}
[2024-12-05T22:01:58.216+0000] {logging_mixin.py:190} INFO - DataFrame after mapping aisle_key:
   product_id  ... aisle_key
0           1  ...        61
1           2  ...       104
2           3  ...        94
3           4  ...        38
4           5  ...         5

[5 rows x 5 columns]
[2024-12-05T22:01:58.221+0000] {logging_mixin.py:190} INFO - Foreign key mapping for department_key using dim_department:
{1: 1, 2: 2, 3: 3, 4: 4, 5: 5, 6: 6, 7: 7, 8: 8, 9: 9, 10: 10, 11: 11, 12: 12, 13: 13, 14: 14, 15: 15, 16: 16, 17: 17, 18: 18, 19: 19, 20: 20, 21: 21}
[2024-12-05T22:01:58.231+0000] {logging_mixin.py:190} INFO - DataFrame after mapping department_key:
   product_id  ... department_key
0           1  ...             19
1           2  ...             13
2           3  ...              7
3           4  ...              1
4           5  ...             13

[5 rows x 6 columns]
[2024-12-05T22:05:42.738+0000] {python.py:240} INFO - Done. Returned value was: None
[2024-12-05T22:05:42.747+0000] {taskinstance.py:340} INFO - ::group::Post task execution logs
[2024-12-05T22:05:42.748+0000] {taskinstance.py:352} INFO - Marking task as SUCCESS. dag_id=instacart_pl, task_id=etl_dim_product, run_id=manual__2024-12-05T22:01:51.626397+00:00, execution_date=20241205T220151, start_date=20241205T220157, end_date=20241205T220542
[2024-12-05T22:05:42.780+0000] {local_task_job_runner.py:266} INFO - Task exited with return code 0
[2024-12-05T22:05:42.795+0000] {taskinstance.py:3895} INFO - 0 downstream tasks scheduled from follow-on schedule check
[2024-12-05T22:05:42.802+0000] {local_task_job_runner.py:245} INFO - ::endgroup::
