[2024-12-04T15:01:55.807+0000] {local_task_job_runner.py:123} INFO - ::group::Pre task execution logs
[2024-12-04T15:01:55.835+0000] {taskinstance.py:2613} INFO - Dependencies all met for dep_context=non-requeueable deps ti=<TaskInstance: instacart_etl_pipeline.etl_dim_department manual__2024-12-04T15:01:47.992694+00:00 [queued]>
[2024-12-04T15:01:55.851+0000] {taskinstance.py:2613} INFO - Dependencies all met for dep_context=requeueable deps ti=<TaskInstance: instacart_etl_pipeline.etl_dim_department manual__2024-12-04T15:01:47.992694+00:00 [queued]>
[2024-12-04T15:01:55.853+0000] {taskinstance.py:2866} INFO - Starting attempt 1 of 1
[2024-12-04T15:01:55.882+0000] {taskinstance.py:2889} INFO - Executing <Task(PythonOperator): etl_dim_department> on 2024-12-04 15:01:47.992694+00:00
[2024-12-04T15:01:55.905+0000] {logging_mixin.py:190} WARNING - /home/***/.local/lib/python3.12/site-packages/***/task/task_runner/standard_task_runner.py:70 DeprecationWarning: This process (pid=11056) is multi-threaded, use of fork() may lead to deadlocks in the child.
[2024-12-04T15:01:55.909+0000] {standard_task_runner.py:72} INFO - Started process 11059 to run task
[2024-12-04T15:01:55.907+0000] {standard_task_runner.py:104} INFO - Running: ['***', 'tasks', 'run', 'instacart_etl_pipeline', 'etl_dim_department', 'manual__2024-12-04T15:01:47.992694+00:00', '--job-id', '207', '--raw', '--subdir', 'DAGS_FOLDER/instacart_etl_dag.py', '--cfg-path', '/tmp/tmpw6prncgk']
[2024-12-04T15:01:55.911+0000] {standard_task_runner.py:105} INFO - Job 207: Subtask etl_dim_department
[2024-12-04T15:01:56.005+0000] {task_command.py:467} INFO - Running <TaskInstance: instacart_etl_pipeline.etl_dim_department manual__2024-12-04T15:01:47.992694+00:00 [running]> on host e64be71b3b6d
[2024-12-04T15:01:56.162+0000] {taskinstance.py:3132} INFO - Exporting env vars: AIRFLOW_CTX_DAG_OWNER='***' AIRFLOW_CTX_DAG_ID='instacart_etl_pipeline' AIRFLOW_CTX_TASK_ID='etl_dim_department' AIRFLOW_CTX_EXECUTION_DATE='2024-12-04T15:01:47.992694+00:00' AIRFLOW_CTX_TRY_NUMBER='1' AIRFLOW_CTX_DAG_RUN_ID='manual__2024-12-04T15:01:47.992694+00:00'
[2024-12-04T15:01:56.164+0000] {taskinstance.py:731} INFO - ::endgroup::
[2024-12-04T15:01:56.220+0000] {base.py:84} INFO - Retrieving connection 'mssql_default'
[2024-12-04T15:01:56.482+0000] {logging_mixin.py:190} INFO - Inserting into dim_department: Columns: ['department_id', 'department', 'valid_from', 'valid_to', 'is_current'] Values: [1, 'frozen', datetime.datetime(2024, 12, 4, 15, 1, 56, 482083), None, 1]
[2024-12-04T15:01:56.554+0000] {logging_mixin.py:190} INFO - Inserting into dim_department: Columns: ['department_id', 'department', 'valid_from', 'valid_to', 'is_current'] Values: [2, 'other', datetime.datetime(2024, 12, 4, 15, 1, 56, 554615), None, 1]
[2024-12-04T15:01:56.561+0000] {logging_mixin.py:190} INFO - Inserting into dim_department: Columns: ['department_id', 'department', 'valid_from', 'valid_to', 'is_current'] Values: [3, 'bakery', datetime.datetime(2024, 12, 4, 15, 1, 56, 561732), None, 1]
[2024-12-04T15:01:56.566+0000] {logging_mixin.py:190} INFO - Inserting into dim_department: Columns: ['department_id', 'department', 'valid_from', 'valid_to', 'is_current'] Values: [4, 'produce', datetime.datetime(2024, 12, 4, 15, 1, 56, 566785), None, 1]
[2024-12-04T15:01:56.574+0000] {logging_mixin.py:190} INFO - Inserting into dim_department: Columns: ['department_id', 'department', 'valid_from', 'valid_to', 'is_current'] Values: [5, 'alcohol', datetime.datetime(2024, 12, 4, 15, 1, 56, 574239), None, 1]
[2024-12-04T15:01:56.579+0000] {logging_mixin.py:190} INFO - Inserting into dim_department: Columns: ['department_id', 'department', 'valid_from', 'valid_to', 'is_current'] Values: [6, 'international', datetime.datetime(2024, 12, 4, 15, 1, 56, 579043), None, 1]
[2024-12-04T15:01:56.582+0000] {logging_mixin.py:190} INFO - Inserting into dim_department: Columns: ['department_id', 'department', 'valid_from', 'valid_to', 'is_current'] Values: [7, 'beverages', datetime.datetime(2024, 12, 4, 15, 1, 56, 582625), None, 1]
[2024-12-04T15:01:56.586+0000] {logging_mixin.py:190} INFO - Inserting into dim_department: Columns: ['department_id', 'department', 'valid_from', 'valid_to', 'is_current'] Values: [8, 'pets', datetime.datetime(2024, 12, 4, 15, 1, 56, 586203), None, 1]
[2024-12-04T15:01:56.592+0000] {logging_mixin.py:190} INFO - Inserting into dim_department: Columns: ['department_id', 'department', 'valid_from', 'valid_to', 'is_current'] Values: [9, 'dry goods pasta', datetime.datetime(2024, 12, 4, 15, 1, 56, 592221), None, 1]
[2024-12-04T15:01:56.596+0000] {logging_mixin.py:190} INFO - Inserting into dim_department: Columns: ['department_id', 'department', 'valid_from', 'valid_to', 'is_current'] Values: [10, 'bulk', datetime.datetime(2024, 12, 4, 15, 1, 56, 596695), None, 1]
[2024-12-04T15:01:56.601+0000] {logging_mixin.py:190} INFO - Inserting into dim_department: Columns: ['department_id', 'department', 'valid_from', 'valid_to', 'is_current'] Values: [11, 'personal care', datetime.datetime(2024, 12, 4, 15, 1, 56, 601445), None, 1]
[2024-12-04T15:01:56.611+0000] {logging_mixin.py:190} INFO - Inserting into dim_department: Columns: ['department_id', 'department', 'valid_from', 'valid_to', 'is_current'] Values: [12, 'meat seafood', datetime.datetime(2024, 12, 4, 15, 1, 56, 611836), None, 1]
[2024-12-04T15:01:56.618+0000] {logging_mixin.py:190} INFO - Inserting into dim_department: Columns: ['department_id', 'department', 'valid_from', 'valid_to', 'is_current'] Values: [13, 'pantry', datetime.datetime(2024, 12, 4, 15, 1, 56, 618255), None, 1]
[2024-12-04T15:01:56.623+0000] {logging_mixin.py:190} INFO - Inserting into dim_department: Columns: ['department_id', 'department', 'valid_from', 'valid_to', 'is_current'] Values: [14, 'breakfast', datetime.datetime(2024, 12, 4, 15, 1, 56, 623862), None, 1]
[2024-12-04T15:01:56.627+0000] {logging_mixin.py:190} INFO - Inserting into dim_department: Columns: ['department_id', 'department', 'valid_from', 'valid_to', 'is_current'] Values: [15, 'canned goods', datetime.datetime(2024, 12, 4, 15, 1, 56, 627192), None, 1]
[2024-12-04T15:01:56.630+0000] {logging_mixin.py:190} INFO - Inserting into dim_department: Columns: ['department_id', 'department', 'valid_from', 'valid_to', 'is_current'] Values: [16, 'dairy eggs', datetime.datetime(2024, 12, 4, 15, 1, 56, 630016), None, 1]
[2024-12-04T15:01:56.633+0000] {logging_mixin.py:190} INFO - Inserting into dim_department: Columns: ['department_id', 'department', 'valid_from', 'valid_to', 'is_current'] Values: [17, 'household', datetime.datetime(2024, 12, 4, 15, 1, 56, 633143), None, 1]
[2024-12-04T15:01:56.635+0000] {logging_mixin.py:190} INFO - Inserting into dim_department: Columns: ['department_id', 'department', 'valid_from', 'valid_to', 'is_current'] Values: [18, 'babies', datetime.datetime(2024, 12, 4, 15, 1, 56, 635788), None, 1]
[2024-12-04T15:01:56.642+0000] {logging_mixin.py:190} INFO - Inserting into dim_department: Columns: ['department_id', 'department', 'valid_from', 'valid_to', 'is_current'] Values: [19, 'snacks', datetime.datetime(2024, 12, 4, 15, 1, 56, 642060), None, 1]
[2024-12-04T15:01:56.645+0000] {logging_mixin.py:190} INFO - Inserting into dim_department: Columns: ['department_id', 'department', 'valid_from', 'valid_to', 'is_current'] Values: [20, 'deli', datetime.datetime(2024, 12, 4, 15, 1, 56, 645322), None, 1]
[2024-12-04T15:01:56.649+0000] {logging_mixin.py:190} INFO - Inserting into dim_department: Columns: ['department_id', 'department', 'valid_from', 'valid_to', 'is_current'] Values: [21, 'missing', datetime.datetime(2024, 12, 4, 15, 1, 56, 649166), None, 1]
[2024-12-04T15:01:56.657+0000] {python.py:240} INFO - Done. Returned value was: None
[2024-12-04T15:01:56.684+0000] {taskinstance.py:340} INFO - ::group::Post task execution logs
[2024-12-04T15:01:56.685+0000] {taskinstance.py:352} INFO - Marking task as SUCCESS. dag_id=instacart_etl_pipeline, task_id=etl_dim_department, run_id=manual__2024-12-04T15:01:47.992694+00:00, execution_date=20241204T150147, start_date=20241204T150155, end_date=20241204T150156
[2024-12-04T15:01:56.729+0000] {local_task_job_runner.py:266} INFO - Task exited with return code 0
[2024-12-04T15:01:56.774+0000] {taskinstance.py:3895} INFO - 0 downstream tasks scheduled from follow-on schedule check
[2024-12-04T15:01:56.783+0000] {local_task_job_runner.py:245} INFO - ::endgroup::
