[2024-12-17T02:41:13.433+0000] {local_task_job_runner.py:123} INFO - ::group::Pre task execution logs
[2024-12-17T02:41:13.448+0000] {taskinstance.py:2613} INFO - Dependencies all met for dep_context=non-requeueable deps ti=<TaskInstance: instacart_etl.etl_dim_orders manual__2024-12-17T02:39:53.222365+00:00 [queued]>
[2024-12-17T02:41:13.456+0000] {taskinstance.py:2613} INFO - Dependencies all met for dep_context=requeueable deps ti=<TaskInstance: instacart_etl.etl_dim_orders manual__2024-12-17T02:39:53.222365+00:00 [queued]>
[2024-12-17T02:41:13.457+0000] {taskinstance.py:2866} INFO - Starting attempt 1 of 1
[2024-12-17T02:41:13.471+0000] {taskinstance.py:2889} INFO - Executing <Task(PythonOperator): etl_dim_orders> on 2024-12-17 02:39:53.222365+00:00
[2024-12-17T02:41:13.479+0000] {logging_mixin.py:190} WARNING - /home/***/.local/lib/python3.12/site-packages/***/task/task_runner/standard_task_runner.py:70 DeprecationWarning: This process (pid=2260) is multi-threaded, use of fork() may lead to deadlocks in the child.
[2024-12-17T02:41:13.481+0000] {standard_task_runner.py:72} INFO - Started process 2262 to run task
[2024-12-17T02:41:13.481+0000] {standard_task_runner.py:104} INFO - Running: ['***', 'tasks', 'run', 'instacart_etl', 'etl_dim_orders', 'manual__2024-12-17T02:39:53.222365+00:00', '--job-id', '144', '--raw', '--subdir', 'DAGS_FOLDER/instacart_etl_dag.py', '--cfg-path', '/tmp/tmp966hg7ua']
[2024-12-17T02:41:13.484+0000] {standard_task_runner.py:105} INFO - Job 144: Subtask etl_dim_orders
[2024-12-17T02:41:13.540+0000] {task_command.py:467} INFO - Running <TaskInstance: instacart_etl.etl_dim_orders manual__2024-12-17T02:39:53.222365+00:00 [running]> on host 0e09f46eec36
[2024-12-17T02:41:13.635+0000] {taskinstance.py:3132} INFO - Exporting env vars: AIRFLOW_CTX_DAG_OWNER='***' AIRFLOW_CTX_DAG_ID='instacart_etl' AIRFLOW_CTX_TASK_ID='etl_dim_orders' AIRFLOW_CTX_EXECUTION_DATE='2024-12-17T02:39:53.222365+00:00' AIRFLOW_CTX_TRY_NUMBER='1' AIRFLOW_CTX_DAG_RUN_ID='manual__2024-12-17T02:39:53.222365+00:00'
[2024-12-17T02:41:13.637+0000] {taskinstance.py:731} INFO - ::endgroup::
[2024-12-17T02:43:59.237+0000] {local_task_job_runner.py:127} ERROR - Received SIGTERM. Terminating subprocesses
[2024-12-17T02:44:00.384+0000] {process_utils.py:132} INFO - Sending 15 to group 2262. PIDs of all processes in the group: [2262]
[2024-12-17T02:44:00.395+0000] {process_utils.py:87} INFO - Sending the signal 15 to group 2262
[2024-12-17T02:44:00.538+0000] {taskinstance.py:3093} ERROR - Received SIGTERM. Terminating subprocesses.
[2024-12-17T02:44:01.879+0000] {taskinstance.py:3311} ERROR - Task failed with exception
Traceback (most recent call last):
  File "/home/airflow/.local/lib/python3.12/site-packages/airflow/models/taskinstance.py", line 767, in _execute_task
    result = _execute_callable(context=context, **execute_callable_kwargs)
             ^^^^^^^^^^^^^^^^^^^^^^^^^^^^^^^^^^^^^^^^^^^^^^^^^^^^^^^^^^^^^
  File "/home/airflow/.local/lib/python3.12/site-packages/airflow/models/taskinstance.py", line 733, in _execute_callable
    return ExecutionCallableRunner(
           ^^^^^^^^^^^^^^^^^^^^^^^^
  File "/home/airflow/.local/lib/python3.12/site-packages/airflow/utils/operator_helpers.py", line 252, in run
    return self.func(*args, **kwargs)
           ^^^^^^^^^^^^^^^^^^^^^^^^^^
  File "/home/airflow/.local/lib/python3.12/site-packages/airflow/models/baseoperator.py", line 417, in wrapper
    return func(self, *args, **kwargs)
           ^^^^^^^^^^^^^^^^^^^^^^^^^^^
  File "/home/airflow/.local/lib/python3.12/site-packages/airflow/operators/python.py", line 238, in execute
    return_value = self.execute_callable()
                   ^^^^^^^^^^^^^^^^^^^^^^^
  File "/home/airflow/.local/lib/python3.12/site-packages/airflow/operators/python.py", line 256, in execute_callable
    return runner.run(*self.op_args, **self.op_kwargs)
           ^^^^^^^^^^^^^^^^^^^^^^^^^^^^^^^^^^^^^^^^^^^
  File "/home/airflow/.local/lib/python3.12/site-packages/airflow/utils/operator_helpers.py", line 252, in run
    return self.func(*args, **kwargs)
           ^^^^^^^^^^^^^^^^^^^^^^^^^^
  File "/opt/airflow/dags/instacart_etl_dag.py", line 155, in etl_dim_orders
    UPDATE {table_name}
  File "/home/airflow/.local/lib/python3.12/site-packages/airflow/models/taskinstance.py", line 3095, in signal_handler
    raise AirflowTaskTerminated("Task received SIGTERM signal")
airflow.exceptions.AirflowTaskTerminated: Task received SIGTERM signal
[2024-12-17T02:44:02.096+0000] {taskinstance.py:1225} INFO - Marking task as FAILED. dag_id=instacart_etl, task_id=etl_dim_orders, run_id=manual__2024-12-17T02:39:53.222365+00:00, execution_date=20241217T023953, start_date=20241217T024113, end_date=20241217T024401
[2024-12-17T02:44:02.546+0000] {taskinstance.py:340} INFO - ::group::Post task execution logs
[2024-12-17T02:44:02.737+0000] {process_utils.py:80} INFO - Process psutil.Process(pid=2262, status='terminated', exitcode=2, started='02:41:13') (2262) terminated with exit code 2
[2024-12-17T02:44:02.752+0000] {local_task_job_runner.py:266} INFO - Task exited with return code 143
[2024-12-17T02:44:03.460+0000] {taskinstance.py:3895} INFO - 0 downstream tasks scheduled from follow-on schedule check
[2024-12-17T02:44:03.496+0000] {standard_task_runner.py:217} INFO - Process not found (most likely exited), stop collecting metrics
[2024-12-17T02:44:03.606+0000] {local_task_job_runner.py:245} INFO - ::endgroup::
