[2024-12-18T00:15:11.289+0000] {local_task_job_runner.py:123} INFO - ::group::Pre task execution logs
[2024-12-18T00:15:11.308+0000] {taskinstance.py:2613} INFO - Dependencies all met for dep_context=non-requeueable deps ti=<TaskInstance: instacart_etl.etl_dim_order_products manual__2024-12-18T00:02:59.999906+00:00 [queued]>
[2024-12-18T00:15:11.318+0000] {taskinstance.py:2613} INFO - Dependencies all met for dep_context=requeueable deps ti=<TaskInstance: instacart_etl.etl_dim_order_products manual__2024-12-18T00:02:59.999906+00:00 [queued]>
[2024-12-18T00:15:11.319+0000] {taskinstance.py:2866} INFO - Starting attempt 2 of 2
[2024-12-18T00:15:11.335+0000] {taskinstance.py:2889} INFO - Executing <Task(PythonOperator): etl_dim_order_products> on 2024-12-18 00:02:59.999906+00:00
[2024-12-18T00:15:11.345+0000] {logging_mixin.py:190} WARNING - /home/***/.local/lib/python3.12/site-packages/***/task/task_runner/standard_task_runner.py:70 DeprecationWarning: This process (pid=251) is multi-threaded, use of fork() may lead to deadlocks in the child.
[2024-12-18T00:15:11.347+0000] {standard_task_runner.py:72} INFO - Started process 253 to run task
[2024-12-18T00:15:11.346+0000] {standard_task_runner.py:104} INFO - Running: ['***', 'tasks', 'run', 'instacart_etl', 'etl_dim_order_products', 'manual__2024-12-18T00:02:59.999906+00:00', '--job-id', '128', '--raw', '--subdir', 'DAGS_FOLDER/instacart_etl_dag.py', '--cfg-path', '/tmp/tmp8o52yzxa']
[2024-12-18T00:15:11.348+0000] {standard_task_runner.py:105} INFO - Job 128: Subtask etl_dim_order_products
[2024-12-18T00:15:11.402+0000] {task_command.py:467} INFO - Running <TaskInstance: instacart_etl.etl_dim_order_products manual__2024-12-18T00:02:59.999906+00:00 [running]> on host 4388517a8e9b
[2024-12-18T00:15:11.537+0000] {taskinstance.py:3132} INFO - Exporting env vars: AIRFLOW_CTX_DAG_OWNER='***' AIRFLOW_CTX_DAG_ID='instacart_etl' AIRFLOW_CTX_TASK_ID='etl_dim_order_products' AIRFLOW_CTX_EXECUTION_DATE='2024-12-18T00:02:59.999906+00:00' AIRFLOW_CTX_TRY_NUMBER='2' AIRFLOW_CTX_DAG_RUN_ID='manual__2024-12-18T00:02:59.999906+00:00'
[2024-12-18T00:15:11.540+0000] {taskinstance.py:731} INFO - ::endgroup::
[2024-12-18T00:15:11.756+0000] {logging_mixin.py:190} INFO - 
Processing Chunk 1
[2024-12-18T00:15:43.617+0000] {logging_mixin.py:190} INFO - Chunk 1: Batch 1 - 10000 rows inserted
[2024-12-18T00:15:44.481+0000] {logging_mixin.py:190} INFO - Chunk 1: Batch 2 - 10000 rows inserted
[2024-12-18T00:15:45.135+0000] {logging_mixin.py:190} INFO - Chunk 1: Batch 3 - 10000 rows inserted
[2024-12-18T00:15:45.689+0000] {logging_mixin.py:190} INFO - Chunk 1: Batch 4 - 10000 rows inserted
[2024-12-18T00:15:46.222+0000] {logging_mixin.py:190} INFO - Chunk 1: Batch 5 - 10000 rows inserted
[2024-12-18T00:15:46.274+0000] {logging_mixin.py:190} INFO - Chunk 1 completed. Total rows processed: 50000
[2024-12-18T00:15:46.310+0000] {logging_mixin.py:190} INFO - 
Processing Chunk 2
[2024-12-18T00:16:14.607+0000] {logging_mixin.py:190} INFO - Chunk 2: Batch 1 - 10000 rows inserted
[2024-12-18T00:16:15.022+0000] {logging_mixin.py:190} INFO - Chunk 2: Batch 2 - 10000 rows inserted
[2024-12-18T00:16:15.438+0000] {logging_mixin.py:190} INFO - Chunk 2: Batch 3 - 10000 rows inserted
[2024-12-18T00:16:15.851+0000] {logging_mixin.py:190} INFO - Chunk 2: Batch 4 - 10000 rows inserted
[2024-12-18T00:16:16.285+0000] {logging_mixin.py:190} INFO - Chunk 2: Batch 5 - 10000 rows inserted
[2024-12-18T00:16:16.323+0000] {logging_mixin.py:190} INFO - Chunk 2 completed. Total rows processed: 50000
[2024-12-18T00:16:16.348+0000] {logging_mixin.py:190} INFO - 
Processing Chunk 3
[2024-12-18T00:16:41.135+0000] {logging_mixin.py:190} INFO - Chunk 3: Batch 1 - 10000 rows inserted
[2024-12-18T00:16:41.604+0000] {logging_mixin.py:190} INFO - Chunk 3: Batch 2 - 10000 rows inserted
[2024-12-18T00:16:42.113+0000] {logging_mixin.py:190} INFO - Chunk 3: Batch 3 - 10000 rows inserted
[2024-12-18T00:16:42.632+0000] {logging_mixin.py:190} INFO - Chunk 3: Batch 4 - 10000 rows inserted
[2024-12-18T00:16:43.133+0000] {logging_mixin.py:190} INFO - Chunk 3: Batch 5 - 10000 rows inserted
[2024-12-18T00:16:43.173+0000] {logging_mixin.py:190} INFO - Chunk 3 completed. Total rows processed: 50000
[2024-12-18T00:16:43.198+0000] {logging_mixin.py:190} INFO - 
Processing Chunk 4
[2024-12-18T00:17:11.899+0000] {logging_mixin.py:190} INFO - Chunk 4: Batch 1 - 10000 rows inserted
[2024-12-18T00:17:12.336+0000] {logging_mixin.py:190} INFO - Chunk 4: Batch 2 - 10000 rows inserted
[2024-12-18T00:17:12.766+0000] {logging_mixin.py:190} INFO - Chunk 4: Batch 3 - 10000 rows inserted
[2024-12-18T00:17:13.196+0000] {logging_mixin.py:190} INFO - Chunk 4: Batch 4 - 10000 rows inserted
[2024-12-18T00:17:13.631+0000] {logging_mixin.py:190} INFO - Chunk 4: Batch 5 - 10000 rows inserted
[2024-12-18T00:17:13.665+0000] {logging_mixin.py:190} INFO - Chunk 4 completed. Total rows processed: 50000
[2024-12-18T00:17:13.688+0000] {logging_mixin.py:190} INFO - 
Processing Chunk 5
[2024-12-18T00:17:39.362+0000] {logging_mixin.py:190} INFO - Chunk 5: Batch 1 - 10000 rows inserted
[2024-12-18T00:17:39.945+0000] {logging_mixin.py:190} INFO - Chunk 5: Batch 2 - 10000 rows inserted
[2024-12-18T00:17:40.497+0000] {logging_mixin.py:190} INFO - Chunk 5: Batch 3 - 10000 rows inserted
[2024-12-18T00:17:41.038+0000] {logging_mixin.py:190} INFO - Chunk 5: Batch 4 - 10000 rows inserted
[2024-12-18T00:17:41.616+0000] {logging_mixin.py:190} INFO - Chunk 5: Batch 5 - 10000 rows inserted
[2024-12-18T00:17:41.664+0000] {logging_mixin.py:190} INFO - Chunk 5 completed. Total rows processed: 50000
[2024-12-18T00:17:41.694+0000] {logging_mixin.py:190} INFO - 
Processing Chunk 6
[2024-12-18T00:18:07.143+0000] {logging_mixin.py:190} INFO - Chunk 6: Batch 1 - 10000 rows inserted
[2024-12-18T00:18:07.643+0000] {logging_mixin.py:190} INFO - Chunk 6: Batch 2 - 10000 rows inserted
[2024-12-18T00:18:08.043+0000] {logging_mixin.py:190} INFO - Chunk 6: Batch 3 - 10000 rows inserted
[2024-12-18T00:18:08.510+0000] {logging_mixin.py:190} INFO - Chunk 6: Batch 4 - 10000 rows inserted
[2024-12-18T00:18:08.963+0000] {logging_mixin.py:190} INFO - Chunk 6: Batch 5 - 10000 rows inserted
[2024-12-18T00:18:09.001+0000] {logging_mixin.py:190} INFO - Chunk 6 completed. Total rows processed: 50000
[2024-12-18T00:18:09.023+0000] {logging_mixin.py:190} INFO - 
Processing Chunk 7
[2024-12-18T00:18:35.916+0000] {logging_mixin.py:190} INFO - Chunk 7: Batch 1 - 10000 rows inserted
[2024-12-18T00:18:36.382+0000] {logging_mixin.py:190} INFO - Chunk 7: Batch 2 - 10000 rows inserted
[2024-12-18T00:18:36.883+0000] {logging_mixin.py:190} INFO - Chunk 7: Batch 3 - 10000 rows inserted
[2024-12-18T00:18:37.378+0000] {logging_mixin.py:190} INFO - Chunk 7: Batch 4 - 10000 rows inserted
[2024-12-18T00:18:37.825+0000] {logging_mixin.py:190} INFO - Chunk 7: Batch 5 - 10000 rows inserted
[2024-12-18T00:18:37.861+0000] {logging_mixin.py:190} INFO - Chunk 7 completed. Total rows processed: 50000
[2024-12-18T00:18:37.884+0000] {logging_mixin.py:190} INFO - 
Processing Chunk 8
[2024-12-18T00:19:04.748+0000] {logging_mixin.py:190} INFO - Chunk 8: Batch 1 - 10000 rows inserted
[2024-12-18T00:19:05.236+0000] {logging_mixin.py:190} INFO - Chunk 8: Batch 2 - 10000 rows inserted
[2024-12-18T00:19:05.786+0000] {logging_mixin.py:190} INFO - Chunk 8: Batch 3 - 10000 rows inserted
[2024-12-18T00:19:06.217+0000] {logging_mixin.py:190} INFO - Chunk 8: Batch 4 - 10000 rows inserted
[2024-12-18T00:19:06.707+0000] {logging_mixin.py:190} INFO - Chunk 8: Batch 5 - 10000 rows inserted
[2024-12-18T00:19:06.741+0000] {logging_mixin.py:190} INFO - Chunk 8 completed. Total rows processed: 50000
[2024-12-18T00:19:06.765+0000] {logging_mixin.py:190} INFO - 
Processing Chunk 9
[2024-12-18T00:19:34.423+0000] {logging_mixin.py:190} INFO - Chunk 9: Batch 1 - 10000 rows inserted
[2024-12-18T00:19:34.955+0000] {logging_mixin.py:190} INFO - Chunk 9: Batch 2 - 10000 rows inserted
[2024-12-18T00:19:35.476+0000] {logging_mixin.py:190} INFO - Chunk 9: Batch 3 - 10000 rows inserted
[2024-12-18T00:19:36.019+0000] {logging_mixin.py:190} INFO - Chunk 9: Batch 4 - 10000 rows inserted
[2024-12-18T00:19:36.914+0000] {logging_mixin.py:190} INFO - Chunk 9: Batch 5 - 10000 rows inserted
[2024-12-18T00:19:36.957+0000] {logging_mixin.py:190} INFO - Chunk 9 completed. Total rows processed: 50000
[2024-12-18T00:19:36.980+0000] {logging_mixin.py:190} INFO - 
Processing Chunk 10
[2024-12-18T00:20:04.712+0000] {logging_mixin.py:190} INFO - Chunk 10: Batch 1 - 10000 rows inserted
[2024-12-18T00:20:05.193+0000] {logging_mixin.py:190} INFO - Chunk 10: Batch 2 - 10000 rows inserted
[2024-12-18T00:20:05.646+0000] {logging_mixin.py:190} INFO - Chunk 10: Batch 3 - 10000 rows inserted
[2024-12-18T00:20:06.092+0000] {logging_mixin.py:190} INFO - Chunk 10: Batch 4 - 10000 rows inserted
[2024-12-18T00:20:06.560+0000] {logging_mixin.py:190} INFO - Chunk 10: Batch 5 - 10000 rows inserted
[2024-12-18T00:20:06.596+0000] {logging_mixin.py:190} INFO - Chunk 10 completed. Total rows processed: 50000
[2024-12-18T00:20:06.606+0000] {logging_mixin.py:190} INFO - 
Processing Chunk 11
[2024-12-18T00:20:20.142+0000] {logging_mixin.py:190} INFO - Chunk 11: Batch 1 - 10000 rows inserted
[2024-12-18T00:20:20.581+0000] {logging_mixin.py:190} INFO - Chunk 11: Batch 2 - 10000 rows inserted
[2024-12-18T00:20:20.770+0000] {logging_mixin.py:190} INFO - Chunk 11: Batch 3 - 4286 rows inserted
[2024-12-18T00:20:20.794+0000] {logging_mixin.py:190} INFO - Chunk 11 completed. Total rows processed: 24286
[2024-12-18T00:20:20.804+0000] {logging_mixin.py:190} INFO - ETL Process for Order Products Completed. Total rows: 524286
[2024-12-18T00:20:20.830+0000] {python.py:240} INFO - Done. Returned value was: None
[2024-12-18T00:20:20.872+0000] {taskinstance.py:340} INFO - ::group::Post task execution logs
[2024-12-18T00:20:20.873+0000] {taskinstance.py:352} INFO - Marking task as SUCCESS. dag_id=instacart_etl, task_id=etl_dim_order_products, run_id=manual__2024-12-18T00:02:59.999906+00:00, execution_date=20241218T000259, start_date=20241218T001511, end_date=20241218T002020
[2024-12-18T00:20:20.929+0000] {local_task_job_runner.py:266} INFO - Task exited with return code 0
[2024-12-18T00:20:20.959+0000] {taskinstance.py:3895} INFO - 0 downstream tasks scheduled from follow-on schedule check
[2024-12-18T00:20:20.966+0000] {local_task_job_runner.py:245} INFO - ::endgroup::
