[2024-11-26T18:14:33.446+0000] {processor.py:186} INFO - Started process (PID=647) to work on /opt/airflow/dags/instacart_etl.py
[2024-11-26T18:14:33.451+0000] {processor.py:914} INFO - Processing file /opt/airflow/dags/instacart_etl.py for tasks to queue
[2024-11-26T18:14:33.475+0000] {logging_mixin.py:190} INFO - [2024-11-26T18:14:33.474+0000] {dagbag.py:588} INFO - Filling up the DagBag from /opt/airflow/dags/instacart_etl.py
[2024-11-26T18:14:35.926+0000] {processor.py:927} WARNING - No viable dags retrieved from /opt/airflow/dags/instacart_etl.py
[2024-11-26T18:14:35.997+0000] {processor.py:208} INFO - Processing /opt/airflow/dags/instacart_etl.py took 2.575 seconds
[2024-11-26T18:15:06.545+0000] {processor.py:186} INFO - Started process (PID=659) to work on /opt/airflow/dags/instacart_etl.py
[2024-11-26T18:15:06.548+0000] {processor.py:914} INFO - Processing file /opt/airflow/dags/instacart_etl.py for tasks to queue
[2024-11-26T18:15:06.568+0000] {logging_mixin.py:190} INFO - [2024-11-26T18:15:06.565+0000] {dagbag.py:588} INFO - Filling up the DagBag from /opt/airflow/dags/instacart_etl.py
[2024-11-26T18:15:08.433+0000] {processor.py:927} WARNING - No viable dags retrieved from /opt/airflow/dags/instacart_etl.py
[2024-11-26T18:15:08.447+0000] {processor.py:208} INFO - Processing /opt/airflow/dags/instacart_etl.py took 1.937 seconds
[2024-11-26T18:15:38.808+0000] {processor.py:186} INFO - Started process (PID=671) to work on /opt/airflow/dags/instacart_etl.py
[2024-11-26T18:15:38.810+0000] {processor.py:914} INFO - Processing file /opt/airflow/dags/instacart_etl.py for tasks to queue
[2024-11-26T18:15:38.815+0000] {logging_mixin.py:190} INFO - [2024-11-26T18:15:38.814+0000] {dagbag.py:588} INFO - Filling up the DagBag from /opt/airflow/dags/instacart_etl.py
[2024-11-26T18:15:39.781+0000] {processor.py:927} WARNING - No viable dags retrieved from /opt/airflow/dags/instacart_etl.py
[2024-11-26T18:15:39.800+0000] {processor.py:208} INFO - Processing /opt/airflow/dags/instacart_etl.py took 0.999 seconds
[2024-11-26T18:16:10.144+0000] {processor.py:186} INFO - Started process (PID=683) to work on /opt/airflow/dags/instacart_etl.py
[2024-11-26T18:16:10.145+0000] {processor.py:914} INFO - Processing file /opt/airflow/dags/instacart_etl.py for tasks to queue
[2024-11-26T18:16:10.150+0000] {logging_mixin.py:190} INFO - [2024-11-26T18:16:10.149+0000] {dagbag.py:588} INFO - Filling up the DagBag from /opt/airflow/dags/instacart_etl.py
[2024-11-26T18:16:10.936+0000] {processor.py:927} WARNING - No viable dags retrieved from /opt/airflow/dags/instacart_etl.py
[2024-11-26T18:16:10.953+0000] {processor.py:208} INFO - Processing /opt/airflow/dags/instacart_etl.py took 0.818 seconds
[2024-11-26T18:16:41.534+0000] {processor.py:186} INFO - Started process (PID=695) to work on /opt/airflow/dags/instacart_etl.py
[2024-11-26T18:16:41.539+0000] {processor.py:914} INFO - Processing file /opt/airflow/dags/instacart_etl.py for tasks to queue
[2024-11-26T18:16:41.549+0000] {logging_mixin.py:190} INFO - [2024-11-26T18:16:41.548+0000] {dagbag.py:588} INFO - Filling up the DagBag from /opt/airflow/dags/instacart_etl.py
[2024-11-26T18:16:42.633+0000] {processor.py:927} WARNING - No viable dags retrieved from /opt/airflow/dags/instacart_etl.py
[2024-11-26T18:16:42.662+0000] {processor.py:208} INFO - Processing /opt/airflow/dags/instacart_etl.py took 1.140 seconds
[2024-11-26T18:17:12.850+0000] {processor.py:186} INFO - Started process (PID=713) to work on /opt/airflow/dags/instacart_etl.py
[2024-11-26T18:17:12.859+0000] {processor.py:914} INFO - Processing file /opt/airflow/dags/instacart_etl.py for tasks to queue
[2024-11-26T18:17:12.862+0000] {logging_mixin.py:190} INFO - [2024-11-26T18:17:12.862+0000] {dagbag.py:588} INFO - Filling up the DagBag from /opt/airflow/dags/instacart_etl.py
[2024-11-26T18:17:13.611+0000] {processor.py:927} WARNING - No viable dags retrieved from /opt/airflow/dags/instacart_etl.py
[2024-11-26T18:17:13.636+0000] {processor.py:208} INFO - Processing /opt/airflow/dags/instacart_etl.py took 0.797 seconds
[2024-11-26T18:17:43.938+0000] {processor.py:186} INFO - Started process (PID=725) to work on /opt/airflow/dags/instacart_etl.py
[2024-11-26T18:17:43.939+0000] {processor.py:914} INFO - Processing file /opt/airflow/dags/instacart_etl.py for tasks to queue
[2024-11-26T18:17:43.942+0000] {logging_mixin.py:190} INFO - [2024-11-26T18:17:43.942+0000] {dagbag.py:588} INFO - Filling up the DagBag from /opt/airflow/dags/instacart_etl.py
[2024-11-26T18:17:44.513+0000] {processor.py:927} WARNING - No viable dags retrieved from /opt/airflow/dags/instacart_etl.py
[2024-11-26T18:17:44.526+0000] {processor.py:208} INFO - Processing /opt/airflow/dags/instacart_etl.py took 0.595 seconds
[2024-11-26T18:18:14.897+0000] {processor.py:186} INFO - Started process (PID=737) to work on /opt/airflow/dags/instacart_etl.py
[2024-11-26T18:18:14.898+0000] {processor.py:914} INFO - Processing file /opt/airflow/dags/instacart_etl.py for tasks to queue
[2024-11-26T18:18:14.906+0000] {logging_mixin.py:190} INFO - [2024-11-26T18:18:14.905+0000] {dagbag.py:588} INFO - Filling up the DagBag from /opt/airflow/dags/instacart_etl.py
[2024-11-26T18:18:16.490+0000] {processor.py:927} WARNING - No viable dags retrieved from /opt/airflow/dags/instacart_etl.py
[2024-11-26T18:18:16.512+0000] {processor.py:208} INFO - Processing /opt/airflow/dags/instacart_etl.py took 1.629 seconds
[2024-11-26T18:18:46.751+0000] {processor.py:186} INFO - Started process (PID=749) to work on /opt/airflow/dags/instacart_etl.py
[2024-11-26T18:18:46.752+0000] {processor.py:914} INFO - Processing file /opt/airflow/dags/instacart_etl.py for tasks to queue
[2024-11-26T18:18:46.755+0000] {logging_mixin.py:190} INFO - [2024-11-26T18:18:46.755+0000] {dagbag.py:588} INFO - Filling up the DagBag from /opt/airflow/dags/instacart_etl.py
[2024-11-26T18:18:47.596+0000] {processor.py:927} WARNING - No viable dags retrieved from /opt/airflow/dags/instacart_etl.py
[2024-11-26T18:18:47.610+0000] {processor.py:208} INFO - Processing /opt/airflow/dags/instacart_etl.py took 0.868 seconds
[2024-11-26T18:19:17.950+0000] {processor.py:186} INFO - Started process (PID=761) to work on /opt/airflow/dags/instacart_etl.py
[2024-11-26T18:19:17.951+0000] {processor.py:914} INFO - Processing file /opt/airflow/dags/instacart_etl.py for tasks to queue
[2024-11-26T18:19:17.955+0000] {logging_mixin.py:190} INFO - [2024-11-26T18:19:17.955+0000] {dagbag.py:588} INFO - Filling up the DagBag from /opt/airflow/dags/instacart_etl.py
[2024-11-26T18:19:18.811+0000] {processor.py:927} WARNING - No viable dags retrieved from /opt/airflow/dags/instacart_etl.py
[2024-11-26T18:19:18.834+0000] {processor.py:208} INFO - Processing /opt/airflow/dags/instacart_etl.py took 0.896 seconds
[2024-11-26T18:19:48.965+0000] {processor.py:186} INFO - Started process (PID=778) to work on /opt/airflow/dags/instacart_etl.py
[2024-11-26T18:19:48.967+0000] {processor.py:914} INFO - Processing file /opt/airflow/dags/instacart_etl.py for tasks to queue
[2024-11-26T18:19:48.972+0000] {logging_mixin.py:190} INFO - [2024-11-26T18:19:48.971+0000] {dagbag.py:588} INFO - Filling up the DagBag from /opt/airflow/dags/instacart_etl.py
[2024-11-26T18:19:49.725+0000] {processor.py:927} WARNING - No viable dags retrieved from /opt/airflow/dags/instacart_etl.py
[2024-11-26T18:19:49.742+0000] {processor.py:208} INFO - Processing /opt/airflow/dags/instacart_etl.py took 0.793 seconds
[2024-11-26T18:20:20.224+0000] {processor.py:186} INFO - Started process (PID=794) to work on /opt/airflow/dags/instacart_etl.py
[2024-11-26T18:20:20.226+0000] {processor.py:914} INFO - Processing file /opt/airflow/dags/instacart_etl.py for tasks to queue
[2024-11-26T18:20:20.230+0000] {logging_mixin.py:190} INFO - [2024-11-26T18:20:20.230+0000] {dagbag.py:588} INFO - Filling up the DagBag from /opt/airflow/dags/instacart_etl.py
[2024-11-26T18:20:21.701+0000] {processor.py:927} WARNING - No viable dags retrieved from /opt/airflow/dags/instacart_etl.py
[2024-11-26T18:20:21.721+0000] {processor.py:208} INFO - Processing /opt/airflow/dags/instacart_etl.py took 1.510 seconds
[2024-11-26T18:20:52.100+0000] {processor.py:186} INFO - Started process (PID=811) to work on /opt/airflow/dags/instacart_etl.py
[2024-11-26T18:20:52.112+0000] {processor.py:914} INFO - Processing file /opt/airflow/dags/instacart_etl.py for tasks to queue
[2024-11-26T18:20:52.144+0000] {logging_mixin.py:190} INFO - [2024-11-26T18:20:52.141+0000] {dagbag.py:588} INFO - Filling up the DagBag from /opt/airflow/dags/instacart_etl.py
[2024-11-26T18:20:54.322+0000] {processor.py:927} WARNING - No viable dags retrieved from /opt/airflow/dags/instacart_etl.py
[2024-11-26T18:20:55.311+0000] {processor.py:208} INFO - Processing /opt/airflow/dags/instacart_etl.py took 3.278 seconds
[2024-11-26T18:21:25.864+0000] {processor.py:186} INFO - Started process (PID=828) to work on /opt/airflow/dags/instacart_etl.py
[2024-11-26T18:21:25.866+0000] {processor.py:914} INFO - Processing file /opt/airflow/dags/instacart_etl.py for tasks to queue
[2024-11-26T18:21:25.868+0000] {logging_mixin.py:190} INFO - [2024-11-26T18:21:25.868+0000] {dagbag.py:588} INFO - Filling up the DagBag from /opt/airflow/dags/instacart_etl.py
[2024-11-26T18:21:26.450+0000] {processor.py:927} WARNING - No viable dags retrieved from /opt/airflow/dags/instacart_etl.py
[2024-11-26T18:21:26.465+0000] {processor.py:208} INFO - Processing /opt/airflow/dags/instacart_etl.py took 0.608 seconds
[2024-11-26T18:21:56.718+0000] {processor.py:186} INFO - Started process (PID=845) to work on /opt/airflow/dags/instacart_etl.py
[2024-11-26T18:21:56.719+0000] {processor.py:914} INFO - Processing file /opt/airflow/dags/instacart_etl.py for tasks to queue
[2024-11-26T18:21:56.722+0000] {logging_mixin.py:190} INFO - [2024-11-26T18:21:56.722+0000] {dagbag.py:588} INFO - Filling up the DagBag from /opt/airflow/dags/instacart_etl.py
[2024-11-26T18:21:57.326+0000] {processor.py:927} WARNING - No viable dags retrieved from /opt/airflow/dags/instacart_etl.py
[2024-11-26T18:21:57.341+0000] {processor.py:208} INFO - Processing /opt/airflow/dags/instacart_etl.py took 0.630 seconds
[2024-11-26T18:22:27.620+0000] {processor.py:186} INFO - Started process (PID=862) to work on /opt/airflow/dags/instacart_etl.py
[2024-11-26T18:22:27.621+0000] {processor.py:914} INFO - Processing file /opt/airflow/dags/instacart_etl.py for tasks to queue
[2024-11-26T18:22:27.625+0000] {logging_mixin.py:190} INFO - [2024-11-26T18:22:27.625+0000] {dagbag.py:588} INFO - Filling up the DagBag from /opt/airflow/dags/instacart_etl.py
[2024-11-26T18:22:28.241+0000] {processor.py:927} WARNING - No viable dags retrieved from /opt/airflow/dags/instacart_etl.py
[2024-11-26T18:22:28.259+0000] {processor.py:208} INFO - Processing /opt/airflow/dags/instacart_etl.py took 0.648 seconds
[2024-11-26T18:22:58.970+0000] {processor.py:186} INFO - Started process (PID=879) to work on /opt/airflow/dags/instacart_etl.py
[2024-11-26T18:22:58.972+0000] {processor.py:914} INFO - Processing file /opt/airflow/dags/instacart_etl.py for tasks to queue
[2024-11-26T18:22:58.977+0000] {logging_mixin.py:190} INFO - [2024-11-26T18:22:58.976+0000] {dagbag.py:588} INFO - Filling up the DagBag from /opt/airflow/dags/instacart_etl.py
[2024-11-26T18:22:59.669+0000] {processor.py:927} WARNING - No viable dags retrieved from /opt/airflow/dags/instacart_etl.py
[2024-11-26T18:22:59.682+0000] {processor.py:208} INFO - Processing /opt/airflow/dags/instacart_etl.py took 0.723 seconds
[2024-11-26T18:23:30.324+0000] {processor.py:186} INFO - Started process (PID=896) to work on /opt/airflow/dags/instacart_etl.py
[2024-11-26T18:23:30.325+0000] {processor.py:914} INFO - Processing file /opt/airflow/dags/instacart_etl.py for tasks to queue
[2024-11-26T18:23:30.328+0000] {logging_mixin.py:190} INFO - [2024-11-26T18:23:30.328+0000] {dagbag.py:588} INFO - Filling up the DagBag from /opt/airflow/dags/instacart_etl.py
[2024-11-26T18:23:30.833+0000] {processor.py:927} WARNING - No viable dags retrieved from /opt/airflow/dags/instacart_etl.py
[2024-11-26T18:23:30.845+0000] {processor.py:208} INFO - Processing /opt/airflow/dags/instacart_etl.py took 0.528 seconds
[2024-11-26T18:24:01.475+0000] {processor.py:186} INFO - Started process (PID=913) to work on /opt/airflow/dags/instacart_etl.py
[2024-11-26T18:24:01.476+0000] {processor.py:914} INFO - Processing file /opt/airflow/dags/instacart_etl.py for tasks to queue
[2024-11-26T18:24:01.480+0000] {logging_mixin.py:190} INFO - [2024-11-26T18:24:01.480+0000] {dagbag.py:588} INFO - Filling up the DagBag from /opt/airflow/dags/instacart_etl.py
[2024-11-26T18:24:01.985+0000] {processor.py:927} WARNING - No viable dags retrieved from /opt/airflow/dags/instacart_etl.py
[2024-11-26T18:24:01.997+0000] {processor.py:208} INFO - Processing /opt/airflow/dags/instacart_etl.py took 0.528 seconds
[2024-11-26T18:24:32.260+0000] {processor.py:186} INFO - Started process (PID=930) to work on /opt/airflow/dags/instacart_etl.py
[2024-11-26T18:24:32.261+0000] {processor.py:914} INFO - Processing file /opt/airflow/dags/instacart_etl.py for tasks to queue
[2024-11-26T18:24:32.264+0000] {logging_mixin.py:190} INFO - [2024-11-26T18:24:32.264+0000] {dagbag.py:588} INFO - Filling up the DagBag from /opt/airflow/dags/instacart_etl.py
[2024-11-26T18:24:32.814+0000] {processor.py:927} WARNING - No viable dags retrieved from /opt/airflow/dags/instacart_etl.py
[2024-11-26T18:24:32.827+0000] {processor.py:208} INFO - Processing /opt/airflow/dags/instacart_etl.py took 0.574 seconds
[2024-11-26T18:25:03.672+0000] {processor.py:186} INFO - Started process (PID=947) to work on /opt/airflow/dags/instacart_etl.py
[2024-11-26T18:25:03.673+0000] {processor.py:914} INFO - Processing file /opt/airflow/dags/instacart_etl.py for tasks to queue
[2024-11-26T18:25:03.676+0000] {logging_mixin.py:190} INFO - [2024-11-26T18:25:03.675+0000] {dagbag.py:588} INFO - Filling up the DagBag from /opt/airflow/dags/instacart_etl.py
[2024-11-26T18:25:04.187+0000] {processor.py:927} WARNING - No viable dags retrieved from /opt/airflow/dags/instacart_etl.py
[2024-11-26T18:25:04.198+0000] {processor.py:208} INFO - Processing /opt/airflow/dags/instacart_etl.py took 0.534 seconds
[2024-11-26T18:25:35.010+0000] {processor.py:186} INFO - Started process (PID=964) to work on /opt/airflow/dags/instacart_etl.py
[2024-11-26T18:25:35.011+0000] {processor.py:914} INFO - Processing file /opt/airflow/dags/instacart_etl.py for tasks to queue
[2024-11-26T18:25:35.013+0000] {logging_mixin.py:190} INFO - [2024-11-26T18:25:35.013+0000] {dagbag.py:588} INFO - Filling up the DagBag from /opt/airflow/dags/instacart_etl.py
[2024-11-26T18:25:35.462+0000] {processor.py:927} WARNING - No viable dags retrieved from /opt/airflow/dags/instacart_etl.py
[2024-11-26T18:25:35.473+0000] {processor.py:208} INFO - Processing /opt/airflow/dags/instacart_etl.py took 0.468 seconds
[2024-11-26T18:26:06.341+0000] {processor.py:186} INFO - Started process (PID=981) to work on /opt/airflow/dags/instacart_etl.py
[2024-11-26T18:26:06.342+0000] {processor.py:914} INFO - Processing file /opt/airflow/dags/instacart_etl.py for tasks to queue
[2024-11-26T18:26:06.345+0000] {logging_mixin.py:190} INFO - [2024-11-26T18:26:06.344+0000] {dagbag.py:588} INFO - Filling up the DagBag from /opt/airflow/dags/instacart_etl.py
[2024-11-26T18:26:07.266+0000] {processor.py:927} WARNING - No viable dags retrieved from /opt/airflow/dags/instacart_etl.py
[2024-11-26T18:26:07.280+0000] {processor.py:208} INFO - Processing /opt/airflow/dags/instacart_etl.py took 0.946 seconds
[2024-11-26T18:26:37.558+0000] {processor.py:186} INFO - Started process (PID=998) to work on /opt/airflow/dags/instacart_etl.py
[2024-11-26T18:26:37.563+0000] {processor.py:914} INFO - Processing file /opt/airflow/dags/instacart_etl.py for tasks to queue
[2024-11-26T18:26:37.570+0000] {logging_mixin.py:190} INFO - [2024-11-26T18:26:37.570+0000] {dagbag.py:588} INFO - Filling up the DagBag from /opt/airflow/dags/instacart_etl.py
[2024-11-26T18:26:40.734+0000] {processor.py:927} WARNING - No viable dags retrieved from /opt/airflow/dags/instacart_etl.py
[2024-11-26T18:26:40.746+0000] {processor.py:208} INFO - Processing /opt/airflow/dags/instacart_etl.py took 3.195 seconds
[2024-11-26T18:27:11.670+0000] {processor.py:186} INFO - Started process (PID=1015) to work on /opt/airflow/dags/instacart_etl.py
[2024-11-26T18:27:11.673+0000] {processor.py:914} INFO - Processing file /opt/airflow/dags/instacart_etl.py for tasks to queue
[2024-11-26T18:27:11.734+0000] {logging_mixin.py:190} INFO - [2024-11-26T18:27:11.731+0000] {dagbag.py:588} INFO - Filling up the DagBag from /opt/airflow/dags/instacart_etl.py
[2024-11-26T18:27:17.207+0000] {processor.py:927} WARNING - No viable dags retrieved from /opt/airflow/dags/instacart_etl.py
[2024-11-26T18:27:17.223+0000] {processor.py:208} INFO - Processing /opt/airflow/dags/instacart_etl.py took 5.591 seconds
[2024-11-26T18:27:48.640+0000] {processor.py:186} INFO - Started process (PID=1043) to work on /opt/airflow/dags/instacart_etl.py
[2024-11-26T18:27:48.641+0000] {processor.py:914} INFO - Processing file /opt/airflow/dags/instacart_etl.py for tasks to queue
[2024-11-26T18:27:48.644+0000] {logging_mixin.py:190} INFO - [2024-11-26T18:27:48.644+0000] {dagbag.py:588} INFO - Filling up the DagBag from /opt/airflow/dags/instacart_etl.py
[2024-11-26T18:27:49.947+0000] {processor.py:927} WARNING - No viable dags retrieved from /opt/airflow/dags/instacart_etl.py
[2024-11-26T18:27:49.963+0000] {processor.py:208} INFO - Processing /opt/airflow/dags/instacart_etl.py took 1.331 seconds
[2024-11-26T18:28:20.585+0000] {processor.py:186} INFO - Started process (PID=1060) to work on /opt/airflow/dags/instacart_etl.py
[2024-11-26T18:28:20.586+0000] {processor.py:914} INFO - Processing file /opt/airflow/dags/instacart_etl.py for tasks to queue
[2024-11-26T18:28:20.590+0000] {logging_mixin.py:190} INFO - [2024-11-26T18:28:20.590+0000] {dagbag.py:588} INFO - Filling up the DagBag from /opt/airflow/dags/instacart_etl.py
[2024-11-26T18:28:21.463+0000] {processor.py:927} WARNING - No viable dags retrieved from /opt/airflow/dags/instacart_etl.py
[2024-11-26T18:28:21.480+0000] {processor.py:208} INFO - Processing /opt/airflow/dags/instacart_etl.py took 0.907 seconds
[2024-11-26T18:28:52.141+0000] {processor.py:186} INFO - Started process (PID=1077) to work on /opt/airflow/dags/instacart_etl.py
[2024-11-26T18:28:52.142+0000] {processor.py:914} INFO - Processing file /opt/airflow/dags/instacart_etl.py for tasks to queue
[2024-11-26T18:28:52.145+0000] {logging_mixin.py:190} INFO - [2024-11-26T18:28:52.144+0000] {dagbag.py:588} INFO - Filling up the DagBag from /opt/airflow/dags/instacart_etl.py
[2024-11-26T18:28:52.610+0000] {processor.py:927} WARNING - No viable dags retrieved from /opt/airflow/dags/instacart_etl.py
[2024-11-26T18:28:52.623+0000] {processor.py:208} INFO - Processing /opt/airflow/dags/instacart_etl.py took 0.489 seconds
[2024-11-26T18:29:22.848+0000] {processor.py:186} INFO - Started process (PID=1094) to work on /opt/airflow/dags/instacart_etl.py
[2024-11-26T18:29:22.850+0000] {processor.py:914} INFO - Processing file /opt/airflow/dags/instacart_etl.py for tasks to queue
[2024-11-26T18:29:22.854+0000] {logging_mixin.py:190} INFO - [2024-11-26T18:29:22.853+0000] {dagbag.py:588} INFO - Filling up the DagBag from /opt/airflow/dags/instacart_etl.py
[2024-11-26T18:29:23.600+0000] {processor.py:927} WARNING - No viable dags retrieved from /opt/airflow/dags/instacart_etl.py
[2024-11-26T18:29:23.617+0000] {processor.py:208} INFO - Processing /opt/airflow/dags/instacart_etl.py took 0.780 seconds
[2024-11-26T18:29:53.957+0000] {processor.py:186} INFO - Started process (PID=1111) to work on /opt/airflow/dags/instacart_etl.py
[2024-11-26T18:29:53.958+0000] {processor.py:914} INFO - Processing file /opt/airflow/dags/instacart_etl.py for tasks to queue
[2024-11-26T18:29:53.962+0000] {logging_mixin.py:190} INFO - [2024-11-26T18:29:53.962+0000] {dagbag.py:588} INFO - Filling up the DagBag from /opt/airflow/dags/instacart_etl.py
[2024-11-26T18:29:54.516+0000] {processor.py:927} WARNING - No viable dags retrieved from /opt/airflow/dags/instacart_etl.py
[2024-11-26T18:29:54.530+0000] {processor.py:208} INFO - Processing /opt/airflow/dags/instacart_etl.py took 0.581 seconds
[2024-11-26T18:30:25.325+0000] {processor.py:186} INFO - Started process (PID=1128) to work on /opt/airflow/dags/instacart_etl.py
[2024-11-26T18:30:25.326+0000] {processor.py:914} INFO - Processing file /opt/airflow/dags/instacart_etl.py for tasks to queue
[2024-11-26T18:30:25.330+0000] {logging_mixin.py:190} INFO - [2024-11-26T18:30:25.329+0000] {dagbag.py:588} INFO - Filling up the DagBag from /opt/airflow/dags/instacart_etl.py
[2024-11-26T18:30:25.924+0000] {processor.py:927} WARNING - No viable dags retrieved from /opt/airflow/dags/instacart_etl.py
[2024-11-26T18:30:25.941+0000] {processor.py:208} INFO - Processing /opt/airflow/dags/instacart_etl.py took 0.627 seconds
[2024-11-26T18:30:56.696+0000] {processor.py:186} INFO - Started process (PID=1145) to work on /opt/airflow/dags/instacart_etl.py
[2024-11-26T18:30:56.697+0000] {processor.py:914} INFO - Processing file /opt/airflow/dags/instacart_etl.py for tasks to queue
[2024-11-26T18:30:56.700+0000] {logging_mixin.py:190} INFO - [2024-11-26T18:30:56.699+0000] {dagbag.py:588} INFO - Filling up the DagBag from /opt/airflow/dags/instacart_etl.py
[2024-11-26T18:30:57.223+0000] {processor.py:927} WARNING - No viable dags retrieved from /opt/airflow/dags/instacart_etl.py
[2024-11-26T18:30:57.237+0000] {processor.py:208} INFO - Processing /opt/airflow/dags/instacart_etl.py took 0.548 seconds
[2024-11-26T18:31:28.057+0000] {processor.py:186} INFO - Started process (PID=1162) to work on /opt/airflow/dags/instacart_etl.py
[2024-11-26T18:31:28.059+0000] {processor.py:914} INFO - Processing file /opt/airflow/dags/instacart_etl.py for tasks to queue
[2024-11-26T18:31:28.063+0000] {logging_mixin.py:190} INFO - [2024-11-26T18:31:28.061+0000] {dagbag.py:588} INFO - Filling up the DagBag from /opt/airflow/dags/instacart_etl.py
[2024-11-26T18:31:28.563+0000] {processor.py:927} WARNING - No viable dags retrieved from /opt/airflow/dags/instacart_etl.py
[2024-11-26T18:31:28.575+0000] {processor.py:208} INFO - Processing /opt/airflow/dags/instacart_etl.py took 0.525 seconds
[2024-11-26T18:31:59.437+0000] {processor.py:186} INFO - Started process (PID=1179) to work on /opt/airflow/dags/instacart_etl.py
[2024-11-26T18:31:59.438+0000] {processor.py:914} INFO - Processing file /opt/airflow/dags/instacart_etl.py for tasks to queue
[2024-11-26T18:31:59.440+0000] {logging_mixin.py:190} INFO - [2024-11-26T18:31:59.440+0000] {dagbag.py:588} INFO - Filling up the DagBag from /opt/airflow/dags/instacart_etl.py
[2024-11-26T18:31:59.933+0000] {processor.py:927} WARNING - No viable dags retrieved from /opt/airflow/dags/instacart_etl.py
[2024-11-26T18:31:59.946+0000] {processor.py:208} INFO - Processing /opt/airflow/dags/instacart_etl.py took 0.516 seconds
[2024-11-26T18:32:30.795+0000] {processor.py:186} INFO - Started process (PID=1196) to work on /opt/airflow/dags/instacart_etl.py
[2024-11-26T18:32:30.796+0000] {processor.py:914} INFO - Processing file /opt/airflow/dags/instacart_etl.py for tasks to queue
[2024-11-26T18:32:30.799+0000] {logging_mixin.py:190} INFO - [2024-11-26T18:32:30.798+0000] {dagbag.py:588} INFO - Filling up the DagBag from /opt/airflow/dags/instacart_etl.py
[2024-11-26T18:32:31.287+0000] {processor.py:927} WARNING - No viable dags retrieved from /opt/airflow/dags/instacart_etl.py
[2024-11-26T18:32:31.303+0000] {processor.py:208} INFO - Processing /opt/airflow/dags/instacart_etl.py took 0.518 seconds
[2024-11-26T18:33:02.140+0000] {processor.py:186} INFO - Started process (PID=1213) to work on /opt/airflow/dags/instacart_etl.py
[2024-11-26T18:33:02.141+0000] {processor.py:914} INFO - Processing file /opt/airflow/dags/instacart_etl.py for tasks to queue
[2024-11-26T18:33:02.144+0000] {logging_mixin.py:190} INFO - [2024-11-26T18:33:02.144+0000] {dagbag.py:588} INFO - Filling up the DagBag from /opt/airflow/dags/instacart_etl.py
[2024-11-26T18:33:02.589+0000] {processor.py:927} WARNING - No viable dags retrieved from /opt/airflow/dags/instacart_etl.py
[2024-11-26T18:33:02.601+0000] {processor.py:208} INFO - Processing /opt/airflow/dags/instacart_etl.py took 0.467 seconds
[2024-11-26T18:33:33.481+0000] {processor.py:186} INFO - Started process (PID=1230) to work on /opt/airflow/dags/instacart_etl.py
[2024-11-26T18:33:33.482+0000] {processor.py:914} INFO - Processing file /opt/airflow/dags/instacart_etl.py for tasks to queue
[2024-11-26T18:33:33.487+0000] {logging_mixin.py:190} INFO - [2024-11-26T18:33:33.486+0000] {dagbag.py:588} INFO - Filling up the DagBag from /opt/airflow/dags/instacart_etl.py
[2024-11-26T18:33:33.986+0000] {processor.py:927} WARNING - No viable dags retrieved from /opt/airflow/dags/instacart_etl.py
[2024-11-26T18:33:34.001+0000] {processor.py:208} INFO - Processing /opt/airflow/dags/instacart_etl.py took 0.529 seconds
[2024-11-26T18:34:04.810+0000] {processor.py:186} INFO - Started process (PID=1247) to work on /opt/airflow/dags/instacart_etl.py
[2024-11-26T18:34:04.812+0000] {processor.py:914} INFO - Processing file /opt/airflow/dags/instacart_etl.py for tasks to queue
[2024-11-26T18:34:04.816+0000] {logging_mixin.py:190} INFO - [2024-11-26T18:34:04.815+0000] {dagbag.py:588} INFO - Filling up the DagBag from /opt/airflow/dags/instacart_etl.py
[2024-11-26T18:34:05.270+0000] {processor.py:927} WARNING - No viable dags retrieved from /opt/airflow/dags/instacart_etl.py
[2024-11-26T18:34:05.282+0000] {processor.py:208} INFO - Processing /opt/airflow/dags/instacart_etl.py took 0.479 seconds
[2024-11-26T18:34:36.211+0000] {processor.py:186} INFO - Started process (PID=1264) to work on /opt/airflow/dags/instacart_etl.py
[2024-11-26T18:34:36.212+0000] {processor.py:914} INFO - Processing file /opt/airflow/dags/instacart_etl.py for tasks to queue
[2024-11-26T18:34:36.215+0000] {logging_mixin.py:190} INFO - [2024-11-26T18:34:36.214+0000] {dagbag.py:588} INFO - Filling up the DagBag from /opt/airflow/dags/instacart_etl.py
[2024-11-26T18:34:36.760+0000] {processor.py:927} WARNING - No viable dags retrieved from /opt/airflow/dags/instacart_etl.py
[2024-11-26T18:34:36.774+0000] {processor.py:208} INFO - Processing /opt/airflow/dags/instacart_etl.py took 0.571 seconds
[2024-11-26T18:35:07.486+0000] {processor.py:186} INFO - Started process (PID=1281) to work on /opt/airflow/dags/instacart_etl.py
[2024-11-26T18:35:07.487+0000] {processor.py:914} INFO - Processing file /opt/airflow/dags/instacart_etl.py for tasks to queue
[2024-11-26T18:35:07.489+0000] {logging_mixin.py:190} INFO - [2024-11-26T18:35:07.488+0000] {dagbag.py:588} INFO - Filling up the DagBag from /opt/airflow/dags/instacart_etl.py
[2024-11-26T18:35:07.942+0000] {processor.py:927} WARNING - No viable dags retrieved from /opt/airflow/dags/instacart_etl.py
[2024-11-26T18:35:07.954+0000] {processor.py:208} INFO - Processing /opt/airflow/dags/instacart_etl.py took 0.475 seconds
[2024-11-26T18:35:38.811+0000] {processor.py:186} INFO - Started process (PID=1298) to work on /opt/airflow/dags/instacart_etl.py
[2024-11-26T18:35:38.813+0000] {processor.py:914} INFO - Processing file /opt/airflow/dags/instacart_etl.py for tasks to queue
[2024-11-26T18:35:38.816+0000] {logging_mixin.py:190} INFO - [2024-11-26T18:35:38.815+0000] {dagbag.py:588} INFO - Filling up the DagBag from /opt/airflow/dags/instacart_etl.py
[2024-11-26T18:35:39.278+0000] {processor.py:927} WARNING - No viable dags retrieved from /opt/airflow/dags/instacart_etl.py
[2024-11-26T18:35:39.289+0000] {processor.py:208} INFO - Processing /opt/airflow/dags/instacart_etl.py took 0.484 seconds
[2024-11-26T18:36:10.141+0000] {processor.py:186} INFO - Started process (PID=1315) to work on /opt/airflow/dags/instacart_etl.py
[2024-11-26T18:36:10.142+0000] {processor.py:914} INFO - Processing file /opt/airflow/dags/instacart_etl.py for tasks to queue
[2024-11-26T18:36:10.145+0000] {logging_mixin.py:190} INFO - [2024-11-26T18:36:10.145+0000] {dagbag.py:588} INFO - Filling up the DagBag from /opt/airflow/dags/instacart_etl.py
[2024-11-26T18:36:10.581+0000] {processor.py:927} WARNING - No viable dags retrieved from /opt/airflow/dags/instacart_etl.py
[2024-11-26T18:36:10.592+0000] {processor.py:208} INFO - Processing /opt/airflow/dags/instacart_etl.py took 0.460 seconds
[2024-11-26T18:36:41.454+0000] {processor.py:186} INFO - Started process (PID=1332) to work on /opt/airflow/dags/instacart_etl.py
[2024-11-26T18:36:41.455+0000] {processor.py:914} INFO - Processing file /opt/airflow/dags/instacart_etl.py for tasks to queue
[2024-11-26T18:36:41.458+0000] {logging_mixin.py:190} INFO - [2024-11-26T18:36:41.458+0000] {dagbag.py:588} INFO - Filling up the DagBag from /opt/airflow/dags/instacart_etl.py
[2024-11-26T18:36:41.969+0000] {processor.py:927} WARNING - No viable dags retrieved from /opt/airflow/dags/instacart_etl.py
[2024-11-26T18:36:41.978+0000] {processor.py:208} INFO - Processing /opt/airflow/dags/instacart_etl.py took 0.533 seconds
[2024-11-26T18:37:12.783+0000] {processor.py:186} INFO - Started process (PID=1349) to work on /opt/airflow/dags/instacart_etl.py
[2024-11-26T18:37:12.784+0000] {processor.py:914} INFO - Processing file /opt/airflow/dags/instacart_etl.py for tasks to queue
[2024-11-26T18:37:12.786+0000] {logging_mixin.py:190} INFO - [2024-11-26T18:37:12.786+0000] {dagbag.py:588} INFO - Filling up the DagBag from /opt/airflow/dags/instacart_etl.py
[2024-11-26T18:37:13.165+0000] {processor.py:927} WARNING - No viable dags retrieved from /opt/airflow/dags/instacart_etl.py
[2024-11-26T18:37:13.176+0000] {processor.py:208} INFO - Processing /opt/airflow/dags/instacart_etl.py took 0.398 seconds
[2024-11-26T18:37:44.087+0000] {processor.py:186} INFO - Started process (PID=1366) to work on /opt/airflow/dags/instacart_etl.py
[2024-11-26T18:37:44.088+0000] {processor.py:914} INFO - Processing file /opt/airflow/dags/instacart_etl.py for tasks to queue
[2024-11-26T18:37:44.091+0000] {logging_mixin.py:190} INFO - [2024-11-26T18:37:44.090+0000] {dagbag.py:588} INFO - Filling up the DagBag from /opt/airflow/dags/instacart_etl.py
[2024-11-26T18:37:44.547+0000] {processor.py:927} WARNING - No viable dags retrieved from /opt/airflow/dags/instacart_etl.py
[2024-11-26T18:37:44.559+0000] {processor.py:208} INFO - Processing /opt/airflow/dags/instacart_etl.py took 0.478 seconds
[2024-11-26T18:38:15.419+0000] {processor.py:186} INFO - Started process (PID=1389) to work on /opt/airflow/dags/instacart_etl.py
[2024-11-26T18:38:15.420+0000] {processor.py:914} INFO - Processing file /opt/airflow/dags/instacart_etl.py for tasks to queue
[2024-11-26T18:38:15.423+0000] {logging_mixin.py:190} INFO - [2024-11-26T18:38:15.422+0000] {dagbag.py:588} INFO - Filling up the DagBag from /opt/airflow/dags/instacart_etl.py
[2024-11-26T18:38:15.845+0000] {processor.py:927} WARNING - No viable dags retrieved from /opt/airflow/dags/instacart_etl.py
[2024-11-26T18:38:15.854+0000] {processor.py:208} INFO - Processing /opt/airflow/dags/instacart_etl.py took 0.443 seconds
[2024-11-26T18:38:46.749+0000] {processor.py:186} INFO - Started process (PID=1406) to work on /opt/airflow/dags/instacart_etl.py
[2024-11-26T18:38:46.750+0000] {processor.py:914} INFO - Processing file /opt/airflow/dags/instacart_etl.py for tasks to queue
[2024-11-26T18:38:46.753+0000] {logging_mixin.py:190} INFO - [2024-11-26T18:38:46.753+0000] {dagbag.py:588} INFO - Filling up the DagBag from /opt/airflow/dags/instacart_etl.py
[2024-11-26T18:38:47.158+0000] {processor.py:927} WARNING - No viable dags retrieved from /opt/airflow/dags/instacart_etl.py
[2024-11-26T18:38:47.169+0000] {processor.py:208} INFO - Processing /opt/airflow/dags/instacart_etl.py took 0.425 seconds
[2024-11-26T18:39:18.133+0000] {processor.py:186} INFO - Started process (PID=1423) to work on /opt/airflow/dags/instacart_etl.py
[2024-11-26T18:39:18.134+0000] {processor.py:914} INFO - Processing file /opt/airflow/dags/instacart_etl.py for tasks to queue
[2024-11-26T18:39:18.137+0000] {logging_mixin.py:190} INFO - [2024-11-26T18:39:18.136+0000] {dagbag.py:588} INFO - Filling up the DagBag from /opt/airflow/dags/instacart_etl.py
[2024-11-26T18:39:18.540+0000] {processor.py:927} WARNING - No viable dags retrieved from /opt/airflow/dags/instacart_etl.py
[2024-11-26T18:39:18.550+0000] {processor.py:208} INFO - Processing /opt/airflow/dags/instacart_etl.py took 0.422 seconds
[2024-11-26T18:39:49.494+0000] {processor.py:186} INFO - Started process (PID=1440) to work on /opt/airflow/dags/instacart_etl.py
[2024-11-26T18:39:49.496+0000] {processor.py:914} INFO - Processing file /opt/airflow/dags/instacart_etl.py for tasks to queue
[2024-11-26T18:39:49.498+0000] {logging_mixin.py:190} INFO - [2024-11-26T18:39:49.497+0000] {dagbag.py:588} INFO - Filling up the DagBag from /opt/airflow/dags/instacart_etl.py
[2024-11-26T18:39:49.956+0000] {processor.py:927} WARNING - No viable dags retrieved from /opt/airflow/dags/instacart_etl.py
[2024-11-26T18:39:49.968+0000] {processor.py:208} INFO - Processing /opt/airflow/dags/instacart_etl.py took 0.479 seconds
[2024-11-26T18:40:20.801+0000] {processor.py:186} INFO - Started process (PID=1457) to work on /opt/airflow/dags/instacart_etl.py
[2024-11-26T18:40:20.802+0000] {processor.py:914} INFO - Processing file /opt/airflow/dags/instacart_etl.py for tasks to queue
[2024-11-26T18:40:20.804+0000] {logging_mixin.py:190} INFO - [2024-11-26T18:40:20.804+0000] {dagbag.py:588} INFO - Filling up the DagBag from /opt/airflow/dags/instacart_etl.py
[2024-11-26T18:40:21.269+0000] {processor.py:927} WARNING - No viable dags retrieved from /opt/airflow/dags/instacart_etl.py
[2024-11-26T18:40:21.280+0000] {processor.py:208} INFO - Processing /opt/airflow/dags/instacart_etl.py took 0.486 seconds
[2024-11-26T18:40:33.193+0000] {processor.py:186} INFO - Started process (PID=1468) to work on /opt/airflow/dags/instacart_etl.py
[2024-11-26T18:40:33.194+0000] {processor.py:914} INFO - Processing file /opt/airflow/dags/instacart_etl.py for tasks to queue
[2024-11-26T18:40:33.196+0000] {logging_mixin.py:190} INFO - [2024-11-26T18:40:33.196+0000] {dagbag.py:588} INFO - Filling up the DagBag from /opt/airflow/dags/instacart_etl.py
[2024-11-26T18:40:33.724+0000] {processor.py:925} INFO - DAG(s) 'etl_department' retrieved from /opt/airflow/dags/instacart_etl.py
[2024-11-26T18:40:33.957+0000] {logging_mixin.py:190} INFO - [2024-11-26T18:40:33.956+0000] {override.py:1911} INFO - Created Permission View: can edit on DAG:etl_department
[2024-11-26T18:40:33.972+0000] {logging_mixin.py:190} INFO - [2024-11-26T18:40:33.972+0000] {override.py:1911} INFO - Created Permission View: can read on DAG:etl_department
[2024-11-26T18:40:33.985+0000] {logging_mixin.py:190} INFO - [2024-11-26T18:40:33.984+0000] {override.py:1911} INFO - Created Permission View: can delete on DAG:etl_department
[2024-11-26T18:40:34.001+0000] {logging_mixin.py:190} INFO - [2024-11-26T18:40:34.001+0000] {override.py:1911} INFO - Created Permission View: can create on DAG Run:etl_department
[2024-11-26T18:40:34.012+0000] {logging_mixin.py:190} INFO - [2024-11-26T18:40:34.012+0000] {override.py:1911} INFO - Created Permission View: can read on DAG Run:etl_department
[2024-11-26T18:40:34.025+0000] {logging_mixin.py:190} INFO - [2024-11-26T18:40:34.024+0000] {override.py:1911} INFO - Created Permission View: can delete on DAG Run:etl_department
[2024-11-26T18:40:34.038+0000] {logging_mixin.py:190} INFO - [2024-11-26T18:40:34.037+0000] {override.py:1911} INFO - Created Permission View: menu access on DAG Run:etl_department
[2024-11-26T18:40:34.039+0000] {logging_mixin.py:190} INFO - [2024-11-26T18:40:34.038+0000] {dag.py:3239} INFO - Sync 1 DAGs
[2024-11-26T18:40:34.053+0000] {logging_mixin.py:190} INFO - [2024-11-26T18:40:34.053+0000] {dag.py:3262} INFO - Creating ORM DAG for etl_department
[2024-11-26T18:40:34.055+0000] {logging_mixin.py:190} INFO - [2024-11-26T18:40:34.054+0000] {dag.py:4180} INFO - Setting next_dagrun for etl_department to None, run_after=None
[2024-11-26T18:40:34.082+0000] {processor.py:208} INFO - Processing /opt/airflow/dags/instacart_etl.py took 0.896 seconds
[2024-11-26T18:41:04.386+0000] {processor.py:186} INFO - Started process (PID=1485) to work on /opt/airflow/dags/instacart_etl.py
[2024-11-26T18:41:04.387+0000] {processor.py:914} INFO - Processing file /opt/airflow/dags/instacart_etl.py for tasks to queue
[2024-11-26T18:41:04.390+0000] {logging_mixin.py:190} INFO - [2024-11-26T18:41:04.390+0000] {dagbag.py:588} INFO - Filling up the DagBag from /opt/airflow/dags/instacart_etl.py
[2024-11-26T18:41:05.017+0000] {processor.py:925} INFO - DAG(s) 'etl_department' retrieved from /opt/airflow/dags/instacart_etl.py
[2024-11-26T18:41:05.047+0000] {logging_mixin.py:190} INFO - [2024-11-26T18:41:05.046+0000] {dag.py:3239} INFO - Sync 1 DAGs
[2024-11-26T18:41:05.066+0000] {logging_mixin.py:190} INFO - [2024-11-26T18:41:05.066+0000] {dag.py:4180} INFO - Setting next_dagrun for etl_department to None, run_after=None
[2024-11-26T18:41:05.093+0000] {processor.py:208} INFO - Processing /opt/airflow/dags/instacart_etl.py took 0.718 seconds
[2024-11-26T18:41:35.732+0000] {processor.py:186} INFO - Started process (PID=1502) to work on /opt/airflow/dags/instacart_etl.py
[2024-11-26T18:41:35.733+0000] {processor.py:914} INFO - Processing file /opt/airflow/dags/instacart_etl.py for tasks to queue
[2024-11-26T18:41:35.737+0000] {logging_mixin.py:190} INFO - [2024-11-26T18:41:35.736+0000] {dagbag.py:588} INFO - Filling up the DagBag from /opt/airflow/dags/instacart_etl.py
[2024-11-26T18:41:36.224+0000] {processor.py:925} INFO - DAG(s) 'etl_department' retrieved from /opt/airflow/dags/instacart_etl.py
[2024-11-26T18:41:36.247+0000] {logging_mixin.py:190} INFO - [2024-11-26T18:41:36.246+0000] {dag.py:3239} INFO - Sync 1 DAGs
[2024-11-26T18:41:36.259+0000] {logging_mixin.py:190} INFO - [2024-11-26T18:41:36.259+0000] {dag.py:4180} INFO - Setting next_dagrun for etl_department to None, run_after=None
[2024-11-26T18:41:36.281+0000] {processor.py:208} INFO - Processing /opt/airflow/dags/instacart_etl.py took 0.557 seconds
[2024-11-26T18:42:07.123+0000] {processor.py:186} INFO - Started process (PID=1520) to work on /opt/airflow/dags/instacart_etl.py
[2024-11-26T18:42:07.124+0000] {processor.py:914} INFO - Processing file /opt/airflow/dags/instacart_etl.py for tasks to queue
[2024-11-26T18:42:07.126+0000] {logging_mixin.py:190} INFO - [2024-11-26T18:42:07.126+0000] {dagbag.py:588} INFO - Filling up the DagBag from /opt/airflow/dags/instacart_etl.py
[2024-11-26T18:42:07.631+0000] {processor.py:925} INFO - DAG(s) 'etl_department' retrieved from /opt/airflow/dags/instacart_etl.py
[2024-11-26T18:42:07.655+0000] {logging_mixin.py:190} INFO - [2024-11-26T18:42:07.654+0000] {dag.py:3239} INFO - Sync 1 DAGs
[2024-11-26T18:42:07.670+0000] {logging_mixin.py:190} INFO - [2024-11-26T18:42:07.670+0000] {dag.py:4180} INFO - Setting next_dagrun for etl_department to None, run_after=None
[2024-11-26T18:42:07.698+0000] {processor.py:208} INFO - Processing /opt/airflow/dags/instacart_etl.py took 0.583 seconds
[2024-11-26T18:42:38.540+0000] {processor.py:186} INFO - Started process (PID=1537) to work on /opt/airflow/dags/instacart_etl.py
[2024-11-26T18:42:38.541+0000] {processor.py:914} INFO - Processing file /opt/airflow/dags/instacart_etl.py for tasks to queue
[2024-11-26T18:42:38.544+0000] {logging_mixin.py:190} INFO - [2024-11-26T18:42:38.544+0000] {dagbag.py:588} INFO - Filling up the DagBag from /opt/airflow/dags/instacart_etl.py
[2024-11-26T18:42:39.074+0000] {processor.py:925} INFO - DAG(s) 'etl_department' retrieved from /opt/airflow/dags/instacart_etl.py
[2024-11-26T18:42:39.107+0000] {logging_mixin.py:190} INFO - [2024-11-26T18:42:39.106+0000] {dag.py:3239} INFO - Sync 1 DAGs
[2024-11-26T18:42:39.131+0000] {logging_mixin.py:190} INFO - [2024-11-26T18:42:39.130+0000] {dag.py:4180} INFO - Setting next_dagrun for etl_department to None, run_after=None
[2024-11-26T18:42:39.161+0000] {processor.py:208} INFO - Processing /opt/airflow/dags/instacart_etl.py took 0.628 seconds
[2024-11-26T18:43:09.957+0000] {processor.py:186} INFO - Started process (PID=1554) to work on /opt/airflow/dags/instacart_etl.py
[2024-11-26T18:43:09.959+0000] {processor.py:914} INFO - Processing file /opt/airflow/dags/instacart_etl.py for tasks to queue
[2024-11-26T18:43:09.962+0000] {logging_mixin.py:190} INFO - [2024-11-26T18:43:09.961+0000] {dagbag.py:588} INFO - Filling up the DagBag from /opt/airflow/dags/instacart_etl.py
[2024-11-26T18:43:10.963+0000] {processor.py:925} INFO - DAG(s) 'etl_department' retrieved from /opt/airflow/dags/instacart_etl.py
[2024-11-26T18:43:10.986+0000] {logging_mixin.py:190} INFO - [2024-11-26T18:43:10.986+0000] {dag.py:3239} INFO - Sync 1 DAGs
[2024-11-26T18:43:11.003+0000] {logging_mixin.py:190} INFO - [2024-11-26T18:43:11.003+0000] {dag.py:4180} INFO - Setting next_dagrun for etl_department to None, run_after=None
[2024-11-26T18:43:11.028+0000] {processor.py:208} INFO - Processing /opt/airflow/dags/instacart_etl.py took 1.078 seconds
[2024-11-26T18:43:41.336+0000] {processor.py:186} INFO - Started process (PID=1571) to work on /opt/airflow/dags/instacart_etl.py
[2024-11-26T18:43:41.337+0000] {processor.py:914} INFO - Processing file /opt/airflow/dags/instacart_etl.py for tasks to queue
[2024-11-26T18:43:41.340+0000] {logging_mixin.py:190} INFO - [2024-11-26T18:43:41.340+0000] {dagbag.py:588} INFO - Filling up the DagBag from /opt/airflow/dags/instacart_etl.py
[2024-11-26T18:43:42.156+0000] {processor.py:925} INFO - DAG(s) 'etl_department' retrieved from /opt/airflow/dags/instacart_etl.py
[2024-11-26T18:43:42.180+0000] {logging_mixin.py:190} INFO - [2024-11-26T18:43:42.180+0000] {dag.py:3239} INFO - Sync 1 DAGs
[2024-11-26T18:43:42.199+0000] {logging_mixin.py:190} INFO - [2024-11-26T18:43:42.199+0000] {dag.py:4180} INFO - Setting next_dagrun for etl_department to None, run_after=None
[2024-11-26T18:43:42.233+0000] {processor.py:208} INFO - Processing /opt/airflow/dags/instacart_etl.py took 0.904 seconds
[2024-11-26T18:44:00.530+0000] {processor.py:186} INFO - Started process (PID=1588) to work on /opt/airflow/dags/instacart_etl.py
[2024-11-26T18:44:00.532+0000] {processor.py:914} INFO - Processing file /opt/airflow/dags/instacart_etl.py for tasks to queue
[2024-11-26T18:44:00.539+0000] {logging_mixin.py:190} INFO - [2024-11-26T18:44:00.538+0000] {dagbag.py:588} INFO - Filling up the DagBag from /opt/airflow/dags/instacart_etl.py
[2024-11-26T18:44:01.225+0000] {processor.py:925} INFO - DAG(s) 'etl_department' retrieved from /opt/airflow/dags/instacart_etl.py
[2024-11-26T18:44:01.254+0000] {logging_mixin.py:190} INFO - [2024-11-26T18:44:01.253+0000] {dag.py:3239} INFO - Sync 1 DAGs
[2024-11-26T18:44:01.268+0000] {logging_mixin.py:190} INFO - [2024-11-26T18:44:01.268+0000] {dag.py:4180} INFO - Setting next_dagrun for etl_department to None, run_after=None
[2024-11-26T18:44:01.297+0000] {processor.py:208} INFO - Processing /opt/airflow/dags/instacart_etl.py took 0.775 seconds
[2024-11-26T18:46:27.993+0000] {processor.py:186} INFO - Started process (PID=205) to work on /opt/airflow/dags/instacart_etl.py
[2024-11-26T18:46:28.008+0000] {processor.py:914} INFO - Processing file /opt/airflow/dags/instacart_etl.py for tasks to queue
[2024-11-26T18:46:28.043+0000] {logging_mixin.py:190} INFO - [2024-11-26T18:46:28.037+0000] {dagbag.py:588} INFO - Filling up the DagBag from /opt/airflow/dags/instacart_etl.py
[2024-11-26T18:46:33.115+0000] {processor.py:925} INFO - DAG(s) 'etl_department' retrieved from /opt/airflow/dags/instacart_etl.py
[2024-11-26T18:46:33.239+0000] {logging_mixin.py:190} INFO - [2024-11-26T18:46:33.238+0000] {dag.py:3239} INFO - Sync 1 DAGs
[2024-11-26T18:46:33.281+0000] {logging_mixin.py:190} INFO - [2024-11-26T18:46:33.280+0000] {dag.py:4180} INFO - Setting next_dagrun for etl_department to None, run_after=None
[2024-11-26T18:46:33.328+0000] {processor.py:208} INFO - Processing /opt/airflow/dags/instacart_etl.py took 5.424 seconds
[2024-11-26T18:47:03.939+0000] {processor.py:186} INFO - Started process (PID=227) to work on /opt/airflow/dags/instacart_etl.py
[2024-11-26T18:47:03.941+0000] {processor.py:914} INFO - Processing file /opt/airflow/dags/instacart_etl.py for tasks to queue
[2024-11-26T18:47:03.947+0000] {logging_mixin.py:190} INFO - [2024-11-26T18:47:03.946+0000] {dagbag.py:588} INFO - Filling up the DagBag from /opt/airflow/dags/instacart_etl.py
[2024-11-26T18:47:07.504+0000] {processor.py:925} INFO - DAG(s) 'etl_department' retrieved from /opt/airflow/dags/instacart_etl.py
[2024-11-26T18:47:07.541+0000] {logging_mixin.py:190} INFO - [2024-11-26T18:47:07.541+0000] {dag.py:3239} INFO - Sync 1 DAGs
[2024-11-26T18:47:07.562+0000] {logging_mixin.py:190} INFO - [2024-11-26T18:47:07.562+0000] {dag.py:4180} INFO - Setting next_dagrun for etl_department to None, run_after=None
[2024-11-26T18:47:07.591+0000] {processor.py:208} INFO - Processing /opt/airflow/dags/instacart_etl.py took 3.663 seconds
[2024-11-26T18:47:38.361+0000] {processor.py:186} INFO - Started process (PID=244) to work on /opt/airflow/dags/instacart_etl.py
[2024-11-26T18:47:38.363+0000] {processor.py:914} INFO - Processing file /opt/airflow/dags/instacart_etl.py for tasks to queue
[2024-11-26T18:47:38.366+0000] {logging_mixin.py:190} INFO - [2024-11-26T18:47:38.366+0000] {dagbag.py:588} INFO - Filling up the DagBag from /opt/airflow/dags/instacart_etl.py
[2024-11-26T18:47:39.291+0000] {processor.py:925} INFO - DAG(s) 'etl_department' retrieved from /opt/airflow/dags/instacart_etl.py
[2024-11-26T18:47:39.348+0000] {logging_mixin.py:190} INFO - [2024-11-26T18:47:39.348+0000] {dag.py:3239} INFO - Sync 1 DAGs
[2024-11-26T18:47:39.391+0000] {logging_mixin.py:190} INFO - [2024-11-26T18:47:39.391+0000] {dag.py:4180} INFO - Setting next_dagrun for etl_department to None, run_after=None
[2024-11-26T18:47:39.453+0000] {processor.py:208} INFO - Processing /opt/airflow/dags/instacart_etl.py took 1.101 seconds
[2024-11-26T18:48:09.821+0000] {processor.py:186} INFO - Started process (PID=265) to work on /opt/airflow/dags/instacart_etl.py
[2024-11-26T18:48:09.822+0000] {processor.py:914} INFO - Processing file /opt/airflow/dags/instacart_etl.py for tasks to queue
[2024-11-26T18:48:09.825+0000] {logging_mixin.py:190} INFO - [2024-11-26T18:48:09.825+0000] {dagbag.py:588} INFO - Filling up the DagBag from /opt/airflow/dags/instacart_etl.py
[2024-11-26T18:48:10.542+0000] {processor.py:925} INFO - DAG(s) 'etl_department' retrieved from /opt/airflow/dags/instacart_etl.py
[2024-11-26T18:48:10.568+0000] {logging_mixin.py:190} INFO - [2024-11-26T18:48:10.567+0000] {dag.py:3239} INFO - Sync 1 DAGs
[2024-11-26T18:48:10.586+0000] {logging_mixin.py:190} INFO - [2024-11-26T18:48:10.585+0000] {dag.py:4180} INFO - Setting next_dagrun for etl_department to None, run_after=None
[2024-11-26T18:48:10.611+0000] {processor.py:208} INFO - Processing /opt/airflow/dags/instacart_etl.py took 0.798 seconds
[2024-11-26T18:48:40.796+0000] {processor.py:186} INFO - Started process (PID=282) to work on /opt/airflow/dags/instacart_etl.py
[2024-11-26T18:48:40.798+0000] {processor.py:914} INFO - Processing file /opt/airflow/dags/instacart_etl.py for tasks to queue
[2024-11-26T18:48:40.801+0000] {logging_mixin.py:190} INFO - [2024-11-26T18:48:40.801+0000] {dagbag.py:588} INFO - Filling up the DagBag from /opt/airflow/dags/instacart_etl.py
[2024-11-26T18:48:41.463+0000] {processor.py:925} INFO - DAG(s) 'etl_department' retrieved from /opt/airflow/dags/instacart_etl.py
[2024-11-26T18:48:41.492+0000] {logging_mixin.py:190} INFO - [2024-11-26T18:48:41.491+0000] {dag.py:3239} INFO - Sync 1 DAGs
[2024-11-26T18:48:41.507+0000] {logging_mixin.py:190} INFO - [2024-11-26T18:48:41.507+0000] {dag.py:4180} INFO - Setting next_dagrun for etl_department to None, run_after=None
[2024-11-26T18:48:41.532+0000] {processor.py:208} INFO - Processing /opt/airflow/dags/instacart_etl.py took 0.743 seconds
[2024-11-26T18:49:11.867+0000] {processor.py:186} INFO - Started process (PID=299) to work on /opt/airflow/dags/instacart_etl.py
[2024-11-26T18:49:11.869+0000] {processor.py:914} INFO - Processing file /opt/airflow/dags/instacart_etl.py for tasks to queue
[2024-11-26T18:49:11.873+0000] {logging_mixin.py:190} INFO - [2024-11-26T18:49:11.873+0000] {dagbag.py:588} INFO - Filling up the DagBag from /opt/airflow/dags/instacart_etl.py
[2024-11-26T18:49:12.966+0000] {processor.py:925} INFO - DAG(s) 'etl_department' retrieved from /opt/airflow/dags/instacart_etl.py
[2024-11-26T18:49:13.025+0000] {logging_mixin.py:190} INFO - [2024-11-26T18:49:13.024+0000] {dag.py:3239} INFO - Sync 1 DAGs
[2024-11-26T18:49:13.049+0000] {logging_mixin.py:190} INFO - [2024-11-26T18:49:13.048+0000] {dag.py:4180} INFO - Setting next_dagrun for etl_department to None, run_after=None
[2024-11-26T18:49:13.296+0000] {processor.py:208} INFO - Processing /opt/airflow/dags/instacart_etl.py took 1.439 seconds
[2024-11-26T18:49:43.436+0000] {processor.py:186} INFO - Started process (PID=317) to work on /opt/airflow/dags/instacart_etl.py
[2024-11-26T18:49:43.437+0000] {processor.py:914} INFO - Processing file /opt/airflow/dags/instacart_etl.py for tasks to queue
[2024-11-26T18:49:43.440+0000] {logging_mixin.py:190} INFO - [2024-11-26T18:49:43.440+0000] {dagbag.py:588} INFO - Filling up the DagBag from /opt/airflow/dags/instacart_etl.py
[2024-11-26T18:49:44.032+0000] {processor.py:925} INFO - DAG(s) 'etl_department' retrieved from /opt/airflow/dags/instacart_etl.py
[2024-11-26T18:49:44.064+0000] {logging_mixin.py:190} INFO - [2024-11-26T18:49:44.064+0000] {dag.py:3239} INFO - Sync 1 DAGs
[2024-11-26T18:49:44.080+0000] {logging_mixin.py:190} INFO - [2024-11-26T18:49:44.080+0000] {dag.py:4180} INFO - Setting next_dagrun for etl_department to None, run_after=None
[2024-11-26T18:49:44.105+0000] {processor.py:208} INFO - Processing /opt/airflow/dags/instacart_etl.py took 0.677 seconds
[2024-11-26T18:50:14.681+0000] {processor.py:186} INFO - Started process (PID=335) to work on /opt/airflow/dags/instacart_etl.py
[2024-11-26T18:50:14.682+0000] {processor.py:914} INFO - Processing file /opt/airflow/dags/instacart_etl.py for tasks to queue
[2024-11-26T18:50:14.686+0000] {logging_mixin.py:190} INFO - [2024-11-26T18:50:14.685+0000] {dagbag.py:588} INFO - Filling up the DagBag from /opt/airflow/dags/instacart_etl.py
[2024-11-26T18:50:15.361+0000] {processor.py:925} INFO - DAG(s) 'etl_department' retrieved from /opt/airflow/dags/instacart_etl.py
[2024-11-26T18:50:15.390+0000] {logging_mixin.py:190} INFO - [2024-11-26T18:50:15.389+0000] {dag.py:3239} INFO - Sync 1 DAGs
[2024-11-26T18:50:15.407+0000] {logging_mixin.py:190} INFO - [2024-11-26T18:50:15.407+0000] {dag.py:4180} INFO - Setting next_dagrun for etl_department to None, run_after=None
[2024-11-26T18:50:15.432+0000] {processor.py:208} INFO - Processing /opt/airflow/dags/instacart_etl.py took 0.759 seconds
[2024-11-26T18:50:46.147+0000] {processor.py:186} INFO - Started process (PID=352) to work on /opt/airflow/dags/instacart_etl.py
[2024-11-26T18:50:46.151+0000] {processor.py:914} INFO - Processing file /opt/airflow/dags/instacart_etl.py for tasks to queue
[2024-11-26T18:50:46.158+0000] {logging_mixin.py:190} INFO - [2024-11-26T18:50:46.157+0000] {dagbag.py:588} INFO - Filling up the DagBag from /opt/airflow/dags/instacart_etl.py
[2024-11-26T18:50:47.636+0000] {processor.py:925} INFO - DAG(s) 'etl_department' retrieved from /opt/airflow/dags/instacart_etl.py
[2024-11-26T18:50:47.772+0000] {logging_mixin.py:190} INFO - [2024-11-26T18:50:47.771+0000] {dag.py:3239} INFO - Sync 1 DAGs
[2024-11-26T18:50:47.918+0000] {logging_mixin.py:190} INFO - [2024-11-26T18:50:47.918+0000] {dag.py:4180} INFO - Setting next_dagrun for etl_department to None, run_after=None
[2024-11-26T18:50:48.082+0000] {processor.py:208} INFO - Processing /opt/airflow/dags/instacart_etl.py took 1.954 seconds
[2024-11-26T18:51:18.534+0000] {processor.py:186} INFO - Started process (PID=375) to work on /opt/airflow/dags/instacart_etl.py
[2024-11-26T18:51:18.536+0000] {processor.py:914} INFO - Processing file /opt/airflow/dags/instacart_etl.py for tasks to queue
[2024-11-26T18:51:18.539+0000] {logging_mixin.py:190} INFO - [2024-11-26T18:51:18.538+0000] {dagbag.py:588} INFO - Filling up the DagBag from /opt/airflow/dags/instacart_etl.py
[2024-11-26T18:51:19.166+0000] {processor.py:925} INFO - DAG(s) 'etl_department' retrieved from /opt/airflow/dags/instacart_etl.py
[2024-11-26T18:51:19.196+0000] {logging_mixin.py:190} INFO - [2024-11-26T18:51:19.195+0000] {dag.py:3239} INFO - Sync 1 DAGs
[2024-11-26T18:51:19.214+0000] {logging_mixin.py:190} INFO - [2024-11-26T18:51:19.214+0000] {dag.py:4180} INFO - Setting next_dagrun for etl_department to None, run_after=None
[2024-11-26T18:51:19.241+0000] {processor.py:208} INFO - Processing /opt/airflow/dags/instacart_etl.py took 0.713 seconds
[2024-11-26T18:57:00.061+0000] {processor.py:186} INFO - Started process (PID=208) to work on /opt/airflow/dags/instacart_etl.py
[2024-11-26T18:57:00.071+0000] {processor.py:914} INFO - Processing file /opt/airflow/dags/instacart_etl.py for tasks to queue
[2024-11-26T18:57:00.102+0000] {logging_mixin.py:190} INFO - [2024-11-26T18:57:00.100+0000] {dagbag.py:588} INFO - Filling up the DagBag from /opt/airflow/dags/instacart_etl.py
[2024-11-26T18:57:00.154+0000] {logging_mixin.py:190} INFO - [2024-11-26T18:57:00.137+0000] {dagbag.py:387} ERROR - Failed to import: /opt/airflow/dags/instacart_etl.py
Traceback (most recent call last):
  File "/home/airflow/.local/lib/python3.12/site-packages/airflow/models/dagbag.py", line 383, in parse
    loader.exec_module(new_module)
  File "<frozen importlib._bootstrap_external>", line 991, in exec_module
  File "<frozen importlib._bootstrap_external>", line 1129, in get_code
  File "<frozen importlib._bootstrap_external>", line 1059, in source_to_code
  File "<frozen importlib._bootstrap>", line 488, in _call_with_frames_removed
  File "/opt/airflow/dags/instacart_etl.py", line 9
    csv_path = "C:\Users\Sigma\OneDrive\Desktop\instacart-market-basket-analysis\departments.csv"
               ^^^^^^^^^^^^^^^^^^^^^^^^^^^^^^^^^^^^^^^^^^^^^^^^^^^^^^^^^^^^^^^^^^^^^^^^^^^^^^^^^^
SyntaxError: (unicode error) 'unicodeescape' codec can't decode bytes in position 2-3: truncated \UXXXXXXXX escape
[2024-11-26T18:57:00.157+0000] {processor.py:927} WARNING - No viable dags retrieved from /opt/airflow/dags/instacart_etl.py
[2024-11-26T18:57:00.281+0000] {processor.py:208} INFO - Processing /opt/airflow/dags/instacart_etl.py took 0.246 seconds
[2024-11-26T18:57:30.855+0000] {processor.py:186} INFO - Started process (PID=226) to work on /opt/airflow/dags/instacart_etl.py
[2024-11-26T18:57:30.857+0000] {processor.py:914} INFO - Processing file /opt/airflow/dags/instacart_etl.py for tasks to queue
[2024-11-26T18:57:30.861+0000] {logging_mixin.py:190} INFO - [2024-11-26T18:57:30.860+0000] {dagbag.py:588} INFO - Filling up the DagBag from /opt/airflow/dags/instacart_etl.py
[2024-11-26T18:57:30.895+0000] {logging_mixin.py:190} INFO - [2024-11-26T18:57:30.891+0000] {dagbag.py:387} ERROR - Failed to import: /opt/airflow/dags/instacart_etl.py
Traceback (most recent call last):
  File "/home/airflow/.local/lib/python3.12/site-packages/airflow/models/dagbag.py", line 383, in parse
    loader.exec_module(new_module)
  File "<frozen importlib._bootstrap_external>", line 991, in exec_module
  File "<frozen importlib._bootstrap_external>", line 1129, in get_code
  File "<frozen importlib._bootstrap_external>", line 1059, in source_to_code
  File "<frozen importlib._bootstrap>", line 488, in _call_with_frames_removed
  File "/opt/airflow/dags/instacart_etl.py", line 9
    csv_path = "C:\Users\Sigma\OneDrive\Desktop\instacart-market-basket-analysis\departments.csv"
               ^^^^^^^^^^^^^^^^^^^^^^^^^^^^^^^^^^^^^^^^^^^^^^^^^^^^^^^^^^^^^^^^^^^^^^^^^^^^^^^^^^
SyntaxError: (unicode error) 'unicodeescape' codec can't decode bytes in position 2-3: truncated \UXXXXXXXX escape
[2024-11-26T18:57:30.896+0000] {processor.py:927} WARNING - No viable dags retrieved from /opt/airflow/dags/instacart_etl.py
[2024-11-26T18:57:30.955+0000] {processor.py:208} INFO - Processing /opt/airflow/dags/instacart_etl.py took 0.106 seconds
[2024-11-26T18:58:01.330+0000] {processor.py:186} INFO - Started process (PID=242) to work on /opt/airflow/dags/instacart_etl.py
[2024-11-26T18:58:01.332+0000] {processor.py:914} INFO - Processing file /opt/airflow/dags/instacart_etl.py for tasks to queue
[2024-11-26T18:58:01.334+0000] {logging_mixin.py:190} INFO - [2024-11-26T18:58:01.333+0000] {dagbag.py:588} INFO - Filling up the DagBag from /opt/airflow/dags/instacart_etl.py
[2024-11-26T18:58:01.365+0000] {logging_mixin.py:190} INFO - [2024-11-26T18:58:01.362+0000] {dagbag.py:387} ERROR - Failed to import: /opt/airflow/dags/instacart_etl.py
Traceback (most recent call last):
  File "/home/airflow/.local/lib/python3.12/site-packages/airflow/models/dagbag.py", line 383, in parse
    loader.exec_module(new_module)
  File "<frozen importlib._bootstrap_external>", line 991, in exec_module
  File "<frozen importlib._bootstrap_external>", line 1129, in get_code
  File "<frozen importlib._bootstrap_external>", line 1059, in source_to_code
  File "<frozen importlib._bootstrap>", line 488, in _call_with_frames_removed
  File "/opt/airflow/dags/instacart_etl.py", line 9
    csv_path = "C:\Users\Sigma\OneDrive\Desktop\instacart-market-basket-analysis\departments.csv"
               ^^^^^^^^^^^^^^^^^^^^^^^^^^^^^^^^^^^^^^^^^^^^^^^^^^^^^^^^^^^^^^^^^^^^^^^^^^^^^^^^^^
SyntaxError: (unicode error) 'unicodeescape' codec can't decode bytes in position 2-3: truncated \UXXXXXXXX escape
[2024-11-26T18:58:01.366+0000] {processor.py:927} WARNING - No viable dags retrieved from /opt/airflow/dags/instacart_etl.py
[2024-11-26T18:58:01.401+0000] {processor.py:208} INFO - Processing /opt/airflow/dags/instacart_etl.py took 0.081 seconds
[2024-11-26T18:58:31.743+0000] {processor.py:186} INFO - Started process (PID=258) to work on /opt/airflow/dags/instacart_etl.py
[2024-11-26T18:58:31.747+0000] {processor.py:914} INFO - Processing file /opt/airflow/dags/instacart_etl.py for tasks to queue
[2024-11-26T18:58:31.751+0000] {logging_mixin.py:190} INFO - [2024-11-26T18:58:31.751+0000] {dagbag.py:588} INFO - Filling up the DagBag from /opt/airflow/dags/instacart_etl.py
[2024-11-26T18:58:31.785+0000] {logging_mixin.py:190} INFO - [2024-11-26T18:58:31.782+0000] {dagbag.py:387} ERROR - Failed to import: /opt/airflow/dags/instacart_etl.py
Traceback (most recent call last):
  File "/home/airflow/.local/lib/python3.12/site-packages/airflow/models/dagbag.py", line 383, in parse
    loader.exec_module(new_module)
  File "<frozen importlib._bootstrap_external>", line 991, in exec_module
  File "<frozen importlib._bootstrap_external>", line 1129, in get_code
  File "<frozen importlib._bootstrap_external>", line 1059, in source_to_code
  File "<frozen importlib._bootstrap>", line 488, in _call_with_frames_removed
  File "/opt/airflow/dags/instacart_etl.py", line 9
    csv_path = "C:\Users\Sigma\OneDrive\Desktop\instacart-market-basket-analysis\departments.csv"
               ^^^^^^^^^^^^^^^^^^^^^^^^^^^^^^^^^^^^^^^^^^^^^^^^^^^^^^^^^^^^^^^^^^^^^^^^^^^^^^^^^^
SyntaxError: (unicode error) 'unicodeescape' codec can't decode bytes in position 2-3: truncated \UXXXXXXXX escape
[2024-11-26T18:58:31.787+0000] {processor.py:927} WARNING - No viable dags retrieved from /opt/airflow/dags/instacart_etl.py
[2024-11-26T18:58:31.825+0000] {processor.py:208} INFO - Processing /opt/airflow/dags/instacart_etl.py took 0.093 seconds
[2024-11-26T18:58:48.134+0000] {processor.py:186} INFO - Started process (PID=268) to work on /opt/airflow/dags/instacart_etl.py
[2024-11-26T18:58:48.137+0000] {processor.py:914} INFO - Processing file /opt/airflow/dags/instacart_etl.py for tasks to queue
[2024-11-26T18:58:48.139+0000] {logging_mixin.py:190} INFO - [2024-11-26T18:58:48.139+0000] {dagbag.py:588} INFO - Filling up the DagBag from /opt/airflow/dags/instacart_etl.py
[2024-11-26T18:58:48.168+0000] {logging_mixin.py:190} INFO - [2024-11-26T18:58:48.166+0000] {dagbag.py:387} ERROR - Failed to import: /opt/airflow/dags/instacart_etl.py
Traceback (most recent call last):
  File "/home/airflow/.local/lib/python3.12/site-packages/airflow/models/dagbag.py", line 383, in parse
    loader.exec_module(new_module)
  File "<frozen importlib._bootstrap_external>", line 991, in exec_module
  File "<frozen importlib._bootstrap_external>", line 1129, in get_code
  File "<frozen importlib._bootstrap_external>", line 1059, in source_to_code
  File "<frozen importlib._bootstrap>", line 488, in _call_with_frames_removed
  File "/opt/airflow/dags/instacart_etl.py", line 9
    csv_path = "C:\Users\Sigma\OneDrive\Desktop\instacart-market-basket-analysis\departments.csv"
               ^^^^^^^^^^^^^^^^^^^^^^^^^^^^^^^^^^^^^^^^^^^^^^^^^^^^^^^^^^^^^^^^^^^^^^^^^^^^^^^^^^
SyntaxError: (unicode error) 'unicodeescape' codec can't decode bytes in position 2-3: truncated \UXXXXXXXX escape
[2024-11-26T18:58:48.170+0000] {processor.py:927} WARNING - No viable dags retrieved from /opt/airflow/dags/instacart_etl.py
[2024-11-26T18:58:48.215+0000] {processor.py:208} INFO - Processing /opt/airflow/dags/instacart_etl.py took 0.093 seconds
[2024-11-26T18:59:18.375+0000] {processor.py:186} INFO - Started process (PID=279) to work on /opt/airflow/dags/instacart_etl.py
[2024-11-26T18:59:18.377+0000] {processor.py:914} INFO - Processing file /opt/airflow/dags/instacart_etl.py for tasks to queue
[2024-11-26T18:59:18.379+0000] {logging_mixin.py:190} INFO - [2024-11-26T18:59:18.378+0000] {dagbag.py:588} INFO - Filling up the DagBag from /opt/airflow/dags/instacart_etl.py
[2024-11-26T18:59:18.400+0000] {logging_mixin.py:190} INFO - [2024-11-26T18:59:18.398+0000] {dagbag.py:387} ERROR - Failed to import: /opt/airflow/dags/instacart_etl.py
Traceback (most recent call last):
  File "/home/airflow/.local/lib/python3.12/site-packages/airflow/models/dagbag.py", line 383, in parse
    loader.exec_module(new_module)
  File "<frozen importlib._bootstrap_external>", line 991, in exec_module
  File "<frozen importlib._bootstrap_external>", line 1129, in get_code
  File "<frozen importlib._bootstrap_external>", line 1059, in source_to_code
  File "<frozen importlib._bootstrap>", line 488, in _call_with_frames_removed
  File "/opt/airflow/dags/instacart_etl.py", line 9
    csv_path = "C:\Users\Sigma\OneDrive\Desktop\instacart-market-basket-analysis\departments.csv"
               ^^^^^^^^^^^^^^^^^^^^^^^^^^^^^^^^^^^^^^^^^^^^^^^^^^^^^^^^^^^^^^^^^^^^^^^^^^^^^^^^^^
SyntaxError: (unicode error) 'unicodeescape' codec can't decode bytes in position 2-3: truncated \UXXXXXXXX escape
[2024-11-26T18:59:18.401+0000] {processor.py:927} WARNING - No viable dags retrieved from /opt/airflow/dags/instacart_etl.py
[2024-11-26T18:59:18.427+0000] {processor.py:208} INFO - Processing /opt/airflow/dags/instacart_etl.py took 0.059 seconds
[2024-11-26T18:59:19.399+0000] {processor.py:186} INFO - Started process (PID=284) to work on /opt/airflow/dags/instacart_etl.py
[2024-11-26T18:59:19.400+0000] {processor.py:914} INFO - Processing file /opt/airflow/dags/instacart_etl.py for tasks to queue
[2024-11-26T18:59:19.402+0000] {logging_mixin.py:190} INFO - [2024-11-26T18:59:19.402+0000] {dagbag.py:588} INFO - Filling up the DagBag from /opt/airflow/dags/instacart_etl.py
[2024-11-26T18:59:19.411+0000] {logging_mixin.py:190} INFO - [2024-11-26T18:59:19.411+0000] {dagbag.py:366} INFO - File /opt/airflow/dags/instacart_etl.py assumed to contain no DAGs. Skipping.
[2024-11-26T18:59:19.412+0000] {processor.py:927} WARNING - No viable dags retrieved from /opt/airflow/dags/instacart_etl.py
[2024-11-26T18:59:19.433+0000] {processor.py:208} INFO - Processing /opt/airflow/dags/instacart_etl.py took 0.040 seconds
