[2024-12-05T19:32:02.570+0000] {local_task_job_runner.py:123} INFO - ::group::Pre task execution logs
[2024-12-05T19:32:02.629+0000] {taskinstance.py:2613} INFO - Dependencies all met for dep_context=non-requeueable deps ti=<TaskInstance: instacart_etl.etl_dim_department manual__2024-12-05T19:26:53.436758+00:00 [queued]>
[2024-12-05T19:32:02.646+0000] {taskinstance.py:2613} INFO - Dependencies all met for dep_context=requeueable deps ti=<TaskInstance: instacart_etl.etl_dim_department manual__2024-12-05T19:26:53.436758+00:00 [queued]>
[2024-12-05T19:32:02.647+0000] {taskinstance.py:2866} INFO - Starting attempt 2 of 2
[2024-12-05T19:32:02.678+0000] {taskinstance.py:2889} INFO - Executing <Task(PythonOperator): etl_dim_department> on 2024-12-05 19:26:53.436758+00:00
[2024-12-05T19:32:02.710+0000] {logging_mixin.py:190} WARNING - /home/***/.local/lib/python3.12/site-packages/***/task/task_runner/standard_task_runner.py:70 DeprecationWarning: This process (pid=945) is multi-threaded, use of fork() may lead to deadlocks in the child.
[2024-12-05T19:32:02.724+0000] {standard_task_runner.py:72} INFO - Started process 949 to run task
[2024-12-05T19:32:02.716+0000] {standard_task_runner.py:104} INFO - Running: ['***', 'tasks', 'run', 'instacart_etl', 'etl_dim_department', 'manual__2024-12-05T19:26:53.436758+00:00', '--job-id', '567', '--raw', '--subdir', 'DAGS_FOLDER/test_dag.py', '--cfg-path', '/tmp/tmpql0kp9tu']
[2024-12-05T19:32:02.737+0000] {standard_task_runner.py:105} INFO - Job 567: Subtask etl_dim_department
[2024-12-05T19:32:03.043+0000] {task_command.py:467} INFO - Running <TaskInstance: instacart_etl.etl_dim_department manual__2024-12-05T19:26:53.436758+00:00 [running]> on host d8dedb74dbcd
[2024-12-05T19:32:03.259+0000] {taskinstance.py:3132} INFO - Exporting env vars: AIRFLOW_CTX_DAG_OWNER='***' AIRFLOW_CTX_DAG_ID='instacart_etl' AIRFLOW_CTX_TASK_ID='etl_dim_department' AIRFLOW_CTX_EXECUTION_DATE='2024-12-05T19:26:53.436758+00:00' AIRFLOW_CTX_TRY_NUMBER='2' AIRFLOW_CTX_DAG_RUN_ID='manual__2024-12-05T19:26:53.436758+00:00'
[2024-12-05T19:32:03.261+0000] {taskinstance.py:731} INFO - ::endgroup::
[2024-12-05T19:32:03.340+0000] {base.py:84} INFO - Retrieving connection 'mssql_default'
[2024-12-05T19:32:03.456+0000] {logging_mixin.py:190} INFO - Index(['department_id', 'department'], dtype='object')
[2024-12-05T19:32:03.543+0000] {python.py:240} INFO - Done. Returned value was: None
[2024-12-05T19:32:03.560+0000] {taskinstance.py:340} INFO - ::group::Post task execution logs
[2024-12-05T19:32:03.561+0000] {taskinstance.py:352} INFO - Marking task as SUCCESS. dag_id=instacart_etl, task_id=etl_dim_department, run_id=manual__2024-12-05T19:26:53.436758+00:00, execution_date=20241205T192653, start_date=20241205T193202, end_date=20241205T193203
[2024-12-05T19:32:03.616+0000] {local_task_job_runner.py:266} INFO - Task exited with return code 0
[2024-12-05T19:32:03.651+0000] {taskinstance.py:3895} INFO - 0 downstream tasks scheduled from follow-on schedule check
[2024-12-05T19:32:03.656+0000] {local_task_job_runner.py:245} INFO - ::endgroup::
