[2024-12-05T19:14:23.960+0000] {local_task_job_runner.py:123} INFO - ::group::Pre task execution logs
[2024-12-05T19:14:23.984+0000] {taskinstance.py:2613} INFO - Dependencies all met for dep_context=non-requeueable deps ti=<TaskInstance: instacart_etl.etl_dim_department manual__2024-12-05T19:14:20.518588+00:00 [queued]>
[2024-12-05T19:14:23.997+0000] {taskinstance.py:2613} INFO - Dependencies all met for dep_context=requeueable deps ti=<TaskInstance: instacart_etl.etl_dim_department manual__2024-12-05T19:14:20.518588+00:00 [queued]>
[2024-12-05T19:14:23.998+0000] {taskinstance.py:2866} INFO - Starting attempt 1 of 1
[2024-12-05T19:14:24.036+0000] {taskinstance.py:2889} INFO - Executing <Task(PythonOperator): etl_dim_department> on 2024-12-05 19:14:20.518588+00:00
[2024-12-05T19:14:24.075+0000] {logging_mixin.py:190} WARNING - /home/***/.local/lib/python3.12/site-packages/***/task/task_runner/standard_task_runner.py:70 DeprecationWarning: This process (pid=233) is multi-threaded, use of fork() may lead to deadlocks in the child.
[2024-12-05T19:14:24.073+0000] {standard_task_runner.py:104} INFO - Running: ['***', 'tasks', 'run', 'instacart_etl', 'etl_dim_department', 'manual__2024-12-05T19:14:20.518588+00:00', '--job-id', '551', '--raw', '--subdir', 'DAGS_FOLDER/test_dag.py', '--cfg-path', '/tmp/tmpj2i7yuc2']
[2024-12-05T19:14:24.081+0000] {standard_task_runner.py:72} INFO - Started process 239 to run task
[2024-12-05T19:14:24.081+0000] {standard_task_runner.py:105} INFO - Job 551: Subtask etl_dim_department
[2024-12-05T19:14:24.226+0000] {task_command.py:467} INFO - Running <TaskInstance: instacart_etl.etl_dim_department manual__2024-12-05T19:14:20.518588+00:00 [running]> on host d8dedb74dbcd
[2024-12-05T19:14:24.478+0000] {taskinstance.py:3132} INFO - Exporting env vars: AIRFLOW_CTX_DAG_OWNER='***' AIRFLOW_CTX_DAG_ID='instacart_etl' AIRFLOW_CTX_TASK_ID='etl_dim_department' AIRFLOW_CTX_EXECUTION_DATE='2024-12-05T19:14:20.518588+00:00' AIRFLOW_CTX_TRY_NUMBER='1' AIRFLOW_CTX_DAG_RUN_ID='manual__2024-12-05T19:14:20.518588+00:00'
[2024-12-05T19:14:24.490+0000] {taskinstance.py:731} INFO - ::endgroup::
[2024-12-05T19:14:24.546+0000] {base.py:84} INFO - Retrieving connection 'mssql_default'
[2024-12-05T19:14:24.726+0000] {logging_mixin.py:190} INFO - Index(['department_id', 'department'], dtype='object')
[2024-12-05T19:14:25.079+0000] {python.py:240} INFO - Done. Returned value was: None
[2024-12-05T19:14:25.097+0000] {taskinstance.py:340} INFO - ::group::Post task execution logs
[2024-12-05T19:14:25.098+0000] {taskinstance.py:352} INFO - Marking task as SUCCESS. dag_id=instacart_etl, task_id=etl_dim_department, run_id=manual__2024-12-05T19:14:20.518588+00:00, execution_date=20241205T191420, start_date=20241205T191423, end_date=20241205T191425
[2024-12-05T19:14:25.142+0000] {local_task_job_runner.py:266} INFO - Task exited with return code 0
[2024-12-05T19:14:25.183+0000] {taskinstance.py:3895} INFO - 0 downstream tasks scheduled from follow-on schedule check
[2024-12-05T19:14:25.189+0000] {local_task_job_runner.py:245} INFO - ::endgroup::
