[2024-12-03T21:40:17.934+0000] {local_task_job_runner.py:123} INFO - ::group::Pre task execution logs
[2024-12-03T21:40:17.950+0000] {taskinstance.py:2613} INFO - Dependencies all met for dep_context=non-requeueable deps ti=<TaskInstance: instacart_etl_pipeline.etl_dim_department manual__2024-12-03T21:40:16.513180+00:00 [queued]>
[2024-12-03T21:40:17.957+0000] {taskinstance.py:2613} INFO - Dependencies all met for dep_context=requeueable deps ti=<TaskInstance: instacart_etl_pipeline.etl_dim_department manual__2024-12-03T21:40:16.513180+00:00 [queued]>
[2024-12-03T21:40:17.958+0000] {taskinstance.py:2866} INFO - Starting attempt 1 of 1
[2024-12-03T21:40:17.975+0000] {taskinstance.py:2889} INFO - Executing <Task(PythonOperator): etl_dim_department> on 2024-12-03 21:40:16.513180+00:00
[2024-12-03T21:40:17.987+0000] {logging_mixin.py:190} WARNING - /home/***/.local/lib/python3.12/site-packages/***/task/task_runner/standard_task_runner.py:70 DeprecationWarning: This process (pid=1187) is multi-threaded, use of fork() may lead to deadlocks in the child.
[2024-12-03T21:40:17.989+0000] {standard_task_runner.py:72} INFO - Started process 1189 to run task
[2024-12-03T21:40:17.987+0000] {standard_task_runner.py:104} INFO - Running: ['***', 'tasks', 'run', 'instacart_etl_pipeline', 'etl_dim_department', 'manual__2024-12-03T21:40:16.513180+00:00', '--job-id', '113', '--raw', '--subdir', 'DAGS_FOLDER/instacart_etl_dag.py', '--cfg-path', '/tmp/tmptu9i1em3']
[2024-12-03T21:40:17.991+0000] {standard_task_runner.py:105} INFO - Job 113: Subtask etl_dim_department
[2024-12-03T21:40:18.054+0000] {task_command.py:467} INFO - Running <TaskInstance: instacart_etl_pipeline.etl_dim_department manual__2024-12-03T21:40:16.513180+00:00 [running]> on host e64be71b3b6d
[2024-12-03T21:40:18.179+0000] {taskinstance.py:3132} INFO - Exporting env vars: AIRFLOW_CTX_DAG_OWNER='***' AIRFLOW_CTX_DAG_ID='instacart_etl_pipeline' AIRFLOW_CTX_TASK_ID='etl_dim_department' AIRFLOW_CTX_EXECUTION_DATE='2024-12-03T21:40:16.513180+00:00' AIRFLOW_CTX_TRY_NUMBER='1' AIRFLOW_CTX_DAG_RUN_ID='manual__2024-12-03T21:40:16.513180+00:00'
[2024-12-03T21:40:18.181+0000] {taskinstance.py:731} INFO - ::endgroup::
[2024-12-03T21:40:18.203+0000] {base.py:84} INFO - Retrieving connection 'mssql_default'
[2024-12-03T21:40:18.272+0000] {logging_mixin.py:190} INFO - Reading CSV from /opt/***/data/departments.csv/departments.csv
[2024-12-03T21:40:18.319+0000] {python.py:240} INFO - Done. Returned value was: None
[2024-12-03T21:40:18.329+0000] {taskinstance.py:340} INFO - ::group::Post task execution logs
[2024-12-03T21:40:18.330+0000] {taskinstance.py:352} INFO - Marking task as SUCCESS. dag_id=instacart_etl_pipeline, task_id=etl_dim_department, run_id=manual__2024-12-03T21:40:16.513180+00:00, execution_date=20241203T214016, start_date=20241203T214017, end_date=20241203T214018
[2024-12-03T21:40:18.367+0000] {local_task_job_runner.py:266} INFO - Task exited with return code 0
[2024-12-03T21:40:18.384+0000] {taskinstance.py:3895} INFO - 0 downstream tasks scheduled from follow-on schedule check
[2024-12-03T21:40:18.391+0000] {local_task_job_runner.py:245} INFO - ::endgroup::
