[2024-12-04T14:26:07.459+0000] {local_task_job_runner.py:123} INFO - ::group::Pre task execution logs
[2024-12-04T14:26:07.484+0000] {taskinstance.py:2613} INFO - Dependencies all met for dep_context=non-requeueable deps ti=<TaskInstance: instacart_etl_pipeline.etl_dim_product manual__2024-12-04T14:25:54.642669+00:00 [queued]>
[2024-12-04T14:26:07.505+0000] {taskinstance.py:2613} INFO - Dependencies all met for dep_context=requeueable deps ti=<TaskInstance: instacart_etl_pipeline.etl_dim_product manual__2024-12-04T14:25:54.642669+00:00 [queued]>
[2024-12-04T14:26:07.506+0000] {taskinstance.py:2866} INFO - Starting attempt 1 of 1
[2024-12-04T14:26:07.534+0000] {taskinstance.py:2889} INFO - Executing <Task(PythonOperator): etl_dim_product> on 2024-12-04 14:25:54.642669+00:00
[2024-12-04T14:26:07.558+0000] {logging_mixin.py:190} WARNING - /home/***/.local/lib/python3.12/site-packages/***/task/task_runner/standard_task_runner.py:70 DeprecationWarning: This process (pid=9719) is multi-threaded, use of fork() may lead to deadlocks in the child.
[2024-12-04T14:26:07.561+0000] {standard_task_runner.py:72} INFO - Started process 9721 to run task
[2024-12-04T14:26:07.558+0000] {standard_task_runner.py:104} INFO - Running: ['***', 'tasks', 'run', 'instacart_etl_pipeline', 'etl_dim_product', 'manual__2024-12-04T14:25:54.642669+00:00', '--job-id', '195', '--raw', '--subdir', 'DAGS_FOLDER/instacart_etl_dag.py', '--cfg-path', '/tmp/tmpi82ffii8']
[2024-12-04T14:26:07.562+0000] {standard_task_runner.py:105} INFO - Job 195: Subtask etl_dim_product
[2024-12-04T14:26:07.645+0000] {task_command.py:467} INFO - Running <TaskInstance: instacart_etl_pipeline.etl_dim_product manual__2024-12-04T14:25:54.642669+00:00 [running]> on host e64be71b3b6d
[2024-12-04T14:26:07.778+0000] {taskinstance.py:3132} INFO - Exporting env vars: AIRFLOW_CTX_DAG_OWNER='***' AIRFLOW_CTX_DAG_ID='instacart_etl_pipeline' AIRFLOW_CTX_TASK_ID='etl_dim_product' AIRFLOW_CTX_EXECUTION_DATE='2024-12-04T14:25:54.642669+00:00' AIRFLOW_CTX_TRY_NUMBER='1' AIRFLOW_CTX_DAG_RUN_ID='manual__2024-12-04T14:25:54.642669+00:00'
[2024-12-04T14:26:07.780+0000] {taskinstance.py:731} INFO - ::endgroup::
[2024-12-04T14:26:07.837+0000] {base.py:84} INFO - Retrieving connection 'mssql_default'
[2024-12-04T14:26:08.049+0000] {logging_mixin.py:190} INFO - {}
[2024-12-04T14:26:08.060+0000] {logging_mixin.py:190} INFO - {}
[2024-12-04T14:28:36.139+0000] {python.py:240} INFO - Done. Returned value was: None
[2024-12-04T14:28:36.149+0000] {taskinstance.py:340} INFO - ::group::Post task execution logs
[2024-12-04T14:28:36.150+0000] {taskinstance.py:352} INFO - Marking task as SUCCESS. dag_id=instacart_etl_pipeline, task_id=etl_dim_product, run_id=manual__2024-12-04T14:25:54.642669+00:00, execution_date=20241204T142554, start_date=20241204T142607, end_date=20241204T142836
[2024-12-04T14:28:36.217+0000] {local_task_job_runner.py:266} INFO - Task exited with return code 0
[2024-12-04T14:28:36.239+0000] {taskinstance.py:3895} INFO - 0 downstream tasks scheduled from follow-on schedule check
[2024-12-04T14:28:36.243+0000] {local_task_job_runner.py:245} INFO - ::endgroup::
