[2024-12-25T03:03:37.570+0000] {local_task_job_runner.py:123} INFO - ::group::Pre task execution logs
[2024-12-25T03:03:37.602+0000] {taskinstance.py:2613} INFO - Dependencies all met for dep_context=non-requeueable deps ti=<TaskInstance: instacart_etl.generate_dim_date manual__2024-12-25T03:03:25.478802+00:00 [queued]>
[2024-12-25T03:03:37.621+0000] {taskinstance.py:2613} INFO - Dependencies all met for dep_context=requeueable deps ti=<TaskInstance: instacart_etl.generate_dim_date manual__2024-12-25T03:03:25.478802+00:00 [queued]>
[2024-12-25T03:03:37.622+0000] {taskinstance.py:2866} INFO - Starting attempt 1 of 1
[2024-12-25T03:03:37.684+0000] {taskinstance.py:2889} INFO - Executing <Task(PythonOperator): generate_dim_date> on 2024-12-25 03:03:25.478802+00:00
[2024-12-25T03:03:37.763+0000] {logging_mixin.py:190} WARNING - /home/***/.local/lib/python3.12/site-packages/***/task/task_runner/standard_task_runner.py:70 DeprecationWarning: This process (pid=1411) is multi-threaded, use of fork() may lead to deadlocks in the child.
[2024-12-25T03:03:37.765+0000] {standard_task_runner.py:72} INFO - Started process 1430 to run task
[2024-12-25T03:03:37.770+0000] {standard_task_runner.py:104} INFO - Running: ['***', 'tasks', 'run', 'instacart_etl', 'generate_dim_date', 'manual__2024-12-25T03:03:25.478802+00:00', '--job-id', '214', '--raw', '--subdir', 'DAGS_FOLDER/instacart_etl_dag.py', '--cfg-path', '/tmp/tmpsue847r5']
[2024-12-25T03:03:37.774+0000] {standard_task_runner.py:105} INFO - Job 214: Subtask generate_dim_date
[2024-12-25T03:03:37.872+0000] {task_command.py:467} INFO - Running <TaskInstance: instacart_etl.generate_dim_date manual__2024-12-25T03:03:25.478802+00:00 [running]> on host f1d04a902af0
[2024-12-25T03:03:38.045+0000] {taskinstance.py:3132} INFO - Exporting env vars: AIRFLOW_CTX_DAG_OWNER='***' AIRFLOW_CTX_DAG_ID='instacart_etl' AIRFLOW_CTX_TASK_ID='generate_dim_date' AIRFLOW_CTX_EXECUTION_DATE='2024-12-25T03:03:25.478802+00:00' AIRFLOW_CTX_TRY_NUMBER='1' AIRFLOW_CTX_DAG_RUN_ID='manual__2024-12-25T03:03:25.478802+00:00'
[2024-12-25T03:03:38.047+0000] {taskinstance.py:731} INFO - ::endgroup::
[2024-12-25T03:03:38.325+0000] {taskinstance.py:3311} ERROR - Task failed with exception
Traceback (most recent call last):
  File "/home/airflow/.local/lib/python3.12/site-packages/airflow/models/taskinstance.py", line 767, in _execute_task
    result = _execute_callable(context=context, **execute_callable_kwargs)
             ^^^^^^^^^^^^^^^^^^^^^^^^^^^^^^^^^^^^^^^^^^^^^^^^^^^^^^^^^^^^^
  File "/home/airflow/.local/lib/python3.12/site-packages/airflow/models/taskinstance.py", line 733, in _execute_callable
    return ExecutionCallableRunner(
           ^^^^^^^^^^^^^^^^^^^^^^^^
  File "/home/airflow/.local/lib/python3.12/site-packages/airflow/utils/operator_helpers.py", line 252, in run
    return self.func(*args, **kwargs)
           ^^^^^^^^^^^^^^^^^^^^^^^^^^
  File "/home/airflow/.local/lib/python3.12/site-packages/airflow/models/baseoperator.py", line 417, in wrapper
    return func(self, *args, **kwargs)
           ^^^^^^^^^^^^^^^^^^^^^^^^^^^
  File "/home/airflow/.local/lib/python3.12/site-packages/airflow/operators/python.py", line 238, in execute
    return_value = self.execute_callable()
                   ^^^^^^^^^^^^^^^^^^^^^^^
  File "/home/airflow/.local/lib/python3.12/site-packages/airflow/operators/python.py", line 256, in execute_callable
    return runner.run(*self.op_args, **self.op_kwargs)
           ^^^^^^^^^^^^^^^^^^^^^^^^^^^^^^^^^^^^^^^^^^^
  File "/home/airflow/.local/lib/python3.12/site-packages/airflow/utils/operator_helpers.py", line 252, in run
    return self.func(*args, **kwargs)
           ^^^^^^^^^^^^^^^^^^^^^^^^^^
  File "/opt/airflow/dags/instacart_etl_dag.py", line 45, in populate_dim_date
    cursor.execute("EXEC populate_dim_date")
pyodbc.IntegrityError: ('23000', "[23000] [Microsoft][ODBC Driver 18 for SQL Server][SQL Server]Violation of PRIMARY KEY constraint 'PK__dim_date__67370B44B0D87B61'. Cannot insert duplicate key in object 'dbo.dim_date'. The duplicate key value is (20200101). (2627) (SQLExecDirectW)")
[2024-12-25T03:03:38.367+0000] {taskinstance.py:1225} INFO - Marking task as FAILED. dag_id=instacart_etl, task_id=generate_dim_date, run_id=manual__2024-12-25T03:03:25.478802+00:00, execution_date=20241225T030325, start_date=20241225T030337, end_date=20241225T030338
[2024-12-25T03:03:38.413+0000] {taskinstance.py:340} INFO - ::group::Post task execution logs
[2024-12-25T03:03:38.414+0000] {standard_task_runner.py:124} ERROR - Failed to execute job 214 for task generate_dim_date (('23000', "[23000] [Microsoft][ODBC Driver 18 for SQL Server][SQL Server]Violation of PRIMARY KEY constraint 'PK__dim_date__67370B44B0D87B61'. Cannot insert duplicate key in object 'dbo.dim_date'. The duplicate key value is (20200101). (2627) (SQLExecDirectW)"); 1430)
Traceback (most recent call last):
  File "/home/airflow/.local/lib/python3.12/site-packages/airflow/task/task_runner/standard_task_runner.py", line 117, in _start_by_fork
    ret = args.func(args, dag=self.dag)
          ^^^^^^^^^^^^^^^^^^^^^^^^^^^^^
  File "/home/airflow/.local/lib/python3.12/site-packages/airflow/cli/cli_config.py", line 49, in command
    return func(*args, **kwargs)
           ^^^^^^^^^^^^^^^^^^^^^
  File "/home/airflow/.local/lib/python3.12/site-packages/airflow/utils/cli.py", line 116, in wrapper
    return f(*args, **kwargs)
           ^^^^^^^^^^^^^^^^^^
  File "/home/airflow/.local/lib/python3.12/site-packages/airflow/cli/commands/task_command.py", line 483, in task_run
    task_return_code = _run_task_by_selected_method(args, _dag, ti)
                       ^^^^^^^^^^^^^^^^^^^^^^^^^^^^^^^^^^^^^^^^^^^^
  File "/home/airflow/.local/lib/python3.12/site-packages/airflow/cli/commands/task_command.py", line 256, in _run_task_by_selected_method
    return _run_raw_task(args, ti)
           ^^^^^^^^^^^^^^^^^^^^^^^
  File "/home/airflow/.local/lib/python3.12/site-packages/airflow/cli/commands/task_command.py", line 341, in _run_raw_task
    return ti._run_raw_task(
           ^^^^^^^^^^^^^^^^^
  File "/home/airflow/.local/lib/python3.12/site-packages/airflow/utils/session.py", line 97, in wrapper
    return func(*args, session=session, **kwargs)
           ^^^^^^^^^^^^^^^^^^^^^^^^^^^^^^^^^^^^^^
  File "/home/airflow/.local/lib/python3.12/site-packages/airflow/models/taskinstance.py", line 3005, in _run_raw_task
    return _run_raw_task(
           ^^^^^^^^^^^^^^
  File "/home/airflow/.local/lib/python3.12/site-packages/airflow/models/taskinstance.py", line 273, in _run_raw_task
    TaskInstance._execute_task_with_callbacks(
  File "/home/airflow/.local/lib/python3.12/site-packages/airflow/models/taskinstance.py", line 3159, in _execute_task_with_callbacks
    result = self._execute_task(context, task_orig)
             ^^^^^^^^^^^^^^^^^^^^^^^^^^^^^^^^^^^^^^
  File "/home/airflow/.local/lib/python3.12/site-packages/airflow/models/taskinstance.py", line 3183, in _execute_task
    return _execute_task(self, context, task_orig)
           ^^^^^^^^^^^^^^^^^^^^^^^^^^^^^^^^^^^^^^^
  File "/home/airflow/.local/lib/python3.12/site-packages/airflow/models/taskinstance.py", line 767, in _execute_task
    result = _execute_callable(context=context, **execute_callable_kwargs)
             ^^^^^^^^^^^^^^^^^^^^^^^^^^^^^^^^^^^^^^^^^^^^^^^^^^^^^^^^^^^^^
  File "/home/airflow/.local/lib/python3.12/site-packages/airflow/models/taskinstance.py", line 733, in _execute_callable
    return ExecutionCallableRunner(
           ^^^^^^^^^^^^^^^^^^^^^^^^
  File "/home/airflow/.local/lib/python3.12/site-packages/airflow/utils/operator_helpers.py", line 252, in run
    return self.func(*args, **kwargs)
           ^^^^^^^^^^^^^^^^^^^^^^^^^^
  File "/home/airflow/.local/lib/python3.12/site-packages/airflow/models/baseoperator.py", line 417, in wrapper
    return func(self, *args, **kwargs)
           ^^^^^^^^^^^^^^^^^^^^^^^^^^^
  File "/home/airflow/.local/lib/python3.12/site-packages/airflow/operators/python.py", line 238, in execute
    return_value = self.execute_callable()
                   ^^^^^^^^^^^^^^^^^^^^^^^
  File "/home/airflow/.local/lib/python3.12/site-packages/airflow/operators/python.py", line 256, in execute_callable
    return runner.run(*self.op_args, **self.op_kwargs)
           ^^^^^^^^^^^^^^^^^^^^^^^^^^^^^^^^^^^^^^^^^^^
  File "/home/airflow/.local/lib/python3.12/site-packages/airflow/utils/operator_helpers.py", line 252, in run
    return self.func(*args, **kwargs)
           ^^^^^^^^^^^^^^^^^^^^^^^^^^
  File "/opt/airflow/dags/instacart_etl_dag.py", line 45, in populate_dim_date
    cursor.execute("EXEC populate_dim_date")
pyodbc.IntegrityError: ('23000', "[23000] [Microsoft][ODBC Driver 18 for SQL Server][SQL Server]Violation of PRIMARY KEY constraint 'PK__dim_date__67370B44B0D87B61'. Cannot insert duplicate key in object 'dbo.dim_date'. The duplicate key value is (20200101). (2627) (SQLExecDirectW)")
[2024-12-25T03:03:38.468+0000] {local_task_job_runner.py:266} INFO - Task exited with return code 1
[2024-12-25T03:03:38.507+0000] {taskinstance.py:3895} INFO - 0 downstream tasks scheduled from follow-on schedule check
[2024-12-25T03:03:38.520+0000] {local_task_job_runner.py:245} INFO - ::endgroup::
