[2024-12-05T20:29:52.861+0000] {local_task_job_runner.py:123} INFO - ::group::Pre task execution logs
[2024-12-05T20:29:52.885+0000] {taskinstance.py:2613} INFO - Dependencies all met for dep_context=non-requeueable deps ti=<TaskInstance: instacart_etl.etl_dim_department manual__2024-12-05T20:29:50.164514+00:00 [queued]>
[2024-12-05T20:29:52.900+0000] {taskinstance.py:2613} INFO - Dependencies all met for dep_context=requeueable deps ti=<TaskInstance: instacart_etl.etl_dim_department manual__2024-12-05T20:29:50.164514+00:00 [queued]>
[2024-12-05T20:29:52.901+0000] {taskinstance.py:2866} INFO - Starting attempt 1 of 1
[2024-12-05T20:29:52.937+0000] {taskinstance.py:2889} INFO - Executing <Task(PythonOperator): etl_dim_department> on 2024-12-05 20:29:50.164514+00:00
[2024-12-05T20:29:52.954+0000] {logging_mixin.py:190} WARNING - /home/***/.local/lib/python3.12/site-packages/***/task/task_runner/standard_task_runner.py:70 DeprecationWarning: This process (pid=3150) is multi-threaded, use of fork() may lead to deadlocks in the child.
[2024-12-05T20:29:52.957+0000] {standard_task_runner.py:72} INFO - Started process 3155 to run task
[2024-12-05T20:29:52.955+0000] {standard_task_runner.py:104} INFO - Running: ['***', 'tasks', 'run', 'instacart_etl', 'etl_dim_department', 'manual__2024-12-05T20:29:50.164514+00:00', '--job-id', '597', '--raw', '--subdir', 'DAGS_FOLDER/test_dag.py', '--cfg-path', '/tmp/tmplmdseh6i']
[2024-12-05T20:29:52.958+0000] {standard_task_runner.py:105} INFO - Job 597: Subtask etl_dim_department
[2024-12-05T20:29:53.030+0000] {task_command.py:467} INFO - Running <TaskInstance: instacart_etl.etl_dim_department manual__2024-12-05T20:29:50.164514+00:00 [running]> on host d8dedb74dbcd
[2024-12-05T20:29:53.232+0000] {taskinstance.py:3132} INFO - Exporting env vars: AIRFLOW_CTX_DAG_OWNER='***' AIRFLOW_CTX_DAG_ID='instacart_etl' AIRFLOW_CTX_TASK_ID='etl_dim_department' AIRFLOW_CTX_EXECUTION_DATE='2024-12-05T20:29:50.164514+00:00' AIRFLOW_CTX_TRY_NUMBER='1' AIRFLOW_CTX_DAG_RUN_ID='manual__2024-12-05T20:29:50.164514+00:00'
[2024-12-05T20:29:53.243+0000] {taskinstance.py:731} INFO - ::endgroup::
[2024-12-05T20:29:54.593+0000] {base.py:84} INFO - Retrieving connection 'mssql_default'
[2024-12-05T20:29:55.562+0000] {logging_mixin.py:190} INFO - Initial DataFrame from /opt/***/data/departments.csv/departments.csv:
   department_id department
0              1     frozen
1              2      other
2              3     bakery
3              4    produce
4              5    alcohol
[2024-12-05T20:29:55.565+0000] {logging_mixin.py:190} INFO - Preparing to insert: ID=1, Name=frozen, FK Values={}
[2024-12-05T20:29:55.610+0000] {logging_mixin.py:190} INFO - Preparing to insert: ID=2, Name=other, FK Values={}
[2024-12-05T20:29:55.619+0000] {logging_mixin.py:190} INFO - Preparing to insert: ID=3, Name=bakery, FK Values={}
[2024-12-05T20:29:55.628+0000] {logging_mixin.py:190} INFO - Preparing to insert: ID=4, Name=produce, FK Values={}
[2024-12-05T20:29:55.637+0000] {logging_mixin.py:190} INFO - Preparing to insert: ID=5, Name=alcohol, FK Values={}
[2024-12-05T20:29:55.645+0000] {logging_mixin.py:190} INFO - Preparing to insert: ID=6, Name=international, FK Values={}
[2024-12-05T20:29:55.652+0000] {logging_mixin.py:190} INFO - Preparing to insert: ID=7, Name=beverages, FK Values={}
[2024-12-05T20:29:55.660+0000] {logging_mixin.py:190} INFO - Preparing to insert: ID=8, Name=pets, FK Values={}
[2024-12-05T20:29:55.668+0000] {logging_mixin.py:190} INFO - Preparing to insert: ID=9, Name=dry goods pasta, FK Values={}
[2024-12-05T20:29:55.677+0000] {logging_mixin.py:190} INFO - Preparing to insert: ID=10, Name=bulk, FK Values={}
[2024-12-05T20:29:55.684+0000] {logging_mixin.py:190} INFO - Preparing to insert: ID=11, Name=personal care, FK Values={}
[2024-12-05T20:29:55.693+0000] {logging_mixin.py:190} INFO - Preparing to insert: ID=12, Name=meat seafood, FK Values={}
[2024-12-05T20:29:55.700+0000] {logging_mixin.py:190} INFO - Preparing to insert: ID=13, Name=pantry, FK Values={}
[2024-12-05T20:29:55.709+0000] {logging_mixin.py:190} INFO - Preparing to insert: ID=14, Name=breakfast, FK Values={}
[2024-12-05T20:29:55.719+0000] {logging_mixin.py:190} INFO - Preparing to insert: ID=15, Name=canned goods, FK Values={}
[2024-12-05T20:29:55.727+0000] {logging_mixin.py:190} INFO - Preparing to insert: ID=16, Name=dairy eggs, FK Values={}
[2024-12-05T20:29:55.734+0000] {logging_mixin.py:190} INFO - Preparing to insert: ID=17, Name=household, FK Values={}
[2024-12-05T20:29:55.742+0000] {logging_mixin.py:190} INFO - Preparing to insert: ID=18, Name=babies, FK Values={}
[2024-12-05T20:29:55.749+0000] {logging_mixin.py:190} INFO - Preparing to insert: ID=19, Name=snacks, FK Values={}
[2024-12-05T20:29:55.759+0000] {logging_mixin.py:190} INFO - Preparing to insert: ID=20, Name=deli, FK Values={}
[2024-12-05T20:29:55.766+0000] {logging_mixin.py:190} INFO - Preparing to insert: ID=21, Name=missing, FK Values={}
[2024-12-05T20:29:55.792+0000] {python.py:240} INFO - Done. Returned value was: None
[2024-12-05T20:29:56.225+0000] {taskinstance.py:340} INFO - ::group::Post task execution logs
[2024-12-05T20:29:56.226+0000] {taskinstance.py:352} INFO - Marking task as SUCCESS. dag_id=instacart_etl, task_id=etl_dim_department, run_id=manual__2024-12-05T20:29:50.164514+00:00, execution_date=20241205T202950, start_date=20241205T202952, end_date=20241205T202956
[2024-12-05T20:29:56.280+0000] {local_task_job_runner.py:266} INFO - Task exited with return code 0
[2024-12-05T20:29:56.317+0000] {taskinstance.py:3895} INFO - 0 downstream tasks scheduled from follow-on schedule check
[2024-12-05T20:29:56.323+0000] {local_task_job_runner.py:245} INFO - ::endgroup::
