[2024-11-20T21:59:11.534+0000] {processor.py:186} INFO - Started process (PID=353) to work on /home/airflow/.local/lib/python3.12/site-packages/airflow/example_dags/example_branch_labels.py
[2024-11-20T21:59:11.535+0000] {processor.py:914} INFO - Processing file /home/airflow/.local/lib/python3.12/site-packages/airflow/example_dags/example_branch_labels.py for tasks to queue
[2024-11-20T21:59:11.537+0000] {logging_mixin.py:190} INFO - [2024-11-20T21:59:11.537+0000] {dagbag.py:588} INFO - Filling up the DagBag from /home/airflow/.local/lib/python3.12/site-packages/airflow/example_dags/example_branch_labels.py
[2024-11-20T21:59:11.553+0000] {processor.py:925} INFO - DAG(s) 'example_branch_labels' retrieved from /home/airflow/.local/lib/python3.12/site-packages/airflow/example_dags/example_branch_labels.py
[2024-11-20T21:59:11.705+0000] {logging_mixin.py:190} INFO - [2024-11-20T21:59:11.704+0000] {override.py:1911} INFO - Created Permission View: can read on DAG:example_branch_labels
[2024-11-20T21:59:11.725+0000] {logging_mixin.py:190} INFO - [2024-11-20T21:59:11.724+0000] {override.py:1911} INFO - Created Permission View: can delete on DAG:example_branch_labels
[2024-11-20T21:59:11.738+0000] {logging_mixin.py:190} INFO - [2024-11-20T21:59:11.737+0000] {override.py:1911} INFO - Created Permission View: can edit on DAG:example_branch_labels
[2024-11-20T21:59:11.753+0000] {logging_mixin.py:190} INFO - [2024-11-20T21:59:11.753+0000] {override.py:1911} INFO - Created Permission View: can read on DAG Run:example_branch_labels
[2024-11-20T21:59:11.768+0000] {logging_mixin.py:190} INFO - [2024-11-20T21:59:11.767+0000] {override.py:1911} INFO - Created Permission View: can delete on DAG Run:example_branch_labels
[2024-11-20T21:59:11.781+0000] {logging_mixin.py:190} INFO - [2024-11-20T21:59:11.781+0000] {override.py:1911} INFO - Created Permission View: can create on DAG Run:example_branch_labels
[2024-11-20T21:59:11.795+0000] {logging_mixin.py:190} INFO - [2024-11-20T21:59:11.794+0000] {override.py:1911} INFO - Created Permission View: menu access on DAG Run:example_branch_labels
[2024-11-20T21:59:11.796+0000] {logging_mixin.py:190} INFO - [2024-11-20T21:59:11.796+0000] {dag.py:3239} INFO - Sync 1 DAGs
[2024-11-20T21:59:11.820+0000] {logging_mixin.py:190} INFO - [2024-11-20T21:59:11.820+0000] {dag.py:3262} INFO - Creating ORM DAG for example_branch_labels
[2024-11-20T21:59:11.839+0000] {logging_mixin.py:190} INFO - [2024-11-20T21:59:11.838+0000] {dag.py:4180} INFO - Setting next_dagrun for example_branch_labels to 2024-11-19 00:00:00+00:00, run_after=2024-11-20 00:00:00+00:00
[2024-11-20T21:59:11.874+0000] {processor.py:208} INFO - Processing /home/airflow/.local/lib/python3.12/site-packages/airflow/example_dags/example_branch_labels.py took 0.346 seconds
[2024-11-20T21:59:43.253+0000] {processor.py:186} INFO - Started process (PID=644) to work on /home/airflow/.local/lib/python3.12/site-packages/airflow/example_dags/example_branch_labels.py
[2024-11-20T21:59:43.257+0000] {processor.py:914} INFO - Processing file /home/airflow/.local/lib/python3.12/site-packages/airflow/example_dags/example_branch_labels.py for tasks to queue
[2024-11-20T21:59:43.264+0000] {logging_mixin.py:190} INFO - [2024-11-20T21:59:43.263+0000] {dagbag.py:588} INFO - Filling up the DagBag from /home/airflow/.local/lib/python3.12/site-packages/airflow/example_dags/example_branch_labels.py
[2024-11-20T21:59:43.282+0000] {processor.py:925} INFO - DAG(s) 'example_branch_labels' retrieved from /home/airflow/.local/lib/python3.12/site-packages/airflow/example_dags/example_branch_labels.py
[2024-11-20T21:59:43.319+0000] {logging_mixin.py:190} INFO - [2024-11-20T21:59:43.319+0000] {dag.py:3239} INFO - Sync 1 DAGs
[2024-11-20T21:59:43.365+0000] {logging_mixin.py:190} INFO - [2024-11-20T21:59:43.365+0000] {dag.py:4180} INFO - Setting next_dagrun for example_branch_labels to 2024-11-19 00:00:00+00:00, run_after=2024-11-20 00:00:00+00:00
[2024-11-20T21:59:43.424+0000] {processor.py:208} INFO - Processing /home/airflow/.local/lib/python3.12/site-packages/airflow/example_dags/example_branch_labels.py took 0.184 seconds
[2024-11-20T22:00:15.442+0000] {processor.py:186} INFO - Started process (PID=935) to work on /home/airflow/.local/lib/python3.12/site-packages/airflow/example_dags/example_branch_labels.py
[2024-11-20T22:00:15.443+0000] {processor.py:914} INFO - Processing file /home/airflow/.local/lib/python3.12/site-packages/airflow/example_dags/example_branch_labels.py for tasks to queue
[2024-11-20T22:00:15.446+0000] {logging_mixin.py:190} INFO - [2024-11-20T22:00:15.446+0000] {dagbag.py:588} INFO - Filling up the DagBag from /home/airflow/.local/lib/python3.12/site-packages/airflow/example_dags/example_branch_labels.py
[2024-11-20T22:00:15.459+0000] {processor.py:925} INFO - DAG(s) 'example_branch_labels' retrieved from /home/airflow/.local/lib/python3.12/site-packages/airflow/example_dags/example_branch_labels.py
[2024-11-20T22:00:15.485+0000] {logging_mixin.py:190} INFO - [2024-11-20T22:00:15.485+0000] {dag.py:3239} INFO - Sync 1 DAGs
[2024-11-20T22:00:15.518+0000] {logging_mixin.py:190} INFO - [2024-11-20T22:00:15.518+0000] {dag.py:4180} INFO - Setting next_dagrun for example_branch_labels to 2024-11-19 00:00:00+00:00, run_after=2024-11-20 00:00:00+00:00
[2024-11-20T22:00:15.551+0000] {processor.py:208} INFO - Processing /home/airflow/.local/lib/python3.12/site-packages/airflow/example_dags/example_branch_labels.py took 0.116 seconds
