[2024-11-20T21:59:12.688+0000] {processor.py:186} INFO - Started process (PID=373) to work on /home/airflow/.local/lib/python3.12/site-packages/airflow/example_dags/example_skip_dag.py
[2024-11-20T21:59:12.689+0000] {processor.py:914} INFO - Processing file /home/airflow/.local/lib/python3.12/site-packages/airflow/example_dags/example_skip_dag.py for tasks to queue
[2024-11-20T21:59:12.692+0000] {logging_mixin.py:190} INFO - [2024-11-20T21:59:12.691+0000] {dagbag.py:588} INFO - Filling up the DagBag from /home/airflow/.local/lib/python3.12/site-packages/airflow/example_dags/example_skip_dag.py
[2024-11-20T21:59:12.704+0000] {processor.py:925} INFO - DAG(s) 'example_skip_dag' retrieved from /home/airflow/.local/lib/python3.12/site-packages/airflow/example_dags/example_skip_dag.py
[2024-11-20T21:59:12.833+0000] {logging_mixin.py:190} INFO - [2024-11-20T21:59:12.833+0000] {override.py:1911} INFO - Created Permission View: can read on DAG:example_skip_dag
[2024-11-20T21:59:12.846+0000] {logging_mixin.py:190} INFO - [2024-11-20T21:59:12.845+0000] {override.py:1911} INFO - Created Permission View: can delete on DAG:example_skip_dag
[2024-11-20T21:59:12.858+0000] {logging_mixin.py:190} INFO - [2024-11-20T21:59:12.858+0000] {override.py:1911} INFO - Created Permission View: can edit on DAG:example_skip_dag
[2024-11-20T21:59:12.885+0000] {logging_mixin.py:190} INFO - [2024-11-20T21:59:12.885+0000] {override.py:1911} INFO - Created Permission View: can read on DAG Run:example_skip_dag
[2024-11-20T21:59:12.902+0000] {logging_mixin.py:190} INFO - [2024-11-20T21:59:12.901+0000] {override.py:1911} INFO - Created Permission View: can delete on DAG Run:example_skip_dag
[2024-11-20T21:59:12.916+0000] {logging_mixin.py:190} INFO - [2024-11-20T21:59:12.915+0000] {override.py:1911} INFO - Created Permission View: can create on DAG Run:example_skip_dag
[2024-11-20T21:59:12.930+0000] {logging_mixin.py:190} INFO - [2024-11-20T21:59:12.929+0000] {override.py:1911} INFO - Created Permission View: menu access on DAG Run:example_skip_dag
[2024-11-20T21:59:12.931+0000] {logging_mixin.py:190} INFO - [2024-11-20T21:59:12.930+0000] {dag.py:3239} INFO - Sync 1 DAGs
[2024-11-20T21:59:12.944+0000] {logging_mixin.py:190} INFO - [2024-11-20T21:59:12.944+0000] {dag.py:3262} INFO - Creating ORM DAG for example_skip_dag
[2024-11-20T21:59:12.955+0000] {logging_mixin.py:190} INFO - [2024-11-20T21:59:12.954+0000] {dag.py:4180} INFO - Setting next_dagrun for example_skip_dag to 2024-11-19 00:00:00+00:00, run_after=2024-11-20 00:00:00+00:00
[2024-11-20T21:59:12.978+0000] {processor.py:208} INFO - Processing /home/airflow/.local/lib/python3.12/site-packages/airflow/example_dags/example_skip_dag.py took 0.297 seconds
[2024-11-20T21:59:43.866+0000] {processor.py:186} INFO - Started process (PID=664) to work on /home/airflow/.local/lib/python3.12/site-packages/airflow/example_dags/example_skip_dag.py
[2024-11-20T21:59:43.868+0000] {processor.py:914} INFO - Processing file /home/airflow/.local/lib/python3.12/site-packages/airflow/example_dags/example_skip_dag.py for tasks to queue
[2024-11-20T21:59:43.871+0000] {logging_mixin.py:190} INFO - [2024-11-20T21:59:43.871+0000] {dagbag.py:588} INFO - Filling up the DagBag from /home/airflow/.local/lib/python3.12/site-packages/airflow/example_dags/example_skip_dag.py
[2024-11-20T21:59:43.885+0000] {processor.py:925} INFO - DAG(s) 'example_skip_dag' retrieved from /home/airflow/.local/lib/python3.12/site-packages/airflow/example_dags/example_skip_dag.py
[2024-11-20T21:59:43.918+0000] {logging_mixin.py:190} INFO - [2024-11-20T21:59:43.918+0000] {dag.py:3239} INFO - Sync 1 DAGs
[2024-11-20T21:59:43.951+0000] {logging_mixin.py:190} INFO - [2024-11-20T21:59:43.951+0000] {dag.py:4180} INFO - Setting next_dagrun for example_skip_dag to 2024-11-19 00:00:00+00:00, run_after=2024-11-20 00:00:00+00:00
[2024-11-20T21:59:43.979+0000] {processor.py:208} INFO - Processing /home/airflow/.local/lib/python3.12/site-packages/airflow/example_dags/example_skip_dag.py took 0.127 seconds
[2024-11-20T22:00:15.837+0000] {processor.py:186} INFO - Started process (PID=955) to work on /home/airflow/.local/lib/python3.12/site-packages/airflow/example_dags/example_skip_dag.py
[2024-11-20T22:00:15.839+0000] {processor.py:914} INFO - Processing file /home/airflow/.local/lib/python3.12/site-packages/airflow/example_dags/example_skip_dag.py for tasks to queue
[2024-11-20T22:00:15.839+0000] {logging_mixin.py:190} INFO - [2024-11-20T22:00:15.839+0000] {dagbag.py:588} INFO - Filling up the DagBag from /home/airflow/.local/lib/python3.12/site-packages/airflow/example_dags/example_skip_dag.py
[2024-11-20T22:00:15.850+0000] {processor.py:925} INFO - DAG(s) 'example_skip_dag' retrieved from /home/airflow/.local/lib/python3.12/site-packages/airflow/example_dags/example_skip_dag.py
[2024-11-20T22:00:15.873+0000] {logging_mixin.py:190} INFO - [2024-11-20T22:00:15.872+0000] {dag.py:3239} INFO - Sync 1 DAGs
[2024-11-20T22:00:15.899+0000] {logging_mixin.py:190} INFO - [2024-11-20T22:00:15.899+0000] {dag.py:4180} INFO - Setting next_dagrun for example_skip_dag to 2024-11-19 00:00:00+00:00, run_after=2024-11-20 00:00:00+00:00
[2024-11-20T22:00:15.919+0000] {processor.py:208} INFO - Processing /home/airflow/.local/lib/python3.12/site-packages/airflow/example_dags/example_skip_dag.py took 0.091 seconds
