[2024-11-20T21:59:05.632+0000] {processor.py:186} INFO - Started process (PID=298) to work on /home/airflow/.local/lib/python3.12/site-packages/airflow/example_dags/example_branch_operator_decorator.py
[2024-11-20T21:59:05.633+0000] {processor.py:914} INFO - Processing file /home/airflow/.local/lib/python3.12/site-packages/airflow/example_dags/example_branch_operator_decorator.py for tasks to queue
[2024-11-20T21:59:05.636+0000] {logging_mixin.py:190} INFO - [2024-11-20T21:59:05.635+0000] {dagbag.py:588} INFO - Filling up the DagBag from /home/airflow/.local/lib/python3.12/site-packages/airflow/example_dags/example_branch_operator_decorator.py
[2024-11-20T21:59:05.663+0000] {processor.py:925} INFO - DAG(s) 'example_branch_python_operator_decorator' retrieved from /home/airflow/.local/lib/python3.12/site-packages/airflow/example_dags/example_branch_operator_decorator.py
[2024-11-20T21:59:06.015+0000] {logging_mixin.py:190} INFO - [2024-11-20T21:59:06.013+0000] {override.py:1911} INFO - Created Permission View: can read on DAG:example_branch_python_operator_decorator
[2024-11-20T21:59:06.036+0000] {logging_mixin.py:190} INFO - [2024-11-20T21:59:06.036+0000] {override.py:1911} INFO - Created Permission View: can delete on DAG:example_branch_python_operator_decorator
[2024-11-20T21:59:06.048+0000] {logging_mixin.py:190} INFO - [2024-11-20T21:59:06.047+0000] {override.py:1911} INFO - Created Permission View: can edit on DAG:example_branch_python_operator_decorator
[2024-11-20T21:59:06.064+0000] {logging_mixin.py:190} INFO - [2024-11-20T21:59:06.064+0000] {override.py:1911} INFO - Created Permission View: can read on DAG Run:example_branch_python_operator_decorator
[2024-11-20T21:59:06.076+0000] {logging_mixin.py:190} INFO - [2024-11-20T21:59:06.075+0000] {override.py:1911} INFO - Created Permission View: can delete on DAG Run:example_branch_python_operator_decorator
[2024-11-20T21:59:06.086+0000] {logging_mixin.py:190} INFO - [2024-11-20T21:59:06.085+0000] {override.py:1911} INFO - Created Permission View: can create on DAG Run:example_branch_python_operator_decorator
[2024-11-20T21:59:06.098+0000] {logging_mixin.py:190} INFO - [2024-11-20T21:59:06.097+0000] {override.py:1911} INFO - Created Permission View: menu access on DAG Run:example_branch_python_operator_decorator
[2024-11-20T21:59:06.099+0000] {logging_mixin.py:190} INFO - [2024-11-20T21:59:06.099+0000] {dag.py:3239} INFO - Sync 1 DAGs
[2024-11-20T21:59:06.156+0000] {logging_mixin.py:190} INFO - [2024-11-20T21:59:06.156+0000] {dag.py:3262} INFO - Creating ORM DAG for example_branch_python_operator_decorator
[2024-11-20T21:59:06.188+0000] {logging_mixin.py:190} INFO - [2024-11-20T21:59:06.188+0000] {dag.py:4180} INFO - Setting next_dagrun for example_branch_python_operator_decorator to 2024-11-19 00:00:00+00:00, run_after=2024-11-20 00:00:00+00:00
[2024-11-20T21:59:06.226+0000] {processor.py:208} INFO - Processing /home/airflow/.local/lib/python3.12/site-packages/airflow/example_dags/example_branch_operator_decorator.py took 0.601 seconds
[2024-11-20T21:59:36.330+0000] {processor.py:186} INFO - Started process (PID=586) to work on /home/airflow/.local/lib/python3.12/site-packages/airflow/example_dags/example_branch_operator_decorator.py
[2024-11-20T21:59:36.331+0000] {processor.py:914} INFO - Processing file /home/airflow/.local/lib/python3.12/site-packages/airflow/example_dags/example_branch_operator_decorator.py for tasks to queue
[2024-11-20T21:59:36.333+0000] {logging_mixin.py:190} INFO - [2024-11-20T21:59:36.333+0000] {dagbag.py:588} INFO - Filling up the DagBag from /home/airflow/.local/lib/python3.12/site-packages/airflow/example_dags/example_branch_operator_decorator.py
[2024-11-20T21:59:36.357+0000] {processor.py:925} INFO - DAG(s) 'example_branch_python_operator_decorator' retrieved from /home/airflow/.local/lib/python3.12/site-packages/airflow/example_dags/example_branch_operator_decorator.py
[2024-11-20T21:59:36.383+0000] {logging_mixin.py:190} INFO - [2024-11-20T21:59:36.383+0000] {dag.py:3239} INFO - Sync 1 DAGs
[2024-11-20T21:59:36.408+0000] {logging_mixin.py:190} INFO - [2024-11-20T21:59:36.408+0000] {dag.py:4180} INFO - Setting next_dagrun for example_branch_python_operator_decorator to 2024-11-19 00:00:00+00:00, run_after=2024-11-20 00:00:00+00:00
[2024-11-20T21:59:36.427+0000] {processor.py:208} INFO - Processing /home/airflow/.local/lib/python3.12/site-packages/airflow/example_dags/example_branch_operator_decorator.py took 0.104 seconds
[2024-11-20T22:00:06.575+0000] {processor.py:186} INFO - Started process (PID=877) to work on /home/airflow/.local/lib/python3.12/site-packages/airflow/example_dags/example_branch_operator_decorator.py
[2024-11-20T22:00:06.577+0000] {processor.py:914} INFO - Processing file /home/airflow/.local/lib/python3.12/site-packages/airflow/example_dags/example_branch_operator_decorator.py for tasks to queue
[2024-11-20T22:00:06.579+0000] {logging_mixin.py:190} INFO - [2024-11-20T22:00:06.579+0000] {dagbag.py:588} INFO - Filling up the DagBag from /home/airflow/.local/lib/python3.12/site-packages/airflow/example_dags/example_branch_operator_decorator.py
[2024-11-20T22:00:06.619+0000] {processor.py:925} INFO - DAG(s) 'example_branch_python_operator_decorator' retrieved from /home/airflow/.local/lib/python3.12/site-packages/airflow/example_dags/example_branch_operator_decorator.py
[2024-11-20T22:00:06.658+0000] {logging_mixin.py:190} INFO - [2024-11-20T22:00:06.657+0000] {dag.py:3239} INFO - Sync 1 DAGs
[2024-11-20T22:00:06.705+0000] {logging_mixin.py:190} INFO - [2024-11-20T22:00:06.705+0000] {dag.py:4180} INFO - Setting next_dagrun for example_branch_python_operator_decorator to 2024-11-19 00:00:00+00:00, run_after=2024-11-20 00:00:00+00:00
[2024-11-20T22:00:06.739+0000] {processor.py:208} INFO - Processing /home/airflow/.local/lib/python3.12/site-packages/airflow/example_dags/example_branch_operator_decorator.py took 0.172 seconds
[2024-11-20T22:00:37.594+0000] {processor.py:186} INFO - Started process (PID=1168) to work on /home/airflow/.local/lib/python3.12/site-packages/airflow/example_dags/example_branch_operator_decorator.py
[2024-11-20T22:00:37.595+0000] {processor.py:914} INFO - Processing file /home/airflow/.local/lib/python3.12/site-packages/airflow/example_dags/example_branch_operator_decorator.py for tasks to queue
[2024-11-20T22:00:37.597+0000] {logging_mixin.py:190} INFO - [2024-11-20T22:00:37.597+0000] {dagbag.py:588} INFO - Filling up the DagBag from /home/airflow/.local/lib/python3.12/site-packages/airflow/example_dags/example_branch_operator_decorator.py
[2024-11-20T22:00:37.624+0000] {processor.py:925} INFO - DAG(s) 'example_branch_python_operator_decorator' retrieved from /home/airflow/.local/lib/python3.12/site-packages/airflow/example_dags/example_branch_operator_decorator.py
[2024-11-20T22:00:37.655+0000] {logging_mixin.py:190} INFO - [2024-11-20T22:00:37.654+0000] {dag.py:3239} INFO - Sync 1 DAGs
[2024-11-20T22:00:37.685+0000] {logging_mixin.py:190} INFO - [2024-11-20T22:00:37.685+0000] {dag.py:4180} INFO - Setting next_dagrun for example_branch_python_operator_decorator to 2024-11-19 00:00:00+00:00, run_after=2024-11-20 00:00:00+00:00
[2024-11-20T22:00:37.709+0000] {processor.py:208} INFO - Processing /home/airflow/.local/lib/python3.12/site-packages/airflow/example_dags/example_branch_operator_decorator.py took 0.122 seconds
