[2024-11-20T21:59:10.037+0000] {processor.py:186} INFO - Started process (PID=328) to work on /home/airflow/.local/lib/python3.12/site-packages/airflow/example_dags/example_kubernetes_executor.py
[2024-11-20T21:59:10.038+0000] {processor.py:914} INFO - Processing file /home/airflow/.local/lib/python3.12/site-packages/airflow/example_dags/example_kubernetes_executor.py for tasks to queue
[2024-11-20T21:59:10.041+0000] {logging_mixin.py:190} INFO - [2024-11-20T21:59:10.040+0000] {dagbag.py:588} INFO - Filling up the DagBag from /home/airflow/.local/lib/python3.12/site-packages/airflow/example_dags/example_kubernetes_executor.py
[2024-11-20T21:59:10.211+0000] {processor.py:925} INFO - DAG(s) 'example_kubernetes_executor' retrieved from /home/airflow/.local/lib/python3.12/site-packages/airflow/example_dags/example_kubernetes_executor.py
[2024-11-20T21:59:10.406+0000] {logging_mixin.py:190} INFO - [2024-11-20T21:59:10.404+0000] {override.py:1911} INFO - Created Permission View: can read on DAG:example_kubernetes_executor
[2024-11-20T21:59:10.424+0000] {logging_mixin.py:190} INFO - [2024-11-20T21:59:10.424+0000] {override.py:1911} INFO - Created Permission View: can delete on DAG:example_kubernetes_executor
[2024-11-20T21:59:10.437+0000] {logging_mixin.py:190} INFO - [2024-11-20T21:59:10.437+0000] {override.py:1911} INFO - Created Permission View: can edit on DAG:example_kubernetes_executor
[2024-11-20T21:59:10.456+0000] {logging_mixin.py:190} INFO - [2024-11-20T21:59:10.455+0000] {override.py:1911} INFO - Created Permission View: can read on DAG Run:example_kubernetes_executor
[2024-11-20T21:59:10.466+0000] {logging_mixin.py:190} INFO - [2024-11-20T21:59:10.466+0000] {override.py:1911} INFO - Created Permission View: can delete on DAG Run:example_kubernetes_executor
[2024-11-20T21:59:10.477+0000] {logging_mixin.py:190} INFO - [2024-11-20T21:59:10.477+0000] {override.py:1911} INFO - Created Permission View: can create on DAG Run:example_kubernetes_executor
[2024-11-20T21:59:10.487+0000] {logging_mixin.py:190} INFO - [2024-11-20T21:59:10.487+0000] {override.py:1911} INFO - Created Permission View: menu access on DAG Run:example_kubernetes_executor
[2024-11-20T21:59:10.488+0000] {logging_mixin.py:190} INFO - [2024-11-20T21:59:10.488+0000] {dag.py:3239} INFO - Sync 1 DAGs
[2024-11-20T21:59:10.503+0000] {logging_mixin.py:190} INFO - [2024-11-20T21:59:10.503+0000] {dag.py:3262} INFO - Creating ORM DAG for example_kubernetes_executor
[2024-11-20T21:59:10.504+0000] {logging_mixin.py:190} INFO - [2024-11-20T21:59:10.504+0000] {dag.py:4180} INFO - Setting next_dagrun for example_kubernetes_executor to None, run_after=None
[2024-11-20T21:59:10.528+0000] {processor.py:208} INFO - Processing /home/airflow/.local/lib/python3.12/site-packages/airflow/example_dags/example_kubernetes_executor.py took 0.498 seconds
[2024-11-20T21:59:40.632+0000] {processor.py:186} INFO - Started process (PID=614) to work on /home/airflow/.local/lib/python3.12/site-packages/airflow/example_dags/example_kubernetes_executor.py
[2024-11-20T21:59:40.633+0000] {processor.py:914} INFO - Processing file /home/airflow/.local/lib/python3.12/site-packages/airflow/example_dags/example_kubernetes_executor.py for tasks to queue
[2024-11-20T21:59:40.635+0000] {logging_mixin.py:190} INFO - [2024-11-20T21:59:40.635+0000] {dagbag.py:588} INFO - Filling up the DagBag from /home/airflow/.local/lib/python3.12/site-packages/airflow/example_dags/example_kubernetes_executor.py
[2024-11-20T21:59:40.651+0000] {processor.py:925} INFO - DAG(s) 'example_kubernetes_executor' retrieved from /home/airflow/.local/lib/python3.12/site-packages/airflow/example_dags/example_kubernetes_executor.py
[2024-11-20T21:59:40.696+0000] {logging_mixin.py:190} INFO - [2024-11-20T21:59:40.696+0000] {dag.py:3239} INFO - Sync 1 DAGs
[2024-11-20T21:59:40.715+0000] {logging_mixin.py:190} INFO - [2024-11-20T21:59:40.715+0000] {dag.py:4180} INFO - Setting next_dagrun for example_kubernetes_executor to None, run_after=None
[2024-11-20T21:59:40.752+0000] {processor.py:208} INFO - Processing /home/airflow/.local/lib/python3.12/site-packages/airflow/example_dags/example_kubernetes_executor.py took 0.126 seconds
[2024-11-20T22:00:10.983+0000] {processor.py:186} INFO - Started process (PID=902) to work on /home/airflow/.local/lib/python3.12/site-packages/airflow/example_dags/example_kubernetes_executor.py
[2024-11-20T22:00:10.984+0000] {processor.py:914} INFO - Processing file /home/airflow/.local/lib/python3.12/site-packages/airflow/example_dags/example_kubernetes_executor.py for tasks to queue
[2024-11-20T22:00:10.989+0000] {logging_mixin.py:190} INFO - [2024-11-20T22:00:10.989+0000] {dagbag.py:588} INFO - Filling up the DagBag from /home/airflow/.local/lib/python3.12/site-packages/airflow/example_dags/example_kubernetes_executor.py
[2024-11-20T22:00:11.011+0000] {processor.py:925} INFO - DAG(s) 'example_kubernetes_executor' retrieved from /home/airflow/.local/lib/python3.12/site-packages/airflow/example_dags/example_kubernetes_executor.py
[2024-11-20T22:00:11.057+0000] {logging_mixin.py:190} INFO - [2024-11-20T22:00:11.057+0000] {dag.py:3239} INFO - Sync 1 DAGs
[2024-11-20T22:00:11.079+0000] {logging_mixin.py:190} INFO - [2024-11-20T22:00:11.078+0000] {dag.py:4180} INFO - Setting next_dagrun for example_kubernetes_executor to None, run_after=None
[2024-11-20T22:00:11.107+0000] {processor.py:208} INFO - Processing /home/airflow/.local/lib/python3.12/site-packages/airflow/example_dags/example_kubernetes_executor.py took 0.134 seconds
[2024-11-20T22:00:41.931+0000] {processor.py:186} INFO - Started process (PID=1191) to work on /home/airflow/.local/lib/python3.12/site-packages/airflow/example_dags/example_kubernetes_executor.py
[2024-11-20T22:00:41.938+0000] {processor.py:914} INFO - Processing file /home/airflow/.local/lib/python3.12/site-packages/airflow/example_dags/example_kubernetes_executor.py for tasks to queue
[2024-11-20T22:00:41.958+0000] {logging_mixin.py:190} INFO - [2024-11-20T22:00:41.956+0000] {dagbag.py:588} INFO - Filling up the DagBag from /home/airflow/.local/lib/python3.12/site-packages/airflow/example_dags/example_kubernetes_executor.py
[2024-11-20T22:00:42.045+0000] {processor.py:925} INFO - DAG(s) 'example_kubernetes_executor' retrieved from /home/airflow/.local/lib/python3.12/site-packages/airflow/example_dags/example_kubernetes_executor.py
[2024-11-20T22:00:42.229+0000] {logging_mixin.py:190} INFO - [2024-11-20T22:00:42.228+0000] {dag.py:3239} INFO - Sync 1 DAGs
[2024-11-20T22:00:42.248+0000] {logging_mixin.py:190} INFO - [2024-11-20T22:00:42.248+0000] {dag.py:4180} INFO - Setting next_dagrun for example_kubernetes_executor to None, run_after=None
[2024-11-20T22:00:42.276+0000] {processor.py:208} INFO - Processing /home/airflow/.local/lib/python3.12/site-packages/airflow/example_dags/example_kubernetes_executor.py took 0.358 seconds
