[2024-11-20T21:59:11.267+0000] {processor.py:186} INFO - Started process (PID=348) to work on /home/airflow/.local/lib/python3.12/site-packages/airflow/example_dags/example_outlet_event_extra.py
[2024-11-20T21:59:11.269+0000] {processor.py:914} INFO - Processing file /home/airflow/.local/lib/python3.12/site-packages/airflow/example_dags/example_outlet_event_extra.py for tasks to queue
[2024-11-20T21:59:11.273+0000] {logging_mixin.py:190} INFO - [2024-11-20T21:59:11.272+0000] {dagbag.py:588} INFO - Filling up the DagBag from /home/airflow/.local/lib/python3.12/site-packages/airflow/example_dags/example_outlet_event_extra.py
[2024-11-20T21:59:11.993+0000] {processor.py:925} INFO - DAG(s) 'dataset_with_extra_from_classic_operator', 'dataset_with_extra_by_context', 'dataset_with_extra_by_yield' retrieved from /home/airflow/.local/lib/python3.12/site-packages/airflow/example_dags/example_outlet_event_extra.py
[2024-11-20T21:59:12.122+0000] {logging_mixin.py:190} INFO - [2024-11-20T21:59:12.122+0000] {override.py:1911} INFO - Created Permission View: can read on DAG:dataset_with_extra_from_classic_operator
[2024-11-20T21:59:12.138+0000] {logging_mixin.py:190} INFO - [2024-11-20T21:59:12.137+0000] {override.py:1911} INFO - Created Permission View: can delete on DAG:dataset_with_extra_from_classic_operator
[2024-11-20T21:59:12.154+0000] {logging_mixin.py:190} INFO - [2024-11-20T21:59:12.154+0000] {override.py:1911} INFO - Created Permission View: can edit on DAG:dataset_with_extra_from_classic_operator
[2024-11-20T21:59:12.179+0000] {logging_mixin.py:190} INFO - [2024-11-20T21:59:12.178+0000] {override.py:1911} INFO - Created Permission View: can read on DAG Run:dataset_with_extra_from_classic_operator
[2024-11-20T21:59:12.195+0000] {logging_mixin.py:190} INFO - [2024-11-20T21:59:12.195+0000] {override.py:1911} INFO - Created Permission View: can delete on DAG Run:dataset_with_extra_from_classic_operator
[2024-11-20T21:59:12.207+0000] {logging_mixin.py:190} INFO - [2024-11-20T21:59:12.207+0000] {override.py:1911} INFO - Created Permission View: can create on DAG Run:dataset_with_extra_from_classic_operator
[2024-11-20T21:59:12.219+0000] {logging_mixin.py:190} INFO - [2024-11-20T21:59:12.219+0000] {override.py:1911} INFO - Created Permission View: menu access on DAG Run:dataset_with_extra_from_classic_operator
[2024-11-20T21:59:12.244+0000] {logging_mixin.py:190} INFO - [2024-11-20T21:59:12.244+0000] {override.py:1911} INFO - Created Permission View: can read on DAG:dataset_with_extra_by_context
[2024-11-20T21:59:12.257+0000] {logging_mixin.py:190} INFO - [2024-11-20T21:59:12.257+0000] {override.py:1911} INFO - Created Permission View: can delete on DAG:dataset_with_extra_by_context
[2024-11-20T21:59:12.270+0000] {logging_mixin.py:190} INFO - [2024-11-20T21:59:12.270+0000] {override.py:1911} INFO - Created Permission View: can edit on DAG:dataset_with_extra_by_context
[2024-11-20T21:59:12.290+0000] {logging_mixin.py:190} INFO - [2024-11-20T21:59:12.289+0000] {override.py:1911} INFO - Created Permission View: can read on DAG Run:dataset_with_extra_by_context
[2024-11-20T21:59:12.305+0000] {logging_mixin.py:190} INFO - [2024-11-20T21:59:12.304+0000] {override.py:1911} INFO - Created Permission View: can delete on DAG Run:dataset_with_extra_by_context
[2024-11-20T21:59:12.319+0000] {logging_mixin.py:190} INFO - [2024-11-20T21:59:12.318+0000] {override.py:1911} INFO - Created Permission View: can create on DAG Run:dataset_with_extra_by_context
[2024-11-20T21:59:12.332+0000] {logging_mixin.py:190} INFO - [2024-11-20T21:59:12.332+0000] {override.py:1911} INFO - Created Permission View: menu access on DAG Run:dataset_with_extra_by_context
[2024-11-20T21:59:12.357+0000] {logging_mixin.py:190} INFO - [2024-11-20T21:59:12.357+0000] {override.py:1911} INFO - Created Permission View: can read on DAG:dataset_with_extra_by_yield
[2024-11-20T21:59:12.368+0000] {logging_mixin.py:190} INFO - [2024-11-20T21:59:12.367+0000] {override.py:1911} INFO - Created Permission View: can delete on DAG:dataset_with_extra_by_yield
[2024-11-20T21:59:12.382+0000] {logging_mixin.py:190} INFO - [2024-11-20T21:59:12.381+0000] {override.py:1911} INFO - Created Permission View: can edit on DAG:dataset_with_extra_by_yield
[2024-11-20T21:59:12.404+0000] {logging_mixin.py:190} INFO - [2024-11-20T21:59:12.404+0000] {override.py:1911} INFO - Created Permission View: can read on DAG Run:dataset_with_extra_by_yield
[2024-11-20T21:59:12.415+0000] {logging_mixin.py:190} INFO - [2024-11-20T21:59:12.415+0000] {override.py:1911} INFO - Created Permission View: can delete on DAG Run:dataset_with_extra_by_yield
[2024-11-20T21:59:12.427+0000] {logging_mixin.py:190} INFO - [2024-11-20T21:59:12.427+0000] {override.py:1911} INFO - Created Permission View: can create on DAG Run:dataset_with_extra_by_yield
[2024-11-20T21:59:12.438+0000] {logging_mixin.py:190} INFO - [2024-11-20T21:59:12.438+0000] {override.py:1911} INFO - Created Permission View: menu access on DAG Run:dataset_with_extra_by_yield
[2024-11-20T21:59:12.439+0000] {logging_mixin.py:190} INFO - [2024-11-20T21:59:12.438+0000] {dag.py:3239} INFO - Sync 3 DAGs
[2024-11-20T21:59:12.458+0000] {logging_mixin.py:190} INFO - [2024-11-20T21:59:12.456+0000] {dag.py:3262} INFO - Creating ORM DAG for dataset_with_extra_from_classic_operator
[2024-11-20T21:59:12.459+0000] {logging_mixin.py:190} INFO - [2024-11-20T21:59:12.459+0000] {dag.py:3262} INFO - Creating ORM DAG for dataset_with_extra_by_yield
[2024-11-20T21:59:12.460+0000] {logging_mixin.py:190} INFO - [2024-11-20T21:59:12.460+0000] {dag.py:3262} INFO - Creating ORM DAG for dataset_with_extra_by_context
[2024-11-20T21:59:12.472+0000] {logging_mixin.py:190} INFO - [2024-11-20T21:59:12.472+0000] {dag.py:4180} INFO - Setting next_dagrun for dataset_with_extra_by_context to 2024-11-19 00:00:00+00:00, run_after=2024-11-20 00:00:00+00:00
[2024-11-20T21:59:12.474+0000] {logging_mixin.py:190} INFO - [2024-11-20T21:59:12.474+0000] {dag.py:4180} INFO - Setting next_dagrun for dataset_with_extra_by_yield to 2024-11-19 00:00:00+00:00, run_after=2024-11-20 00:00:00+00:00
[2024-11-20T21:59:12.477+0000] {logging_mixin.py:190} INFO - [2024-11-20T21:59:12.476+0000] {dag.py:4180} INFO - Setting next_dagrun for dataset_with_extra_from_classic_operator to 2024-11-19 00:00:00+00:00, run_after=2024-11-20 00:00:00+00:00
[2024-11-20T21:59:12.515+0000] {processor.py:208} INFO - Processing /home/airflow/.local/lib/python3.12/site-packages/airflow/example_dags/example_outlet_event_extra.py took 1.257 seconds
[2024-11-20T21:59:42.793+0000] {processor.py:186} INFO - Started process (PID=639) to work on /home/airflow/.local/lib/python3.12/site-packages/airflow/example_dags/example_outlet_event_extra.py
[2024-11-20T21:59:42.796+0000] {processor.py:914} INFO - Processing file /home/airflow/.local/lib/python3.12/site-packages/airflow/example_dags/example_outlet_event_extra.py for tasks to queue
[2024-11-20T21:59:42.800+0000] {logging_mixin.py:190} INFO - [2024-11-20T21:59:42.799+0000] {dagbag.py:588} INFO - Filling up the DagBag from /home/airflow/.local/lib/python3.12/site-packages/airflow/example_dags/example_outlet_event_extra.py
[2024-11-20T21:59:43.686+0000] {processor.py:925} INFO - DAG(s) 'dataset_with_extra_by_yield', 'dataset_with_extra_from_classic_operator', 'dataset_with_extra_by_context' retrieved from /home/airflow/.local/lib/python3.12/site-packages/airflow/example_dags/example_outlet_event_extra.py
[2024-11-20T21:59:43.721+0000] {logging_mixin.py:190} INFO - [2024-11-20T21:59:43.721+0000] {dag.py:3239} INFO - Sync 3 DAGs
[2024-11-20T21:59:43.758+0000] {logging_mixin.py:190} INFO - [2024-11-20T21:59:43.757+0000] {dag.py:4180} INFO - Setting next_dagrun for dataset_with_extra_by_context to 2024-11-19 00:00:00+00:00, run_after=2024-11-20 00:00:00+00:00
[2024-11-20T21:59:43.767+0000] {logging_mixin.py:190} INFO - [2024-11-20T21:59:43.767+0000] {dag.py:4180} INFO - Setting next_dagrun for dataset_with_extra_by_yield to 2024-11-19 00:00:00+00:00, run_after=2024-11-20 00:00:00+00:00
[2024-11-20T21:59:43.771+0000] {logging_mixin.py:190} INFO - [2024-11-20T21:59:43.771+0000] {dag.py:4180} INFO - Setting next_dagrun for dataset_with_extra_from_classic_operator to 2024-11-19 00:00:00+00:00, run_after=2024-11-20 00:00:00+00:00
[2024-11-20T21:59:43.803+0000] {processor.py:208} INFO - Processing /home/airflow/.local/lib/python3.12/site-packages/airflow/example_dags/example_outlet_event_extra.py took 1.018 seconds
[2024-11-20T22:00:13.882+0000] {processor.py:186} INFO - Started process (PID=930) to work on /home/airflow/.local/lib/python3.12/site-packages/airflow/example_dags/example_outlet_event_extra.py
[2024-11-20T22:00:13.883+0000] {processor.py:914} INFO - Processing file /home/airflow/.local/lib/python3.12/site-packages/airflow/example_dags/example_outlet_event_extra.py for tasks to queue
[2024-11-20T22:00:13.887+0000] {logging_mixin.py:190} INFO - [2024-11-20T22:00:13.886+0000] {dagbag.py:588} INFO - Filling up the DagBag from /home/airflow/.local/lib/python3.12/site-packages/airflow/example_dags/example_outlet_event_extra.py
[2024-11-20T22:00:15.509+0000] {processor.py:925} INFO - DAG(s) 'dataset_with_extra_by_context', 'dataset_with_extra_by_yield', 'dataset_with_extra_from_classic_operator' retrieved from /home/airflow/.local/lib/python3.12/site-packages/airflow/example_dags/example_outlet_event_extra.py
[2024-11-20T22:00:15.539+0000] {logging_mixin.py:190} INFO - [2024-11-20T22:00:15.539+0000] {dag.py:3239} INFO - Sync 3 DAGs
[2024-11-20T22:00:15.571+0000] {logging_mixin.py:190} INFO - [2024-11-20T22:00:15.571+0000] {dag.py:4180} INFO - Setting next_dagrun for dataset_with_extra_by_context to 2024-11-19 00:00:00+00:00, run_after=2024-11-20 00:00:00+00:00
[2024-11-20T22:00:15.577+0000] {logging_mixin.py:190} INFO - [2024-11-20T22:00:15.577+0000] {dag.py:4180} INFO - Setting next_dagrun for dataset_with_extra_by_yield to 2024-11-19 00:00:00+00:00, run_after=2024-11-20 00:00:00+00:00
[2024-11-20T22:00:15.581+0000] {logging_mixin.py:190} INFO - [2024-11-20T22:00:15.580+0000] {dag.py:4180} INFO - Setting next_dagrun for dataset_with_extra_from_classic_operator to 2024-11-19 00:00:00+00:00, run_after=2024-11-20 00:00:00+00:00
[2024-11-20T22:00:15.608+0000] {processor.py:208} INFO - Processing /home/airflow/.local/lib/python3.12/site-packages/airflow/example_dags/example_outlet_event_extra.py took 1.734 seconds
[2024-11-20T22:00:46.045+0000] {processor.py:186} INFO - Started process (PID=1224) to work on /home/airflow/.local/lib/python3.12/site-packages/airflow/example_dags/example_outlet_event_extra.py
[2024-11-20T22:00:46.072+0000] {processor.py:914} INFO - Processing file /home/airflow/.local/lib/python3.12/site-packages/airflow/example_dags/example_outlet_event_extra.py for tasks to queue
[2024-11-20T22:00:46.121+0000] {logging_mixin.py:190} INFO - [2024-11-20T22:00:46.119+0000] {dagbag.py:588} INFO - Filling up the DagBag from /home/airflow/.local/lib/python3.12/site-packages/airflow/example_dags/example_outlet_event_extra.py
[2024-11-20T22:00:50.362+0000] {logging_mixin.py:190} INFO - [2024-11-20T22:00:50.360+0000] {process_utils.py:266} INFO - Waiting up to 5 seconds for processes to exit...
