[2024-11-20T21:59:15.727+0000] {processor.py:186} INFO - Started process (PID=438) to work on /home/airflow/.local/lib/python3.12/site-packages/airflow/example_dags/example_xcom.py
[2024-11-20T21:59:15.728+0000] {processor.py:914} INFO - Processing file /home/airflow/.local/lib/python3.12/site-packages/airflow/example_dags/example_xcom.py for tasks to queue
[2024-11-20T21:59:15.730+0000] {logging_mixin.py:190} INFO - [2024-11-20T21:59:15.730+0000] {dagbag.py:588} INFO - Filling up the DagBag from /home/airflow/.local/lib/python3.12/site-packages/airflow/example_dags/example_xcom.py
[2024-11-20T21:59:15.741+0000] {processor.py:925} INFO - DAG(s) 'example_xcom' retrieved from /home/airflow/.local/lib/python3.12/site-packages/airflow/example_dags/example_xcom.py
[2024-11-20T21:59:15.871+0000] {logging_mixin.py:190} INFO - [2024-11-20T21:59:15.870+0000] {override.py:1911} INFO - Created Permission View: can read on DAG:example_xcom
[2024-11-20T21:59:15.887+0000] {logging_mixin.py:190} INFO - [2024-11-20T21:59:15.887+0000] {override.py:1911} INFO - Created Permission View: can delete on DAG:example_xcom
[2024-11-20T21:59:15.898+0000] {logging_mixin.py:190} INFO - [2024-11-20T21:59:15.898+0000] {override.py:1911} INFO - Created Permission View: can edit on DAG:example_xcom
[2024-11-20T21:59:15.915+0000] {logging_mixin.py:190} INFO - [2024-11-20T21:59:15.915+0000] {override.py:1911} INFO - Created Permission View: can read on DAG Run:example_xcom
[2024-11-20T21:59:15.926+0000] {logging_mixin.py:190} INFO - [2024-11-20T21:59:15.926+0000] {override.py:1911} INFO - Created Permission View: can delete on DAG Run:example_xcom
[2024-11-20T21:59:15.944+0000] {logging_mixin.py:190} INFO - [2024-11-20T21:59:15.944+0000] {override.py:1911} INFO - Created Permission View: can create on DAG Run:example_xcom
[2024-11-20T21:59:15.955+0000] {logging_mixin.py:190} INFO - [2024-11-20T21:59:15.955+0000] {override.py:1911} INFO - Created Permission View: menu access on DAG Run:example_xcom
[2024-11-20T21:59:15.956+0000] {logging_mixin.py:190} INFO - [2024-11-20T21:59:15.955+0000] {dag.py:3239} INFO - Sync 1 DAGs
[2024-11-20T21:59:15.970+0000] {logging_mixin.py:190} INFO - [2024-11-20T21:59:15.970+0000] {dag.py:3262} INFO - Creating ORM DAG for example_xcom
[2024-11-20T21:59:15.980+0000] {logging_mixin.py:190} INFO - [2024-11-20T21:59:15.980+0000] {dag.py:4180} INFO - Setting next_dagrun for example_xcom to 2021-01-01 00:00:00+00:00, run_after=2021-01-01 00:00:00+00:00
[2024-11-20T21:59:16.005+0000] {processor.py:208} INFO - Processing /home/airflow/.local/lib/python3.12/site-packages/airflow/example_dags/example_xcom.py took 0.286 seconds
[2024-11-20T21:59:46.733+0000] {processor.py:186} INFO - Started process (PID=729) to work on /home/airflow/.local/lib/python3.12/site-packages/airflow/example_dags/example_xcom.py
[2024-11-20T21:59:46.735+0000] {processor.py:914} INFO - Processing file /home/airflow/.local/lib/python3.12/site-packages/airflow/example_dags/example_xcom.py for tasks to queue
[2024-11-20T21:59:46.739+0000] {logging_mixin.py:190} INFO - [2024-11-20T21:59:46.739+0000] {dagbag.py:588} INFO - Filling up the DagBag from /home/airflow/.local/lib/python3.12/site-packages/airflow/example_dags/example_xcom.py
[2024-11-20T21:59:46.757+0000] {processor.py:925} INFO - DAG(s) 'example_xcom' retrieved from /home/airflow/.local/lib/python3.12/site-packages/airflow/example_dags/example_xcom.py
[2024-11-20T21:59:46.779+0000] {logging_mixin.py:190} INFO - [2024-11-20T21:59:46.779+0000] {dag.py:3239} INFO - Sync 1 DAGs
[2024-11-20T21:59:46.806+0000] {logging_mixin.py:190} INFO - [2024-11-20T21:59:46.806+0000] {dag.py:4180} INFO - Setting next_dagrun for example_xcom to 2021-01-01 00:00:00+00:00, run_after=2021-01-01 00:00:00+00:00
[2024-11-20T21:59:46.833+0000] {processor.py:208} INFO - Processing /home/airflow/.local/lib/python3.12/site-packages/airflow/example_dags/example_xcom.py took 0.109 seconds
[2024-11-20T22:00:17.225+0000] {processor.py:186} INFO - Started process (PID=1020) to work on /home/airflow/.local/lib/python3.12/site-packages/airflow/example_dags/example_xcom.py
[2024-11-20T22:00:17.227+0000] {processor.py:914} INFO - Processing file /home/airflow/.local/lib/python3.12/site-packages/airflow/example_dags/example_xcom.py for tasks to queue
[2024-11-20T22:00:17.230+0000] {logging_mixin.py:190} INFO - [2024-11-20T22:00:17.230+0000] {dagbag.py:588} INFO - Filling up the DagBag from /home/airflow/.local/lib/python3.12/site-packages/airflow/example_dags/example_xcom.py
[2024-11-20T22:00:17.240+0000] {processor.py:925} INFO - DAG(s) 'example_xcom' retrieved from /home/airflow/.local/lib/python3.12/site-packages/airflow/example_dags/example_xcom.py
[2024-11-20T22:00:17.264+0000] {logging_mixin.py:190} INFO - [2024-11-20T22:00:17.264+0000] {dag.py:3239} INFO - Sync 1 DAGs
[2024-11-20T22:00:17.288+0000] {logging_mixin.py:190} INFO - [2024-11-20T22:00:17.288+0000] {dag.py:4180} INFO - Setting next_dagrun for example_xcom to 2021-01-01 00:00:00+00:00, run_after=2021-01-01 00:00:00+00:00
[2024-11-20T22:00:17.317+0000] {processor.py:208} INFO - Processing /home/airflow/.local/lib/python3.12/site-packages/airflow/example_dags/example_xcom.py took 0.101 seconds
