[2024-11-20T21:59:00.532+0000] {processor.py:186} INFO - Started process (PID=238) to work on /home/airflow/.local/lib/python3.12/site-packages/airflow/example_dags/example_latest_only.py
[2024-11-20T21:59:00.533+0000] {processor.py:914} INFO - Processing file /home/airflow/.local/lib/python3.12/site-packages/airflow/example_dags/example_latest_only.py for tasks to queue
[2024-11-20T21:59:00.537+0000] {logging_mixin.py:190} INFO - [2024-11-20T21:59:00.537+0000] {dagbag.py:588} INFO - Filling up the DagBag from /home/airflow/.local/lib/python3.12/site-packages/airflow/example_dags/example_latest_only.py
[2024-11-20T21:59:00.549+0000] {processor.py:925} INFO - DAG(s) 'latest_only' retrieved from /home/airflow/.local/lib/python3.12/site-packages/airflow/example_dags/example_latest_only.py
[2024-11-20T21:59:00.803+0000] {logging_mixin.py:190} INFO - [2024-11-20T21:59:00.798+0000] {override.py:1911} INFO - Created Permission View: can read on DAG:latest_only
[2024-11-20T21:59:00.826+0000] {logging_mixin.py:190} INFO - [2024-11-20T21:59:00.826+0000] {override.py:1911} INFO - Created Permission View: can delete on DAG:latest_only
[2024-11-20T21:59:00.838+0000] {logging_mixin.py:190} INFO - [2024-11-20T21:59:00.838+0000] {override.py:1911} INFO - Created Permission View: can edit on DAG:latest_only
[2024-11-20T21:59:00.854+0000] {logging_mixin.py:190} INFO - [2024-11-20T21:59:00.853+0000] {override.py:1911} INFO - Created Permission View: can read on DAG Run:latest_only
[2024-11-20T21:59:00.870+0000] {logging_mixin.py:190} INFO - [2024-11-20T21:59:00.869+0000] {override.py:1911} INFO - Created Permission View: can delete on DAG Run:latest_only
[2024-11-20T21:59:00.884+0000] {logging_mixin.py:190} INFO - [2024-11-20T21:59:00.883+0000] {override.py:1911} INFO - Created Permission View: can create on DAG Run:latest_only
[2024-11-20T21:59:00.894+0000] {logging_mixin.py:190} INFO - [2024-11-20T21:59:00.894+0000] {override.py:1911} INFO - Created Permission View: menu access on DAG Run:latest_only
[2024-11-20T21:59:00.895+0000] {logging_mixin.py:190} INFO - [2024-11-20T21:59:00.895+0000] {dag.py:3239} INFO - Sync 1 DAGs
[2024-11-20T21:59:00.924+0000] {logging_mixin.py:190} INFO - [2024-11-20T21:59:00.924+0000] {dag.py:3262} INFO - Creating ORM DAG for latest_only
[2024-11-20T21:59:00.981+0000] {logging_mixin.py:190} INFO - [2024-11-20T21:59:00.981+0000] {dag.py:4180} INFO - Setting next_dagrun for latest_only to 2024-11-20 16:00:00+00:00, run_after=2024-11-20 20:00:00+00:00
[2024-11-20T21:59:01.032+0000] {processor.py:208} INFO - Processing /home/airflow/.local/lib/python3.12/site-packages/airflow/example_dags/example_latest_only.py took 0.518 seconds
[2024-11-20T21:59:31.772+0000] {processor.py:186} INFO - Started process (PID=529) to work on /home/airflow/.local/lib/python3.12/site-packages/airflow/example_dags/example_latest_only.py
[2024-11-20T21:59:31.775+0000] {processor.py:914} INFO - Processing file /home/airflow/.local/lib/python3.12/site-packages/airflow/example_dags/example_latest_only.py for tasks to queue
[2024-11-20T21:59:31.805+0000] {logging_mixin.py:190} INFO - [2024-11-20T21:59:31.804+0000] {dagbag.py:588} INFO - Filling up the DagBag from /home/airflow/.local/lib/python3.12/site-packages/airflow/example_dags/example_latest_only.py
[2024-11-20T21:59:31.850+0000] {processor.py:925} INFO - DAG(s) 'latest_only' retrieved from /home/airflow/.local/lib/python3.12/site-packages/airflow/example_dags/example_latest_only.py
[2024-11-20T21:59:31.905+0000] {logging_mixin.py:190} INFO - [2024-11-20T21:59:31.904+0000] {dag.py:3239} INFO - Sync 1 DAGs
[2024-11-20T21:59:32.045+0000] {logging_mixin.py:190} INFO - [2024-11-20T21:59:32.044+0000] {dag.py:4180} INFO - Setting next_dagrun for latest_only to 2024-11-20 16:00:00+00:00, run_after=2024-11-20 20:00:00+00:00
[2024-11-20T21:59:32.100+0000] {processor.py:208} INFO - Processing /home/airflow/.local/lib/python3.12/site-packages/airflow/example_dags/example_latest_only.py took 0.350 seconds
[2024-11-20T22:00:02.254+0000] {processor.py:186} INFO - Started process (PID=820) to work on /home/airflow/.local/lib/python3.12/site-packages/airflow/example_dags/example_latest_only.py
[2024-11-20T22:00:02.256+0000] {processor.py:914} INFO - Processing file /home/airflow/.local/lib/python3.12/site-packages/airflow/example_dags/example_latest_only.py for tasks to queue
[2024-11-20T22:00:02.258+0000] {logging_mixin.py:190} INFO - [2024-11-20T22:00:02.258+0000] {dagbag.py:588} INFO - Filling up the DagBag from /home/airflow/.local/lib/python3.12/site-packages/airflow/example_dags/example_latest_only.py
[2024-11-20T22:00:02.268+0000] {processor.py:925} INFO - DAG(s) 'latest_only' retrieved from /home/airflow/.local/lib/python3.12/site-packages/airflow/example_dags/example_latest_only.py
[2024-11-20T22:00:02.291+0000] {logging_mixin.py:190} INFO - [2024-11-20T22:00:02.291+0000] {dag.py:3239} INFO - Sync 1 DAGs
[2024-11-20T22:00:02.319+0000] {logging_mixin.py:190} INFO - [2024-11-20T22:00:02.319+0000] {dag.py:4180} INFO - Setting next_dagrun for latest_only to 2024-11-20 16:00:00+00:00, run_after=2024-11-20 20:00:00+00:00
[2024-11-20T22:00:02.345+0000] {processor.py:208} INFO - Processing /home/airflow/.local/lib/python3.12/site-packages/airflow/example_dags/example_latest_only.py took 0.100 seconds
[2024-11-20T22:00:32.614+0000] {processor.py:186} INFO - Started process (PID=1111) to work on /home/airflow/.local/lib/python3.12/site-packages/airflow/example_dags/example_latest_only.py
[2024-11-20T22:00:32.615+0000] {processor.py:914} INFO - Processing file /home/airflow/.local/lib/python3.12/site-packages/airflow/example_dags/example_latest_only.py for tasks to queue
[2024-11-20T22:00:32.617+0000] {logging_mixin.py:190} INFO - [2024-11-20T22:00:32.617+0000] {dagbag.py:588} INFO - Filling up the DagBag from /home/airflow/.local/lib/python3.12/site-packages/airflow/example_dags/example_latest_only.py
[2024-11-20T22:00:32.625+0000] {processor.py:925} INFO - DAG(s) 'latest_only' retrieved from /home/airflow/.local/lib/python3.12/site-packages/airflow/example_dags/example_latest_only.py
[2024-11-20T22:00:32.646+0000] {logging_mixin.py:190} INFO - [2024-11-20T22:00:32.646+0000] {dag.py:3239} INFO - Sync 1 DAGs
[2024-11-20T22:00:32.676+0000] {logging_mixin.py:190} INFO - [2024-11-20T22:00:32.676+0000] {dag.py:4180} INFO - Setting next_dagrun for latest_only to 2024-11-20 16:00:00+00:00, run_after=2024-11-20 20:00:00+00:00
[2024-11-20T22:00:32.707+0000] {processor.py:208} INFO - Processing /home/airflow/.local/lib/python3.12/site-packages/airflow/example_dags/example_latest_only.py took 0.100 seconds
