[2024-11-20T21:59:02.874+0000] {processor.py:186} INFO - Started process (PID=273) to work on /home/airflow/.local/lib/python3.12/site-packages/airflow/example_dags/example_dataset_alias_with_no_taskflow.py
[2024-11-20T21:59:02.877+0000] {processor.py:914} INFO - Processing file /home/airflow/.local/lib/python3.12/site-packages/airflow/example_dags/example_dataset_alias_with_no_taskflow.py for tasks to queue
[2024-11-20T21:59:02.881+0000] {logging_mixin.py:190} INFO - [2024-11-20T21:59:02.880+0000] {dagbag.py:588} INFO - Filling up the DagBag from /home/airflow/.local/lib/python3.12/site-packages/airflow/example_dags/example_dataset_alias_with_no_taskflow.py
[2024-11-20T21:59:07.519+0000] {processor.py:925} INFO - DAG(s) 'dataset_s3_bucket_consumer_with_no_taskflow', 'dataset_alias_example_alias_consumer_with_no_taskflow', 'dataset_s3_bucket_producer_with_no_taskflow', 'dataset_alias_example_alias_producer_with_no_taskflow' retrieved from /home/airflow/.local/lib/python3.12/site-packages/airflow/example_dags/example_dataset_alias_with_no_taskflow.py
[2024-11-20T21:59:07.677+0000] {logging_mixin.py:190} INFO - [2024-11-20T21:59:07.673+0000] {override.py:1911} INFO - Created Permission View: can read on DAG:dataset_s3_bucket_consumer_with_no_taskflow
[2024-11-20T21:59:07.699+0000] {logging_mixin.py:190} INFO - [2024-11-20T21:59:07.698+0000] {override.py:1911} INFO - Created Permission View: can delete on DAG:dataset_s3_bucket_consumer_with_no_taskflow
[2024-11-20T21:59:07.709+0000] {logging_mixin.py:190} INFO - [2024-11-20T21:59:07.709+0000] {override.py:1911} INFO - Created Permission View: can edit on DAG:dataset_s3_bucket_consumer_with_no_taskflow
[2024-11-20T21:59:07.723+0000] {logging_mixin.py:190} INFO - [2024-11-20T21:59:07.723+0000] {override.py:1911} INFO - Created Permission View: can read on DAG Run:dataset_s3_bucket_consumer_with_no_taskflow
[2024-11-20T21:59:07.732+0000] {logging_mixin.py:190} INFO - [2024-11-20T21:59:07.732+0000] {override.py:1911} INFO - Created Permission View: can delete on DAG Run:dataset_s3_bucket_consumer_with_no_taskflow
[2024-11-20T21:59:07.743+0000] {logging_mixin.py:190} INFO - [2024-11-20T21:59:07.743+0000] {override.py:1911} INFO - Created Permission View: can create on DAG Run:dataset_s3_bucket_consumer_with_no_taskflow
[2024-11-20T21:59:07.755+0000] {logging_mixin.py:190} INFO - [2024-11-20T21:59:07.754+0000] {override.py:1911} INFO - Created Permission View: menu access on DAG Run:dataset_s3_bucket_consumer_with_no_taskflow
[2024-11-20T21:59:07.776+0000] {logging_mixin.py:190} INFO - [2024-11-20T21:59:07.775+0000] {override.py:1911} INFO - Created Permission View: can read on DAG:dataset_alias_example_alias_consumer_with_no_taskflow
[2024-11-20T21:59:07.787+0000] {logging_mixin.py:190} INFO - [2024-11-20T21:59:07.786+0000] {override.py:1911} INFO - Created Permission View: can delete on DAG:dataset_alias_example_alias_consumer_with_no_taskflow
[2024-11-20T21:59:07.797+0000] {logging_mixin.py:190} INFO - [2024-11-20T21:59:07.796+0000] {override.py:1911} INFO - Created Permission View: can edit on DAG:dataset_alias_example_alias_consumer_with_no_taskflow
[2024-11-20T21:59:07.810+0000] {logging_mixin.py:190} INFO - [2024-11-20T21:59:07.810+0000] {override.py:1911} INFO - Created Permission View: can read on DAG Run:dataset_alias_example_alias_consumer_with_no_taskflow
[2024-11-20T21:59:07.820+0000] {logging_mixin.py:190} INFO - [2024-11-20T21:59:07.820+0000] {override.py:1911} INFO - Created Permission View: can delete on DAG Run:dataset_alias_example_alias_consumer_with_no_taskflow
[2024-11-20T21:59:07.832+0000] {logging_mixin.py:190} INFO - [2024-11-20T21:59:07.832+0000] {override.py:1911} INFO - Created Permission View: can create on DAG Run:dataset_alias_example_alias_consumer_with_no_taskflow
[2024-11-20T21:59:07.845+0000] {logging_mixin.py:190} INFO - [2024-11-20T21:59:07.845+0000] {override.py:1911} INFO - Created Permission View: menu access on DAG Run:dataset_alias_example_alias_consumer_with_no_taskflow
[2024-11-20T21:59:07.871+0000] {logging_mixin.py:190} INFO - [2024-11-20T21:59:07.870+0000] {override.py:1911} INFO - Created Permission View: can read on DAG:dataset_s3_bucket_producer_with_no_taskflow
[2024-11-20T21:59:07.883+0000] {logging_mixin.py:190} INFO - [2024-11-20T21:59:07.883+0000] {override.py:1911} INFO - Created Permission View: can delete on DAG:dataset_s3_bucket_producer_with_no_taskflow
[2024-11-20T21:59:07.897+0000] {logging_mixin.py:190} INFO - [2024-11-20T21:59:07.897+0000] {override.py:1911} INFO - Created Permission View: can edit on DAG:dataset_s3_bucket_producer_with_no_taskflow
[2024-11-20T21:59:07.947+0000] {logging_mixin.py:190} INFO - [2024-11-20T21:59:07.947+0000] {override.py:1911} INFO - Created Permission View: can read on DAG Run:dataset_s3_bucket_producer_with_no_taskflow
[2024-11-20T21:59:07.972+0000] {logging_mixin.py:190} INFO - [2024-11-20T21:59:07.971+0000] {override.py:1911} INFO - Created Permission View: can delete on DAG Run:dataset_s3_bucket_producer_with_no_taskflow
[2024-11-20T21:59:07.994+0000] {logging_mixin.py:190} INFO - [2024-11-20T21:59:07.994+0000] {override.py:1911} INFO - Created Permission View: can create on DAG Run:dataset_s3_bucket_producer_with_no_taskflow
[2024-11-20T21:59:08.019+0000] {logging_mixin.py:190} INFO - [2024-11-20T21:59:08.018+0000] {override.py:1911} INFO - Created Permission View: menu access on DAG Run:dataset_s3_bucket_producer_with_no_taskflow
[2024-11-20T21:59:08.068+0000] {logging_mixin.py:190} INFO - [2024-11-20T21:59:08.068+0000] {override.py:1911} INFO - Created Permission View: can read on DAG:dataset_alias_example_alias_producer_with_no_taskflow
[2024-11-20T21:59:08.091+0000] {logging_mixin.py:190} INFO - [2024-11-20T21:59:08.090+0000] {override.py:1911} INFO - Created Permission View: can delete on DAG:dataset_alias_example_alias_producer_with_no_taskflow
[2024-11-20T21:59:08.111+0000] {logging_mixin.py:190} INFO - [2024-11-20T21:59:08.111+0000] {override.py:1911} INFO - Created Permission View: can edit on DAG:dataset_alias_example_alias_producer_with_no_taskflow
[2024-11-20T21:59:08.152+0000] {logging_mixin.py:190} INFO - [2024-11-20T21:59:08.151+0000] {override.py:1911} INFO - Created Permission View: can read on DAG Run:dataset_alias_example_alias_producer_with_no_taskflow
[2024-11-20T21:59:08.176+0000] {logging_mixin.py:190} INFO - [2024-11-20T21:59:08.176+0000] {override.py:1911} INFO - Created Permission View: can delete on DAG Run:dataset_alias_example_alias_producer_with_no_taskflow
[2024-11-20T21:59:08.199+0000] {logging_mixin.py:190} INFO - [2024-11-20T21:59:08.198+0000] {override.py:1911} INFO - Created Permission View: can create on DAG Run:dataset_alias_example_alias_producer_with_no_taskflow
[2024-11-20T21:59:08.223+0000] {logging_mixin.py:190} INFO - [2024-11-20T21:59:08.222+0000] {override.py:1911} INFO - Created Permission View: menu access on DAG Run:dataset_alias_example_alias_producer_with_no_taskflow
[2024-11-20T21:59:08.224+0000] {logging_mixin.py:190} INFO - [2024-11-20T21:59:08.223+0000] {dag.py:3239} INFO - Sync 4 DAGs
[2024-11-20T21:59:08.262+0000] {logging_mixin.py:190} INFO - [2024-11-20T21:59:08.261+0000] {dag.py:3262} INFO - Creating ORM DAG for dataset_s3_bucket_producer_with_no_taskflow
[2024-11-20T21:59:08.263+0000] {logging_mixin.py:190} INFO - [2024-11-20T21:59:08.263+0000] {dag.py:3262} INFO - Creating ORM DAG for dataset_alias_example_alias_producer_with_no_taskflow
[2024-11-20T21:59:08.264+0000] {logging_mixin.py:190} INFO - [2024-11-20T21:59:08.264+0000] {dag.py:3262} INFO - Creating ORM DAG for dataset_alias_example_alias_consumer_with_no_taskflow
[2024-11-20T21:59:08.264+0000] {logging_mixin.py:190} INFO - [2024-11-20T21:59:08.264+0000] {dag.py:3262} INFO - Creating ORM DAG for dataset_s3_bucket_consumer_with_no_taskflow
[2024-11-20T21:59:08.282+0000] {logging_mixin.py:190} INFO - [2024-11-20T21:59:08.281+0000] {dag.py:4180} INFO - Setting next_dagrun for dataset_alias_example_alias_consumer_with_no_taskflow to None, run_after=None
[2024-11-20T21:59:08.283+0000] {logging_mixin.py:190} INFO - [2024-11-20T21:59:08.283+0000] {dag.py:4180} INFO - Setting next_dagrun for dataset_alias_example_alias_producer_with_no_taskflow to None, run_after=None
[2024-11-20T21:59:08.283+0000] {logging_mixin.py:190} INFO - [2024-11-20T21:59:08.283+0000] {dag.py:4180} INFO - Setting next_dagrun for dataset_s3_bucket_consumer_with_no_taskflow to None, run_after=None
[2024-11-20T21:59:08.284+0000] {logging_mixin.py:190} INFO - [2024-11-20T21:59:08.284+0000] {dag.py:4180} INFO - Setting next_dagrun for dataset_s3_bucket_producer_with_no_taskflow to None, run_after=None
[2024-11-20T21:59:08.363+0000] {processor.py:208} INFO - Processing /home/airflow/.local/lib/python3.12/site-packages/airflow/example_dags/example_dataset_alias_with_no_taskflow.py took 5.501 seconds
[2024-11-20T21:59:38.483+0000] {processor.py:186} INFO - Started process (PID=596) to work on /home/airflow/.local/lib/python3.12/site-packages/airflow/example_dags/example_dataset_alias_with_no_taskflow.py
[2024-11-20T21:59:38.485+0000] {processor.py:914} INFO - Processing file /home/airflow/.local/lib/python3.12/site-packages/airflow/example_dags/example_dataset_alias_with_no_taskflow.py for tasks to queue
[2024-11-20T21:59:38.487+0000] {logging_mixin.py:190} INFO - [2024-11-20T21:59:38.487+0000] {dagbag.py:588} INFO - Filling up the DagBag from /home/airflow/.local/lib/python3.12/site-packages/airflow/example_dags/example_dataset_alias_with_no_taskflow.py
[2024-11-20T21:59:39.378+0000] {processor.py:925} INFO - DAG(s) 'dataset_s3_bucket_producer_with_no_taskflow', 'dataset_alias_example_alias_producer_with_no_taskflow', 'dataset_s3_bucket_consumer_with_no_taskflow', 'dataset_alias_example_alias_consumer_with_no_taskflow' retrieved from /home/airflow/.local/lib/python3.12/site-packages/airflow/example_dags/example_dataset_alias_with_no_taskflow.py
[2024-11-20T21:59:39.400+0000] {logging_mixin.py:190} INFO - [2024-11-20T21:59:39.400+0000] {dag.py:3239} INFO - Sync 4 DAGs
[2024-11-20T21:59:39.423+0000] {logging_mixin.py:190} INFO - [2024-11-20T21:59:39.423+0000] {dag.py:4180} INFO - Setting next_dagrun for dataset_alias_example_alias_consumer_with_no_taskflow to None, run_after=None
[2024-11-20T21:59:39.425+0000] {logging_mixin.py:190} INFO - [2024-11-20T21:59:39.425+0000] {dag.py:4180} INFO - Setting next_dagrun for dataset_alias_example_alias_producer_with_no_taskflow to None, run_after=None
[2024-11-20T21:59:39.427+0000] {logging_mixin.py:190} INFO - [2024-11-20T21:59:39.427+0000] {dag.py:4180} INFO - Setting next_dagrun for dataset_s3_bucket_consumer_with_no_taskflow to None, run_after=None
[2024-11-20T21:59:39.428+0000] {logging_mixin.py:190} INFO - [2024-11-20T21:59:39.428+0000] {dag.py:4180} INFO - Setting next_dagrun for dataset_s3_bucket_producer_with_no_taskflow to None, run_after=None
[2024-11-20T21:59:39.452+0000] {processor.py:208} INFO - Processing /home/airflow/.local/lib/python3.12/site-packages/airflow/example_dags/example_dataset_alias_with_no_taskflow.py took 0.974 seconds
[2024-11-20T22:00:09.842+0000] {processor.py:186} INFO - Started process (PID=887) to work on /home/airflow/.local/lib/python3.12/site-packages/airflow/example_dags/example_dataset_alias_with_no_taskflow.py
[2024-11-20T22:00:09.843+0000] {processor.py:914} INFO - Processing file /home/airflow/.local/lib/python3.12/site-packages/airflow/example_dags/example_dataset_alias_with_no_taskflow.py for tasks to queue
[2024-11-20T22:00:09.846+0000] {logging_mixin.py:190} INFO - [2024-11-20T22:00:09.846+0000] {dagbag.py:588} INFO - Filling up the DagBag from /home/airflow/.local/lib/python3.12/site-packages/airflow/example_dags/example_dataset_alias_with_no_taskflow.py
[2024-11-20T22:00:10.791+0000] {processor.py:925} INFO - DAG(s) 'dataset_s3_bucket_consumer_with_no_taskflow', 'dataset_alias_example_alias_producer_with_no_taskflow', 'dataset_alias_example_alias_consumer_with_no_taskflow', 'dataset_s3_bucket_producer_with_no_taskflow' retrieved from /home/airflow/.local/lib/python3.12/site-packages/airflow/example_dags/example_dataset_alias_with_no_taskflow.py
[2024-11-20T22:00:10.818+0000] {logging_mixin.py:190} INFO - [2024-11-20T22:00:10.817+0000] {dag.py:3239} INFO - Sync 4 DAGs
[2024-11-20T22:00:10.849+0000] {logging_mixin.py:190} INFO - [2024-11-20T22:00:10.849+0000] {dag.py:4180} INFO - Setting next_dagrun for dataset_alias_example_alias_consumer_with_no_taskflow to None, run_after=None
[2024-11-20T22:00:10.853+0000] {logging_mixin.py:190} INFO - [2024-11-20T22:00:10.853+0000] {dag.py:4180} INFO - Setting next_dagrun for dataset_alias_example_alias_producer_with_no_taskflow to None, run_after=None
[2024-11-20T22:00:10.856+0000] {logging_mixin.py:190} INFO - [2024-11-20T22:00:10.855+0000] {dag.py:4180} INFO - Setting next_dagrun for dataset_s3_bucket_consumer_with_no_taskflow to None, run_after=None
[2024-11-20T22:00:10.857+0000] {logging_mixin.py:190} INFO - [2024-11-20T22:00:10.857+0000] {dag.py:4180} INFO - Setting next_dagrun for dataset_s3_bucket_producer_with_no_taskflow to None, run_after=None
[2024-11-20T22:00:10.889+0000] {processor.py:208} INFO - Processing /home/airflow/.local/lib/python3.12/site-packages/airflow/example_dags/example_dataset_alias_with_no_taskflow.py took 1.053 seconds
[2024-11-20T22:00:41.921+0000] {processor.py:186} INFO - Started process (PID=1188) to work on /home/airflow/.local/lib/python3.12/site-packages/airflow/example_dags/example_dataset_alias_with_no_taskflow.py
[2024-11-20T22:00:41.923+0000] {processor.py:914} INFO - Processing file /home/airflow/.local/lib/python3.12/site-packages/airflow/example_dags/example_dataset_alias_with_no_taskflow.py for tasks to queue
[2024-11-20T22:00:41.926+0000] {logging_mixin.py:190} INFO - [2024-11-20T22:00:41.925+0000] {dagbag.py:588} INFO - Filling up the DagBag from /home/airflow/.local/lib/python3.12/site-packages/airflow/example_dags/example_dataset_alias_with_no_taskflow.py
[2024-11-20T22:00:42.829+0000] {processor.py:925} INFO - DAG(s) 'dataset_alias_example_alias_consumer_with_no_taskflow', 'dataset_alias_example_alias_producer_with_no_taskflow', 'dataset_s3_bucket_consumer_with_no_taskflow', 'dataset_s3_bucket_producer_with_no_taskflow' retrieved from /home/airflow/.local/lib/python3.12/site-packages/airflow/example_dags/example_dataset_alias_with_no_taskflow.py
[2024-11-20T22:00:42.853+0000] {logging_mixin.py:190} INFO - [2024-11-20T22:00:42.852+0000] {dag.py:3239} INFO - Sync 4 DAGs
[2024-11-20T22:00:42.876+0000] {logging_mixin.py:190} INFO - [2024-11-20T22:00:42.876+0000] {dag.py:4180} INFO - Setting next_dagrun for dataset_alias_example_alias_consumer_with_no_taskflow to None, run_after=None
[2024-11-20T22:00:42.879+0000] {logging_mixin.py:190} INFO - [2024-11-20T22:00:42.879+0000] {dag.py:4180} INFO - Setting next_dagrun for dataset_alias_example_alias_producer_with_no_taskflow to None, run_after=None
[2024-11-20T22:00:42.881+0000] {logging_mixin.py:190} INFO - [2024-11-20T22:00:42.880+0000] {dag.py:4180} INFO - Setting next_dagrun for dataset_s3_bucket_consumer_with_no_taskflow to None, run_after=None
[2024-11-20T22:00:42.882+0000] {logging_mixin.py:190} INFO - [2024-11-20T22:00:42.882+0000] {dag.py:4180} INFO - Setting next_dagrun for dataset_s3_bucket_producer_with_no_taskflow to None, run_after=None
[2024-11-20T22:00:42.907+0000] {processor.py:208} INFO - Processing /home/airflow/.local/lib/python3.12/site-packages/airflow/example_dags/example_dataset_alias_with_no_taskflow.py took 0.995 seconds
