[2024-11-20T21:59:16.094+0000] {processor.py:186} INFO - Started process (PID=453) to work on /home/airflow/.local/lib/python3.12/site-packages/airflow/example_dags/example_python_operator.py
[2024-11-20T21:59:16.095+0000] {processor.py:914} INFO - Processing file /home/airflow/.local/lib/python3.12/site-packages/airflow/example_dags/example_python_operator.py for tasks to queue
[2024-11-20T21:59:16.098+0000] {logging_mixin.py:190} INFO - [2024-11-20T21:59:16.098+0000] {dagbag.py:588} INFO - Filling up the DagBag from /home/airflow/.local/lib/python3.12/site-packages/airflow/example_dags/example_python_operator.py
[2024-11-20T21:59:16.118+0000] {processor.py:925} INFO - DAG(s) 'example_python_operator' retrieved from /home/airflow/.local/lib/python3.12/site-packages/airflow/example_dags/example_python_operator.py
[2024-11-20T21:59:16.259+0000] {logging_mixin.py:190} INFO - [2024-11-20T21:59:16.259+0000] {override.py:1911} INFO - Created Permission View: can read on DAG:example_python_operator
[2024-11-20T21:59:16.276+0000] {logging_mixin.py:190} INFO - [2024-11-20T21:59:16.276+0000] {override.py:1911} INFO - Created Permission View: can delete on DAG:example_python_operator
[2024-11-20T21:59:16.287+0000] {logging_mixin.py:190} INFO - [2024-11-20T21:59:16.286+0000] {override.py:1911} INFO - Created Permission View: can edit on DAG:example_python_operator
[2024-11-20T21:59:16.302+0000] {logging_mixin.py:190} INFO - [2024-11-20T21:59:16.301+0000] {override.py:1911} INFO - Created Permission View: can read on DAG Run:example_python_operator
[2024-11-20T21:59:16.313+0000] {logging_mixin.py:190} INFO - [2024-11-20T21:59:16.313+0000] {override.py:1911} INFO - Created Permission View: can delete on DAG Run:example_python_operator
[2024-11-20T21:59:16.324+0000] {logging_mixin.py:190} INFO - [2024-11-20T21:59:16.323+0000] {override.py:1911} INFO - Created Permission View: can create on DAG Run:example_python_operator
[2024-11-20T21:59:16.335+0000] {logging_mixin.py:190} INFO - [2024-11-20T21:59:16.335+0000] {override.py:1911} INFO - Created Permission View: menu access on DAG Run:example_python_operator
[2024-11-20T21:59:16.336+0000] {logging_mixin.py:190} INFO - [2024-11-20T21:59:16.336+0000] {dag.py:3239} INFO - Sync 1 DAGs
[2024-11-20T21:59:16.354+0000] {logging_mixin.py:190} INFO - [2024-11-20T21:59:16.353+0000] {dag.py:3262} INFO - Creating ORM DAG for example_python_operator
[2024-11-20T21:59:16.355+0000] {logging_mixin.py:190} INFO - [2024-11-20T21:59:16.355+0000] {dag.py:4180} INFO - Setting next_dagrun for example_python_operator to None, run_after=None
[2024-11-20T21:59:16.375+0000] {processor.py:208} INFO - Processing /home/airflow/.local/lib/python3.12/site-packages/airflow/example_dags/example_python_operator.py took 0.291 seconds
[2024-11-20T21:59:46.911+0000] {processor.py:186} INFO - Started process (PID=744) to work on /home/airflow/.local/lib/python3.12/site-packages/airflow/example_dags/example_python_operator.py
[2024-11-20T21:59:46.913+0000] {processor.py:914} INFO - Processing file /home/airflow/.local/lib/python3.12/site-packages/airflow/example_dags/example_python_operator.py for tasks to queue
[2024-11-20T21:59:46.917+0000] {logging_mixin.py:190} INFO - [2024-11-20T21:59:46.916+0000] {dagbag.py:588} INFO - Filling up the DagBag from /home/airflow/.local/lib/python3.12/site-packages/airflow/example_dags/example_python_operator.py
[2024-11-20T21:59:46.935+0000] {processor.py:925} INFO - DAG(s) 'example_python_operator' retrieved from /home/airflow/.local/lib/python3.12/site-packages/airflow/example_dags/example_python_operator.py
[2024-11-20T21:59:46.966+0000] {logging_mixin.py:190} INFO - [2024-11-20T21:59:46.966+0000] {dag.py:3239} INFO - Sync 1 DAGs
[2024-11-20T21:59:46.988+0000] {logging_mixin.py:190} INFO - [2024-11-20T21:59:46.987+0000] {dag.py:4180} INFO - Setting next_dagrun for example_python_operator to None, run_after=None
[2024-11-20T21:59:47.018+0000] {processor.py:208} INFO - Processing /home/airflow/.local/lib/python3.12/site-packages/airflow/example_dags/example_python_operator.py took 0.117 seconds
[2024-11-20T22:00:17.500+0000] {processor.py:186} INFO - Started process (PID=1035) to work on /home/airflow/.local/lib/python3.12/site-packages/airflow/example_dags/example_python_operator.py
[2024-11-20T22:00:17.503+0000] {processor.py:914} INFO - Processing file /home/airflow/.local/lib/python3.12/site-packages/airflow/example_dags/example_python_operator.py for tasks to queue
[2024-11-20T22:00:17.507+0000] {logging_mixin.py:190} INFO - [2024-11-20T22:00:17.506+0000] {dagbag.py:588} INFO - Filling up the DagBag from /home/airflow/.local/lib/python3.12/site-packages/airflow/example_dags/example_python_operator.py
[2024-11-20T22:00:17.532+0000] {processor.py:925} INFO - DAG(s) 'example_python_operator' retrieved from /home/airflow/.local/lib/python3.12/site-packages/airflow/example_dags/example_python_operator.py
[2024-11-20T22:00:17.563+0000] {logging_mixin.py:190} INFO - [2024-11-20T22:00:17.563+0000] {dag.py:3239} INFO - Sync 1 DAGs
[2024-11-20T22:00:17.583+0000] {logging_mixin.py:190} INFO - [2024-11-20T22:00:17.582+0000] {dag.py:4180} INFO - Setting next_dagrun for example_python_operator to None, run_after=None
[2024-11-20T22:00:17.610+0000] {processor.py:208} INFO - Processing /home/airflow/.local/lib/python3.12/site-packages/airflow/example_dags/example_python_operator.py took 0.120 seconds
