[2024-11-20T21:59:15.415+0000] {processor.py:186} INFO - Started process (PID=433) to work on /home/airflow/.local/lib/python3.12/site-packages/airflow/example_dags/example_bash_operator.py
[2024-11-20T21:59:15.417+0000] {processor.py:914} INFO - Processing file /home/airflow/.local/lib/python3.12/site-packages/airflow/example_dags/example_bash_operator.py for tasks to queue
[2024-11-20T21:59:15.420+0000] {logging_mixin.py:190} INFO - [2024-11-20T21:59:15.419+0000] {dagbag.py:588} INFO - Filling up the DagBag from /home/airflow/.local/lib/python3.12/site-packages/airflow/example_dags/example_bash_operator.py
[2024-11-20T21:59:15.436+0000] {processor.py:925} INFO - DAG(s) 'example_bash_operator' retrieved from /home/airflow/.local/lib/python3.12/site-packages/airflow/example_dags/example_bash_operator.py
[2024-11-20T21:59:15.569+0000] {logging_mixin.py:190} INFO - [2024-11-20T21:59:15.569+0000] {override.py:1911} INFO - Created Permission View: can read on DAG:example_bash_operator
[2024-11-20T21:59:15.585+0000] {logging_mixin.py:190} INFO - [2024-11-20T21:59:15.584+0000] {override.py:1911} INFO - Created Permission View: can delete on DAG:example_bash_operator
[2024-11-20T21:59:15.595+0000] {logging_mixin.py:190} INFO - [2024-11-20T21:59:15.594+0000] {override.py:1911} INFO - Created Permission View: can edit on DAG:example_bash_operator
[2024-11-20T21:59:15.616+0000] {logging_mixin.py:190} INFO - [2024-11-20T21:59:15.615+0000] {override.py:1911} INFO - Created Permission View: can read on DAG Run:example_bash_operator
[2024-11-20T21:59:15.636+0000] {logging_mixin.py:190} INFO - [2024-11-20T21:59:15.635+0000] {override.py:1911} INFO - Created Permission View: can delete on DAG Run:example_bash_operator
[2024-11-20T21:59:15.647+0000] {logging_mixin.py:190} INFO - [2024-11-20T21:59:15.647+0000] {override.py:1911} INFO - Created Permission View: can create on DAG Run:example_bash_operator
[2024-11-20T21:59:15.658+0000] {logging_mixin.py:190} INFO - [2024-11-20T21:59:15.658+0000] {override.py:1911} INFO - Created Permission View: menu access on DAG Run:example_bash_operator
[2024-11-20T21:59:15.659+0000] {logging_mixin.py:190} INFO - [2024-11-20T21:59:15.659+0000] {dag.py:3239} INFO - Sync 1 DAGs
[2024-11-20T21:59:15.686+0000] {logging_mixin.py:190} INFO - [2024-11-20T21:59:15.686+0000] {dag.py:3262} INFO - Creating ORM DAG for example_bash_operator
[2024-11-20T21:59:15.698+0000] {logging_mixin.py:190} INFO - [2024-11-20T21:59:15.698+0000] {dag.py:4180} INFO - Setting next_dagrun for example_bash_operator to 2024-11-19 00:00:00+00:00, run_after=2024-11-20 00:00:00+00:00
[2024-11-20T21:59:15.719+0000] {processor.py:208} INFO - Processing /home/airflow/.local/lib/python3.12/site-packages/airflow/example_dags/example_bash_operator.py took 0.312 seconds
[2024-11-20T21:59:46.527+0000] {processor.py:186} INFO - Started process (PID=724) to work on /home/airflow/.local/lib/python3.12/site-packages/airflow/example_dags/example_bash_operator.py
[2024-11-20T21:59:46.528+0000] {processor.py:914} INFO - Processing file /home/airflow/.local/lib/python3.12/site-packages/airflow/example_dags/example_bash_operator.py for tasks to queue
[2024-11-20T21:59:46.531+0000] {logging_mixin.py:190} INFO - [2024-11-20T21:59:46.531+0000] {dagbag.py:588} INFO - Filling up the DagBag from /home/airflow/.local/lib/python3.12/site-packages/airflow/example_dags/example_bash_operator.py
[2024-11-20T21:59:46.552+0000] {processor.py:925} INFO - DAG(s) 'example_bash_operator' retrieved from /home/airflow/.local/lib/python3.12/site-packages/airflow/example_dags/example_bash_operator.py
[2024-11-20T21:59:46.601+0000] {logging_mixin.py:190} INFO - [2024-11-20T21:59:46.600+0000] {dag.py:3239} INFO - Sync 1 DAGs
[2024-11-20T21:59:46.668+0000] {logging_mixin.py:190} INFO - [2024-11-20T21:59:46.668+0000] {dag.py:4180} INFO - Setting next_dagrun for example_bash_operator to 2024-11-19 00:00:00+00:00, run_after=2024-11-20 00:00:00+00:00
[2024-11-20T21:59:46.714+0000] {processor.py:208} INFO - Processing /home/airflow/.local/lib/python3.12/site-packages/airflow/example_dags/example_bash_operator.py took 0.194 seconds
[2024-11-20T22:00:17.078+0000] {processor.py:186} INFO - Started process (PID=1015) to work on /home/airflow/.local/lib/python3.12/site-packages/airflow/example_dags/example_bash_operator.py
[2024-11-20T22:00:17.079+0000] {processor.py:914} INFO - Processing file /home/airflow/.local/lib/python3.12/site-packages/airflow/example_dags/example_bash_operator.py for tasks to queue
[2024-11-20T22:00:17.083+0000] {logging_mixin.py:190} INFO - [2024-11-20T22:00:17.083+0000] {dagbag.py:588} INFO - Filling up the DagBag from /home/airflow/.local/lib/python3.12/site-packages/airflow/example_dags/example_bash_operator.py
[2024-11-20T22:00:17.102+0000] {processor.py:925} INFO - DAG(s) 'example_bash_operator' retrieved from /home/airflow/.local/lib/python3.12/site-packages/airflow/example_dags/example_bash_operator.py
[2024-11-20T22:00:17.133+0000] {logging_mixin.py:190} INFO - [2024-11-20T22:00:17.133+0000] {dag.py:3239} INFO - Sync 1 DAGs
[2024-11-20T22:00:17.159+0000] {logging_mixin.py:190} INFO - [2024-11-20T22:00:17.159+0000] {dag.py:4180} INFO - Setting next_dagrun for example_bash_operator to 2024-11-19 00:00:00+00:00, run_after=2024-11-20 00:00:00+00:00
[2024-11-20T22:00:17.184+0000] {processor.py:208} INFO - Processing /home/airflow/.local/lib/python3.12/site-packages/airflow/example_dags/example_bash_operator.py took 0.115 seconds
