[2024-11-20T21:59:14.800+0000] {processor.py:186} INFO - Started process (PID=413) to work on /home/airflow/.local/lib/python3.12/site-packages/airflow/example_dags/example_short_circuit_decorator.py
[2024-11-20T21:59:14.801+0000] {processor.py:914} INFO - Processing file /home/airflow/.local/lib/python3.12/site-packages/airflow/example_dags/example_short_circuit_decorator.py for tasks to queue
[2024-11-20T21:59:14.804+0000] {logging_mixin.py:190} INFO - [2024-11-20T21:59:14.804+0000] {dagbag.py:588} INFO - Filling up the DagBag from /home/airflow/.local/lib/python3.12/site-packages/airflow/example_dags/example_short_circuit_decorator.py
[2024-11-20T21:59:14.818+0000] {processor.py:925} INFO - DAG(s) 'example_short_circuit_decorator' retrieved from /home/airflow/.local/lib/python3.12/site-packages/airflow/example_dags/example_short_circuit_decorator.py
[2024-11-20T21:59:14.953+0000] {logging_mixin.py:190} INFO - [2024-11-20T21:59:14.953+0000] {override.py:1911} INFO - Created Permission View: can read on DAG:example_short_circuit_decorator
[2024-11-20T21:59:14.966+0000] {logging_mixin.py:190} INFO - [2024-11-20T21:59:14.966+0000] {override.py:1911} INFO - Created Permission View: can delete on DAG:example_short_circuit_decorator
[2024-11-20T21:59:14.977+0000] {logging_mixin.py:190} INFO - [2024-11-20T21:59:14.976+0000] {override.py:1911} INFO - Created Permission View: can edit on DAG:example_short_circuit_decorator
[2024-11-20T21:59:14.994+0000] {logging_mixin.py:190} INFO - [2024-11-20T21:59:14.994+0000] {override.py:1911} INFO - Created Permission View: can read on DAG Run:example_short_circuit_decorator
[2024-11-20T21:59:15.005+0000] {logging_mixin.py:190} INFO - [2024-11-20T21:59:15.005+0000] {override.py:1911} INFO - Created Permission View: can delete on DAG Run:example_short_circuit_decorator
[2024-11-20T21:59:15.015+0000] {logging_mixin.py:190} INFO - [2024-11-20T21:59:15.014+0000] {override.py:1911} INFO - Created Permission View: can create on DAG Run:example_short_circuit_decorator
[2024-11-20T21:59:15.024+0000] {logging_mixin.py:190} INFO - [2024-11-20T21:59:15.023+0000] {override.py:1911} INFO - Created Permission View: menu access on DAG Run:example_short_circuit_decorator
[2024-11-20T21:59:15.024+0000] {logging_mixin.py:190} INFO - [2024-11-20T21:59:15.024+0000] {dag.py:3239} INFO - Sync 1 DAGs
[2024-11-20T21:59:15.041+0000] {logging_mixin.py:190} INFO - [2024-11-20T21:59:15.040+0000] {dag.py:3262} INFO - Creating ORM DAG for example_short_circuit_decorator
[2024-11-20T21:59:15.042+0000] {logging_mixin.py:190} INFO - [2024-11-20T21:59:15.041+0000] {dag.py:4180} INFO - Setting next_dagrun for example_short_circuit_decorator to None, run_after=None
[2024-11-20T21:59:15.064+0000] {processor.py:208} INFO - Processing /home/airflow/.local/lib/python3.12/site-packages/airflow/example_dags/example_short_circuit_decorator.py took 0.271 seconds
[2024-11-20T21:59:46.098+0000] {processor.py:186} INFO - Started process (PID=704) to work on /home/airflow/.local/lib/python3.12/site-packages/airflow/example_dags/example_short_circuit_decorator.py
[2024-11-20T21:59:46.101+0000] {processor.py:914} INFO - Processing file /home/airflow/.local/lib/python3.12/site-packages/airflow/example_dags/example_short_circuit_decorator.py for tasks to queue
[2024-11-20T21:59:46.104+0000] {logging_mixin.py:190} INFO - [2024-11-20T21:59:46.103+0000] {dagbag.py:588} INFO - Filling up the DagBag from /home/airflow/.local/lib/python3.12/site-packages/airflow/example_dags/example_short_circuit_decorator.py
[2024-11-20T21:59:46.118+0000] {processor.py:925} INFO - DAG(s) 'example_short_circuit_decorator' retrieved from /home/airflow/.local/lib/python3.12/site-packages/airflow/example_dags/example_short_circuit_decorator.py
[2024-11-20T21:59:46.148+0000] {logging_mixin.py:190} INFO - [2024-11-20T21:59:46.148+0000] {dag.py:3239} INFO - Sync 1 DAGs
[2024-11-20T21:59:46.168+0000] {logging_mixin.py:190} INFO - [2024-11-20T21:59:46.167+0000] {dag.py:4180} INFO - Setting next_dagrun for example_short_circuit_decorator to None, run_after=None
[2024-11-20T21:59:46.206+0000] {processor.py:208} INFO - Processing /home/airflow/.local/lib/python3.12/site-packages/airflow/example_dags/example_short_circuit_decorator.py took 0.118 seconds
[2024-11-20T22:00:16.496+0000] {processor.py:186} INFO - Started process (PID=992) to work on /home/airflow/.local/lib/python3.12/site-packages/airflow/example_dags/example_short_circuit_decorator.py
[2024-11-20T22:00:16.497+0000] {processor.py:914} INFO - Processing file /home/airflow/.local/lib/python3.12/site-packages/airflow/example_dags/example_short_circuit_decorator.py for tasks to queue
[2024-11-20T22:00:16.499+0000] {logging_mixin.py:190} INFO - [2024-11-20T22:00:16.499+0000] {dagbag.py:588} INFO - Filling up the DagBag from /home/airflow/.local/lib/python3.12/site-packages/airflow/example_dags/example_short_circuit_decorator.py
[2024-11-20T22:00:16.510+0000] {processor.py:925} INFO - DAG(s) 'example_short_circuit_decorator' retrieved from /home/airflow/.local/lib/python3.12/site-packages/airflow/example_dags/example_short_circuit_decorator.py
[2024-11-20T22:00:16.542+0000] {logging_mixin.py:190} INFO - [2024-11-20T22:00:16.542+0000] {dag.py:3239} INFO - Sync 1 DAGs
[2024-11-20T22:00:16.562+0000] {logging_mixin.py:190} INFO - [2024-11-20T22:00:16.562+0000] {dag.py:4180} INFO - Setting next_dagrun for example_short_circuit_decorator to None, run_after=None
[2024-11-20T22:00:16.592+0000] {processor.py:208} INFO - Processing /home/airflow/.local/lib/python3.12/site-packages/airflow/example_dags/example_short_circuit_decorator.py took 0.103 seconds
