[2024-11-20T21:59:12.565+0000] {processor.py:186} INFO - Started process (PID=368) to work on /home/airflow/.local/lib/python3.12/site-packages/airflow/example_dags/example_workday_timetable.py
[2024-11-20T21:59:12.566+0000] {processor.py:914} INFO - Processing file /home/airflow/.local/lib/python3.12/site-packages/airflow/example_dags/example_workday_timetable.py for tasks to queue
[2024-11-20T21:59:12.570+0000] {logging_mixin.py:190} INFO - [2024-11-20T21:59:12.569+0000] {dagbag.py:588} INFO - Filling up the DagBag from /home/airflow/.local/lib/python3.12/site-packages/airflow/example_dags/example_workday_timetable.py
[2024-11-20T21:59:12.577+0000] {processor.py:925} INFO - DAG(s) 'example_workday_timetable' retrieved from /home/airflow/.local/lib/python3.12/site-packages/airflow/example_dags/example_workday_timetable.py
[2024-11-20T21:59:12.719+0000] {logging_mixin.py:190} INFO - [2024-11-20T21:59:12.718+0000] {override.py:1911} INFO - Created Permission View: can read on DAG:example_workday_timetable
[2024-11-20T21:59:12.735+0000] {logging_mixin.py:190} INFO - [2024-11-20T21:59:12.735+0000] {override.py:1911} INFO - Created Permission View: can delete on DAG:example_workday_timetable
[2024-11-20T21:59:12.747+0000] {logging_mixin.py:190} INFO - [2024-11-20T21:59:12.747+0000] {override.py:1911} INFO - Created Permission View: can edit on DAG:example_workday_timetable
[2024-11-20T21:59:12.768+0000] {logging_mixin.py:190} INFO - [2024-11-20T21:59:12.768+0000] {override.py:1911} INFO - Created Permission View: can read on DAG Run:example_workday_timetable
[2024-11-20T21:59:12.779+0000] {logging_mixin.py:190} INFO - [2024-11-20T21:59:12.778+0000] {override.py:1911} INFO - Created Permission View: can delete on DAG Run:example_workday_timetable
[2024-11-20T21:59:12.791+0000] {logging_mixin.py:190} INFO - [2024-11-20T21:59:12.791+0000] {override.py:1911} INFO - Created Permission View: can create on DAG Run:example_workday_timetable
[2024-11-20T21:59:12.802+0000] {logging_mixin.py:190} INFO - [2024-11-20T21:59:12.802+0000] {override.py:1911} INFO - Created Permission View: menu access on DAG Run:example_workday_timetable
[2024-11-20T21:59:12.803+0000] {logging_mixin.py:190} INFO - [2024-11-20T21:59:12.803+0000] {dag.py:3239} INFO - Sync 1 DAGs
[2024-11-20T21:59:12.815+0000] {logging_mixin.py:190} INFO - [2024-11-20T21:59:12.815+0000] {dag.py:3262} INFO - Creating ORM DAG for example_workday_timetable
[2024-11-20T21:59:13.035+0000] {logging_mixin.py:190} INFO - [2024-11-20T21:59:13.034+0000] {dag.py:4180} INFO - Setting next_dagrun for example_workday_timetable to 2021-01-04 00:00:00+00:00, run_after=2021-01-05 00:00:00+00:00
[2024-11-20T21:59:13.061+0000] {processor.py:208} INFO - Processing /home/airflow/.local/lib/python3.12/site-packages/airflow/example_dags/example_workday_timetable.py took 0.502 seconds
[2024-11-20T21:59:43.781+0000] {processor.py:186} INFO - Started process (PID=659) to work on /home/airflow/.local/lib/python3.12/site-packages/airflow/example_dags/example_workday_timetable.py
[2024-11-20T21:59:43.783+0000] {processor.py:914} INFO - Processing file /home/airflow/.local/lib/python3.12/site-packages/airflow/example_dags/example_workday_timetable.py for tasks to queue
[2024-11-20T21:59:43.785+0000] {logging_mixin.py:190} INFO - [2024-11-20T21:59:43.785+0000] {dagbag.py:588} INFO - Filling up the DagBag from /home/airflow/.local/lib/python3.12/site-packages/airflow/example_dags/example_workday_timetable.py
[2024-11-20T21:59:43.795+0000] {processor.py:925} INFO - DAG(s) 'example_workday_timetable' retrieved from /home/airflow/.local/lib/python3.12/site-packages/airflow/example_dags/example_workday_timetable.py
[2024-11-20T21:59:43.821+0000] {logging_mixin.py:190} INFO - [2024-11-20T21:59:43.821+0000] {dag.py:3239} INFO - Sync 1 DAGs
[2024-11-20T21:59:43.922+0000] {logging_mixin.py:190} INFO - [2024-11-20T21:59:43.922+0000] {dag.py:4180} INFO - Setting next_dagrun for example_workday_timetable to 2021-01-04 00:00:00+00:00, run_after=2021-01-05 00:00:00+00:00
[2024-11-20T21:59:43.950+0000] {processor.py:208} INFO - Processing /home/airflow/.local/lib/python3.12/site-packages/airflow/example_dags/example_workday_timetable.py took 0.180 seconds
[2024-11-20T22:00:15.751+0000] {processor.py:186} INFO - Started process (PID=950) to work on /home/airflow/.local/lib/python3.12/site-packages/airflow/example_dags/example_workday_timetable.py
[2024-11-20T22:00:15.752+0000] {processor.py:914} INFO - Processing file /home/airflow/.local/lib/python3.12/site-packages/airflow/example_dags/example_workday_timetable.py for tasks to queue
[2024-11-20T22:00:15.755+0000] {logging_mixin.py:190} INFO - [2024-11-20T22:00:15.755+0000] {dagbag.py:588} INFO - Filling up the DagBag from /home/airflow/.local/lib/python3.12/site-packages/airflow/example_dags/example_workday_timetable.py
[2024-11-20T22:00:15.762+0000] {processor.py:925} INFO - DAG(s) 'example_workday_timetable' retrieved from /home/airflow/.local/lib/python3.12/site-packages/airflow/example_dags/example_workday_timetable.py
[2024-11-20T22:00:15.788+0000] {logging_mixin.py:190} INFO - [2024-11-20T22:00:15.788+0000] {dag.py:3239} INFO - Sync 1 DAGs
[2024-11-20T22:00:15.862+0000] {logging_mixin.py:190} INFO - [2024-11-20T22:00:15.862+0000] {dag.py:4180} INFO - Setting next_dagrun for example_workday_timetable to 2021-01-04 00:00:00+00:00, run_after=2021-01-05 00:00:00+00:00
[2024-11-20T22:00:15.887+0000] {processor.py:208} INFO - Processing /home/airflow/.local/lib/python3.12/site-packages/airflow/example_dags/example_workday_timetable.py took 0.145 seconds
