[2024-11-20T21:59:15.762+0000] {processor.py:186} INFO - Started process (PID=443) to work on /home/airflow/.local/lib/python3.12/site-packages/airflow/example_dags/example_trigger_controller_dag.py
[2024-11-20T21:59:15.764+0000] {processor.py:914} INFO - Processing file /home/airflow/.local/lib/python3.12/site-packages/airflow/example_dags/example_trigger_controller_dag.py for tasks to queue
[2024-11-20T21:59:15.766+0000] {logging_mixin.py:190} INFO - [2024-11-20T21:59:15.766+0000] {dagbag.py:588} INFO - Filling up the DagBag from /home/airflow/.local/lib/python3.12/site-packages/airflow/example_dags/example_trigger_controller_dag.py
[2024-11-20T21:59:15.774+0000] {processor.py:925} INFO - DAG(s) 'example_trigger_controller_dag' retrieved from /home/airflow/.local/lib/python3.12/site-packages/airflow/example_dags/example_trigger_controller_dag.py
[2024-11-20T21:59:15.912+0000] {logging_mixin.py:190} INFO - [2024-11-20T21:59:15.911+0000] {override.py:1911} INFO - Created Permission View: can read on DAG:example_trigger_controller_dag
[2024-11-20T21:59:15.930+0000] {logging_mixin.py:190} INFO - [2024-11-20T21:59:15.930+0000] {override.py:1911} INFO - Created Permission View: can delete on DAG:example_trigger_controller_dag
[2024-11-20T21:59:15.941+0000] {logging_mixin.py:190} INFO - [2024-11-20T21:59:15.940+0000] {override.py:1911} INFO - Created Permission View: can edit on DAG:example_trigger_controller_dag
[2024-11-20T21:59:15.959+0000] {logging_mixin.py:190} INFO - [2024-11-20T21:59:15.959+0000] {override.py:1911} INFO - Created Permission View: can read on DAG Run:example_trigger_controller_dag
[2024-11-20T21:59:15.969+0000] {logging_mixin.py:190} INFO - [2024-11-20T21:59:15.969+0000] {override.py:1911} INFO - Created Permission View: can delete on DAG Run:example_trigger_controller_dag
[2024-11-20T21:59:15.979+0000] {logging_mixin.py:190} INFO - [2024-11-20T21:59:15.979+0000] {override.py:1911} INFO - Created Permission View: can create on DAG Run:example_trigger_controller_dag
[2024-11-20T21:59:15.990+0000] {logging_mixin.py:190} INFO - [2024-11-20T21:59:15.989+0000] {override.py:1911} INFO - Created Permission View: menu access on DAG Run:example_trigger_controller_dag
[2024-11-20T21:59:15.990+0000] {logging_mixin.py:190} INFO - [2024-11-20T21:59:15.990+0000] {dag.py:3239} INFO - Sync 1 DAGs
[2024-11-20T21:59:16.009+0000] {logging_mixin.py:190} INFO - [2024-11-20T21:59:16.008+0000] {dag.py:3262} INFO - Creating ORM DAG for example_trigger_controller_dag
[2024-11-20T21:59:16.022+0000] {logging_mixin.py:190} INFO - [2024-11-20T21:59:16.021+0000] {dag.py:4180} INFO - Setting next_dagrun for example_trigger_controller_dag to 2021-01-01 00:00:00+00:00, run_after=2021-01-01 00:00:00+00:00
[2024-11-20T21:59:16.044+0000] {processor.py:208} INFO - Processing /home/airflow/.local/lib/python3.12/site-packages/airflow/example_dags/example_trigger_controller_dag.py took 0.289 seconds
[2024-11-20T21:59:46.762+0000] {processor.py:186} INFO - Started process (PID=734) to work on /home/airflow/.local/lib/python3.12/site-packages/airflow/example_dags/example_trigger_controller_dag.py
[2024-11-20T21:59:46.764+0000] {processor.py:914} INFO - Processing file /home/airflow/.local/lib/python3.12/site-packages/airflow/example_dags/example_trigger_controller_dag.py for tasks to queue
[2024-11-20T21:59:46.766+0000] {logging_mixin.py:190} INFO - [2024-11-20T21:59:46.766+0000] {dagbag.py:588} INFO - Filling up the DagBag from /home/airflow/.local/lib/python3.12/site-packages/airflow/example_dags/example_trigger_controller_dag.py
[2024-11-20T21:59:46.774+0000] {processor.py:925} INFO - DAG(s) 'example_trigger_controller_dag' retrieved from /home/airflow/.local/lib/python3.12/site-packages/airflow/example_dags/example_trigger_controller_dag.py
[2024-11-20T21:59:46.796+0000] {logging_mixin.py:190} INFO - [2024-11-20T21:59:46.796+0000] {dag.py:3239} INFO - Sync 1 DAGs
[2024-11-20T21:59:46.824+0000] {logging_mixin.py:190} INFO - [2024-11-20T21:59:46.824+0000] {dag.py:4180} INFO - Setting next_dagrun for example_trigger_controller_dag to 2021-01-01 00:00:00+00:00, run_after=2021-01-01 00:00:00+00:00
[2024-11-20T21:59:46.858+0000] {processor.py:208} INFO - Processing /home/airflow/.local/lib/python3.12/site-packages/airflow/example_dags/example_trigger_controller_dag.py took 0.104 seconds
[2024-11-20T22:00:17.353+0000] {processor.py:186} INFO - Started process (PID=1025) to work on /home/airflow/.local/lib/python3.12/site-packages/airflow/example_dags/example_trigger_controller_dag.py
[2024-11-20T22:00:17.355+0000] {processor.py:914} INFO - Processing file /home/airflow/.local/lib/python3.12/site-packages/airflow/example_dags/example_trigger_controller_dag.py for tasks to queue
[2024-11-20T22:00:17.358+0000] {logging_mixin.py:190} INFO - [2024-11-20T22:00:17.357+0000] {dagbag.py:588} INFO - Filling up the DagBag from /home/airflow/.local/lib/python3.12/site-packages/airflow/example_dags/example_trigger_controller_dag.py
[2024-11-20T22:00:17.364+0000] {processor.py:925} INFO - DAG(s) 'example_trigger_controller_dag' retrieved from /home/airflow/.local/lib/python3.12/site-packages/airflow/example_dags/example_trigger_controller_dag.py
[2024-11-20T22:00:17.384+0000] {logging_mixin.py:190} INFO - [2024-11-20T22:00:17.384+0000] {dag.py:3239} INFO - Sync 1 DAGs
[2024-11-20T22:00:17.411+0000] {logging_mixin.py:190} INFO - [2024-11-20T22:00:17.411+0000] {dag.py:4180} INFO - Setting next_dagrun for example_trigger_controller_dag to 2021-01-01 00:00:00+00:00, run_after=2021-01-01 00:00:00+00:00
[2024-11-20T22:00:17.433+0000] {processor.py:208} INFO - Processing /home/airflow/.local/lib/python3.12/site-packages/airflow/example_dags/example_trigger_controller_dag.py took 0.086 seconds
