[2024-11-20T21:59:06.305+0000] {processor.py:186} INFO - Started process (PID=303) to work on /home/airflow/.local/lib/python3.12/site-packages/airflow/example_dags/example_local_kubernetes_executor.py
[2024-11-20T21:59:06.307+0000] {processor.py:914} INFO - Processing file /home/airflow/.local/lib/python3.12/site-packages/airflow/example_dags/example_local_kubernetes_executor.py for tasks to queue
[2024-11-20T21:59:06.310+0000] {logging_mixin.py:190} INFO - [2024-11-20T21:59:06.310+0000] {dagbag.py:588} INFO - Filling up the DagBag from /home/airflow/.local/lib/python3.12/site-packages/airflow/example_dags/example_local_kubernetes_executor.py
[2024-11-20T21:59:06.332+0000] {processor.py:925} INFO - DAG(s) 'example_local_kubernetes_executor' retrieved from /home/airflow/.local/lib/python3.12/site-packages/airflow/example_dags/example_local_kubernetes_executor.py
[2024-11-20T21:59:06.917+0000] {logging_mixin.py:190} INFO - [2024-11-20T21:59:06.916+0000] {override.py:1911} INFO - Created Permission View: can read on DAG:example_local_kubernetes_executor
[2024-11-20T21:59:06.942+0000] {logging_mixin.py:190} INFO - [2024-11-20T21:59:06.942+0000] {override.py:1911} INFO - Created Permission View: can delete on DAG:example_local_kubernetes_executor
[2024-11-20T21:59:06.955+0000] {logging_mixin.py:190} INFO - [2024-11-20T21:59:06.955+0000] {override.py:1911} INFO - Created Permission View: can edit on DAG:example_local_kubernetes_executor
[2024-11-20T21:59:06.970+0000] {logging_mixin.py:190} INFO - [2024-11-20T21:59:06.969+0000] {override.py:1911} INFO - Created Permission View: can read on DAG Run:example_local_kubernetes_executor
[2024-11-20T21:59:06.979+0000] {logging_mixin.py:190} INFO - [2024-11-20T21:59:06.979+0000] {override.py:1911} INFO - Created Permission View: can delete on DAG Run:example_local_kubernetes_executor
[2024-11-20T21:59:06.990+0000] {logging_mixin.py:190} INFO - [2024-11-20T21:59:06.990+0000] {override.py:1911} INFO - Created Permission View: can create on DAG Run:example_local_kubernetes_executor
[2024-11-20T21:59:07.002+0000] {logging_mixin.py:190} INFO - [2024-11-20T21:59:07.002+0000] {override.py:1911} INFO - Created Permission View: menu access on DAG Run:example_local_kubernetes_executor
[2024-11-20T21:59:07.003+0000] {logging_mixin.py:190} INFO - [2024-11-20T21:59:07.003+0000] {dag.py:3239} INFO - Sync 1 DAGs
[2024-11-20T21:59:07.039+0000] {logging_mixin.py:190} INFO - [2024-11-20T21:59:07.039+0000] {dag.py:3262} INFO - Creating ORM DAG for example_local_kubernetes_executor
[2024-11-20T21:59:07.041+0000] {logging_mixin.py:190} INFO - [2024-11-20T21:59:07.041+0000] {dag.py:4180} INFO - Setting next_dagrun for example_local_kubernetes_executor to None, run_after=None
[2024-11-20T21:59:07.071+0000] {processor.py:208} INFO - Processing /home/airflow/.local/lib/python3.12/site-packages/airflow/example_dags/example_local_kubernetes_executor.py took 0.775 seconds
[2024-11-20T21:59:37.352+0000] {processor.py:186} INFO - Started process (PID=591) to work on /home/airflow/.local/lib/python3.12/site-packages/airflow/example_dags/example_local_kubernetes_executor.py
[2024-11-20T21:59:37.355+0000] {processor.py:914} INFO - Processing file /home/airflow/.local/lib/python3.12/site-packages/airflow/example_dags/example_local_kubernetes_executor.py for tasks to queue
[2024-11-20T21:59:37.358+0000] {logging_mixin.py:190} INFO - [2024-11-20T21:59:37.358+0000] {dagbag.py:588} INFO - Filling up the DagBag from /home/airflow/.local/lib/python3.12/site-packages/airflow/example_dags/example_local_kubernetes_executor.py
[2024-11-20T21:59:37.368+0000] {processor.py:925} INFO - DAG(s) 'example_local_kubernetes_executor' retrieved from /home/airflow/.local/lib/python3.12/site-packages/airflow/example_dags/example_local_kubernetes_executor.py
[2024-11-20T21:59:37.403+0000] {logging_mixin.py:190} INFO - [2024-11-20T21:59:37.402+0000] {dag.py:3239} INFO - Sync 1 DAGs
[2024-11-20T21:59:37.420+0000] {logging_mixin.py:190} INFO - [2024-11-20T21:59:37.419+0000] {dag.py:4180} INFO - Setting next_dagrun for example_local_kubernetes_executor to None, run_after=None
[2024-11-20T21:59:37.440+0000] {processor.py:208} INFO - Processing /home/airflow/.local/lib/python3.12/site-packages/airflow/example_dags/example_local_kubernetes_executor.py took 0.095 seconds
[2024-11-20T22:00:07.595+0000] {processor.py:186} INFO - Started process (PID=882) to work on /home/airflow/.local/lib/python3.12/site-packages/airflow/example_dags/example_local_kubernetes_executor.py
[2024-11-20T22:00:07.597+0000] {processor.py:914} INFO - Processing file /home/airflow/.local/lib/python3.12/site-packages/airflow/example_dags/example_local_kubernetes_executor.py for tasks to queue
[2024-11-20T22:00:07.608+0000] {logging_mixin.py:190} INFO - [2024-11-20T22:00:07.600+0000] {dagbag.py:588} INFO - Filling up the DagBag from /home/airflow/.local/lib/python3.12/site-packages/airflow/example_dags/example_local_kubernetes_executor.py
[2024-11-20T22:00:07.740+0000] {processor.py:925} INFO - DAG(s) 'example_local_kubernetes_executor' retrieved from /home/airflow/.local/lib/python3.12/site-packages/airflow/example_dags/example_local_kubernetes_executor.py
[2024-11-20T22:00:07.834+0000] {logging_mixin.py:190} INFO - [2024-11-20T22:00:07.834+0000] {dag.py:3239} INFO - Sync 1 DAGs
[2024-11-20T22:00:07.888+0000] {logging_mixin.py:190} INFO - [2024-11-20T22:00:07.887+0000] {dag.py:4180} INFO - Setting next_dagrun for example_local_kubernetes_executor to None, run_after=None
[2024-11-20T22:00:07.946+0000] {processor.py:208} INFO - Processing /home/airflow/.local/lib/python3.12/site-packages/airflow/example_dags/example_local_kubernetes_executor.py took 0.360 seconds
[2024-11-20T22:00:38.735+0000] {processor.py:186} INFO - Started process (PID=1173) to work on /home/airflow/.local/lib/python3.12/site-packages/airflow/example_dags/example_local_kubernetes_executor.py
[2024-11-20T22:00:38.736+0000] {processor.py:914} INFO - Processing file /home/airflow/.local/lib/python3.12/site-packages/airflow/example_dags/example_local_kubernetes_executor.py for tasks to queue
[2024-11-20T22:00:38.740+0000] {logging_mixin.py:190} INFO - [2024-11-20T22:00:38.740+0000] {dagbag.py:588} INFO - Filling up the DagBag from /home/airflow/.local/lib/python3.12/site-packages/airflow/example_dags/example_local_kubernetes_executor.py
[2024-11-20T22:00:38.751+0000] {processor.py:925} INFO - DAG(s) 'example_local_kubernetes_executor' retrieved from /home/airflow/.local/lib/python3.12/site-packages/airflow/example_dags/example_local_kubernetes_executor.py
[2024-11-20T22:00:38.795+0000] {logging_mixin.py:190} INFO - [2024-11-20T22:00:38.795+0000] {dag.py:3239} INFO - Sync 1 DAGs
[2024-11-20T22:00:38.815+0000] {logging_mixin.py:190} INFO - [2024-11-20T22:00:38.815+0000] {dag.py:4180} INFO - Setting next_dagrun for example_local_kubernetes_executor to None, run_after=None
[2024-11-20T22:00:38.842+0000] {processor.py:208} INFO - Processing /home/airflow/.local/lib/python3.12/site-packages/airflow/example_dags/example_local_kubernetes_executor.py took 0.114 seconds
