[2024-11-20T21:59:09.297+0000] {processor.py:186} INFO - Started process (PID=323) to work on /home/airflow/.local/lib/python3.12/site-packages/airflow/example_dags/example_inlet_event_extra.py
[2024-11-20T21:59:09.298+0000] {processor.py:914} INFO - Processing file /home/airflow/.local/lib/python3.12/site-packages/airflow/example_dags/example_inlet_event_extra.py for tasks to queue
[2024-11-20T21:59:09.300+0000] {logging_mixin.py:190} INFO - [2024-11-20T21:59:09.300+0000] {dagbag.py:588} INFO - Filling up the DagBag from /home/airflow/.local/lib/python3.12/site-packages/airflow/example_dags/example_inlet_event_extra.py
[2024-11-20T21:59:10.415+0000] {processor.py:925} INFO - DAG(s) 'read_dataset_event_from_classic', 'read_dataset_event' retrieved from /home/airflow/.local/lib/python3.12/site-packages/airflow/example_dags/example_inlet_event_extra.py
[2024-11-20T21:59:10.549+0000] {logging_mixin.py:190} INFO - [2024-11-20T21:59:10.548+0000] {override.py:1911} INFO - Created Permission View: can read on DAG:read_dataset_event_from_classic
[2024-11-20T21:59:10.564+0000] {logging_mixin.py:190} INFO - [2024-11-20T21:59:10.563+0000] {override.py:1911} INFO - Created Permission View: can delete on DAG:read_dataset_event_from_classic
[2024-11-20T21:59:10.576+0000] {logging_mixin.py:190} INFO - [2024-11-20T21:59:10.575+0000] {override.py:1911} INFO - Created Permission View: can edit on DAG:read_dataset_event_from_classic
[2024-11-20T21:59:10.594+0000] {logging_mixin.py:190} INFO - [2024-11-20T21:59:10.594+0000] {override.py:1911} INFO - Created Permission View: can read on DAG Run:read_dataset_event_from_classic
[2024-11-20T21:59:10.608+0000] {logging_mixin.py:190} INFO - [2024-11-20T21:59:10.607+0000] {override.py:1911} INFO - Created Permission View: can delete on DAG Run:read_dataset_event_from_classic
[2024-11-20T21:59:10.626+0000] {logging_mixin.py:190} INFO - [2024-11-20T21:59:10.626+0000] {override.py:1911} INFO - Created Permission View: can create on DAG Run:read_dataset_event_from_classic
[2024-11-20T21:59:10.640+0000] {logging_mixin.py:190} INFO - [2024-11-20T21:59:10.639+0000] {override.py:1911} INFO - Created Permission View: menu access on DAG Run:read_dataset_event_from_classic
[2024-11-20T21:59:10.663+0000] {logging_mixin.py:190} INFO - [2024-11-20T21:59:10.663+0000] {override.py:1911} INFO - Created Permission View: can read on DAG:read_dataset_event
[2024-11-20T21:59:10.676+0000] {logging_mixin.py:190} INFO - [2024-11-20T21:59:10.675+0000] {override.py:1911} INFO - Created Permission View: can delete on DAG:read_dataset_event
[2024-11-20T21:59:10.689+0000] {logging_mixin.py:190} INFO - [2024-11-20T21:59:10.689+0000] {override.py:1911} INFO - Created Permission View: can edit on DAG:read_dataset_event
[2024-11-20T21:59:10.707+0000] {logging_mixin.py:190} INFO - [2024-11-20T21:59:10.707+0000] {override.py:1911} INFO - Created Permission View: can read on DAG Run:read_dataset_event
[2024-11-20T21:59:10.721+0000] {logging_mixin.py:190} INFO - [2024-11-20T21:59:10.721+0000] {override.py:1911} INFO - Created Permission View: can delete on DAG Run:read_dataset_event
[2024-11-20T21:59:10.735+0000] {logging_mixin.py:190} INFO - [2024-11-20T21:59:10.734+0000] {override.py:1911} INFO - Created Permission View: can create on DAG Run:read_dataset_event
[2024-11-20T21:59:10.746+0000] {logging_mixin.py:190} INFO - [2024-11-20T21:59:10.746+0000] {override.py:1911} INFO - Created Permission View: menu access on DAG Run:read_dataset_event
[2024-11-20T21:59:10.747+0000] {logging_mixin.py:190} INFO - [2024-11-20T21:59:10.747+0000] {dag.py:3239} INFO - Sync 2 DAGs
[2024-11-20T21:59:10.766+0000] {logging_mixin.py:190} INFO - [2024-11-20T21:59:10.765+0000] {dag.py:3262} INFO - Creating ORM DAG for read_dataset_event
[2024-11-20T21:59:10.767+0000] {logging_mixin.py:190} INFO - [2024-11-20T21:59:10.767+0000] {dag.py:3262} INFO - Creating ORM DAG for read_dataset_event_from_classic
[2024-11-20T21:59:10.784+0000] {logging_mixin.py:190} INFO - [2024-11-20T21:59:10.784+0000] {dag.py:4180} INFO - Setting next_dagrun for read_dataset_event to 2024-11-19 00:00:00+00:00, run_after=2024-11-20 00:00:00+00:00
[2024-11-20T21:59:10.787+0000] {logging_mixin.py:190} INFO - [2024-11-20T21:59:10.786+0000] {dag.py:4180} INFO - Setting next_dagrun for read_dataset_event_from_classic to 2024-11-19 00:00:00+00:00, run_after=2024-11-20 00:00:00+00:00
[2024-11-20T21:59:10.815+0000] {processor.py:208} INFO - Processing /home/airflow/.local/lib/python3.12/site-packages/airflow/example_dags/example_inlet_event_extra.py took 1.525 seconds
[2024-11-20T21:59:41.683+0000] {processor.py:186} INFO - Started process (PID=621) to work on /home/airflow/.local/lib/python3.12/site-packages/airflow/example_dags/example_inlet_event_extra.py
[2024-11-20T21:59:41.686+0000] {processor.py:914} INFO - Processing file /home/airflow/.local/lib/python3.12/site-packages/airflow/example_dags/example_inlet_event_extra.py for tasks to queue
[2024-11-20T21:59:41.688+0000] {logging_mixin.py:190} INFO - [2024-11-20T21:59:41.688+0000] {dagbag.py:588} INFO - Filling up the DagBag from /home/airflow/.local/lib/python3.12/site-packages/airflow/example_dags/example_inlet_event_extra.py
[2024-11-20T21:59:43.100+0000] {processor.py:925} INFO - DAG(s) 'read_dataset_event_from_classic', 'read_dataset_event' retrieved from /home/airflow/.local/lib/python3.12/site-packages/airflow/example_dags/example_inlet_event_extra.py
[2024-11-20T21:59:43.129+0000] {logging_mixin.py:190} INFO - [2024-11-20T21:59:43.129+0000] {dag.py:3239} INFO - Sync 2 DAGs
[2024-11-20T21:59:43.157+0000] {logging_mixin.py:190} INFO - [2024-11-20T21:59:43.157+0000] {dag.py:4180} INFO - Setting next_dagrun for read_dataset_event to 2024-11-19 00:00:00+00:00, run_after=2024-11-20 00:00:00+00:00
[2024-11-20T21:59:43.164+0000] {logging_mixin.py:190} INFO - [2024-11-20T21:59:43.164+0000] {dag.py:4180} INFO - Setting next_dagrun for read_dataset_event_from_classic to 2024-11-19 00:00:00+00:00, run_after=2024-11-20 00:00:00+00:00
[2024-11-20T21:59:43.188+0000] {processor.py:208} INFO - Processing /home/airflow/.local/lib/python3.12/site-packages/airflow/example_dags/example_inlet_event_extra.py took 1.514 seconds
[2024-11-20T22:00:13.878+0000] {processor.py:186} INFO - Started process (PID=927) to work on /home/airflow/.local/lib/python3.12/site-packages/airflow/example_dags/example_inlet_event_extra.py
[2024-11-20T22:00:13.880+0000] {processor.py:914} INFO - Processing file /home/airflow/.local/lib/python3.12/site-packages/airflow/example_dags/example_inlet_event_extra.py for tasks to queue
[2024-11-20T22:00:13.882+0000] {logging_mixin.py:190} INFO - [2024-11-20T22:00:13.882+0000] {dagbag.py:588} INFO - Filling up the DagBag from /home/airflow/.local/lib/python3.12/site-packages/airflow/example_dags/example_inlet_event_extra.py
[2024-11-20T22:00:15.187+0000] {processor.py:925} INFO - DAG(s) 'read_dataset_event', 'read_dataset_event_from_classic' retrieved from /home/airflow/.local/lib/python3.12/site-packages/airflow/example_dags/example_inlet_event_extra.py
[2024-11-20T22:00:15.282+0000] {logging_mixin.py:190} INFO - [2024-11-20T22:00:15.281+0000] {dag.py:3239} INFO - Sync 2 DAGs
[2024-11-20T22:00:15.346+0000] {logging_mixin.py:190} INFO - [2024-11-20T22:00:15.345+0000] {dag.py:4180} INFO - Setting next_dagrun for read_dataset_event to 2024-11-19 00:00:00+00:00, run_after=2024-11-20 00:00:00+00:00
[2024-11-20T22:00:15.359+0000] {logging_mixin.py:190} INFO - [2024-11-20T22:00:15.359+0000] {dag.py:4180} INFO - Setting next_dagrun for read_dataset_event_from_classic to 2024-11-19 00:00:00+00:00, run_after=2024-11-20 00:00:00+00:00
[2024-11-20T22:00:15.392+0000] {processor.py:208} INFO - Processing /home/airflow/.local/lib/python3.12/site-packages/airflow/example_dags/example_inlet_event_extra.py took 1.520 seconds
[2024-11-20T22:00:45.910+0000] {processor.py:186} INFO - Started process (PID=1220) to work on /home/airflow/.local/lib/python3.12/site-packages/airflow/example_dags/example_inlet_event_extra.py
[2024-11-20T22:00:45.916+0000] {processor.py:914} INFO - Processing file /home/airflow/.local/lib/python3.12/site-packages/airflow/example_dags/example_inlet_event_extra.py for tasks to queue
[2024-11-20T22:00:45.944+0000] {logging_mixin.py:190} INFO - [2024-11-20T22:00:45.943+0000] {dagbag.py:588} INFO - Filling up the DagBag from /home/airflow/.local/lib/python3.12/site-packages/airflow/example_dags/example_inlet_event_extra.py
