[2024-11-20T21:59:16.378+0000] {processor.py:186} INFO - Started process (PID=458) to work on /home/airflow/.local/lib/python3.12/site-packages/airflow/example_dags/example_setup_teardown.py
[2024-11-20T21:59:16.379+0000] {processor.py:914} INFO - Processing file /home/airflow/.local/lib/python3.12/site-packages/airflow/example_dags/example_setup_teardown.py for tasks to queue
[2024-11-20T21:59:16.382+0000] {logging_mixin.py:190} INFO - [2024-11-20T21:59:16.381+0000] {dagbag.py:588} INFO - Filling up the DagBag from /home/airflow/.local/lib/python3.12/site-packages/airflow/example_dags/example_setup_teardown.py
[2024-11-20T21:59:16.392+0000] {processor.py:925} INFO - DAG(s) 'example_setup_teardown' retrieved from /home/airflow/.local/lib/python3.12/site-packages/airflow/example_dags/example_setup_teardown.py
[2024-11-20T21:59:16.511+0000] {logging_mixin.py:190} INFO - [2024-11-20T21:59:16.510+0000] {override.py:1911} INFO - Created Permission View: can read on DAG:example_setup_teardown
[2024-11-20T21:59:16.527+0000] {logging_mixin.py:190} INFO - [2024-11-20T21:59:16.527+0000] {override.py:1911} INFO - Created Permission View: can delete on DAG:example_setup_teardown
[2024-11-20T21:59:16.537+0000] {logging_mixin.py:190} INFO - [2024-11-20T21:59:16.536+0000] {override.py:1911} INFO - Created Permission View: can edit on DAG:example_setup_teardown
[2024-11-20T21:59:16.552+0000] {logging_mixin.py:190} INFO - [2024-11-20T21:59:16.551+0000] {override.py:1911} INFO - Created Permission View: can read on DAG Run:example_setup_teardown
[2024-11-20T21:59:16.563+0000] {logging_mixin.py:190} INFO - [2024-11-20T21:59:16.563+0000] {override.py:1911} INFO - Created Permission View: can delete on DAG Run:example_setup_teardown
[2024-11-20T21:59:16.572+0000] {logging_mixin.py:190} INFO - [2024-11-20T21:59:16.572+0000] {override.py:1911} INFO - Created Permission View: can create on DAG Run:example_setup_teardown
[2024-11-20T21:59:16.585+0000] {logging_mixin.py:190} INFO - [2024-11-20T21:59:16.584+0000] {override.py:1911} INFO - Created Permission View: menu access on DAG Run:example_setup_teardown
[2024-11-20T21:59:16.585+0000] {logging_mixin.py:190} INFO - [2024-11-20T21:59:16.585+0000] {dag.py:3239} INFO - Sync 1 DAGs
[2024-11-20T21:59:16.599+0000] {logging_mixin.py:190} INFO - [2024-11-20T21:59:16.599+0000] {dag.py:3262} INFO - Creating ORM DAG for example_setup_teardown
[2024-11-20T21:59:16.600+0000] {logging_mixin.py:190} INFO - [2024-11-20T21:59:16.600+0000] {dag.py:4180} INFO - Setting next_dagrun for example_setup_teardown to None, run_after=None
[2024-11-20T21:59:16.618+0000] {processor.py:208} INFO - Processing /home/airflow/.local/lib/python3.12/site-packages/airflow/example_dags/example_setup_teardown.py took 0.247 seconds
[2024-11-20T21:59:47.033+0000] {processor.py:186} INFO - Started process (PID=749) to work on /home/airflow/.local/lib/python3.12/site-packages/airflow/example_dags/example_setup_teardown.py
[2024-11-20T21:59:47.035+0000] {processor.py:914} INFO - Processing file /home/airflow/.local/lib/python3.12/site-packages/airflow/example_dags/example_setup_teardown.py for tasks to queue
[2024-11-20T21:59:47.039+0000] {logging_mixin.py:190} INFO - [2024-11-20T21:59:47.038+0000] {dagbag.py:588} INFO - Filling up the DagBag from /home/airflow/.local/lib/python3.12/site-packages/airflow/example_dags/example_setup_teardown.py
[2024-11-20T21:59:47.050+0000] {processor.py:925} INFO - DAG(s) 'example_setup_teardown' retrieved from /home/airflow/.local/lib/python3.12/site-packages/airflow/example_dags/example_setup_teardown.py
[2024-11-20T21:59:47.085+0000] {logging_mixin.py:190} INFO - [2024-11-20T21:59:47.085+0000] {dag.py:3239} INFO - Sync 1 DAGs
[2024-11-20T21:59:47.125+0000] {logging_mixin.py:190} INFO - [2024-11-20T21:59:47.125+0000] {dag.py:4180} INFO - Setting next_dagrun for example_setup_teardown to None, run_after=None
[2024-11-20T21:59:47.172+0000] {processor.py:208} INFO - Processing /home/airflow/.local/lib/python3.12/site-packages/airflow/example_dags/example_setup_teardown.py took 0.148 seconds
[2024-11-20T22:00:17.554+0000] {processor.py:186} INFO - Started process (PID=1040) to work on /home/airflow/.local/lib/python3.12/site-packages/airflow/example_dags/example_setup_teardown.py
[2024-11-20T22:00:17.556+0000] {processor.py:914} INFO - Processing file /home/airflow/.local/lib/python3.12/site-packages/airflow/example_dags/example_setup_teardown.py for tasks to queue
[2024-11-20T22:00:17.561+0000] {logging_mixin.py:190} INFO - [2024-11-20T22:00:17.560+0000] {dagbag.py:588} INFO - Filling up the DagBag from /home/airflow/.local/lib/python3.12/site-packages/airflow/example_dags/example_setup_teardown.py
[2024-11-20T22:00:17.571+0000] {processor.py:925} INFO - DAG(s) 'example_setup_teardown' retrieved from /home/airflow/.local/lib/python3.12/site-packages/airflow/example_dags/example_setup_teardown.py
[2024-11-20T22:00:17.599+0000] {logging_mixin.py:190} INFO - [2024-11-20T22:00:17.598+0000] {dag.py:3239} INFO - Sync 1 DAGs
[2024-11-20T22:00:17.619+0000] {logging_mixin.py:190} INFO - [2024-11-20T22:00:17.619+0000] {dag.py:4180} INFO - Setting next_dagrun for example_setup_teardown to None, run_after=None
[2024-11-20T22:00:17.650+0000] {processor.py:208} INFO - Processing /home/airflow/.local/lib/python3.12/site-packages/airflow/example_dags/example_setup_teardown.py took 0.109 seconds
