[2024-11-20T21:59:15.106+0000] {processor.py:186} INFO - Started process (PID=423) to work on /home/airflow/.local/lib/python3.12/site-packages/airflow/example_dags/example_nested_branch_dag.py
[2024-11-20T21:59:15.107+0000] {processor.py:914} INFO - Processing file /home/airflow/.local/lib/python3.12/site-packages/airflow/example_dags/example_nested_branch_dag.py for tasks to queue
[2024-11-20T21:59:15.110+0000] {logging_mixin.py:190} INFO - [2024-11-20T21:59:15.110+0000] {dagbag.py:588} INFO - Filling up the DagBag from /home/airflow/.local/lib/python3.12/site-packages/airflow/example_dags/example_nested_branch_dag.py
[2024-11-20T21:59:15.125+0000] {processor.py:925} INFO - DAG(s) 'example_nested_branch_dag' retrieved from /home/airflow/.local/lib/python3.12/site-packages/airflow/example_dags/example_nested_branch_dag.py
[2024-11-20T21:59:15.242+0000] {logging_mixin.py:190} INFO - [2024-11-20T21:59:15.241+0000] {override.py:1911} INFO - Created Permission View: can read on DAG:example_nested_branch_dag
[2024-11-20T21:59:15.256+0000] {logging_mixin.py:190} INFO - [2024-11-20T21:59:15.255+0000] {override.py:1911} INFO - Created Permission View: can delete on DAG:example_nested_branch_dag
[2024-11-20T21:59:15.267+0000] {logging_mixin.py:190} INFO - [2024-11-20T21:59:15.266+0000] {override.py:1911} INFO - Created Permission View: can edit on DAG:example_nested_branch_dag
[2024-11-20T21:59:15.281+0000] {logging_mixin.py:190} INFO - [2024-11-20T21:59:15.281+0000] {override.py:1911} INFO - Created Permission View: can read on DAG Run:example_nested_branch_dag
[2024-11-20T21:59:15.292+0000] {logging_mixin.py:190} INFO - [2024-11-20T21:59:15.291+0000] {override.py:1911} INFO - Created Permission View: can delete on DAG Run:example_nested_branch_dag
[2024-11-20T21:59:15.302+0000] {logging_mixin.py:190} INFO - [2024-11-20T21:59:15.301+0000] {override.py:1911} INFO - Created Permission View: can create on DAG Run:example_nested_branch_dag
[2024-11-20T21:59:15.313+0000] {logging_mixin.py:190} INFO - [2024-11-20T21:59:15.312+0000] {override.py:1911} INFO - Created Permission View: menu access on DAG Run:example_nested_branch_dag
[2024-11-20T21:59:15.313+0000] {logging_mixin.py:190} INFO - [2024-11-20T21:59:15.313+0000] {dag.py:3239} INFO - Sync 1 DAGs
[2024-11-20T21:59:15.327+0000] {logging_mixin.py:190} INFO - [2024-11-20T21:59:15.327+0000] {dag.py:3262} INFO - Creating ORM DAG for example_nested_branch_dag
[2024-11-20T21:59:15.339+0000] {logging_mixin.py:190} INFO - [2024-11-20T21:59:15.339+0000] {dag.py:4180} INFO - Setting next_dagrun for example_nested_branch_dag to 2024-11-19 00:00:00+00:00, run_after=2024-11-20 00:00:00+00:00
[2024-11-20T21:59:15.364+0000] {processor.py:208} INFO - Processing /home/airflow/.local/lib/python3.12/site-packages/airflow/example_dags/example_nested_branch_dag.py took 0.263 seconds
[2024-11-20T21:59:46.396+0000] {processor.py:186} INFO - Started process (PID=716) to work on /home/airflow/.local/lib/python3.12/site-packages/airflow/example_dags/example_nested_branch_dag.py
[2024-11-20T21:59:46.398+0000] {processor.py:914} INFO - Processing file /home/airflow/.local/lib/python3.12/site-packages/airflow/example_dags/example_nested_branch_dag.py for tasks to queue
[2024-11-20T21:59:46.401+0000] {logging_mixin.py:190} INFO - [2024-11-20T21:59:46.400+0000] {dagbag.py:588} INFO - Filling up the DagBag from /home/airflow/.local/lib/python3.12/site-packages/airflow/example_dags/example_nested_branch_dag.py
[2024-11-20T21:59:46.412+0000] {processor.py:925} INFO - DAG(s) 'example_nested_branch_dag' retrieved from /home/airflow/.local/lib/python3.12/site-packages/airflow/example_dags/example_nested_branch_dag.py
[2024-11-20T21:59:46.434+0000] {logging_mixin.py:190} INFO - [2024-11-20T21:59:46.433+0000] {dag.py:3239} INFO - Sync 1 DAGs
[2024-11-20T21:59:46.461+0000] {logging_mixin.py:190} INFO - [2024-11-20T21:59:46.461+0000] {dag.py:4180} INFO - Setting next_dagrun for example_nested_branch_dag to 2024-11-19 00:00:00+00:00, run_after=2024-11-20 00:00:00+00:00
[2024-11-20T21:59:46.484+0000] {processor.py:208} INFO - Processing /home/airflow/.local/lib/python3.12/site-packages/airflow/example_dags/example_nested_branch_dag.py took 0.094 seconds
[2024-11-20T22:00:16.791+0000] {processor.py:186} INFO - Started process (PID=1005) to work on /home/airflow/.local/lib/python3.12/site-packages/airflow/example_dags/example_nested_branch_dag.py
[2024-11-20T22:00:16.793+0000] {processor.py:914} INFO - Processing file /home/airflow/.local/lib/python3.12/site-packages/airflow/example_dags/example_nested_branch_dag.py for tasks to queue
[2024-11-20T22:00:16.795+0000] {logging_mixin.py:190} INFO - [2024-11-20T22:00:16.795+0000] {dagbag.py:588} INFO - Filling up the DagBag from /home/airflow/.local/lib/python3.12/site-packages/airflow/example_dags/example_nested_branch_dag.py
[2024-11-20T22:00:16.809+0000] {processor.py:925} INFO - DAG(s) 'example_nested_branch_dag' retrieved from /home/airflow/.local/lib/python3.12/site-packages/airflow/example_dags/example_nested_branch_dag.py
[2024-11-20T22:00:16.839+0000] {logging_mixin.py:190} INFO - [2024-11-20T22:00:16.839+0000] {dag.py:3239} INFO - Sync 1 DAGs
[2024-11-20T22:00:16.871+0000] {logging_mixin.py:190} INFO - [2024-11-20T22:00:16.871+0000] {dag.py:4180} INFO - Setting next_dagrun for example_nested_branch_dag to 2024-11-19 00:00:00+00:00, run_after=2024-11-20 00:00:00+00:00
[2024-11-20T22:00:16.902+0000] {processor.py:208} INFO - Processing /home/airflow/.local/lib/python3.12/site-packages/airflow/example_dags/example_nested_branch_dag.py took 0.118 seconds
