[2024-11-20T21:58:57.985+0000] {processor.py:186} INFO - Started process (PID=210) to work on /home/airflow/.local/lib/python3.12/site-packages/airflow/example_dags/example_complex.py
[2024-11-20T21:58:57.990+0000] {processor.py:914} INFO - Processing file /home/airflow/.local/lib/python3.12/site-packages/airflow/example_dags/example_complex.py for tasks to queue
[2024-11-20T21:58:58.016+0000] {logging_mixin.py:190} INFO - [2024-11-20T21:58:58.015+0000] {dagbag.py:588} INFO - Filling up the DagBag from /home/airflow/.local/lib/python3.12/site-packages/airflow/example_dags/example_complex.py
[2024-11-20T21:58:58.109+0000] {processor.py:925} INFO - DAG(s) 'example_complex' retrieved from /home/airflow/.local/lib/python3.12/site-packages/airflow/example_dags/example_complex.py
[2024-11-20T21:58:58.981+0000] {logging_mixin.py:190} INFO - [2024-11-20T21:58:58.978+0000] {override.py:1911} INFO - Created Permission View: can read on DAG:example_complex
[2024-11-20T21:58:59.016+0000] {logging_mixin.py:190} INFO - [2024-11-20T21:58:59.016+0000] {override.py:1911} INFO - Created Permission View: can delete on DAG:example_complex
[2024-11-20T21:58:59.029+0000] {logging_mixin.py:190} INFO - [2024-11-20T21:58:59.028+0000] {override.py:1911} INFO - Created Permission View: can edit on DAG:example_complex
[2024-11-20T21:58:59.046+0000] {logging_mixin.py:190} INFO - [2024-11-20T21:58:59.046+0000] {override.py:1911} INFO - Created Permission View: can read on DAG Run:example_complex
[2024-11-20T21:58:59.060+0000] {logging_mixin.py:190} INFO - [2024-11-20T21:58:59.060+0000] {override.py:1911} INFO - Created Permission View: can delete on DAG Run:example_complex
[2024-11-20T21:58:59.073+0000] {logging_mixin.py:190} INFO - [2024-11-20T21:58:59.073+0000] {override.py:1911} INFO - Created Permission View: can create on DAG Run:example_complex
[2024-11-20T21:58:59.086+0000] {logging_mixin.py:190} INFO - [2024-11-20T21:58:59.085+0000] {override.py:1911} INFO - Created Permission View: menu access on DAG Run:example_complex
[2024-11-20T21:58:59.087+0000] {logging_mixin.py:190} INFO - [2024-11-20T21:58:59.086+0000] {dag.py:3239} INFO - Sync 1 DAGs
[2024-11-20T21:58:59.203+0000] {logging_mixin.py:190} INFO - [2024-11-20T21:58:59.203+0000] {dag.py:3262} INFO - Creating ORM DAG for example_complex
[2024-11-20T21:58:59.209+0000] {logging_mixin.py:190} INFO - [2024-11-20T21:58:59.208+0000] {dag.py:4180} INFO - Setting next_dagrun for example_complex to None, run_after=None
[2024-11-20T21:58:59.311+0000] {processor.py:208} INFO - Processing /home/airflow/.local/lib/python3.12/site-packages/airflow/example_dags/example_complex.py took 1.389 seconds
[2024-11-20T21:59:30.074+0000] {processor.py:186} INFO - Started process (PID=501) to work on /home/airflow/.local/lib/python3.12/site-packages/airflow/example_dags/example_complex.py
[2024-11-20T21:59:30.077+0000] {processor.py:914} INFO - Processing file /home/airflow/.local/lib/python3.12/site-packages/airflow/example_dags/example_complex.py for tasks to queue
[2024-11-20T21:59:30.095+0000] {logging_mixin.py:190} INFO - [2024-11-20T21:59:30.094+0000] {dagbag.py:588} INFO - Filling up the DagBag from /home/airflow/.local/lib/python3.12/site-packages/airflow/example_dags/example_complex.py
[2024-11-20T21:59:30.136+0000] {processor.py:925} INFO - DAG(s) 'example_complex' retrieved from /home/airflow/.local/lib/python3.12/site-packages/airflow/example_dags/example_complex.py
[2024-11-20T21:59:30.277+0000] {logging_mixin.py:190} INFO - [2024-11-20T21:59:30.276+0000] {dag.py:3239} INFO - Sync 1 DAGs
[2024-11-20T21:59:30.401+0000] {logging_mixin.py:190} INFO - [2024-11-20T21:59:30.401+0000] {dag.py:4180} INFO - Setting next_dagrun for example_complex to None, run_after=None
[2024-11-20T21:59:30.449+0000] {processor.py:208} INFO - Processing /home/airflow/.local/lib/python3.12/site-packages/airflow/example_dags/example_complex.py took 0.434 seconds
[2024-11-20T22:00:00.638+0000] {processor.py:186} INFO - Started process (PID=792) to work on /home/airflow/.local/lib/python3.12/site-packages/airflow/example_dags/example_complex.py
[2024-11-20T22:00:00.640+0000] {processor.py:914} INFO - Processing file /home/airflow/.local/lib/python3.12/site-packages/airflow/example_dags/example_complex.py for tasks to queue
[2024-11-20T22:00:00.643+0000] {logging_mixin.py:190} INFO - [2024-11-20T22:00:00.642+0000] {dagbag.py:588} INFO - Filling up the DagBag from /home/airflow/.local/lib/python3.12/site-packages/airflow/example_dags/example_complex.py
[2024-11-20T22:00:00.660+0000] {processor.py:925} INFO - DAG(s) 'example_complex' retrieved from /home/airflow/.local/lib/python3.12/site-packages/airflow/example_dags/example_complex.py
[2024-11-20T22:00:00.709+0000] {logging_mixin.py:190} INFO - [2024-11-20T22:00:00.709+0000] {dag.py:3239} INFO - Sync 1 DAGs
[2024-11-20T22:00:00.732+0000] {logging_mixin.py:190} INFO - [2024-11-20T22:00:00.732+0000] {dag.py:4180} INFO - Setting next_dagrun for example_complex to None, run_after=None
[2024-11-20T22:00:00.774+0000] {processor.py:208} INFO - Processing /home/airflow/.local/lib/python3.12/site-packages/airflow/example_dags/example_complex.py took 0.154 seconds
[2024-11-20T22:00:31.302+0000] {processor.py:186} INFO - Started process (PID=1083) to work on /home/airflow/.local/lib/python3.12/site-packages/airflow/example_dags/example_complex.py
[2024-11-20T22:00:31.304+0000] {processor.py:914} INFO - Processing file /home/airflow/.local/lib/python3.12/site-packages/airflow/example_dags/example_complex.py for tasks to queue
[2024-11-20T22:00:31.310+0000] {logging_mixin.py:190} INFO - [2024-11-20T22:00:31.309+0000] {dagbag.py:588} INFO - Filling up the DagBag from /home/airflow/.local/lib/python3.12/site-packages/airflow/example_dags/example_complex.py
[2024-11-20T22:00:31.327+0000] {processor.py:925} INFO - DAG(s) 'example_complex' retrieved from /home/airflow/.local/lib/python3.12/site-packages/airflow/example_dags/example_complex.py
[2024-11-20T22:00:31.361+0000] {logging_mixin.py:190} INFO - [2024-11-20T22:00:31.361+0000] {dag.py:3239} INFO - Sync 1 DAGs
[2024-11-20T22:00:31.381+0000] {logging_mixin.py:190} INFO - [2024-11-20T22:00:31.381+0000] {dag.py:4180} INFO - Setting next_dagrun for example_complex to None, run_after=None
[2024-11-20T22:00:31.412+0000] {processor.py:208} INFO - Processing /home/airflow/.local/lib/python3.12/site-packages/airflow/example_dags/example_complex.py took 0.118 seconds
