[2024-11-20T21:59:04.517+0000] {processor.py:186} INFO - Started process (PID=288) to work on /home/airflow/.local/lib/python3.12/site-packages/airflow/example_dags/example_task_group.py
[2024-11-20T21:59:04.518+0000] {processor.py:914} INFO - Processing file /home/airflow/.local/lib/python3.12/site-packages/airflow/example_dags/example_task_group.py for tasks to queue
[2024-11-20T21:59:04.524+0000] {logging_mixin.py:190} INFO - [2024-11-20T21:59:04.523+0000] {dagbag.py:588} INFO - Filling up the DagBag from /home/airflow/.local/lib/python3.12/site-packages/airflow/example_dags/example_task_group.py
[2024-11-20T21:59:04.550+0000] {processor.py:925} INFO - DAG(s) 'example_task_group' retrieved from /home/airflow/.local/lib/python3.12/site-packages/airflow/example_dags/example_task_group.py
[2024-11-20T21:59:04.780+0000] {logging_mixin.py:190} INFO - [2024-11-20T21:59:04.779+0000] {override.py:1911} INFO - Created Permission View: can read on DAG:example_task_group
[2024-11-20T21:59:04.799+0000] {logging_mixin.py:190} INFO - [2024-11-20T21:59:04.798+0000] {override.py:1911} INFO - Created Permission View: can delete on DAG:example_task_group
[2024-11-20T21:59:04.814+0000] {logging_mixin.py:190} INFO - [2024-11-20T21:59:04.814+0000] {override.py:1911} INFO - Created Permission View: can edit on DAG:example_task_group
[2024-11-20T21:59:04.835+0000] {logging_mixin.py:190} INFO - [2024-11-20T21:59:04.834+0000] {override.py:1911} INFO - Created Permission View: can read on DAG Run:example_task_group
[2024-11-20T21:59:04.849+0000] {logging_mixin.py:190} INFO - [2024-11-20T21:59:04.849+0000] {override.py:1911} INFO - Created Permission View: can delete on DAG Run:example_task_group
[2024-11-20T21:59:04.865+0000] {logging_mixin.py:190} INFO - [2024-11-20T21:59:04.863+0000] {override.py:1911} INFO - Created Permission View: can create on DAG Run:example_task_group
[2024-11-20T21:59:04.888+0000] {logging_mixin.py:190} INFO - [2024-11-20T21:59:04.887+0000] {override.py:1911} INFO - Created Permission View: menu access on DAG Run:example_task_group
[2024-11-20T21:59:04.891+0000] {logging_mixin.py:190} INFO - [2024-11-20T21:59:04.891+0000] {dag.py:3239} INFO - Sync 1 DAGs
[2024-11-20T21:59:04.932+0000] {logging_mixin.py:190} INFO - [2024-11-20T21:59:04.932+0000] {dag.py:3262} INFO - Creating ORM DAG for example_task_group
[2024-11-20T21:59:04.934+0000] {logging_mixin.py:190} INFO - [2024-11-20T21:59:04.934+0000] {dag.py:4180} INFO - Setting next_dagrun for example_task_group to None, run_after=None
[2024-11-20T21:59:05.021+0000] {processor.py:208} INFO - Processing /home/airflow/.local/lib/python3.12/site-packages/airflow/example_dags/example_task_group.py took 0.512 seconds
[2024-11-20T21:59:35.111+0000] {processor.py:186} INFO - Started process (PID=574) to work on /home/airflow/.local/lib/python3.12/site-packages/airflow/example_dags/example_task_group.py
[2024-11-20T21:59:35.112+0000] {processor.py:914} INFO - Processing file /home/airflow/.local/lib/python3.12/site-packages/airflow/example_dags/example_task_group.py for tasks to queue
[2024-11-20T21:59:35.115+0000] {logging_mixin.py:190} INFO - [2024-11-20T21:59:35.114+0000] {dagbag.py:588} INFO - Filling up the DagBag from /home/airflow/.local/lib/python3.12/site-packages/airflow/example_dags/example_task_group.py
[2024-11-20T21:59:35.125+0000] {processor.py:925} INFO - DAG(s) 'example_task_group' retrieved from /home/airflow/.local/lib/python3.12/site-packages/airflow/example_dags/example_task_group.py
[2024-11-20T21:59:35.148+0000] {logging_mixin.py:190} INFO - [2024-11-20T21:59:35.148+0000] {dag.py:3239} INFO - Sync 1 DAGs
[2024-11-20T21:59:35.163+0000] {logging_mixin.py:190} INFO - [2024-11-20T21:59:35.163+0000] {dag.py:4180} INFO - Setting next_dagrun for example_task_group to None, run_after=None
[2024-11-20T21:59:35.184+0000] {processor.py:208} INFO - Processing /home/airflow/.local/lib/python3.12/site-packages/airflow/example_dags/example_task_group.py took 0.079 seconds
[2024-11-20T22:00:05.280+0000] {processor.py:186} INFO - Started process (PID=862) to work on /home/airflow/.local/lib/python3.12/site-packages/airflow/example_dags/example_task_group.py
[2024-11-20T22:00:05.282+0000] {processor.py:914} INFO - Processing file /home/airflow/.local/lib/python3.12/site-packages/airflow/example_dags/example_task_group.py for tasks to queue
[2024-11-20T22:00:05.286+0000] {logging_mixin.py:190} INFO - [2024-11-20T22:00:05.286+0000] {dagbag.py:588} INFO - Filling up the DagBag from /home/airflow/.local/lib/python3.12/site-packages/airflow/example_dags/example_task_group.py
[2024-11-20T22:00:05.298+0000] {processor.py:925} INFO - DAG(s) 'example_task_group' retrieved from /home/airflow/.local/lib/python3.12/site-packages/airflow/example_dags/example_task_group.py
[2024-11-20T22:00:05.329+0000] {logging_mixin.py:190} INFO - [2024-11-20T22:00:05.329+0000] {dag.py:3239} INFO - Sync 1 DAGs
[2024-11-20T22:00:05.347+0000] {logging_mixin.py:190} INFO - [2024-11-20T22:00:05.347+0000] {dag.py:4180} INFO - Setting next_dagrun for example_task_group to None, run_after=None
[2024-11-20T22:00:05.373+0000] {processor.py:208} INFO - Processing /home/airflow/.local/lib/python3.12/site-packages/airflow/example_dags/example_task_group.py took 0.100 seconds
[2024-11-20T22:00:36.297+0000] {processor.py:186} INFO - Started process (PID=1156) to work on /home/airflow/.local/lib/python3.12/site-packages/airflow/example_dags/example_task_group.py
[2024-11-20T22:00:36.298+0000] {processor.py:914} INFO - Processing file /home/airflow/.local/lib/python3.12/site-packages/airflow/example_dags/example_task_group.py for tasks to queue
[2024-11-20T22:00:36.300+0000] {logging_mixin.py:190} INFO - [2024-11-20T22:00:36.300+0000] {dagbag.py:588} INFO - Filling up the DagBag from /home/airflow/.local/lib/python3.12/site-packages/airflow/example_dags/example_task_group.py
[2024-11-20T22:00:36.311+0000] {processor.py:925} INFO - DAG(s) 'example_task_group' retrieved from /home/airflow/.local/lib/python3.12/site-packages/airflow/example_dags/example_task_group.py
[2024-11-20T22:00:36.334+0000] {logging_mixin.py:190} INFO - [2024-11-20T22:00:36.334+0000] {dag.py:3239} INFO - Sync 1 DAGs
[2024-11-20T22:00:36.353+0000] {logging_mixin.py:190} INFO - [2024-11-20T22:00:36.352+0000] {dag.py:4180} INFO - Setting next_dagrun for example_task_group to None, run_after=None
[2024-11-20T22:00:36.378+0000] {processor.py:208} INFO - Processing /home/airflow/.local/lib/python3.12/site-packages/airflow/example_dags/example_task_group.py took 0.086 seconds
