[2024-11-20T21:59:11.933+0000] {processor.py:186} INFO - Started process (PID=358) to work on /home/airflow/.local/lib/python3.12/site-packages/airflow/example_dags/example_bash_decorator.py
[2024-11-20T21:59:11.935+0000] {processor.py:914} INFO - Processing file /home/airflow/.local/lib/python3.12/site-packages/airflow/example_dags/example_bash_decorator.py for tasks to queue
[2024-11-20T21:59:11.939+0000] {logging_mixin.py:190} INFO - [2024-11-20T21:59:11.938+0000] {dagbag.py:588} INFO - Filling up the DagBag from /home/airflow/.local/lib/python3.12/site-packages/airflow/example_dags/example_bash_decorator.py
[2024-11-20T21:59:11.961+0000] {processor.py:925} INFO - DAG(s) 'example_bash_decorator' retrieved from /home/airflow/.local/lib/python3.12/site-packages/airflow/example_dags/example_bash_decorator.py
[2024-11-20T21:59:12.099+0000] {logging_mixin.py:190} INFO - [2024-11-20T21:59:12.098+0000] {override.py:1911} INFO - Created Permission View: can read on DAG:example_bash_decorator
[2024-11-20T21:59:12.115+0000] {logging_mixin.py:190} INFO - [2024-11-20T21:59:12.114+0000] {override.py:1911} INFO - Created Permission View: can delete on DAG:example_bash_decorator
[2024-11-20T21:59:12.130+0000] {logging_mixin.py:190} INFO - [2024-11-20T21:59:12.130+0000] {override.py:1911} INFO - Created Permission View: can edit on DAG:example_bash_decorator
[2024-11-20T21:59:12.149+0000] {logging_mixin.py:190} INFO - [2024-11-20T21:59:12.149+0000] {override.py:1911} INFO - Created Permission View: can read on DAG Run:example_bash_decorator
[2024-11-20T21:59:12.163+0000] {logging_mixin.py:190} INFO - [2024-11-20T21:59:12.162+0000] {override.py:1911} INFO - Created Permission View: can delete on DAG Run:example_bash_decorator
[2024-11-20T21:59:12.173+0000] {logging_mixin.py:190} INFO - [2024-11-20T21:59:12.173+0000] {override.py:1911} INFO - Created Permission View: can create on DAG Run:example_bash_decorator
[2024-11-20T21:59:12.187+0000] {logging_mixin.py:190} INFO - [2024-11-20T21:59:12.187+0000] {override.py:1911} INFO - Created Permission View: menu access on DAG Run:example_bash_decorator
[2024-11-20T21:59:12.188+0000] {logging_mixin.py:190} INFO - [2024-11-20T21:59:12.188+0000] {dag.py:3239} INFO - Sync 1 DAGs
[2024-11-20T21:59:12.204+0000] {logging_mixin.py:190} INFO - [2024-11-20T21:59:12.204+0000] {dag.py:3262} INFO - Creating ORM DAG for example_bash_decorator
[2024-11-20T21:59:12.205+0000] {logging_mixin.py:190} INFO - [2024-11-20T21:59:12.205+0000] {dag.py:4180} INFO - Setting next_dagrun for example_bash_decorator to None, run_after=None
[2024-11-20T21:59:12.247+0000] {processor.py:208} INFO - Processing /home/airflow/.local/lib/python3.12/site-packages/airflow/example_dags/example_bash_decorator.py took 0.322 seconds
[2024-11-20T21:59:43.474+0000] {processor.py:186} INFO - Started process (PID=649) to work on /home/airflow/.local/lib/python3.12/site-packages/airflow/example_dags/example_bash_decorator.py
[2024-11-20T21:59:43.476+0000] {processor.py:914} INFO - Processing file /home/airflow/.local/lib/python3.12/site-packages/airflow/example_dags/example_bash_decorator.py for tasks to queue
[2024-11-20T21:59:43.478+0000] {logging_mixin.py:190} INFO - [2024-11-20T21:59:43.478+0000] {dagbag.py:588} INFO - Filling up the DagBag from /home/airflow/.local/lib/python3.12/site-packages/airflow/example_dags/example_bash_decorator.py
[2024-11-20T21:59:43.495+0000] {processor.py:925} INFO - DAG(s) 'example_bash_decorator' retrieved from /home/airflow/.local/lib/python3.12/site-packages/airflow/example_dags/example_bash_decorator.py
[2024-11-20T21:59:43.526+0000] {logging_mixin.py:190} INFO - [2024-11-20T21:59:43.525+0000] {dag.py:3239} INFO - Sync 1 DAGs
[2024-11-20T21:59:43.546+0000] {logging_mixin.py:190} INFO - [2024-11-20T21:59:43.546+0000] {dag.py:4180} INFO - Setting next_dagrun for example_bash_decorator to None, run_after=None
[2024-11-20T21:59:43.568+0000] {processor.py:208} INFO - Processing /home/airflow/.local/lib/python3.12/site-packages/airflow/example_dags/example_bash_decorator.py took 0.100 seconds
[2024-11-20T22:00:15.590+0000] {processor.py:186} INFO - Started process (PID=940) to work on /home/airflow/.local/lib/python3.12/site-packages/airflow/example_dags/example_bash_decorator.py
[2024-11-20T22:00:15.593+0000] {processor.py:914} INFO - Processing file /home/airflow/.local/lib/python3.12/site-packages/airflow/example_dags/example_bash_decorator.py for tasks to queue
[2024-11-20T22:00:15.596+0000] {logging_mixin.py:190} INFO - [2024-11-20T22:00:15.595+0000] {dagbag.py:588} INFO - Filling up the DagBag from /home/airflow/.local/lib/python3.12/site-packages/airflow/example_dags/example_bash_decorator.py
[2024-11-20T22:00:15.619+0000] {processor.py:925} INFO - DAG(s) 'example_bash_decorator' retrieved from /home/airflow/.local/lib/python3.12/site-packages/airflow/example_dags/example_bash_decorator.py
[2024-11-20T22:00:15.652+0000] {logging_mixin.py:190} INFO - [2024-11-20T22:00:15.652+0000] {dag.py:3239} INFO - Sync 1 DAGs
[2024-11-20T22:00:15.674+0000] {logging_mixin.py:190} INFO - [2024-11-20T22:00:15.673+0000] {dag.py:4180} INFO - Setting next_dagrun for example_bash_decorator to None, run_after=None
[2024-11-20T22:00:15.705+0000] {processor.py:208} INFO - Processing /home/airflow/.local/lib/python3.12/site-packages/airflow/example_dags/example_bash_decorator.py took 0.121 seconds
