[2024-11-20T21:59:08.765+0000] {processor.py:186} INFO - Started process (PID=318) to work on /home/airflow/.local/lib/python3.12/site-packages/airflow/example_dags/example_sensors.py
[2024-11-20T21:59:08.766+0000] {processor.py:914} INFO - Processing file /home/airflow/.local/lib/python3.12/site-packages/airflow/example_dags/example_sensors.py for tasks to queue
[2024-11-20T21:59:08.769+0000] {logging_mixin.py:190} INFO - [2024-11-20T21:59:08.768+0000] {dagbag.py:588} INFO - Filling up the DagBag from /home/airflow/.local/lib/python3.12/site-packages/airflow/example_dags/example_sensors.py
[2024-11-20T21:59:08.791+0000] {processor.py:925} INFO - DAG(s) 'example_sensors' retrieved from /home/airflow/.local/lib/python3.12/site-packages/airflow/example_dags/example_sensors.py
[2024-11-20T21:59:09.117+0000] {logging_mixin.py:190} INFO - [2024-11-20T21:59:09.116+0000] {override.py:1911} INFO - Created Permission View: can read on DAG:example_sensors
[2024-11-20T21:59:09.136+0000] {logging_mixin.py:190} INFO - [2024-11-20T21:59:09.136+0000] {override.py:1911} INFO - Created Permission View: can delete on DAG:example_sensors
[2024-11-20T21:59:09.148+0000] {logging_mixin.py:190} INFO - [2024-11-20T21:59:09.147+0000] {override.py:1911} INFO - Created Permission View: can edit on DAG:example_sensors
[2024-11-20T21:59:09.162+0000] {logging_mixin.py:190} INFO - [2024-11-20T21:59:09.161+0000] {override.py:1911} INFO - Created Permission View: can read on DAG Run:example_sensors
[2024-11-20T21:59:09.174+0000] {logging_mixin.py:190} INFO - [2024-11-20T21:59:09.174+0000] {override.py:1911} INFO - Created Permission View: can delete on DAG Run:example_sensors
[2024-11-20T21:59:09.188+0000] {logging_mixin.py:190} INFO - [2024-11-20T21:59:09.187+0000] {override.py:1911} INFO - Created Permission View: can create on DAG Run:example_sensors
[2024-11-20T21:59:09.199+0000] {logging_mixin.py:190} INFO - [2024-11-20T21:59:09.199+0000] {override.py:1911} INFO - Created Permission View: menu access on DAG Run:example_sensors
[2024-11-20T21:59:09.200+0000] {logging_mixin.py:190} INFO - [2024-11-20T21:59:09.200+0000] {dag.py:3239} INFO - Sync 1 DAGs
[2024-11-20T21:59:09.219+0000] {logging_mixin.py:190} INFO - [2024-11-20T21:59:09.219+0000] {dag.py:3262} INFO - Creating ORM DAG for example_sensors
[2024-11-20T21:59:09.221+0000] {logging_mixin.py:190} INFO - [2024-11-20T21:59:09.220+0000] {dag.py:4180} INFO - Setting next_dagrun for example_sensors to None, run_after=None
[2024-11-20T21:59:09.250+0000] {processor.py:208} INFO - Processing /home/airflow/.local/lib/python3.12/site-packages/airflow/example_dags/example_sensors.py took 0.495 seconds
[2024-11-20T21:59:39.506+0000] {processor.py:186} INFO - Started process (PID=604) to work on /home/airflow/.local/lib/python3.12/site-packages/airflow/example_dags/example_sensors.py
[2024-11-20T21:59:39.509+0000] {processor.py:914} INFO - Processing file /home/airflow/.local/lib/python3.12/site-packages/airflow/example_dags/example_sensors.py for tasks to queue
[2024-11-20T21:59:39.512+0000] {logging_mixin.py:190} INFO - [2024-11-20T21:59:39.512+0000] {dagbag.py:588} INFO - Filling up the DagBag from /home/airflow/.local/lib/python3.12/site-packages/airflow/example_dags/example_sensors.py
[2024-11-20T21:59:39.529+0000] {processor.py:925} INFO - DAG(s) 'example_sensors' retrieved from /home/airflow/.local/lib/python3.12/site-packages/airflow/example_dags/example_sensors.py
[2024-11-20T21:59:39.564+0000] {logging_mixin.py:190} INFO - [2024-11-20T21:59:39.564+0000] {dag.py:3239} INFO - Sync 1 DAGs
[2024-11-20T21:59:39.580+0000] {logging_mixin.py:190} INFO - [2024-11-20T21:59:39.580+0000] {dag.py:4180} INFO - Setting next_dagrun for example_sensors to None, run_after=None
[2024-11-20T21:59:39.599+0000] {processor.py:208} INFO - Processing /home/airflow/.local/lib/python3.12/site-packages/airflow/example_dags/example_sensors.py took 0.100 seconds
[2024-11-20T22:00:10.071+0000] {processor.py:186} INFO - Started process (PID=895) to work on /home/airflow/.local/lib/python3.12/site-packages/airflow/example_dags/example_sensors.py
[2024-11-20T22:00:10.074+0000] {processor.py:914} INFO - Processing file /home/airflow/.local/lib/python3.12/site-packages/airflow/example_dags/example_sensors.py for tasks to queue
[2024-11-20T22:00:10.080+0000] {logging_mixin.py:190} INFO - [2024-11-20T22:00:10.079+0000] {dagbag.py:588} INFO - Filling up the DagBag from /home/airflow/.local/lib/python3.12/site-packages/airflow/example_dags/example_sensors.py
[2024-11-20T22:00:10.110+0000] {processor.py:925} INFO - DAG(s) 'example_sensors' retrieved from /home/airflow/.local/lib/python3.12/site-packages/airflow/example_dags/example_sensors.py
[2024-11-20T22:00:10.168+0000] {logging_mixin.py:190} INFO - [2024-11-20T22:00:10.168+0000] {dag.py:3239} INFO - Sync 1 DAGs
[2024-11-20T22:00:10.189+0000] {logging_mixin.py:190} INFO - [2024-11-20T22:00:10.189+0000] {dag.py:4180} INFO - Setting next_dagrun for example_sensors to None, run_after=None
[2024-11-20T22:00:10.219+0000] {processor.py:208} INFO - Processing /home/airflow/.local/lib/python3.12/site-packages/airflow/example_dags/example_sensors.py took 0.159 seconds
[2024-11-20T22:00:40.777+0000] {processor.py:186} INFO - Started process (PID=1181) to work on /home/airflow/.local/lib/python3.12/site-packages/airflow/example_dags/example_sensors.py
[2024-11-20T22:00:40.779+0000] {processor.py:914} INFO - Processing file /home/airflow/.local/lib/python3.12/site-packages/airflow/example_dags/example_sensors.py for tasks to queue
[2024-11-20T22:00:40.782+0000] {logging_mixin.py:190} INFO - [2024-11-20T22:00:40.781+0000] {dagbag.py:588} INFO - Filling up the DagBag from /home/airflow/.local/lib/python3.12/site-packages/airflow/example_dags/example_sensors.py
[2024-11-20T22:00:40.795+0000] {processor.py:925} INFO - DAG(s) 'example_sensors' retrieved from /home/airflow/.local/lib/python3.12/site-packages/airflow/example_dags/example_sensors.py
[2024-11-20T22:00:40.824+0000] {logging_mixin.py:190} INFO - [2024-11-20T22:00:40.824+0000] {dag.py:3239} INFO - Sync 1 DAGs
[2024-11-20T22:00:40.847+0000] {logging_mixin.py:190} INFO - [2024-11-20T22:00:40.847+0000] {dag.py:4180} INFO - Setting next_dagrun for example_sensors to None, run_after=None
[2024-11-20T22:00:40.887+0000] {processor.py:208} INFO - Processing /home/airflow/.local/lib/python3.12/site-packages/airflow/example_dags/example_sensors.py took 0.117 seconds
