[2024-11-20T21:59:13.017+0000] {processor.py:186} INFO - Started process (PID=378) to work on /home/airflow/.local/lib/python3.12/site-packages/airflow/example_dags/example_params_ui_tutorial.py
[2024-11-20T21:59:13.018+0000] {processor.py:914} INFO - Processing file /home/airflow/.local/lib/python3.12/site-packages/airflow/example_dags/example_params_ui_tutorial.py for tasks to queue
[2024-11-20T21:59:13.021+0000] {logging_mixin.py:190} INFO - [2024-11-20T21:59:13.021+0000] {dagbag.py:588} INFO - Filling up the DagBag from /home/airflow/.local/lib/python3.12/site-packages/airflow/example_dags/example_params_ui_tutorial.py
[2024-11-20T21:59:13.036+0000] {processor.py:925} INFO - DAG(s) 'example_params_ui_tutorial' retrieved from /home/airflow/.local/lib/python3.12/site-packages/airflow/example_dags/example_params_ui_tutorial.py
[2024-11-20T21:59:13.190+0000] {logging_mixin.py:190} INFO - [2024-11-20T21:59:13.189+0000] {override.py:1911} INFO - Created Permission View: can read on DAG:example_params_ui_tutorial
[2024-11-20T21:59:13.204+0000] {logging_mixin.py:190} INFO - [2024-11-20T21:59:13.204+0000] {override.py:1911} INFO - Created Permission View: can delete on DAG:example_params_ui_tutorial
[2024-11-20T21:59:13.219+0000] {logging_mixin.py:190} INFO - [2024-11-20T21:59:13.219+0000] {override.py:1911} INFO - Created Permission View: can edit on DAG:example_params_ui_tutorial
[2024-11-20T21:59:13.241+0000] {logging_mixin.py:190} INFO - [2024-11-20T21:59:13.240+0000] {override.py:1911} INFO - Created Permission View: can read on DAG Run:example_params_ui_tutorial
[2024-11-20T21:59:13.259+0000] {logging_mixin.py:190} INFO - [2024-11-20T21:59:13.259+0000] {override.py:1911} INFO - Created Permission View: can delete on DAG Run:example_params_ui_tutorial
[2024-11-20T21:59:13.272+0000] {logging_mixin.py:190} INFO - [2024-11-20T21:59:13.272+0000] {override.py:1911} INFO - Created Permission View: can create on DAG Run:example_params_ui_tutorial
[2024-11-20T21:59:13.283+0000] {logging_mixin.py:190} INFO - [2024-11-20T21:59:13.282+0000] {override.py:1911} INFO - Created Permission View: menu access on DAG Run:example_params_ui_tutorial
[2024-11-20T21:59:13.283+0000] {logging_mixin.py:190} INFO - [2024-11-20T21:59:13.283+0000] {dag.py:3239} INFO - Sync 1 DAGs
[2024-11-20T21:59:13.300+0000] {logging_mixin.py:190} INFO - [2024-11-20T21:59:13.299+0000] {dag.py:3262} INFO - Creating ORM DAG for example_params_ui_tutorial
[2024-11-20T21:59:13.301+0000] {logging_mixin.py:190} INFO - [2024-11-20T21:59:13.301+0000] {dag.py:4180} INFO - Setting next_dagrun for example_params_ui_tutorial to None, run_after=None
[2024-11-20T21:59:13.332+0000] {processor.py:208} INFO - Processing /home/airflow/.local/lib/python3.12/site-packages/airflow/example_dags/example_params_ui_tutorial.py took 0.321 seconds
[2024-11-20T21:59:43.998+0000] {processor.py:186} INFO - Started process (PID=669) to work on /home/airflow/.local/lib/python3.12/site-packages/airflow/example_dags/example_params_ui_tutorial.py
[2024-11-20T21:59:43.999+0000] {processor.py:914} INFO - Processing file /home/airflow/.local/lib/python3.12/site-packages/airflow/example_dags/example_params_ui_tutorial.py for tasks to queue
[2024-11-20T21:59:44.001+0000] {logging_mixin.py:190} INFO - [2024-11-20T21:59:44.001+0000] {dagbag.py:588} INFO - Filling up the DagBag from /home/airflow/.local/lib/python3.12/site-packages/airflow/example_dags/example_params_ui_tutorial.py
[2024-11-20T21:59:44.012+0000] {processor.py:925} INFO - DAG(s) 'example_params_ui_tutorial' retrieved from /home/airflow/.local/lib/python3.12/site-packages/airflow/example_dags/example_params_ui_tutorial.py
[2024-11-20T21:59:44.065+0000] {logging_mixin.py:190} INFO - [2024-11-20T21:59:44.064+0000] {dag.py:3239} INFO - Sync 1 DAGs
[2024-11-20T21:59:44.083+0000] {logging_mixin.py:190} INFO - [2024-11-20T21:59:44.083+0000] {dag.py:4180} INFO - Setting next_dagrun for example_params_ui_tutorial to None, run_after=None
[2024-11-20T21:59:44.105+0000] {processor.py:208} INFO - Processing /home/airflow/.local/lib/python3.12/site-packages/airflow/example_dags/example_params_ui_tutorial.py took 0.116 seconds
[2024-11-20T22:00:15.926+0000] {processor.py:186} INFO - Started process (PID=960) to work on /home/airflow/.local/lib/python3.12/site-packages/airflow/example_dags/example_params_ui_tutorial.py
[2024-11-20T22:00:15.928+0000] {processor.py:914} INFO - Processing file /home/airflow/.local/lib/python3.12/site-packages/airflow/example_dags/example_params_ui_tutorial.py for tasks to queue
[2024-11-20T22:00:15.931+0000] {logging_mixin.py:190} INFO - [2024-11-20T22:00:15.931+0000] {dagbag.py:588} INFO - Filling up the DagBag from /home/airflow/.local/lib/python3.12/site-packages/airflow/example_dags/example_params_ui_tutorial.py
[2024-11-20T22:00:15.944+0000] {processor.py:925} INFO - DAG(s) 'example_params_ui_tutorial' retrieved from /home/airflow/.local/lib/python3.12/site-packages/airflow/example_dags/example_params_ui_tutorial.py
[2024-11-20T22:00:16.059+0000] {logging_mixin.py:190} INFO - [2024-11-20T22:00:16.058+0000] {dag.py:3239} INFO - Sync 1 DAGs
[2024-11-20T22:00:16.105+0000] {logging_mixin.py:190} INFO - [2024-11-20T22:00:16.104+0000] {dag.py:4180} INFO - Setting next_dagrun for example_params_ui_tutorial to None, run_after=None
[2024-11-20T22:00:16.150+0000] {processor.py:208} INFO - Processing /home/airflow/.local/lib/python3.12/site-packages/airflow/example_dags/example_params_ui_tutorial.py took 0.232 seconds
