[2024-11-20T21:59:14.761+0000] {processor.py:186} INFO - Started process (PID=408) to work on /home/airflow/.local/lib/python3.12/site-packages/airflow/example_dags/example_trigger_target_dag.py
[2024-11-20T21:59:14.762+0000] {processor.py:914} INFO - Processing file /home/airflow/.local/lib/python3.12/site-packages/airflow/example_dags/example_trigger_target_dag.py for tasks to queue
[2024-11-20T21:59:14.765+0000] {logging_mixin.py:190} INFO - [2024-11-20T21:59:14.765+0000] {dagbag.py:588} INFO - Filling up the DagBag from /home/airflow/.local/lib/python3.12/site-packages/airflow/example_dags/example_trigger_target_dag.py
[2024-11-20T21:59:14.776+0000] {processor.py:925} INFO - DAG(s) 'example_trigger_target_dag' retrieved from /home/airflow/.local/lib/python3.12/site-packages/airflow/example_dags/example_trigger_target_dag.py
[2024-11-20T21:59:14.917+0000] {logging_mixin.py:190} INFO - [2024-11-20T21:59:14.916+0000] {override.py:1911} INFO - Created Permission View: can read on DAG:example_trigger_target_dag
[2024-11-20T21:59:14.932+0000] {logging_mixin.py:190} INFO - [2024-11-20T21:59:14.932+0000] {override.py:1911} INFO - Created Permission View: can delete on DAG:example_trigger_target_dag
[2024-11-20T21:59:14.941+0000] {logging_mixin.py:190} INFO - [2024-11-20T21:59:14.941+0000] {override.py:1911} INFO - Created Permission View: can edit on DAG:example_trigger_target_dag
[2024-11-20T21:59:14.957+0000] {logging_mixin.py:190} INFO - [2024-11-20T21:59:14.957+0000] {override.py:1911} INFO - Created Permission View: can read on DAG Run:example_trigger_target_dag
[2024-11-20T21:59:14.972+0000] {logging_mixin.py:190} INFO - [2024-11-20T21:59:14.971+0000] {override.py:1911} INFO - Created Permission View: can delete on DAG Run:example_trigger_target_dag
[2024-11-20T21:59:14.980+0000] {logging_mixin.py:190} INFO - [2024-11-20T21:59:14.980+0000] {override.py:1911} INFO - Created Permission View: can create on DAG Run:example_trigger_target_dag
[2024-11-20T21:59:14.990+0000] {logging_mixin.py:190} INFO - [2024-11-20T21:59:14.990+0000] {override.py:1911} INFO - Created Permission View: menu access on DAG Run:example_trigger_target_dag
[2024-11-20T21:59:14.991+0000] {logging_mixin.py:190} INFO - [2024-11-20T21:59:14.991+0000] {dag.py:3239} INFO - Sync 1 DAGs
[2024-11-20T21:59:15.005+0000] {logging_mixin.py:190} INFO - [2024-11-20T21:59:15.005+0000] {dag.py:3262} INFO - Creating ORM DAG for example_trigger_target_dag
[2024-11-20T21:59:15.006+0000] {logging_mixin.py:190} INFO - [2024-11-20T21:59:15.006+0000] {dag.py:4180} INFO - Setting next_dagrun for example_trigger_target_dag to None, run_after=None
[2024-11-20T21:59:15.026+0000] {processor.py:208} INFO - Processing /home/airflow/.local/lib/python3.12/site-packages/airflow/example_dags/example_trigger_target_dag.py took 0.273 seconds
[2024-11-20T21:59:45.931+0000] {processor.py:186} INFO - Started process (PID=699) to work on /home/airflow/.local/lib/python3.12/site-packages/airflow/example_dags/example_trigger_target_dag.py
[2024-11-20T21:59:45.932+0000] {processor.py:914} INFO - Processing file /home/airflow/.local/lib/python3.12/site-packages/airflow/example_dags/example_trigger_target_dag.py for tasks to queue
[2024-11-20T21:59:45.938+0000] {logging_mixin.py:190} INFO - [2024-11-20T21:59:45.937+0000] {dagbag.py:588} INFO - Filling up the DagBag from /home/airflow/.local/lib/python3.12/site-packages/airflow/example_dags/example_trigger_target_dag.py
[2024-11-20T21:59:45.957+0000] {processor.py:925} INFO - DAG(s) 'example_trigger_target_dag' retrieved from /home/airflow/.local/lib/python3.12/site-packages/airflow/example_dags/example_trigger_target_dag.py
[2024-11-20T21:59:45.989+0000] {logging_mixin.py:190} INFO - [2024-11-20T21:59:45.989+0000] {dag.py:3239} INFO - Sync 1 DAGs
[2024-11-20T21:59:46.015+0000] {logging_mixin.py:190} INFO - [2024-11-20T21:59:46.015+0000] {dag.py:4180} INFO - Setting next_dagrun for example_trigger_target_dag to None, run_after=None
[2024-11-20T21:59:46.055+0000] {processor.py:208} INFO - Processing /home/airflow/.local/lib/python3.12/site-packages/airflow/example_dags/example_trigger_target_dag.py took 0.138 seconds
[2024-11-20T22:00:16.384+0000] {processor.py:186} INFO - Started process (PID=985) to work on /home/airflow/.local/lib/python3.12/site-packages/airflow/example_dags/example_trigger_target_dag.py
[2024-11-20T22:00:16.385+0000] {processor.py:914} INFO - Processing file /home/airflow/.local/lib/python3.12/site-packages/airflow/example_dags/example_trigger_target_dag.py for tasks to queue
[2024-11-20T22:00:16.388+0000] {logging_mixin.py:190} INFO - [2024-11-20T22:00:16.388+0000] {dagbag.py:588} INFO - Filling up the DagBag from /home/airflow/.local/lib/python3.12/site-packages/airflow/example_dags/example_trigger_target_dag.py
[2024-11-20T22:00:16.398+0000] {processor.py:925} INFO - DAG(s) 'example_trigger_target_dag' retrieved from /home/airflow/.local/lib/python3.12/site-packages/airflow/example_dags/example_trigger_target_dag.py
[2024-11-20T22:00:16.419+0000] {logging_mixin.py:190} INFO - [2024-11-20T22:00:16.419+0000] {dag.py:3239} INFO - Sync 1 DAGs
[2024-11-20T22:00:16.440+0000] {logging_mixin.py:190} INFO - [2024-11-20T22:00:16.439+0000] {dag.py:4180} INFO - Setting next_dagrun for example_trigger_target_dag to None, run_after=None
[2024-11-20T22:00:16.464+0000] {processor.py:208} INFO - Processing /home/airflow/.local/lib/python3.12/site-packages/airflow/example_dags/example_trigger_target_dag.py took 0.088 seconds
