[2024-11-20T21:59:16.052+0000] {processor.py:186} INFO - Started process (PID=448) to work on /home/airflow/.local/lib/python3.12/site-packages/airflow/example_dags/example_sla_dag.py
[2024-11-20T21:59:16.053+0000] {processor.py:914} INFO - Processing file /home/airflow/.local/lib/python3.12/site-packages/airflow/example_dags/example_sla_dag.py for tasks to queue
[2024-11-20T21:59:16.057+0000] {logging_mixin.py:190} INFO - [2024-11-20T21:59:16.057+0000] {dagbag.py:588} INFO - Filling up the DagBag from /home/airflow/.local/lib/python3.12/site-packages/airflow/example_dags/example_sla_dag.py
[2024-11-20T21:59:16.073+0000] {processor.py:925} INFO - DAG(s) 'example_sla_dag' retrieved from /home/airflow/.local/lib/python3.12/site-packages/airflow/example_dags/example_sla_dag.py
[2024-11-20T21:59:16.220+0000] {logging_mixin.py:190} INFO - [2024-11-20T21:59:16.219+0000] {override.py:1911} INFO - Created Permission View: can read on DAG:example_sla_dag
[2024-11-20T21:59:16.234+0000] {logging_mixin.py:190} INFO - [2024-11-20T21:59:16.234+0000] {override.py:1911} INFO - Created Permission View: can delete on DAG:example_sla_dag
[2024-11-20T21:59:16.246+0000] {logging_mixin.py:190} INFO - [2024-11-20T21:59:16.246+0000] {override.py:1911} INFO - Created Permission View: can edit on DAG:example_sla_dag
[2024-11-20T21:59:16.263+0000] {logging_mixin.py:190} INFO - [2024-11-20T21:59:16.262+0000] {override.py:1911} INFO - Created Permission View: can read on DAG Run:example_sla_dag
[2024-11-20T21:59:16.272+0000] {logging_mixin.py:190} INFO - [2024-11-20T21:59:16.272+0000] {override.py:1911} INFO - Created Permission View: can delete on DAG Run:example_sla_dag
[2024-11-20T21:59:16.281+0000] {logging_mixin.py:190} INFO - [2024-11-20T21:59:16.280+0000] {override.py:1911} INFO - Created Permission View: can create on DAG Run:example_sla_dag
[2024-11-20T21:59:16.292+0000] {logging_mixin.py:190} INFO - [2024-11-20T21:59:16.292+0000] {override.py:1911} INFO - Created Permission View: menu access on DAG Run:example_sla_dag
[2024-11-20T21:59:16.293+0000] {logging_mixin.py:190} INFO - [2024-11-20T21:59:16.292+0000] {dag.py:3239} INFO - Sync 1 DAGs
[2024-11-20T21:59:16.308+0000] {logging_mixin.py:190} INFO - [2024-11-20T21:59:16.308+0000] {dag.py:3262} INFO - Creating ORM DAG for example_sla_dag
[2024-11-20T21:59:16.321+0000] {logging_mixin.py:190} INFO - [2024-11-20T21:59:16.320+0000] {dag.py:4180} INFO - Setting next_dagrun for example_sla_dag to 2024-11-20 21:56:00+00:00, run_after=2024-11-20 21:58:00+00:00
[2024-11-20T21:59:16.338+0000] {processor.py:208} INFO - Processing /home/airflow/.local/lib/python3.12/site-packages/airflow/example_dags/example_sla_dag.py took 0.296 seconds
[2024-11-20T21:59:46.877+0000] {processor.py:186} INFO - Started process (PID=739) to work on /home/airflow/.local/lib/python3.12/site-packages/airflow/example_dags/example_sla_dag.py
[2024-11-20T21:59:46.879+0000] {processor.py:914} INFO - Processing file /home/airflow/.local/lib/python3.12/site-packages/airflow/example_dags/example_sla_dag.py for tasks to queue
[2024-11-20T21:59:46.883+0000] {logging_mixin.py:190} INFO - [2024-11-20T21:59:46.882+0000] {dagbag.py:588} INFO - Filling up the DagBag from /home/airflow/.local/lib/python3.12/site-packages/airflow/example_dags/example_sla_dag.py
[2024-11-20T21:59:46.896+0000] {processor.py:925} INFO - DAG(s) 'example_sla_dag' retrieved from /home/airflow/.local/lib/python3.12/site-packages/airflow/example_dags/example_sla_dag.py
[2024-11-20T21:59:46.923+0000] {logging_mixin.py:190} INFO - [2024-11-20T21:59:46.923+0000] {dag.py:3239} INFO - Sync 1 DAGs
[2024-11-20T21:59:46.963+0000] {logging_mixin.py:190} INFO - [2024-11-20T21:59:46.963+0000] {dag.py:4180} INFO - Setting next_dagrun for example_sla_dag to 2024-11-20 21:56:00+00:00, run_after=2024-11-20 21:58:00+00:00
[2024-11-20T21:59:46.988+0000] {processor.py:208} INFO - Processing /home/airflow/.local/lib/python3.12/site-packages/airflow/example_dags/example_sla_dag.py took 0.117 seconds
[2024-11-20T22:00:17.384+0000] {processor.py:186} INFO - Started process (PID=1030) to work on /home/airflow/.local/lib/python3.12/site-packages/airflow/example_dags/example_sla_dag.py
[2024-11-20T22:00:17.386+0000] {processor.py:914} INFO - Processing file /home/airflow/.local/lib/python3.12/site-packages/airflow/example_dags/example_sla_dag.py for tasks to queue
[2024-11-20T22:00:17.390+0000] {logging_mixin.py:190} INFO - [2024-11-20T22:00:17.390+0000] {dagbag.py:588} INFO - Filling up the DagBag from /home/airflow/.local/lib/python3.12/site-packages/airflow/example_dags/example_sla_dag.py
[2024-11-20T22:00:17.401+0000] {processor.py:925} INFO - DAG(s) 'example_sla_dag' retrieved from /home/airflow/.local/lib/python3.12/site-packages/airflow/example_dags/example_sla_dag.py
[2024-11-20T22:00:17.424+0000] {logging_mixin.py:190} INFO - [2024-11-20T22:00:17.424+0000] {dag.py:3239} INFO - Sync 1 DAGs
[2024-11-20T22:00:17.457+0000] {logging_mixin.py:190} INFO - [2024-11-20T22:00:17.456+0000] {dag.py:4180} INFO - Setting next_dagrun for example_sla_dag to 2024-11-20 21:58:00+00:00, run_after=2024-11-20 22:00:00+00:00
[2024-11-20T22:00:17.486+0000] {processor.py:208} INFO - Processing /home/airflow/.local/lib/python3.12/site-packages/airflow/example_dags/example_sla_dag.py took 0.108 seconds
