[2024-11-20T21:59:07.142+0000] {processor.py:186} INFO - Started process (PID=308) to work on /home/airflow/.local/lib/python3.12/site-packages/airflow/example_dags/example_datasets.py
[2024-11-20T21:59:07.144+0000] {processor.py:914} INFO - Processing file /home/airflow/.local/lib/python3.12/site-packages/airflow/example_dags/example_datasets.py for tasks to queue
[2024-11-20T21:59:07.148+0000] {logging_mixin.py:190} INFO - [2024-11-20T21:59:07.147+0000] {dagbag.py:588} INFO - Filling up the DagBag from /home/airflow/.local/lib/python3.12/site-packages/airflow/example_dags/example_datasets.py
[2024-11-20T21:59:08.633+0000] {processor.py:925} INFO - DAG(s) 'consume_1_or_2_with_dataset_expressions', 'consume_1_or_both_2_and_3_with_dataset_expressions', 'conditional_dataset_and_time_based_timetable', 'dataset_consumes_unknown_never_scheduled', 'dataset_consumes_1', 'dataset_produces_2', 'consume_1_and_2_with_dataset_expressions', 'dataset_consumes_1_and_2', 'dataset_produces_1', 'dataset_consumes_1_never_scheduled' retrieved from /home/airflow/.local/lib/python3.12/site-packages/airflow/example_dags/example_datasets.py
[2024-11-20T21:59:08.773+0000] {logging_mixin.py:190} INFO - [2024-11-20T21:59:08.772+0000] {override.py:1911} INFO - Created Permission View: can read on DAG:consume_1_or_2_with_dataset_expressions
[2024-11-20T21:59:08.792+0000] {logging_mixin.py:190} INFO - [2024-11-20T21:59:08.791+0000] {override.py:1911} INFO - Created Permission View: can delete on DAG:consume_1_or_2_with_dataset_expressions
[2024-11-20T21:59:08.804+0000] {logging_mixin.py:190} INFO - [2024-11-20T21:59:08.804+0000] {override.py:1911} INFO - Created Permission View: can edit on DAG:consume_1_or_2_with_dataset_expressions
[2024-11-20T21:59:08.822+0000] {logging_mixin.py:190} INFO - [2024-11-20T21:59:08.821+0000] {override.py:1911} INFO - Created Permission View: can read on DAG Run:consume_1_or_2_with_dataset_expressions
[2024-11-20T21:59:08.836+0000] {logging_mixin.py:190} INFO - [2024-11-20T21:59:08.835+0000] {override.py:1911} INFO - Created Permission View: can delete on DAG Run:consume_1_or_2_with_dataset_expressions
[2024-11-20T21:59:08.850+0000] {logging_mixin.py:190} INFO - [2024-11-20T21:59:08.849+0000] {override.py:1911} INFO - Created Permission View: can create on DAG Run:consume_1_or_2_with_dataset_expressions
[2024-11-20T21:59:08.861+0000] {logging_mixin.py:190} INFO - [2024-11-20T21:59:08.861+0000] {override.py:1911} INFO - Created Permission View: menu access on DAG Run:consume_1_or_2_with_dataset_expressions
[2024-11-20T21:59:08.887+0000] {logging_mixin.py:190} INFO - [2024-11-20T21:59:08.886+0000] {override.py:1911} INFO - Created Permission View: can read on DAG:consume_1_or_both_2_and_3_with_dataset_expressions
[2024-11-20T21:59:08.899+0000] {logging_mixin.py:190} INFO - [2024-11-20T21:59:08.899+0000] {override.py:1911} INFO - Created Permission View: can delete on DAG:consume_1_or_both_2_and_3_with_dataset_expressions
[2024-11-20T21:59:08.912+0000] {logging_mixin.py:190} INFO - [2024-11-20T21:59:08.911+0000] {override.py:1911} INFO - Created Permission View: can edit on DAG:consume_1_or_both_2_and_3_with_dataset_expressions
[2024-11-20T21:59:08.930+0000] {logging_mixin.py:190} INFO - [2024-11-20T21:59:08.929+0000] {override.py:1911} INFO - Created Permission View: can read on DAG Run:consume_1_or_both_2_and_3_with_dataset_expressions
[2024-11-20T21:59:08.944+0000] {logging_mixin.py:190} INFO - [2024-11-20T21:59:08.943+0000] {override.py:1911} INFO - Created Permission View: can delete on DAG Run:consume_1_or_both_2_and_3_with_dataset_expressions
[2024-11-20T21:59:08.957+0000] {logging_mixin.py:190} INFO - [2024-11-20T21:59:08.957+0000] {override.py:1911} INFO - Created Permission View: can create on DAG Run:consume_1_or_both_2_and_3_with_dataset_expressions
[2024-11-20T21:59:08.976+0000] {logging_mixin.py:190} INFO - [2024-11-20T21:59:08.976+0000] {override.py:1911} INFO - Created Permission View: menu access on DAG Run:consume_1_or_both_2_and_3_with_dataset_expressions
[2024-11-20T21:59:09.002+0000] {logging_mixin.py:190} INFO - [2024-11-20T21:59:09.002+0000] {override.py:1911} INFO - Created Permission View: can read on DAG:conditional_dataset_and_time_based_timetable
[2024-11-20T21:59:09.017+0000] {logging_mixin.py:190} INFO - [2024-11-20T21:59:09.016+0000] {override.py:1911} INFO - Created Permission View: can delete on DAG:conditional_dataset_and_time_based_timetable
[2024-11-20T21:59:09.041+0000] {logging_mixin.py:190} INFO - [2024-11-20T21:59:09.040+0000] {override.py:1911} INFO - Created Permission View: can edit on DAG:conditional_dataset_and_time_based_timetable
[2024-11-20T21:59:09.062+0000] {logging_mixin.py:190} INFO - [2024-11-20T21:59:09.061+0000] {override.py:1911} INFO - Created Permission View: can read on DAG Run:conditional_dataset_and_time_based_timetable
[2024-11-20T21:59:09.078+0000] {logging_mixin.py:190} INFO - [2024-11-20T21:59:09.078+0000] {override.py:1911} INFO - Created Permission View: can delete on DAG Run:conditional_dataset_and_time_based_timetable
[2024-11-20T21:59:09.094+0000] {logging_mixin.py:190} INFO - [2024-11-20T21:59:09.094+0000] {override.py:1911} INFO - Created Permission View: can create on DAG Run:conditional_dataset_and_time_based_timetable
[2024-11-20T21:59:09.111+0000] {logging_mixin.py:190} INFO - [2024-11-20T21:59:09.111+0000] {override.py:1911} INFO - Created Permission View: menu access on DAG Run:conditional_dataset_and_time_based_timetable
[2024-11-20T21:59:09.141+0000] {logging_mixin.py:190} INFO - [2024-11-20T21:59:09.141+0000] {override.py:1911} INFO - Created Permission View: can read on DAG:dataset_consumes_unknown_never_scheduled
[2024-11-20T21:59:09.151+0000] {logging_mixin.py:190} INFO - [2024-11-20T21:59:09.151+0000] {override.py:1911} INFO - Created Permission View: can delete on DAG:dataset_consumes_unknown_never_scheduled
[2024-11-20T21:59:09.165+0000] {logging_mixin.py:190} INFO - [2024-11-20T21:59:09.165+0000] {override.py:1911} INFO - Created Permission View: can edit on DAG:dataset_consumes_unknown_never_scheduled
[2024-11-20T21:59:09.193+0000] {logging_mixin.py:190} INFO - [2024-11-20T21:59:09.192+0000] {override.py:1911} INFO - Created Permission View: can read on DAG Run:dataset_consumes_unknown_never_scheduled
[2024-11-20T21:59:09.204+0000] {logging_mixin.py:190} INFO - [2024-11-20T21:59:09.203+0000] {override.py:1911} INFO - Created Permission View: can delete on DAG Run:dataset_consumes_unknown_never_scheduled
[2024-11-20T21:59:09.217+0000] {logging_mixin.py:190} INFO - [2024-11-20T21:59:09.217+0000] {override.py:1911} INFO - Created Permission View: can create on DAG Run:dataset_consumes_unknown_never_scheduled
[2024-11-20T21:59:09.230+0000] {logging_mixin.py:190} INFO - [2024-11-20T21:59:09.229+0000] {override.py:1911} INFO - Created Permission View: menu access on DAG Run:dataset_consumes_unknown_never_scheduled
[2024-11-20T21:59:09.248+0000] {logging_mixin.py:190} INFO - [2024-11-20T21:59:09.248+0000] {override.py:1911} INFO - Created Permission View: can read on DAG:dataset_consumes_1
[2024-11-20T21:59:09.261+0000] {logging_mixin.py:190} INFO - [2024-11-20T21:59:09.260+0000] {override.py:1911} INFO - Created Permission View: can delete on DAG:dataset_consumes_1
[2024-11-20T21:59:09.273+0000] {logging_mixin.py:190} INFO - [2024-11-20T21:59:09.272+0000] {override.py:1911} INFO - Created Permission View: can edit on DAG:dataset_consumes_1
[2024-11-20T21:59:09.291+0000] {logging_mixin.py:190} INFO - [2024-11-20T21:59:09.290+0000] {override.py:1911} INFO - Created Permission View: can read on DAG Run:dataset_consumes_1
[2024-11-20T21:59:09.301+0000] {logging_mixin.py:190} INFO - [2024-11-20T21:59:09.301+0000] {override.py:1911} INFO - Created Permission View: can delete on DAG Run:dataset_consumes_1
[2024-11-20T21:59:09.315+0000] {logging_mixin.py:190} INFO - [2024-11-20T21:59:09.315+0000] {override.py:1911} INFO - Created Permission View: can create on DAG Run:dataset_consumes_1
[2024-11-20T21:59:09.328+0000] {logging_mixin.py:190} INFO - [2024-11-20T21:59:09.327+0000] {override.py:1911} INFO - Created Permission View: menu access on DAG Run:dataset_consumes_1
[2024-11-20T21:59:09.353+0000] {logging_mixin.py:190} INFO - [2024-11-20T21:59:09.353+0000] {override.py:1911} INFO - Created Permission View: can read on DAG:dataset_produces_2
[2024-11-20T21:59:09.366+0000] {logging_mixin.py:190} INFO - [2024-11-20T21:59:09.365+0000] {override.py:1911} INFO - Created Permission View: can delete on DAG:dataset_produces_2
[2024-11-20T21:59:09.381+0000] {logging_mixin.py:190} INFO - [2024-11-20T21:59:09.380+0000] {override.py:1911} INFO - Created Permission View: can edit on DAG:dataset_produces_2
[2024-11-20T21:59:09.400+0000] {logging_mixin.py:190} INFO - [2024-11-20T21:59:09.400+0000] {override.py:1911} INFO - Created Permission View: can read on DAG Run:dataset_produces_2
[2024-11-20T21:59:09.415+0000] {logging_mixin.py:190} INFO - [2024-11-20T21:59:09.415+0000] {override.py:1911} INFO - Created Permission View: can delete on DAG Run:dataset_produces_2
[2024-11-20T21:59:09.429+0000] {logging_mixin.py:190} INFO - [2024-11-20T21:59:09.428+0000] {override.py:1911} INFO - Created Permission View: can create on DAG Run:dataset_produces_2
[2024-11-20T21:59:09.443+0000] {logging_mixin.py:190} INFO - [2024-11-20T21:59:09.442+0000] {override.py:1911} INFO - Created Permission View: menu access on DAG Run:dataset_produces_2
[2024-11-20T21:59:09.467+0000] {logging_mixin.py:190} INFO - [2024-11-20T21:59:09.466+0000] {override.py:1911} INFO - Created Permission View: can read on DAG:consume_1_and_2_with_dataset_expressions
[2024-11-20T21:59:09.480+0000] {logging_mixin.py:190} INFO - [2024-11-20T21:59:09.480+0000] {override.py:1911} INFO - Created Permission View: can delete on DAG:consume_1_and_2_with_dataset_expressions
[2024-11-20T21:59:09.492+0000] {logging_mixin.py:190} INFO - [2024-11-20T21:59:09.492+0000] {override.py:1911} INFO - Created Permission View: can edit on DAG:consume_1_and_2_with_dataset_expressions
[2024-11-20T21:59:09.507+0000] {logging_mixin.py:190} INFO - [2024-11-20T21:59:09.507+0000] {override.py:1911} INFO - Created Permission View: can read on DAG Run:consume_1_and_2_with_dataset_expressions
[2024-11-20T21:59:09.518+0000] {logging_mixin.py:190} INFO - [2024-11-20T21:59:09.518+0000] {override.py:1911} INFO - Created Permission View: can delete on DAG Run:consume_1_and_2_with_dataset_expressions
[2024-11-20T21:59:09.530+0000] {logging_mixin.py:190} INFO - [2024-11-20T21:59:09.529+0000] {override.py:1911} INFO - Created Permission View: can create on DAG Run:consume_1_and_2_with_dataset_expressions
[2024-11-20T21:59:09.542+0000] {logging_mixin.py:190} INFO - [2024-11-20T21:59:09.542+0000] {override.py:1911} INFO - Created Permission View: menu access on DAG Run:consume_1_and_2_with_dataset_expressions
[2024-11-20T21:59:09.566+0000] {logging_mixin.py:190} INFO - [2024-11-20T21:59:09.565+0000] {override.py:1911} INFO - Created Permission View: can read on DAG:dataset_consumes_1_and_2
[2024-11-20T21:59:09.579+0000] {logging_mixin.py:190} INFO - [2024-11-20T21:59:09.579+0000] {override.py:1911} INFO - Created Permission View: can delete on DAG:dataset_consumes_1_and_2
[2024-11-20T21:59:09.591+0000] {logging_mixin.py:190} INFO - [2024-11-20T21:59:09.590+0000] {override.py:1911} INFO - Created Permission View: can edit on DAG:dataset_consumes_1_and_2
[2024-11-20T21:59:09.607+0000] {logging_mixin.py:190} INFO - [2024-11-20T21:59:09.607+0000] {override.py:1911} INFO - Created Permission View: can read on DAG Run:dataset_consumes_1_and_2
[2024-11-20T21:59:09.618+0000] {logging_mixin.py:190} INFO - [2024-11-20T21:59:09.618+0000] {override.py:1911} INFO - Created Permission View: can delete on DAG Run:dataset_consumes_1_and_2
[2024-11-20T21:59:09.628+0000] {logging_mixin.py:190} INFO - [2024-11-20T21:59:09.628+0000] {override.py:1911} INFO - Created Permission View: can create on DAG Run:dataset_consumes_1_and_2
[2024-11-20T21:59:09.639+0000] {logging_mixin.py:190} INFO - [2024-11-20T21:59:09.639+0000] {override.py:1911} INFO - Created Permission View: menu access on DAG Run:dataset_consumes_1_and_2
[2024-11-20T21:59:09.660+0000] {logging_mixin.py:190} INFO - [2024-11-20T21:59:09.660+0000] {override.py:1911} INFO - Created Permission View: can read on DAG:dataset_produces_1
[2024-11-20T21:59:09.672+0000] {logging_mixin.py:190} INFO - [2024-11-20T21:59:09.672+0000] {override.py:1911} INFO - Created Permission View: can delete on DAG:dataset_produces_1
[2024-11-20T21:59:09.684+0000] {logging_mixin.py:190} INFO - [2024-11-20T21:59:09.684+0000] {override.py:1911} INFO - Created Permission View: can edit on DAG:dataset_produces_1
[2024-11-20T21:59:09.703+0000] {logging_mixin.py:190} INFO - [2024-11-20T21:59:09.703+0000] {override.py:1911} INFO - Created Permission View: can read on DAG Run:dataset_produces_1
[2024-11-20T21:59:09.716+0000] {logging_mixin.py:190} INFO - [2024-11-20T21:59:09.716+0000] {override.py:1911} INFO - Created Permission View: can delete on DAG Run:dataset_produces_1
[2024-11-20T21:59:09.729+0000] {logging_mixin.py:190} INFO - [2024-11-20T21:59:09.728+0000] {override.py:1911} INFO - Created Permission View: can create on DAG Run:dataset_produces_1
[2024-11-20T21:59:09.741+0000] {logging_mixin.py:190} INFO - [2024-11-20T21:59:09.741+0000] {override.py:1911} INFO - Created Permission View: menu access on DAG Run:dataset_produces_1
[2024-11-20T21:59:09.760+0000] {logging_mixin.py:190} INFO - [2024-11-20T21:59:09.759+0000] {override.py:1911} INFO - Created Permission View: can read on DAG:dataset_consumes_1_never_scheduled
[2024-11-20T21:59:09.769+0000] {logging_mixin.py:190} INFO - [2024-11-20T21:59:09.769+0000] {override.py:1911} INFO - Created Permission View: can delete on DAG:dataset_consumes_1_never_scheduled
[2024-11-20T21:59:09.780+0000] {logging_mixin.py:190} INFO - [2024-11-20T21:59:09.780+0000] {override.py:1911} INFO - Created Permission View: can edit on DAG:dataset_consumes_1_never_scheduled
[2024-11-20T21:59:09.796+0000] {logging_mixin.py:190} INFO - [2024-11-20T21:59:09.796+0000] {override.py:1911} INFO - Created Permission View: can read on DAG Run:dataset_consumes_1_never_scheduled
[2024-11-20T21:59:09.808+0000] {logging_mixin.py:190} INFO - [2024-11-20T21:59:09.807+0000] {override.py:1911} INFO - Created Permission View: can delete on DAG Run:dataset_consumes_1_never_scheduled
[2024-11-20T21:59:09.821+0000] {logging_mixin.py:190} INFO - [2024-11-20T21:59:09.820+0000] {override.py:1911} INFO - Created Permission View: can create on DAG Run:dataset_consumes_1_never_scheduled
[2024-11-20T21:59:09.832+0000] {logging_mixin.py:190} INFO - [2024-11-20T21:59:09.831+0000] {override.py:1911} INFO - Created Permission View: menu access on DAG Run:dataset_consumes_1_never_scheduled
[2024-11-20T21:59:09.833+0000] {logging_mixin.py:190} INFO - [2024-11-20T21:59:09.832+0000] {dag.py:3239} INFO - Sync 10 DAGs
[2024-11-20T21:59:09.849+0000] {logging_mixin.py:190} INFO - [2024-11-20T21:59:09.849+0000] {dag.py:3262} INFO - Creating ORM DAG for consume_1_and_2_with_dataset_expressions
[2024-11-20T21:59:09.850+0000] {logging_mixin.py:190} INFO - [2024-11-20T21:59:09.850+0000] {dag.py:3262} INFO - Creating ORM DAG for dataset_consumes_1_and_2
[2024-11-20T21:59:09.851+0000] {logging_mixin.py:190} INFO - [2024-11-20T21:59:09.851+0000] {dag.py:3262} INFO - Creating ORM DAG for consume_1_or_2_with_dataset_expressions
[2024-11-20T21:59:09.852+0000] {logging_mixin.py:190} INFO - [2024-11-20T21:59:09.852+0000] {dag.py:3262} INFO - Creating ORM DAG for consume_1_or_both_2_and_3_with_dataset_expressions
[2024-11-20T21:59:09.853+0000] {logging_mixin.py:190} INFO - [2024-11-20T21:59:09.853+0000] {dag.py:3262} INFO - Creating ORM DAG for dataset_consumes_1
[2024-11-20T21:59:09.854+0000] {logging_mixin.py:190} INFO - [2024-11-20T21:59:09.854+0000] {dag.py:3262} INFO - Creating ORM DAG for dataset_produces_2
[2024-11-20T21:59:09.855+0000] {logging_mixin.py:190} INFO - [2024-11-20T21:59:09.855+0000] {dag.py:3262} INFO - Creating ORM DAG for conditional_dataset_and_time_based_timetable
[2024-11-20T21:59:09.856+0000] {logging_mixin.py:190} INFO - [2024-11-20T21:59:09.855+0000] {dag.py:3262} INFO - Creating ORM DAG for dataset_produces_1
[2024-11-20T21:59:09.856+0000] {logging_mixin.py:190} INFO - [2024-11-20T21:59:09.856+0000] {dag.py:3262} INFO - Creating ORM DAG for dataset_consumes_unknown_never_scheduled
[2024-11-20T21:59:09.857+0000] {logging_mixin.py:190} INFO - [2024-11-20T21:59:09.857+0000] {dag.py:3262} INFO - Creating ORM DAG for dataset_consumes_1_never_scheduled
[2024-11-20T21:59:09.877+0000] {logging_mixin.py:190} INFO - [2024-11-20T21:59:09.877+0000] {dag.py:4180} INFO - Setting next_dagrun for conditional_dataset_and_time_based_timetable to 2024-11-20 01:00:00+00:00, run_after=2024-11-20 01:00:00+00:00
[2024-11-20T21:59:09.878+0000] {logging_mixin.py:190} INFO - [2024-11-20T21:59:09.878+0000] {dag.py:4180} INFO - Setting next_dagrun for consume_1_and_2_with_dataset_expressions to None, run_after=None
[2024-11-20T21:59:09.879+0000] {logging_mixin.py:190} INFO - [2024-11-20T21:59:09.879+0000] {dag.py:4180} INFO - Setting next_dagrun for consume_1_or_2_with_dataset_expressions to None, run_after=None
[2024-11-20T21:59:09.879+0000] {logging_mixin.py:190} INFO - [2024-11-20T21:59:09.879+0000] {dag.py:4180} INFO - Setting next_dagrun for consume_1_or_both_2_and_3_with_dataset_expressions to None, run_after=None
[2024-11-20T21:59:09.880+0000] {logging_mixin.py:190} INFO - [2024-11-20T21:59:09.880+0000] {dag.py:4180} INFO - Setting next_dagrun for dataset_consumes_1 to None, run_after=None
[2024-11-20T21:59:09.881+0000] {logging_mixin.py:190} INFO - [2024-11-20T21:59:09.881+0000] {dag.py:4180} INFO - Setting next_dagrun for dataset_consumes_1_and_2 to None, run_after=None
[2024-11-20T21:59:09.882+0000] {logging_mixin.py:190} INFO - [2024-11-20T21:59:09.882+0000] {dag.py:4180} INFO - Setting next_dagrun for dataset_consumes_1_never_scheduled to None, run_after=None
[2024-11-20T21:59:09.882+0000] {logging_mixin.py:190} INFO - [2024-11-20T21:59:09.882+0000] {dag.py:4180} INFO - Setting next_dagrun for dataset_consumes_unknown_never_scheduled to None, run_after=None
[2024-11-20T21:59:09.885+0000] {logging_mixin.py:190} INFO - [2024-11-20T21:59:09.884+0000] {dag.py:4180} INFO - Setting next_dagrun for dataset_produces_1 to 2024-11-19 00:00:00+00:00, run_after=2024-11-20 00:00:00+00:00
[2024-11-20T21:59:09.885+0000] {logging_mixin.py:190} INFO - [2024-11-20T21:59:09.885+0000] {dag.py:4180} INFO - Setting next_dagrun for dataset_produces_2 to None, run_after=None
[2024-11-20T21:59:09.969+0000] {processor.py:208} INFO - Processing /home/airflow/.local/lib/python3.12/site-packages/airflow/example_dags/example_datasets.py took 2.837 seconds
[2024-11-20T21:59:40.630+0000] {processor.py:186} INFO - Started process (PID=611) to work on /home/airflow/.local/lib/python3.12/site-packages/airflow/example_dags/example_datasets.py
[2024-11-20T21:59:40.632+0000] {processor.py:914} INFO - Processing file /home/airflow/.local/lib/python3.12/site-packages/airflow/example_dags/example_datasets.py for tasks to queue
[2024-11-20T21:59:40.634+0000] {logging_mixin.py:190} INFO - [2024-11-20T21:59:40.634+0000] {dagbag.py:588} INFO - Filling up the DagBag from /home/airflow/.local/lib/python3.12/site-packages/airflow/example_dags/example_datasets.py
[2024-11-20T21:59:41.382+0000] {processor.py:925} INFO - DAG(s) 'dataset_produces_2', 'consume_1_or_both_2_and_3_with_dataset_expressions', 'conditional_dataset_and_time_based_timetable', 'dataset_produces_1', 'consume_1_and_2_with_dataset_expressions', 'dataset_consumes_1_and_2', 'dataset_consumes_unknown_never_scheduled', 'consume_1_or_2_with_dataset_expressions', 'dataset_consumes_1', 'dataset_consumes_1_never_scheduled' retrieved from /home/airflow/.local/lib/python3.12/site-packages/airflow/example_dags/example_datasets.py
[2024-11-20T21:59:41.433+0000] {logging_mixin.py:190} INFO - [2024-11-20T21:59:41.433+0000] {dag.py:3239} INFO - Sync 10 DAGs
[2024-11-20T21:59:41.471+0000] {logging_mixin.py:190} INFO - [2024-11-20T21:59:41.470+0000] {dag.py:4180} INFO - Setting next_dagrun for conditional_dataset_and_time_based_timetable to 2024-11-20 01:00:00+00:00, run_after=2024-11-20 01:00:00+00:00
[2024-11-20T21:59:41.480+0000] {logging_mixin.py:190} INFO - [2024-11-20T21:59:41.480+0000] {dag.py:4180} INFO - Setting next_dagrun for consume_1_and_2_with_dataset_expressions to None, run_after=None
[2024-11-20T21:59:41.483+0000] {logging_mixin.py:190} INFO - [2024-11-20T21:59:41.483+0000] {dag.py:4180} INFO - Setting next_dagrun for consume_1_or_2_with_dataset_expressions to None, run_after=None
[2024-11-20T21:59:41.485+0000] {logging_mixin.py:190} INFO - [2024-11-20T21:59:41.485+0000] {dag.py:4180} INFO - Setting next_dagrun for consume_1_or_both_2_and_3_with_dataset_expressions to None, run_after=None
[2024-11-20T21:59:41.488+0000] {logging_mixin.py:190} INFO - [2024-11-20T21:59:41.488+0000] {dag.py:4180} INFO - Setting next_dagrun for dataset_consumes_1 to None, run_after=None
[2024-11-20T21:59:41.494+0000] {logging_mixin.py:190} INFO - [2024-11-20T21:59:41.493+0000] {dag.py:4180} INFO - Setting next_dagrun for dataset_consumes_1_and_2 to None, run_after=None
[2024-11-20T21:59:41.497+0000] {logging_mixin.py:190} INFO - [2024-11-20T21:59:41.496+0000] {dag.py:4180} INFO - Setting next_dagrun for dataset_consumes_1_never_scheduled to None, run_after=None
[2024-11-20T21:59:41.501+0000] {logging_mixin.py:190} INFO - [2024-11-20T21:59:41.501+0000] {dag.py:4180} INFO - Setting next_dagrun for dataset_consumes_unknown_never_scheduled to None, run_after=None
[2024-11-20T21:59:41.511+0000] {logging_mixin.py:190} INFO - [2024-11-20T21:59:41.510+0000] {dag.py:4180} INFO - Setting next_dagrun for dataset_produces_1 to 2024-11-19 00:00:00+00:00, run_after=2024-11-20 00:00:00+00:00
[2024-11-20T21:59:41.517+0000] {logging_mixin.py:190} INFO - [2024-11-20T21:59:41.516+0000] {dag.py:4180} INFO - Setting next_dagrun for dataset_produces_2 to None, run_after=None
[2024-11-20T21:59:41.608+0000] {processor.py:208} INFO - Processing /home/airflow/.local/lib/python3.12/site-packages/airflow/example_dags/example_datasets.py took 0.984 seconds
[2024-11-20T22:00:12.001+0000] {processor.py:186} INFO - Started process (PID=907) to work on /home/airflow/.local/lib/python3.12/site-packages/airflow/example_dags/example_datasets.py
[2024-11-20T22:00:12.002+0000] {processor.py:914} INFO - Processing file /home/airflow/.local/lib/python3.12/site-packages/airflow/example_dags/example_datasets.py for tasks to queue
[2024-11-20T22:00:12.004+0000] {logging_mixin.py:190} INFO - [2024-11-20T22:00:12.004+0000] {dagbag.py:588} INFO - Filling up the DagBag from /home/airflow/.local/lib/python3.12/site-packages/airflow/example_dags/example_datasets.py
[2024-11-20T22:00:12.683+0000] {processor.py:925} INFO - DAG(s) 'dataset_produces_2', 'conditional_dataset_and_time_based_timetable', 'consume_1_or_2_with_dataset_expressions', 'dataset_consumes_unknown_never_scheduled', 'dataset_consumes_1_and_2', 'consume_1_or_both_2_and_3_with_dataset_expressions', 'dataset_consumes_1_never_scheduled', 'consume_1_and_2_with_dataset_expressions', 'dataset_consumes_1', 'dataset_produces_1' retrieved from /home/airflow/.local/lib/python3.12/site-packages/airflow/example_dags/example_datasets.py
[2024-11-20T22:00:12.733+0000] {logging_mixin.py:190} INFO - [2024-11-20T22:00:12.733+0000] {dag.py:3239} INFO - Sync 10 DAGs
[2024-11-20T22:00:12.762+0000] {logging_mixin.py:190} INFO - [2024-11-20T22:00:12.761+0000] {dag.py:4180} INFO - Setting next_dagrun for conditional_dataset_and_time_based_timetable to 2024-11-20 01:00:00+00:00, run_after=2024-11-20 01:00:00+00:00
[2024-11-20T22:00:12.766+0000] {logging_mixin.py:190} INFO - [2024-11-20T22:00:12.766+0000] {dag.py:4180} INFO - Setting next_dagrun for consume_1_and_2_with_dataset_expressions to None, run_after=None
[2024-11-20T22:00:12.768+0000] {logging_mixin.py:190} INFO - [2024-11-20T22:00:12.768+0000] {dag.py:4180} INFO - Setting next_dagrun for consume_1_or_2_with_dataset_expressions to None, run_after=None
[2024-11-20T22:00:12.770+0000] {logging_mixin.py:190} INFO - [2024-11-20T22:00:12.769+0000] {dag.py:4180} INFO - Setting next_dagrun for consume_1_or_both_2_and_3_with_dataset_expressions to None, run_after=None
[2024-11-20T22:00:12.771+0000] {logging_mixin.py:190} INFO - [2024-11-20T22:00:12.771+0000] {dag.py:4180} INFO - Setting next_dagrun for dataset_consumes_1 to None, run_after=None
[2024-11-20T22:00:12.773+0000] {logging_mixin.py:190} INFO - [2024-11-20T22:00:12.772+0000] {dag.py:4180} INFO - Setting next_dagrun for dataset_consumes_1_and_2 to None, run_after=None
[2024-11-20T22:00:12.774+0000] {logging_mixin.py:190} INFO - [2024-11-20T22:00:12.774+0000] {dag.py:4180} INFO - Setting next_dagrun for dataset_consumes_1_never_scheduled to None, run_after=None
[2024-11-20T22:00:12.776+0000] {logging_mixin.py:190} INFO - [2024-11-20T22:00:12.775+0000] {dag.py:4180} INFO - Setting next_dagrun for dataset_consumes_unknown_never_scheduled to None, run_after=None
[2024-11-20T22:00:12.778+0000] {logging_mixin.py:190} INFO - [2024-11-20T22:00:12.778+0000] {dag.py:4180} INFO - Setting next_dagrun for dataset_produces_1 to 2024-11-19 00:00:00+00:00, run_after=2024-11-20 00:00:00+00:00
[2024-11-20T22:00:12.780+0000] {logging_mixin.py:190} INFO - [2024-11-20T22:00:12.779+0000] {dag.py:4180} INFO - Setting next_dagrun for dataset_produces_2 to None, run_after=None
[2024-11-20T22:00:12.814+0000] {processor.py:208} INFO - Processing /home/airflow/.local/lib/python3.12/site-packages/airflow/example_dags/example_datasets.py took 0.819 seconds
[2024-11-20T22:00:42.947+0000] {processor.py:186} INFO - Started process (PID=1198) to work on /home/airflow/.local/lib/python3.12/site-packages/airflow/example_dags/example_datasets.py
[2024-11-20T22:00:42.948+0000] {processor.py:914} INFO - Processing file /home/airflow/.local/lib/python3.12/site-packages/airflow/example_dags/example_datasets.py for tasks to queue
[2024-11-20T22:00:42.950+0000] {logging_mixin.py:190} INFO - [2024-11-20T22:00:42.950+0000] {dagbag.py:588} INFO - Filling up the DagBag from /home/airflow/.local/lib/python3.12/site-packages/airflow/example_dags/example_datasets.py
[2024-11-20T22:00:43.528+0000] {processor.py:925} INFO - DAG(s) 'dataset_produces_2', 'dataset_consumes_1_and_2', 'consume_1_or_both_2_and_3_with_dataset_expressions', 'dataset_consumes_unknown_never_scheduled', 'conditional_dataset_and_time_based_timetable', 'dataset_produces_1', 'consume_1_or_2_with_dataset_expressions', 'dataset_consumes_1_never_scheduled', 'consume_1_and_2_with_dataset_expressions', 'dataset_consumes_1' retrieved from /home/airflow/.local/lib/python3.12/site-packages/airflow/example_dags/example_datasets.py
[2024-11-20T22:00:43.600+0000] {logging_mixin.py:190} INFO - [2024-11-20T22:00:43.600+0000] {dag.py:3239} INFO - Sync 10 DAGs
[2024-11-20T22:00:43.634+0000] {logging_mixin.py:190} INFO - [2024-11-20T22:00:43.633+0000] {dag.py:4180} INFO - Setting next_dagrun for conditional_dataset_and_time_based_timetable to 2024-11-20 01:00:00+00:00, run_after=2024-11-20 01:00:00+00:00
[2024-11-20T22:00:43.639+0000] {logging_mixin.py:190} INFO - [2024-11-20T22:00:43.638+0000] {dag.py:4180} INFO - Setting next_dagrun for consume_1_and_2_with_dataset_expressions to None, run_after=None
[2024-11-20T22:00:43.640+0000] {logging_mixin.py:190} INFO - [2024-11-20T22:00:43.640+0000] {dag.py:4180} INFO - Setting next_dagrun for consume_1_or_2_with_dataset_expressions to None, run_after=None
[2024-11-20T22:00:43.642+0000] {logging_mixin.py:190} INFO - [2024-11-20T22:00:43.642+0000] {dag.py:4180} INFO - Setting next_dagrun for consume_1_or_both_2_and_3_with_dataset_expressions to None, run_after=None
[2024-11-20T22:00:43.644+0000] {logging_mixin.py:190} INFO - [2024-11-20T22:00:43.643+0000] {dag.py:4180} INFO - Setting next_dagrun for dataset_consumes_1 to None, run_after=None
[2024-11-20T22:00:43.645+0000] {logging_mixin.py:190} INFO - [2024-11-20T22:00:43.645+0000] {dag.py:4180} INFO - Setting next_dagrun for dataset_consumes_1_and_2 to None, run_after=None
[2024-11-20T22:00:43.647+0000] {logging_mixin.py:190} INFO - [2024-11-20T22:00:43.646+0000] {dag.py:4180} INFO - Setting next_dagrun for dataset_consumes_1_never_scheduled to None, run_after=None
[2024-11-20T22:00:43.648+0000] {logging_mixin.py:190} INFO - [2024-11-20T22:00:43.648+0000] {dag.py:4180} INFO - Setting next_dagrun for dataset_consumes_unknown_never_scheduled to None, run_after=None
[2024-11-20T22:00:43.651+0000] {logging_mixin.py:190} INFO - [2024-11-20T22:00:43.651+0000] {dag.py:4180} INFO - Setting next_dagrun for dataset_produces_1 to 2024-11-19 00:00:00+00:00, run_after=2024-11-20 00:00:00+00:00
[2024-11-20T22:00:43.652+0000] {logging_mixin.py:190} INFO - [2024-11-20T22:00:43.652+0000] {dag.py:4180} INFO - Setting next_dagrun for dataset_produces_2 to None, run_after=None
[2024-11-20T22:00:43.695+0000] {processor.py:208} INFO - Processing /home/airflow/.local/lib/python3.12/site-packages/airflow/example_dags/example_datasets.py took 0.753 seconds
