[2024-11-20T21:59:10.578+0000] {processor.py:186} INFO - Started process (PID=333) to work on /home/airflow/.local/lib/python3.12/site-packages/airflow/example_dags/example_branch_datetime_operator.py
[2024-11-20T21:59:10.580+0000] {processor.py:914} INFO - Processing file /home/airflow/.local/lib/python3.12/site-packages/airflow/example_dags/example_branch_datetime_operator.py for tasks to queue
[2024-11-20T21:59:10.583+0000] {logging_mixin.py:190} INFO - [2024-11-20T21:59:10.583+0000] {dagbag.py:588} INFO - Filling up the DagBag from /home/airflow/.local/lib/python3.12/site-packages/airflow/example_dags/example_branch_datetime_operator.py
[2024-11-20T21:59:10.602+0000] {processor.py:925} INFO - DAG(s) 'example_branch_datetime_operator_2', 'example_branch_datetime_operator', 'example_branch_datetime_operator_3' retrieved from /home/airflow/.local/lib/python3.12/site-packages/airflow/example_dags/example_branch_datetime_operator.py
[2024-11-20T21:59:10.792+0000] {logging_mixin.py:190} INFO - [2024-11-20T21:59:10.791+0000] {override.py:1911} INFO - Created Permission View: can read on DAG:example_branch_datetime_operator_2
[2024-11-20T21:59:10.810+0000] {logging_mixin.py:190} INFO - [2024-11-20T21:59:10.809+0000] {override.py:1911} INFO - Created Permission View: can delete on DAG:example_branch_datetime_operator_2
[2024-11-20T21:59:10.823+0000] {logging_mixin.py:190} INFO - [2024-11-20T21:59:10.822+0000] {override.py:1911} INFO - Created Permission View: can edit on DAG:example_branch_datetime_operator_2
[2024-11-20T21:59:10.840+0000] {logging_mixin.py:190} INFO - [2024-11-20T21:59:10.839+0000] {override.py:1911} INFO - Created Permission View: can read on DAG Run:example_branch_datetime_operator_2
[2024-11-20T21:59:10.851+0000] {logging_mixin.py:190} INFO - [2024-11-20T21:59:10.850+0000] {override.py:1911} INFO - Created Permission View: can delete on DAG Run:example_branch_datetime_operator_2
[2024-11-20T21:59:10.867+0000] {logging_mixin.py:190} INFO - [2024-11-20T21:59:10.867+0000] {override.py:1911} INFO - Created Permission View: can create on DAG Run:example_branch_datetime_operator_2
[2024-11-20T21:59:10.886+0000] {logging_mixin.py:190} INFO - [2024-11-20T21:59:10.885+0000] {override.py:1911} INFO - Created Permission View: menu access on DAG Run:example_branch_datetime_operator_2
[2024-11-20T21:59:10.913+0000] {logging_mixin.py:190} INFO - [2024-11-20T21:59:10.912+0000] {override.py:1911} INFO - Created Permission View: can read on DAG:example_branch_datetime_operator
[2024-11-20T21:59:10.928+0000] {logging_mixin.py:190} INFO - [2024-11-20T21:59:10.928+0000] {override.py:1911} INFO - Created Permission View: can delete on DAG:example_branch_datetime_operator
[2024-11-20T21:59:10.944+0000] {logging_mixin.py:190} INFO - [2024-11-20T21:59:10.944+0000] {override.py:1911} INFO - Created Permission View: can edit on DAG:example_branch_datetime_operator
[2024-11-20T21:59:10.971+0000] {logging_mixin.py:190} INFO - [2024-11-20T21:59:10.970+0000] {override.py:1911} INFO - Created Permission View: can read on DAG Run:example_branch_datetime_operator
[2024-11-20T21:59:10.983+0000] {logging_mixin.py:190} INFO - [2024-11-20T21:59:10.982+0000] {override.py:1911} INFO - Created Permission View: can delete on DAG Run:example_branch_datetime_operator
[2024-11-20T21:59:10.996+0000] {logging_mixin.py:190} INFO - [2024-11-20T21:59:10.996+0000] {override.py:1911} INFO - Created Permission View: can create on DAG Run:example_branch_datetime_operator
[2024-11-20T21:59:11.008+0000] {logging_mixin.py:190} INFO - [2024-11-20T21:59:11.008+0000] {override.py:1911} INFO - Created Permission View: menu access on DAG Run:example_branch_datetime_operator
[2024-11-20T21:59:11.042+0000] {logging_mixin.py:190} INFO - [2024-11-20T21:59:11.042+0000] {override.py:1911} INFO - Created Permission View: can read on DAG:example_branch_datetime_operator_3
[2024-11-20T21:59:11.057+0000] {logging_mixin.py:190} INFO - [2024-11-20T21:59:11.056+0000] {override.py:1911} INFO - Created Permission View: can delete on DAG:example_branch_datetime_operator_3
[2024-11-20T21:59:11.069+0000] {logging_mixin.py:190} INFO - [2024-11-20T21:59:11.069+0000] {override.py:1911} INFO - Created Permission View: can edit on DAG:example_branch_datetime_operator_3
[2024-11-20T21:59:11.099+0000] {logging_mixin.py:190} INFO - [2024-11-20T21:59:11.098+0000] {override.py:1911} INFO - Created Permission View: can read on DAG Run:example_branch_datetime_operator_3
[2024-11-20T21:59:11.117+0000] {logging_mixin.py:190} INFO - [2024-11-20T21:59:11.116+0000] {override.py:1911} INFO - Created Permission View: can delete on DAG Run:example_branch_datetime_operator_3
[2024-11-20T21:59:11.135+0000] {logging_mixin.py:190} INFO - [2024-11-20T21:59:11.134+0000] {override.py:1911} INFO - Created Permission View: can create on DAG Run:example_branch_datetime_operator_3
[2024-11-20T21:59:11.152+0000] {logging_mixin.py:190} INFO - [2024-11-20T21:59:11.152+0000] {override.py:1911} INFO - Created Permission View: menu access on DAG Run:example_branch_datetime_operator_3
[2024-11-20T21:59:11.153+0000] {logging_mixin.py:190} INFO - [2024-11-20T21:59:11.153+0000] {dag.py:3239} INFO - Sync 3 DAGs
[2024-11-20T21:59:11.167+0000] {logging_mixin.py:190} INFO - [2024-11-20T21:59:11.167+0000] {dag.py:3262} INFO - Creating ORM DAG for example_branch_datetime_operator_2
[2024-11-20T21:59:11.168+0000] {logging_mixin.py:190} INFO - [2024-11-20T21:59:11.168+0000] {dag.py:3262} INFO - Creating ORM DAG for example_branch_datetime_operator_3
[2024-11-20T21:59:11.168+0000] {logging_mixin.py:190} INFO - [2024-11-20T21:59:11.168+0000] {dag.py:3262} INFO - Creating ORM DAG for example_branch_datetime_operator
[2024-11-20T21:59:11.180+0000] {logging_mixin.py:190} INFO - [2024-11-20T21:59:11.179+0000] {dag.py:4180} INFO - Setting next_dagrun for example_branch_datetime_operator to 2024-11-19 00:00:00+00:00, run_after=2024-11-20 00:00:00+00:00
[2024-11-20T21:59:11.182+0000] {logging_mixin.py:190} INFO - [2024-11-20T21:59:11.182+0000] {dag.py:4180} INFO - Setting next_dagrun for example_branch_datetime_operator_2 to 2024-11-19 00:00:00+00:00, run_after=2024-11-20 00:00:00+00:00
[2024-11-20T21:59:11.183+0000] {logging_mixin.py:190} INFO - [2024-11-20T21:59:11.183+0000] {dag.py:4180} INFO - Setting next_dagrun for example_branch_datetime_operator_3 to 2024-11-19 00:00:00+00:00, run_after=2024-11-20 00:00:00+00:00
[2024-11-20T21:59:11.211+0000] {processor.py:208} INFO - Processing /home/airflow/.local/lib/python3.12/site-packages/airflow/example_dags/example_branch_datetime_operator.py took 0.642 seconds
[2024-11-20T21:59:41.822+0000] {processor.py:186} INFO - Started process (PID=624) to work on /home/airflow/.local/lib/python3.12/site-packages/airflow/example_dags/example_branch_datetime_operator.py
[2024-11-20T21:59:41.824+0000] {processor.py:914} INFO - Processing file /home/airflow/.local/lib/python3.12/site-packages/airflow/example_dags/example_branch_datetime_operator.py for tasks to queue
[2024-11-20T21:59:41.831+0000] {logging_mixin.py:190} INFO - [2024-11-20T21:59:41.828+0000] {dagbag.py:588} INFO - Filling up the DagBag from /home/airflow/.local/lib/python3.12/site-packages/airflow/example_dags/example_branch_datetime_operator.py
[2024-11-20T21:59:41.849+0000] {processor.py:925} INFO - DAG(s) 'example_branch_datetime_operator_2', 'example_branch_datetime_operator_3', 'example_branch_datetime_operator' retrieved from /home/airflow/.local/lib/python3.12/site-packages/airflow/example_dags/example_branch_datetime_operator.py
[2024-11-20T21:59:41.892+0000] {logging_mixin.py:190} INFO - [2024-11-20T21:59:41.892+0000] {dag.py:3239} INFO - Sync 3 DAGs
[2024-11-20T21:59:41.934+0000] {logging_mixin.py:190} INFO - [2024-11-20T21:59:41.933+0000] {dag.py:4180} INFO - Setting next_dagrun for example_branch_datetime_operator to 2024-11-19 00:00:00+00:00, run_after=2024-11-20 00:00:00+00:00
[2024-11-20T21:59:41.945+0000] {logging_mixin.py:190} INFO - [2024-11-20T21:59:41.943+0000] {dag.py:4180} INFO - Setting next_dagrun for example_branch_datetime_operator_2 to 2024-11-19 00:00:00+00:00, run_after=2024-11-20 00:00:00+00:00
[2024-11-20T21:59:41.954+0000] {logging_mixin.py:190} INFO - [2024-11-20T21:59:41.954+0000] {dag.py:4180} INFO - Setting next_dagrun for example_branch_datetime_operator_3 to 2024-11-19 00:00:00+00:00, run_after=2024-11-20 00:00:00+00:00
[2024-11-20T21:59:42.007+0000] {processor.py:208} INFO - Processing /home/airflow/.local/lib/python3.12/site-packages/airflow/example_dags/example_branch_datetime_operator.py took 0.191 seconds
[2024-11-20T22:00:12.156+0000] {processor.py:186} INFO - Started process (PID=910) to work on /home/airflow/.local/lib/python3.12/site-packages/airflow/example_dags/example_branch_datetime_operator.py
[2024-11-20T22:00:12.157+0000] {processor.py:914} INFO - Processing file /home/airflow/.local/lib/python3.12/site-packages/airflow/example_dags/example_branch_datetime_operator.py for tasks to queue
[2024-11-20T22:00:12.159+0000] {logging_mixin.py:190} INFO - [2024-11-20T22:00:12.159+0000] {dagbag.py:588} INFO - Filling up the DagBag from /home/airflow/.local/lib/python3.12/site-packages/airflow/example_dags/example_branch_datetime_operator.py
[2024-11-20T22:00:12.172+0000] {processor.py:925} INFO - DAG(s) 'example_branch_datetime_operator', 'example_branch_datetime_operator_3', 'example_branch_datetime_operator_2' retrieved from /home/airflow/.local/lib/python3.12/site-packages/airflow/example_dags/example_branch_datetime_operator.py
[2024-11-20T22:00:12.208+0000] {logging_mixin.py:190} INFO - [2024-11-20T22:00:12.208+0000] {dag.py:3239} INFO - Sync 3 DAGs
[2024-11-20T22:00:12.254+0000] {logging_mixin.py:190} INFO - [2024-11-20T22:00:12.253+0000] {dag.py:4180} INFO - Setting next_dagrun for example_branch_datetime_operator to 2024-11-19 00:00:00+00:00, run_after=2024-11-20 00:00:00+00:00
[2024-11-20T22:00:12.263+0000] {logging_mixin.py:190} INFO - [2024-11-20T22:00:12.263+0000] {dag.py:4180} INFO - Setting next_dagrun for example_branch_datetime_operator_2 to 2024-11-19 00:00:00+00:00, run_after=2024-11-20 00:00:00+00:00
[2024-11-20T22:00:12.271+0000] {logging_mixin.py:190} INFO - [2024-11-20T22:00:12.271+0000] {dag.py:4180} INFO - Setting next_dagrun for example_branch_datetime_operator_3 to 2024-11-19 00:00:00+00:00, run_after=2024-11-20 00:00:00+00:00
[2024-11-20T22:00:12.301+0000] {processor.py:208} INFO - Processing /home/airflow/.local/lib/python3.12/site-packages/airflow/example_dags/example_branch_datetime_operator.py took 0.151 seconds
[2024-11-20T22:00:43.328+0000] {processor.py:186} INFO - Started process (PID=1201) to work on /home/airflow/.local/lib/python3.12/site-packages/airflow/example_dags/example_branch_datetime_operator.py
[2024-11-20T22:00:43.329+0000] {processor.py:914} INFO - Processing file /home/airflow/.local/lib/python3.12/site-packages/airflow/example_dags/example_branch_datetime_operator.py for tasks to queue
[2024-11-20T22:00:43.331+0000] {logging_mixin.py:190} INFO - [2024-11-20T22:00:43.331+0000] {dagbag.py:588} INFO - Filling up the DagBag from /home/airflow/.local/lib/python3.12/site-packages/airflow/example_dags/example_branch_datetime_operator.py
[2024-11-20T22:00:43.345+0000] {processor.py:925} INFO - DAG(s) 'example_branch_datetime_operator_3', 'example_branch_datetime_operator_2', 'example_branch_datetime_operator' retrieved from /home/airflow/.local/lib/python3.12/site-packages/airflow/example_dags/example_branch_datetime_operator.py
[2024-11-20T22:00:43.376+0000] {logging_mixin.py:190} INFO - [2024-11-20T22:00:43.376+0000] {dag.py:3239} INFO - Sync 3 DAGs
[2024-11-20T22:00:43.401+0000] {logging_mixin.py:190} INFO - [2024-11-20T22:00:43.401+0000] {dag.py:4180} INFO - Setting next_dagrun for example_branch_datetime_operator to 2024-11-19 00:00:00+00:00, run_after=2024-11-20 00:00:00+00:00
[2024-11-20T22:00:43.407+0000] {logging_mixin.py:190} INFO - [2024-11-20T22:00:43.406+0000] {dag.py:4180} INFO - Setting next_dagrun for example_branch_datetime_operator_2 to 2024-11-19 00:00:00+00:00, run_after=2024-11-20 00:00:00+00:00
[2024-11-20T22:00:43.409+0000] {logging_mixin.py:190} INFO - [2024-11-20T22:00:43.409+0000] {dag.py:4180} INFO - Setting next_dagrun for example_branch_datetime_operator_3 to 2024-11-19 00:00:00+00:00, run_after=2024-11-20 00:00:00+00:00
[2024-11-20T22:00:43.428+0000] {processor.py:208} INFO - Processing /home/airflow/.local/lib/python3.12/site-packages/airflow/example_dags/example_branch_datetime_operator.py took 0.106 seconds
