[2024-11-20T21:59:01.097+0000] {processor.py:186} INFO - Started process (PID=248) to work on /home/airflow/.local/lib/python3.12/site-packages/airflow/example_dags/example_xcomargs.py
[2024-11-20T21:59:01.098+0000] {processor.py:914} INFO - Processing file /home/airflow/.local/lib/python3.12/site-packages/airflow/example_dags/example_xcomargs.py for tasks to queue
[2024-11-20T21:59:01.114+0000] {logging_mixin.py:190} INFO - [2024-11-20T21:59:01.109+0000] {dagbag.py:588} INFO - Filling up the DagBag from /home/airflow/.local/lib/python3.12/site-packages/airflow/example_dags/example_xcomargs.py
[2024-11-20T21:59:01.136+0000] {processor.py:925} INFO - DAG(s) 'example_xcom_args_with_operators', 'example_xcom_args' retrieved from /home/airflow/.local/lib/python3.12/site-packages/airflow/example_dags/example_xcomargs.py
[2024-11-20T21:59:01.431+0000] {logging_mixin.py:190} INFO - [2024-11-20T21:59:01.428+0000] {override.py:1911} INFO - Created Permission View: can read on DAG:example_xcom_args_with_operators
[2024-11-20T21:59:01.455+0000] {logging_mixin.py:190} INFO - [2024-11-20T21:59:01.455+0000] {override.py:1911} INFO - Created Permission View: can delete on DAG:example_xcom_args_with_operators
[2024-11-20T21:59:01.474+0000] {logging_mixin.py:190} INFO - [2024-11-20T21:59:01.473+0000] {override.py:1911} INFO - Created Permission View: can edit on DAG:example_xcom_args_with_operators
[2024-11-20T21:59:01.498+0000] {logging_mixin.py:190} INFO - [2024-11-20T21:59:01.498+0000] {override.py:1911} INFO - Created Permission View: can read on DAG Run:example_xcom_args_with_operators
[2024-11-20T21:59:01.510+0000] {logging_mixin.py:190} INFO - [2024-11-20T21:59:01.509+0000] {override.py:1911} INFO - Created Permission View: can delete on DAG Run:example_xcom_args_with_operators
[2024-11-20T21:59:01.520+0000] {logging_mixin.py:190} INFO - [2024-11-20T21:59:01.519+0000] {override.py:1911} INFO - Created Permission View: can create on DAG Run:example_xcom_args_with_operators
[2024-11-20T21:59:01.537+0000] {logging_mixin.py:190} INFO - [2024-11-20T21:59:01.536+0000] {override.py:1911} INFO - Created Permission View: menu access on DAG Run:example_xcom_args_with_operators
[2024-11-20T21:59:01.572+0000] {logging_mixin.py:190} INFO - [2024-11-20T21:59:01.571+0000] {override.py:1911} INFO - Created Permission View: can read on DAG:example_xcom_args
[2024-11-20T21:59:01.588+0000] {logging_mixin.py:190} INFO - [2024-11-20T21:59:01.587+0000] {override.py:1911} INFO - Created Permission View: can delete on DAG:example_xcom_args
[2024-11-20T21:59:01.607+0000] {logging_mixin.py:190} INFO - [2024-11-20T21:59:01.607+0000] {override.py:1911} INFO - Created Permission View: can edit on DAG:example_xcom_args
[2024-11-20T21:59:01.627+0000] {logging_mixin.py:190} INFO - [2024-11-20T21:59:01.625+0000] {override.py:1911} INFO - Created Permission View: can read on DAG Run:example_xcom_args
[2024-11-20T21:59:01.642+0000] {logging_mixin.py:190} INFO - [2024-11-20T21:59:01.642+0000] {override.py:1911} INFO - Created Permission View: can delete on DAG Run:example_xcom_args
[2024-11-20T21:59:01.661+0000] {logging_mixin.py:190} INFO - [2024-11-20T21:59:01.659+0000] {override.py:1911} INFO - Created Permission View: can create on DAG Run:example_xcom_args
[2024-11-20T21:59:01.686+0000] {logging_mixin.py:190} INFO - [2024-11-20T21:59:01.685+0000] {override.py:1911} INFO - Created Permission View: menu access on DAG Run:example_xcom_args
[2024-11-20T21:59:01.689+0000] {logging_mixin.py:190} INFO - [2024-11-20T21:59:01.687+0000] {dag.py:3239} INFO - Sync 2 DAGs
[2024-11-20T21:59:01.723+0000] {logging_mixin.py:190} INFO - [2024-11-20T21:59:01.723+0000] {dag.py:3262} INFO - Creating ORM DAG for example_xcom_args_with_operators
[2024-11-20T21:59:01.725+0000] {logging_mixin.py:190} INFO - [2024-11-20T21:59:01.725+0000] {dag.py:3262} INFO - Creating ORM DAG for example_xcom_args
[2024-11-20T21:59:01.728+0000] {logging_mixin.py:190} INFO - [2024-11-20T21:59:01.728+0000] {dag.py:4180} INFO - Setting next_dagrun for example_xcom_args to None, run_after=None
[2024-11-20T21:59:01.729+0000] {logging_mixin.py:190} INFO - [2024-11-20T21:59:01.729+0000] {dag.py:4180} INFO - Setting next_dagrun for example_xcom_args_with_operators to None, run_after=None
[2024-11-20T21:59:01.778+0000] {processor.py:208} INFO - Processing /home/airflow/.local/lib/python3.12/site-packages/airflow/example_dags/example_xcomargs.py took 0.692 seconds
[2024-11-20T21:59:32.305+0000] {processor.py:186} INFO - Started process (PID=541) to work on /home/airflow/.local/lib/python3.12/site-packages/airflow/example_dags/example_xcomargs.py
[2024-11-20T21:59:32.306+0000] {processor.py:914} INFO - Processing file /home/airflow/.local/lib/python3.12/site-packages/airflow/example_dags/example_xcomargs.py for tasks to queue
[2024-11-20T21:59:32.309+0000] {logging_mixin.py:190} INFO - [2024-11-20T21:59:32.308+0000] {dagbag.py:588} INFO - Filling up the DagBag from /home/airflow/.local/lib/python3.12/site-packages/airflow/example_dags/example_xcomargs.py
[2024-11-20T21:59:32.319+0000] {processor.py:925} INFO - DAG(s) 'example_xcom_args', 'example_xcom_args_with_operators' retrieved from /home/airflow/.local/lib/python3.12/site-packages/airflow/example_dags/example_xcomargs.py
[2024-11-20T21:59:32.343+0000] {logging_mixin.py:190} INFO - [2024-11-20T21:59:32.343+0000] {dag.py:3239} INFO - Sync 2 DAGs
[2024-11-20T21:59:32.360+0000] {logging_mixin.py:190} INFO - [2024-11-20T21:59:32.359+0000] {dag.py:4180} INFO - Setting next_dagrun for example_xcom_args to None, run_after=None
[2024-11-20T21:59:32.364+0000] {logging_mixin.py:190} INFO - [2024-11-20T21:59:32.364+0000] {dag.py:4180} INFO - Setting next_dagrun for example_xcom_args_with_operators to None, run_after=None
[2024-11-20T21:59:32.384+0000] {processor.py:208} INFO - Processing /home/airflow/.local/lib/python3.12/site-packages/airflow/example_dags/example_xcomargs.py took 0.085 seconds
[2024-11-20T22:00:02.559+0000] {processor.py:186} INFO - Started process (PID=832) to work on /home/airflow/.local/lib/python3.12/site-packages/airflow/example_dags/example_xcomargs.py
[2024-11-20T22:00:02.561+0000] {processor.py:914} INFO - Processing file /home/airflow/.local/lib/python3.12/site-packages/airflow/example_dags/example_xcomargs.py for tasks to queue
[2024-11-20T22:00:02.564+0000] {logging_mixin.py:190} INFO - [2024-11-20T22:00:02.564+0000] {dagbag.py:588} INFO - Filling up the DagBag from /home/airflow/.local/lib/python3.12/site-packages/airflow/example_dags/example_xcomargs.py
[2024-11-20T22:00:02.580+0000] {processor.py:925} INFO - DAG(s) 'example_xcom_args_with_operators', 'example_xcom_args' retrieved from /home/airflow/.local/lib/python3.12/site-packages/airflow/example_dags/example_xcomargs.py
[2024-11-20T22:00:02.608+0000] {logging_mixin.py:190} INFO - [2024-11-20T22:00:02.608+0000] {dag.py:3239} INFO - Sync 2 DAGs
[2024-11-20T22:00:02.628+0000] {logging_mixin.py:190} INFO - [2024-11-20T22:00:02.628+0000] {dag.py:4180} INFO - Setting next_dagrun for example_xcom_args to None, run_after=None
[2024-11-20T22:00:02.632+0000] {logging_mixin.py:190} INFO - [2024-11-20T22:00:02.632+0000] {dag.py:4180} INFO - Setting next_dagrun for example_xcom_args_with_operators to None, run_after=None
[2024-11-20T22:00:02.656+0000] {processor.py:208} INFO - Processing /home/airflow/.local/lib/python3.12/site-packages/airflow/example_dags/example_xcomargs.py took 0.104 seconds
[2024-11-20T22:00:32.878+0000] {processor.py:186} INFO - Started process (PID=1123) to work on /home/airflow/.local/lib/python3.12/site-packages/airflow/example_dags/example_xcomargs.py
[2024-11-20T22:00:32.880+0000] {processor.py:914} INFO - Processing file /home/airflow/.local/lib/python3.12/site-packages/airflow/example_dags/example_xcomargs.py for tasks to queue
[2024-11-20T22:00:32.882+0000] {logging_mixin.py:190} INFO - [2024-11-20T22:00:32.881+0000] {dagbag.py:588} INFO - Filling up the DagBag from /home/airflow/.local/lib/python3.12/site-packages/airflow/example_dags/example_xcomargs.py
[2024-11-20T22:00:32.893+0000] {processor.py:925} INFO - DAG(s) 'example_xcom_args', 'example_xcom_args_with_operators' retrieved from /home/airflow/.local/lib/python3.12/site-packages/airflow/example_dags/example_xcomargs.py
[2024-11-20T22:00:32.919+0000] {logging_mixin.py:190} INFO - [2024-11-20T22:00:32.919+0000] {dag.py:3239} INFO - Sync 2 DAGs
[2024-11-20T22:00:32.936+0000] {logging_mixin.py:190} INFO - [2024-11-20T22:00:32.935+0000] {dag.py:4180} INFO - Setting next_dagrun for example_xcom_args to None, run_after=None
[2024-11-20T22:00:32.941+0000] {logging_mixin.py:190} INFO - [2024-11-20T22:00:32.941+0000] {dag.py:4180} INFO - Setting next_dagrun for example_xcom_args_with_operators to None, run_after=None
[2024-11-20T22:00:32.968+0000] {processor.py:208} INFO - Processing /home/airflow/.local/lib/python3.12/site-packages/airflow/example_dags/example_xcomargs.py took 0.097 seconds
