[2024-11-20T21:59:01.882+0000] {processor.py:186} INFO - Started process (PID=258) to work on /home/airflow/.local/lib/python3.12/site-packages/airflow/example_dags/example_branch_operator.py
[2024-11-20T21:59:01.884+0000] {processor.py:914} INFO - Processing file /home/airflow/.local/lib/python3.12/site-packages/airflow/example_dags/example_branch_operator.py for tasks to queue
[2024-11-20T21:59:01.897+0000] {logging_mixin.py:190} INFO - [2024-11-20T21:59:01.896+0000] {dagbag.py:588} INFO - Filling up the DagBag from /home/airflow/.local/lib/python3.12/site-packages/airflow/example_dags/example_branch_operator.py
[2024-11-20T21:59:02.067+0000] {processor.py:925} INFO - DAG(s) 'example_branch_operator' retrieved from /home/airflow/.local/lib/python3.12/site-packages/airflow/example_dags/example_branch_operator.py
[2024-11-20T21:59:02.364+0000] {logging_mixin.py:190} INFO - [2024-11-20T21:59:02.363+0000] {override.py:1911} INFO - Created Permission View: can read on DAG:example_branch_operator
[2024-11-20T21:59:02.384+0000] {logging_mixin.py:190} INFO - [2024-11-20T21:59:02.383+0000] {override.py:1911} INFO - Created Permission View: can delete on DAG:example_branch_operator
[2024-11-20T21:59:02.399+0000] {logging_mixin.py:190} INFO - [2024-11-20T21:59:02.398+0000] {override.py:1911} INFO - Created Permission View: can edit on DAG:example_branch_operator
[2024-11-20T21:59:02.416+0000] {logging_mixin.py:190} INFO - [2024-11-20T21:59:02.415+0000] {override.py:1911} INFO - Created Permission View: can read on DAG Run:example_branch_operator
[2024-11-20T21:59:02.430+0000] {logging_mixin.py:190} INFO - [2024-11-20T21:59:02.429+0000] {override.py:1911} INFO - Created Permission View: can delete on DAG Run:example_branch_operator
[2024-11-20T21:59:02.444+0000] {logging_mixin.py:190} INFO - [2024-11-20T21:59:02.443+0000] {override.py:1911} INFO - Created Permission View: can create on DAG Run:example_branch_operator
[2024-11-20T21:59:02.458+0000] {logging_mixin.py:190} INFO - [2024-11-20T21:59:02.456+0000] {override.py:1911} INFO - Created Permission View: menu access on DAG Run:example_branch_operator
[2024-11-20T21:59:02.459+0000] {logging_mixin.py:190} INFO - [2024-11-20T21:59:02.459+0000] {dag.py:3239} INFO - Sync 1 DAGs
[2024-11-20T21:59:02.484+0000] {logging_mixin.py:190} INFO - [2024-11-20T21:59:02.483+0000] {dag.py:3262} INFO - Creating ORM DAG for example_branch_operator
[2024-11-20T21:59:02.526+0000] {logging_mixin.py:190} INFO - [2024-11-20T21:59:02.525+0000] {dag.py:4180} INFO - Setting next_dagrun for example_branch_operator to 2024-11-19 00:00:00+00:00, run_after=2024-11-20 00:00:00+00:00
[2024-11-20T21:59:02.571+0000] {processor.py:208} INFO - Processing /home/airflow/.local/lib/python3.12/site-packages/airflow/example_dags/example_branch_operator.py took 0.707 seconds
[2024-11-20T21:59:33.476+0000] {processor.py:186} INFO - Started process (PID=551) to work on /home/airflow/.local/lib/python3.12/site-packages/airflow/example_dags/example_branch_operator.py
[2024-11-20T21:59:33.477+0000] {processor.py:914} INFO - Processing file /home/airflow/.local/lib/python3.12/site-packages/airflow/example_dags/example_branch_operator.py for tasks to queue
[2024-11-20T21:59:33.485+0000] {logging_mixin.py:190} INFO - [2024-11-20T21:59:33.485+0000] {dagbag.py:588} INFO - Filling up the DagBag from /home/airflow/.local/lib/python3.12/site-packages/airflow/example_dags/example_branch_operator.py
[2024-11-20T21:59:33.806+0000] {processor.py:925} INFO - DAG(s) 'example_branch_operator' retrieved from /home/airflow/.local/lib/python3.12/site-packages/airflow/example_dags/example_branch_operator.py
[2024-11-20T21:59:33.903+0000] {logging_mixin.py:190} INFO - [2024-11-20T21:59:33.902+0000] {dag.py:3239} INFO - Sync 1 DAGs
[2024-11-20T21:59:33.965+0000] {logging_mixin.py:190} INFO - [2024-11-20T21:59:33.964+0000] {dag.py:4180} INFO - Setting next_dagrun for example_branch_operator to 2024-11-19 00:00:00+00:00, run_after=2024-11-20 00:00:00+00:00
[2024-11-20T21:59:33.989+0000] {processor.py:208} INFO - Processing /home/airflow/.local/lib/python3.12/site-packages/airflow/example_dags/example_branch_operator.py took 0.545 seconds
[2024-11-20T22:00:04.761+0000] {processor.py:186} INFO - Started process (PID=842) to work on /home/airflow/.local/lib/python3.12/site-packages/airflow/example_dags/example_branch_operator.py
[2024-11-20T22:00:04.763+0000] {processor.py:914} INFO - Processing file /home/airflow/.local/lib/python3.12/site-packages/airflow/example_dags/example_branch_operator.py for tasks to queue
[2024-11-20T22:00:04.766+0000] {logging_mixin.py:190} INFO - [2024-11-20T22:00:04.766+0000] {dagbag.py:588} INFO - Filling up the DagBag from /home/airflow/.local/lib/python3.12/site-packages/airflow/example_dags/example_branch_operator.py
[2024-11-20T22:00:04.791+0000] {processor.py:925} INFO - DAG(s) 'example_branch_operator' retrieved from /home/airflow/.local/lib/python3.12/site-packages/airflow/example_dags/example_branch_operator.py
[2024-11-20T22:00:04.834+0000] {logging_mixin.py:190} INFO - [2024-11-20T22:00:04.833+0000] {dag.py:3239} INFO - Sync 1 DAGs
[2024-11-20T22:00:04.873+0000] {logging_mixin.py:190} INFO - [2024-11-20T22:00:04.872+0000] {dag.py:4180} INFO - Setting next_dagrun for example_branch_operator to 2024-11-19 00:00:00+00:00, run_after=2024-11-20 00:00:00+00:00
[2024-11-20T22:00:04.911+0000] {processor.py:208} INFO - Processing /home/airflow/.local/lib/python3.12/site-packages/airflow/example_dags/example_branch_operator.py took 0.156 seconds
[2024-11-20T22:00:35.022+0000] {processor.py:186} INFO - Started process (PID=1133) to work on /home/airflow/.local/lib/python3.12/site-packages/airflow/example_dags/example_branch_operator.py
[2024-11-20T22:00:35.023+0000] {processor.py:914} INFO - Processing file /home/airflow/.local/lib/python3.12/site-packages/airflow/example_dags/example_branch_operator.py for tasks to queue
[2024-11-20T22:00:35.026+0000] {logging_mixin.py:190} INFO - [2024-11-20T22:00:35.026+0000] {dagbag.py:588} INFO - Filling up the DagBag from /home/airflow/.local/lib/python3.12/site-packages/airflow/example_dags/example_branch_operator.py
[2024-11-20T22:00:35.047+0000] {processor.py:925} INFO - DAG(s) 'example_branch_operator' retrieved from /home/airflow/.local/lib/python3.12/site-packages/airflow/example_dags/example_branch_operator.py
[2024-11-20T22:00:35.077+0000] {logging_mixin.py:190} INFO - [2024-11-20T22:00:35.077+0000] {dag.py:3239} INFO - Sync 1 DAGs
[2024-11-20T22:00:35.104+0000] {logging_mixin.py:190} INFO - [2024-11-20T22:00:35.104+0000] {dag.py:4180} INFO - Setting next_dagrun for example_branch_operator to 2024-11-19 00:00:00+00:00, run_after=2024-11-20 00:00:00+00:00
[2024-11-20T22:00:35.128+0000] {processor.py:208} INFO - Processing /home/airflow/.local/lib/python3.12/site-packages/airflow/example_dags/example_branch_operator.py took 0.111 seconds
