[2024-11-20T21:59:13.728+0000] {processor.py:186} INFO - Started process (PID=393) to work on /home/airflow/.local/lib/python3.12/site-packages/airflow/example_dags/example_branch_python_dop_operator_3.py
[2024-11-20T21:59:13.730+0000] {processor.py:914} INFO - Processing file /home/airflow/.local/lib/python3.12/site-packages/airflow/example_dags/example_branch_python_dop_operator_3.py for tasks to queue
[2024-11-20T21:59:13.733+0000] {logging_mixin.py:190} INFO - [2024-11-20T21:59:13.733+0000] {dagbag.py:588} INFO - Filling up the DagBag from /home/airflow/.local/lib/python3.12/site-packages/airflow/example_dags/example_branch_python_dop_operator_3.py
[2024-11-20T21:59:13.750+0000] {processor.py:925} INFO - DAG(s) 'example_branch_dop_operator_v3' retrieved from /home/airflow/.local/lib/python3.12/site-packages/airflow/example_dags/example_branch_python_dop_operator_3.py
[2024-11-20T21:59:14.103+0000] {logging_mixin.py:190} INFO - [2024-11-20T21:59:14.102+0000] {override.py:1911} INFO - Created Permission View: can read on DAG:example_branch_dop_operator_v3
[2024-11-20T21:59:14.117+0000] {logging_mixin.py:190} INFO - [2024-11-20T21:59:14.116+0000] {override.py:1911} INFO - Created Permission View: can delete on DAG:example_branch_dop_operator_v3
[2024-11-20T21:59:14.128+0000] {logging_mixin.py:190} INFO - [2024-11-20T21:59:14.128+0000] {override.py:1911} INFO - Created Permission View: can edit on DAG:example_branch_dop_operator_v3
[2024-11-20T21:59:14.143+0000] {logging_mixin.py:190} INFO - [2024-11-20T21:59:14.142+0000] {override.py:1911} INFO - Created Permission View: can read on DAG Run:example_branch_dop_operator_v3
[2024-11-20T21:59:14.154+0000] {logging_mixin.py:190} INFO - [2024-11-20T21:59:14.154+0000] {override.py:1911} INFO - Created Permission View: can delete on DAG Run:example_branch_dop_operator_v3
[2024-11-20T21:59:14.165+0000] {logging_mixin.py:190} INFO - [2024-11-20T21:59:14.165+0000] {override.py:1911} INFO - Created Permission View: can create on DAG Run:example_branch_dop_operator_v3
[2024-11-20T21:59:14.176+0000] {logging_mixin.py:190} INFO - [2024-11-20T21:59:14.176+0000] {override.py:1911} INFO - Created Permission View: menu access on DAG Run:example_branch_dop_operator_v3
[2024-11-20T21:59:14.177+0000] {logging_mixin.py:190} INFO - [2024-11-20T21:59:14.177+0000] {dag.py:3239} INFO - Sync 1 DAGs
[2024-11-20T21:59:14.275+0000] {logging_mixin.py:190} INFO - [2024-11-20T21:59:14.275+0000] {dag.py:3262} INFO - Creating ORM DAG for example_branch_dop_operator_v3
[2024-11-20T21:59:14.346+0000] {logging_mixin.py:190} INFO - [2024-11-20T21:59:14.346+0000] {dag.py:4180} INFO - Setting next_dagrun for example_branch_dop_operator_v3 to 2024-11-20 21:58:00+00:00, run_after=2024-11-20 21:59:00+00:00
[2024-11-20T21:59:14.380+0000] {processor.py:208} INFO - Processing /home/airflow/.local/lib/python3.12/site-packages/airflow/example_dags/example_branch_python_dop_operator_3.py took 0.658 seconds
[2024-11-20T21:59:45.164+0000] {processor.py:186} INFO - Started process (PID=684) to work on /home/airflow/.local/lib/python3.12/site-packages/airflow/example_dags/example_branch_python_dop_operator_3.py
[2024-11-20T21:59:45.165+0000] {processor.py:914} INFO - Processing file /home/airflow/.local/lib/python3.12/site-packages/airflow/example_dags/example_branch_python_dop_operator_3.py for tasks to queue
[2024-11-20T21:59:45.167+0000] {logging_mixin.py:190} INFO - [2024-11-20T21:59:45.167+0000] {dagbag.py:588} INFO - Filling up the DagBag from /home/airflow/.local/lib/python3.12/site-packages/airflow/example_dags/example_branch_python_dop_operator_3.py
[2024-11-20T21:59:45.178+0000] {processor.py:925} INFO - DAG(s) 'example_branch_dop_operator_v3' retrieved from /home/airflow/.local/lib/python3.12/site-packages/airflow/example_dags/example_branch_python_dop_operator_3.py
[2024-11-20T21:59:45.214+0000] {logging_mixin.py:190} INFO - [2024-11-20T21:59:45.214+0000] {dag.py:3239} INFO - Sync 1 DAGs
[2024-11-20T21:59:45.289+0000] {logging_mixin.py:190} INFO - [2024-11-20T21:59:45.288+0000] {dag.py:4180} INFO - Setting next_dagrun for example_branch_dop_operator_v3 to 2024-11-20 21:58:00+00:00, run_after=2024-11-20 21:59:00+00:00
[2024-11-20T21:59:45.355+0000] {processor.py:208} INFO - Processing /home/airflow/.local/lib/python3.12/site-packages/airflow/example_dags/example_branch_python_dop_operator_3.py took 0.200 seconds
[2024-11-20T22:00:16.211+0000] {processor.py:186} INFO - Started process (PID=972) to work on /home/airflow/.local/lib/python3.12/site-packages/airflow/example_dags/example_branch_python_dop_operator_3.py
[2024-11-20T22:00:16.212+0000] {processor.py:914} INFO - Processing file /home/airflow/.local/lib/python3.12/site-packages/airflow/example_dags/example_branch_python_dop_operator_3.py for tasks to queue
[2024-11-20T22:00:16.215+0000] {logging_mixin.py:190} INFO - [2024-11-20T22:00:16.214+0000] {dagbag.py:588} INFO - Filling up the DagBag from /home/airflow/.local/lib/python3.12/site-packages/airflow/example_dags/example_branch_python_dop_operator_3.py
[2024-11-20T22:00:16.227+0000] {processor.py:925} INFO - DAG(s) 'example_branch_dop_operator_v3' retrieved from /home/airflow/.local/lib/python3.12/site-packages/airflow/example_dags/example_branch_python_dop_operator_3.py
[2024-11-20T22:00:16.252+0000] {logging_mixin.py:190} INFO - [2024-11-20T22:00:16.252+0000] {dag.py:3239} INFO - Sync 1 DAGs
[2024-11-20T22:00:16.288+0000] {logging_mixin.py:190} INFO - [2024-11-20T22:00:16.288+0000] {dag.py:4180} INFO - Setting next_dagrun for example_branch_dop_operator_v3 to 2024-11-20 21:59:00+00:00, run_after=2024-11-20 22:00:00+00:00
[2024-11-20T22:00:16.317+0000] {processor.py:208} INFO - Processing /home/airflow/.local/lib/python3.12/site-packages/airflow/example_dags/example_branch_python_dop_operator_3.py took 0.114 seconds
