[2024-11-20T21:59:03.767+0000] {processor.py:186} INFO - Started process (PID=283) to work on /home/airflow/.local/lib/python3.12/site-packages/airflow/example_dags/example_dag_decorator.py
[2024-11-20T21:59:03.769+0000] {processor.py:914} INFO - Processing file /home/airflow/.local/lib/python3.12/site-packages/airflow/example_dags/example_dag_decorator.py for tasks to queue
[2024-11-20T21:59:03.777+0000] {logging_mixin.py:190} INFO - [2024-11-20T21:59:03.776+0000] {dagbag.py:588} INFO - Filling up the DagBag from /home/airflow/.local/lib/python3.12/site-packages/airflow/example_dags/example_dag_decorator.py
[2024-11-20T21:59:03.828+0000] {processor.py:925} INFO - DAG(s) 'example_dag_decorator' retrieved from /home/airflow/.local/lib/python3.12/site-packages/airflow/example_dags/example_dag_decorator.py
[2024-11-20T21:59:04.259+0000] {logging_mixin.py:190} INFO - [2024-11-20T21:59:04.257+0000] {override.py:1911} INFO - Created Permission View: can read on DAG:example_dag_decorator
[2024-11-20T21:59:04.287+0000] {logging_mixin.py:190} INFO - [2024-11-20T21:59:04.286+0000] {override.py:1911} INFO - Created Permission View: can delete on DAG:example_dag_decorator
[2024-11-20T21:59:04.301+0000] {logging_mixin.py:190} INFO - [2024-11-20T21:59:04.300+0000] {override.py:1911} INFO - Created Permission View: can edit on DAG:example_dag_decorator
[2024-11-20T21:59:04.320+0000] {logging_mixin.py:190} INFO - [2024-11-20T21:59:04.320+0000] {override.py:1911} INFO - Created Permission View: can read on DAG Run:example_dag_decorator
[2024-11-20T21:59:04.334+0000] {logging_mixin.py:190} INFO - [2024-11-20T21:59:04.334+0000] {override.py:1911} INFO - Created Permission View: can delete on DAG Run:example_dag_decorator
[2024-11-20T21:59:04.347+0000] {logging_mixin.py:190} INFO - [2024-11-20T21:59:04.347+0000] {override.py:1911} INFO - Created Permission View: can create on DAG Run:example_dag_decorator
[2024-11-20T21:59:04.362+0000] {logging_mixin.py:190} INFO - [2024-11-20T21:59:04.361+0000] {override.py:1911} INFO - Created Permission View: menu access on DAG Run:example_dag_decorator
[2024-11-20T21:59:04.363+0000] {logging_mixin.py:190} INFO - [2024-11-20T21:59:04.363+0000] {dag.py:3239} INFO - Sync 1 DAGs
[2024-11-20T21:59:04.414+0000] {logging_mixin.py:190} INFO - [2024-11-20T21:59:04.413+0000] {dag.py:3262} INFO - Creating ORM DAG for example_dag_decorator
[2024-11-20T21:59:04.416+0000] {logging_mixin.py:190} INFO - [2024-11-20T21:59:04.416+0000] {dag.py:4180} INFO - Setting next_dagrun for example_dag_decorator to None, run_after=None
[2024-11-20T21:59:04.454+0000] {processor.py:208} INFO - Processing /home/airflow/.local/lib/python3.12/site-packages/airflow/example_dags/example_dag_decorator.py took 0.699 seconds
[2024-11-20T21:59:35.110+0000] {processor.py:186} INFO - Started process (PID=571) to work on /home/airflow/.local/lib/python3.12/site-packages/airflow/example_dags/example_dag_decorator.py
[2024-11-20T21:59:35.111+0000] {processor.py:914} INFO - Processing file /home/airflow/.local/lib/python3.12/site-packages/airflow/example_dags/example_dag_decorator.py for tasks to queue
[2024-11-20T21:59:35.114+0000] {logging_mixin.py:190} INFO - [2024-11-20T21:59:35.114+0000] {dagbag.py:588} INFO - Filling up the DagBag from /home/airflow/.local/lib/python3.12/site-packages/airflow/example_dags/example_dag_decorator.py
[2024-11-20T21:59:35.128+0000] {processor.py:925} INFO - DAG(s) 'example_dag_decorator' retrieved from /home/airflow/.local/lib/python3.12/site-packages/airflow/example_dags/example_dag_decorator.py
[2024-11-20T21:59:35.242+0000] {logging_mixin.py:190} INFO - [2024-11-20T21:59:35.242+0000] {dag.py:3239} INFO - Sync 1 DAGs
[2024-11-20T21:59:35.254+0000] {logging_mixin.py:190} INFO - [2024-11-20T21:59:35.253+0000] {dag.py:4180} INFO - Setting next_dagrun for example_dag_decorator to None, run_after=None
[2024-11-20T21:59:35.276+0000] {processor.py:208} INFO - Processing /home/airflow/.local/lib/python3.12/site-packages/airflow/example_dags/example_dag_decorator.py took 0.173 seconds
[2024-11-20T22:00:05.415+0000] {processor.py:186} INFO - Started process (PID=867) to work on /home/airflow/.local/lib/python3.12/site-packages/airflow/example_dags/example_dag_decorator.py
[2024-11-20T22:00:05.419+0000] {processor.py:914} INFO - Processing file /home/airflow/.local/lib/python3.12/site-packages/airflow/example_dags/example_dag_decorator.py for tasks to queue
[2024-11-20T22:00:05.422+0000] {logging_mixin.py:190} INFO - [2024-11-20T22:00:05.421+0000] {dagbag.py:588} INFO - Filling up the DagBag from /home/airflow/.local/lib/python3.12/site-packages/airflow/example_dags/example_dag_decorator.py
[2024-11-20T22:00:05.441+0000] {processor.py:925} INFO - DAG(s) 'example_dag_decorator' retrieved from /home/airflow/.local/lib/python3.12/site-packages/airflow/example_dags/example_dag_decorator.py
[2024-11-20T22:00:05.601+0000] {logging_mixin.py:190} INFO - [2024-11-20T22:00:05.600+0000] {dag.py:3239} INFO - Sync 1 DAGs
[2024-11-20T22:00:05.621+0000] {logging_mixin.py:190} INFO - [2024-11-20T22:00:05.621+0000] {dag.py:4180} INFO - Setting next_dagrun for example_dag_decorator to None, run_after=None
[2024-11-20T22:00:05.646+0000] {processor.py:208} INFO - Processing /home/airflow/.local/lib/python3.12/site-packages/airflow/example_dags/example_dag_decorator.py took 0.238 seconds
[2024-11-20T22:00:36.297+0000] {processor.py:186} INFO - Started process (PID=1153) to work on /home/airflow/.local/lib/python3.12/site-packages/airflow/example_dags/example_dag_decorator.py
[2024-11-20T22:00:36.298+0000] {processor.py:914} INFO - Processing file /home/airflow/.local/lib/python3.12/site-packages/airflow/example_dags/example_dag_decorator.py for tasks to queue
[2024-11-20T22:00:36.300+0000] {logging_mixin.py:190} INFO - [2024-11-20T22:00:36.300+0000] {dagbag.py:588} INFO - Filling up the DagBag from /home/airflow/.local/lib/python3.12/site-packages/airflow/example_dags/example_dag_decorator.py
[2024-11-20T22:00:36.317+0000] {processor.py:925} INFO - DAG(s) 'example_dag_decorator' retrieved from /home/airflow/.local/lib/python3.12/site-packages/airflow/example_dags/example_dag_decorator.py
[2024-11-20T22:00:36.464+0000] {logging_mixin.py:190} INFO - [2024-11-20T22:00:36.462+0000] {dag.py:3239} INFO - Sync 1 DAGs
[2024-11-20T22:00:36.500+0000] {logging_mixin.py:190} INFO - [2024-11-20T22:00:36.500+0000] {dag.py:4180} INFO - Setting next_dagrun for example_dag_decorator to None, run_after=None
[2024-11-20T22:00:36.533+0000] {processor.py:208} INFO - Processing /home/airflow/.local/lib/python3.12/site-packages/airflow/example_dags/example_dag_decorator.py took 0.244 seconds
