[2024-11-20T21:59:00.000+0000] {processor.py:186} INFO - Started process (PID=225) to work on /home/airflow/.local/lib/python3.12/site-packages/airflow/example_dags/example_display_name.py
[2024-11-20T21:59:00.001+0000] {processor.py:914} INFO - Processing file /home/airflow/.local/lib/python3.12/site-packages/airflow/example_dags/example_display_name.py for tasks to queue
[2024-11-20T21:59:00.005+0000] {logging_mixin.py:190} INFO - [2024-11-20T21:59:00.005+0000] {dagbag.py:588} INFO - Filling up the DagBag from /home/airflow/.local/lib/python3.12/site-packages/airflow/example_dags/example_display_name.py
[2024-11-20T21:59:00.019+0000] {processor.py:925} INFO - DAG(s) 'example_display_name' retrieved from /home/airflow/.local/lib/python3.12/site-packages/airflow/example_dags/example_display_name.py
[2024-11-20T21:59:00.233+0000] {logging_mixin.py:190} INFO - [2024-11-20T21:59:00.231+0000] {override.py:1911} INFO - Created Permission View: can read on DAG:example_display_name
[2024-11-20T21:59:00.254+0000] {logging_mixin.py:190} INFO - [2024-11-20T21:59:00.253+0000] {override.py:1911} INFO - Created Permission View: can delete on DAG:example_display_name
[2024-11-20T21:59:00.265+0000] {logging_mixin.py:190} INFO - [2024-11-20T21:59:00.265+0000] {override.py:1911} INFO - Created Permission View: can edit on DAG:example_display_name
[2024-11-20T21:59:00.278+0000] {logging_mixin.py:190} INFO - [2024-11-20T21:59:00.277+0000] {override.py:1911} INFO - Created Permission View: can read on DAG Run:example_display_name
[2024-11-20T21:59:00.288+0000] {logging_mixin.py:190} INFO - [2024-11-20T21:59:00.288+0000] {override.py:1911} INFO - Created Permission View: can delete on DAG Run:example_display_name
[2024-11-20T21:59:00.300+0000] {logging_mixin.py:190} INFO - [2024-11-20T21:59:00.300+0000] {override.py:1911} INFO - Created Permission View: can create on DAG Run:example_display_name
[2024-11-20T21:59:00.310+0000] {logging_mixin.py:190} INFO - [2024-11-20T21:59:00.310+0000] {override.py:1911} INFO - Created Permission View: menu access on DAG Run:example_display_name
[2024-11-20T21:59:00.311+0000] {logging_mixin.py:190} INFO - [2024-11-20T21:59:00.311+0000] {dag.py:3239} INFO - Sync 1 DAGs
[2024-11-20T21:59:00.344+0000] {logging_mixin.py:190} INFO - [2024-11-20T21:59:00.343+0000] {dag.py:3262} INFO - Creating ORM DAG for example_display_name
[2024-11-20T21:59:00.347+0000] {logging_mixin.py:190} INFO - [2024-11-20T21:59:00.347+0000] {dag.py:4180} INFO - Setting next_dagrun for example_display_name to None, run_after=None
[2024-11-20T21:59:00.405+0000] {processor.py:208} INFO - Processing /home/airflow/.local/lib/python3.12/site-packages/airflow/example_dags/example_display_name.py took 0.415 seconds
[2024-11-20T21:59:30.492+0000] {processor.py:186} INFO - Started process (PID=514) to work on /home/airflow/.local/lib/python3.12/site-packages/airflow/example_dags/example_display_name.py
[2024-11-20T21:59:30.493+0000] {processor.py:914} INFO - Processing file /home/airflow/.local/lib/python3.12/site-packages/airflow/example_dags/example_display_name.py for tasks to queue
[2024-11-20T21:59:30.496+0000] {logging_mixin.py:190} INFO - [2024-11-20T21:59:30.495+0000] {dagbag.py:588} INFO - Filling up the DagBag from /home/airflow/.local/lib/python3.12/site-packages/airflow/example_dags/example_display_name.py
[2024-11-20T21:59:30.518+0000] {processor.py:925} INFO - DAG(s) 'example_display_name' retrieved from /home/airflow/.local/lib/python3.12/site-packages/airflow/example_dags/example_display_name.py
[2024-11-20T21:59:30.563+0000] {logging_mixin.py:190} INFO - [2024-11-20T21:59:30.563+0000] {dag.py:3239} INFO - Sync 1 DAGs
[2024-11-20T21:59:30.634+0000] {logging_mixin.py:190} INFO - [2024-11-20T21:59:30.634+0000] {dag.py:4180} INFO - Setting next_dagrun for example_display_name to None, run_after=None
[2024-11-20T21:59:30.680+0000] {processor.py:208} INFO - Processing /home/airflow/.local/lib/python3.12/site-packages/airflow/example_dags/example_display_name.py took 0.194 seconds
[2024-11-20T22:00:01.047+0000] {processor.py:186} INFO - Started process (PID=807) to work on /home/airflow/.local/lib/python3.12/site-packages/airflow/example_dags/example_display_name.py
[2024-11-20T22:00:01.049+0000] {processor.py:914} INFO - Processing file /home/airflow/.local/lib/python3.12/site-packages/airflow/example_dags/example_display_name.py for tasks to queue
[2024-11-20T22:00:01.054+0000] {logging_mixin.py:190} INFO - [2024-11-20T22:00:01.053+0000] {dagbag.py:588} INFO - Filling up the DagBag from /home/airflow/.local/lib/python3.12/site-packages/airflow/example_dags/example_display_name.py
[2024-11-20T22:00:01.064+0000] {processor.py:925} INFO - DAG(s) 'example_display_name' retrieved from /home/airflow/.local/lib/python3.12/site-packages/airflow/example_dags/example_display_name.py
[2024-11-20T22:00:01.093+0000] {logging_mixin.py:190} INFO - [2024-11-20T22:00:01.092+0000] {dag.py:3239} INFO - Sync 1 DAGs
[2024-11-20T22:00:01.122+0000] {logging_mixin.py:190} INFO - [2024-11-20T22:00:01.120+0000] {dag.py:4180} INFO - Setting next_dagrun for example_display_name to None, run_after=None
[2024-11-20T22:00:01.167+0000] {processor.py:208} INFO - Processing /home/airflow/.local/lib/python3.12/site-packages/airflow/example_dags/example_display_name.py took 0.126 seconds
[2024-11-20T22:00:31.494+0000] {processor.py:186} INFO - Started process (PID=1096) to work on /home/airflow/.local/lib/python3.12/site-packages/airflow/example_dags/example_display_name.py
[2024-11-20T22:00:31.495+0000] {processor.py:914} INFO - Processing file /home/airflow/.local/lib/python3.12/site-packages/airflow/example_dags/example_display_name.py for tasks to queue
[2024-11-20T22:00:31.498+0000] {logging_mixin.py:190} INFO - [2024-11-20T22:00:31.497+0000] {dagbag.py:588} INFO - Filling up the DagBag from /home/airflow/.local/lib/python3.12/site-packages/airflow/example_dags/example_display_name.py
[2024-11-20T22:00:31.505+0000] {processor.py:925} INFO - DAG(s) 'example_display_name' retrieved from /home/airflow/.local/lib/python3.12/site-packages/airflow/example_dags/example_display_name.py
[2024-11-20T22:00:31.526+0000] {logging_mixin.py:190} INFO - [2024-11-20T22:00:31.526+0000] {dag.py:3239} INFO - Sync 1 DAGs
[2024-11-20T22:00:31.542+0000] {logging_mixin.py:190} INFO - [2024-11-20T22:00:31.541+0000] {dag.py:4180} INFO - Setting next_dagrun for example_display_name to None, run_after=None
[2024-11-20T22:00:31.570+0000] {processor.py:208} INFO - Processing /home/airflow/.local/lib/python3.12/site-packages/airflow/example_dags/example_display_name.py took 0.084 seconds
