[2024-11-20T21:59:12.288+0000] {processor.py:186} INFO - Started process (PID=363) to work on /home/airflow/.local/lib/python3.12/site-packages/airflow/example_dags/example_params_trigger_ui.py
[2024-11-20T21:59:12.290+0000] {processor.py:914} INFO - Processing file /home/airflow/.local/lib/python3.12/site-packages/airflow/example_dags/example_params_trigger_ui.py for tasks to queue
[2024-11-20T21:59:12.292+0000] {logging_mixin.py:190} INFO - [2024-11-20T21:59:12.292+0000] {dagbag.py:588} INFO - Filling up the DagBag from /home/airflow/.local/lib/python3.12/site-packages/airflow/example_dags/example_params_trigger_ui.py
[2024-11-20T21:59:12.311+0000] {processor.py:925} INFO - DAG(s) 'example_params_trigger_ui' retrieved from /home/airflow/.local/lib/python3.12/site-packages/airflow/example_dags/example_params_trigger_ui.py
[2024-11-20T21:59:12.515+0000] {logging_mixin.py:190} INFO - [2024-11-20T21:59:12.514+0000] {override.py:1911} INFO - Created Permission View: can read on DAG:example_params_trigger_ui
[2024-11-20T21:59:12.532+0000] {logging_mixin.py:190} INFO - [2024-11-20T21:59:12.531+0000] {override.py:1911} INFO - Created Permission View: can delete on DAG:example_params_trigger_ui
[2024-11-20T21:59:12.544+0000] {logging_mixin.py:190} INFO - [2024-11-20T21:59:12.543+0000] {override.py:1911} INFO - Created Permission View: can edit on DAG:example_params_trigger_ui
[2024-11-20T21:59:12.560+0000] {logging_mixin.py:190} INFO - [2024-11-20T21:59:12.560+0000] {override.py:1911} INFO - Created Permission View: can read on DAG Run:example_params_trigger_ui
[2024-11-20T21:59:12.571+0000] {logging_mixin.py:190} INFO - [2024-11-20T21:59:12.571+0000] {override.py:1911} INFO - Created Permission View: can delete on DAG Run:example_params_trigger_ui
[2024-11-20T21:59:12.585+0000] {logging_mixin.py:190} INFO - [2024-11-20T21:59:12.584+0000] {override.py:1911} INFO - Created Permission View: can create on DAG Run:example_params_trigger_ui
[2024-11-20T21:59:12.598+0000] {logging_mixin.py:190} INFO - [2024-11-20T21:59:12.598+0000] {override.py:1911} INFO - Created Permission View: menu access on DAG Run:example_params_trigger_ui
[2024-11-20T21:59:12.599+0000] {logging_mixin.py:190} INFO - [2024-11-20T21:59:12.599+0000] {dag.py:3239} INFO - Sync 1 DAGs
[2024-11-20T21:59:12.615+0000] {logging_mixin.py:190} INFO - [2024-11-20T21:59:12.615+0000] {dag.py:3262} INFO - Creating ORM DAG for example_params_trigger_ui
[2024-11-20T21:59:12.616+0000] {logging_mixin.py:190} INFO - [2024-11-20T21:59:12.616+0000] {dag.py:4180} INFO - Setting next_dagrun for example_params_trigger_ui to None, run_after=None
[2024-11-20T21:59:12.640+0000] {processor.py:208} INFO - Processing /home/airflow/.local/lib/python3.12/site-packages/airflow/example_dags/example_params_trigger_ui.py took 0.358 seconds
[2024-11-20T21:59:43.609+0000] {processor.py:186} INFO - Started process (PID=654) to work on /home/airflow/.local/lib/python3.12/site-packages/airflow/example_dags/example_params_trigger_ui.py
[2024-11-20T21:59:43.613+0000] {processor.py:914} INFO - Processing file /home/airflow/.local/lib/python3.12/site-packages/airflow/example_dags/example_params_trigger_ui.py for tasks to queue
[2024-11-20T21:59:43.615+0000] {logging_mixin.py:190} INFO - [2024-11-20T21:59:43.615+0000] {dagbag.py:588} INFO - Filling up the DagBag from /home/airflow/.local/lib/python3.12/site-packages/airflow/example_dags/example_params_trigger_ui.py
[2024-11-20T21:59:43.628+0000] {processor.py:925} INFO - DAG(s) 'example_params_trigger_ui' retrieved from /home/airflow/.local/lib/python3.12/site-packages/airflow/example_dags/example_params_trigger_ui.py
[2024-11-20T21:59:43.675+0000] {logging_mixin.py:190} INFO - [2024-11-20T21:59:43.675+0000] {dag.py:3239} INFO - Sync 1 DAGs
[2024-11-20T21:59:43.693+0000] {logging_mixin.py:190} INFO - [2024-11-20T21:59:43.693+0000] {dag.py:4180} INFO - Setting next_dagrun for example_params_trigger_ui to None, run_after=None
[2024-11-20T21:59:43.727+0000] {processor.py:208} INFO - Processing /home/airflow/.local/lib/python3.12/site-packages/airflow/example_dags/example_params_trigger_ui.py took 0.124 seconds
[2024-11-20T22:00:15.660+0000] {processor.py:186} INFO - Started process (PID=945) to work on /home/airflow/.local/lib/python3.12/site-packages/airflow/example_dags/example_params_trigger_ui.py
[2024-11-20T22:00:15.662+0000] {processor.py:914} INFO - Processing file /home/airflow/.local/lib/python3.12/site-packages/airflow/example_dags/example_params_trigger_ui.py for tasks to queue
[2024-11-20T22:00:15.666+0000] {logging_mixin.py:190} INFO - [2024-11-20T22:00:15.665+0000] {dagbag.py:588} INFO - Filling up the DagBag from /home/airflow/.local/lib/python3.12/site-packages/airflow/example_dags/example_params_trigger_ui.py
[2024-11-20T22:00:15.683+0000] {processor.py:925} INFO - DAG(s) 'example_params_trigger_ui' retrieved from /home/airflow/.local/lib/python3.12/site-packages/airflow/example_dags/example_params_trigger_ui.py
[2024-11-20T22:00:15.751+0000] {logging_mixin.py:190} INFO - [2024-11-20T22:00:15.750+0000] {dag.py:3239} INFO - Sync 1 DAGs
[2024-11-20T22:00:15.770+0000] {logging_mixin.py:190} INFO - [2024-11-20T22:00:15.770+0000] {dag.py:4180} INFO - Setting next_dagrun for example_params_trigger_ui to None, run_after=None
[2024-11-20T22:00:15.799+0000] {processor.py:208} INFO - Processing /home/airflow/.local/lib/python3.12/site-packages/airflow/example_dags/example_params_trigger_ui.py took 0.148 seconds
