[2024-11-20T21:59:05.109+0000] {processor.py:186} INFO - Started process (PID=293) to work on /home/airflow/.local/lib/python3.12/site-packages/airflow/example_dags/example_dynamic_task_mapping.py
[2024-11-20T21:59:05.112+0000] {processor.py:914} INFO - Processing file /home/airflow/.local/lib/python3.12/site-packages/airflow/example_dags/example_dynamic_task_mapping.py for tasks to queue
[2024-11-20T21:59:05.120+0000] {logging_mixin.py:190} INFO - [2024-11-20T21:59:05.119+0000] {dagbag.py:588} INFO - Filling up the DagBag from /home/airflow/.local/lib/python3.12/site-packages/airflow/example_dags/example_dynamic_task_mapping.py
[2024-11-20T21:59:05.144+0000] {processor.py:925} INFO - DAG(s) 'example_dynamic_task_mapping' retrieved from /home/airflow/.local/lib/python3.12/site-packages/airflow/example_dags/example_dynamic_task_mapping.py
[2024-11-20T21:59:05.438+0000] {logging_mixin.py:190} INFO - [2024-11-20T21:59:05.437+0000] {override.py:1911} INFO - Created Permission View: can read on DAG:example_dynamic_task_mapping
[2024-11-20T21:59:05.458+0000] {logging_mixin.py:190} INFO - [2024-11-20T21:59:05.458+0000] {override.py:1911} INFO - Created Permission View: can delete on DAG:example_dynamic_task_mapping
[2024-11-20T21:59:05.470+0000] {logging_mixin.py:190} INFO - [2024-11-20T21:59:05.469+0000] {override.py:1911} INFO - Created Permission View: can edit on DAG:example_dynamic_task_mapping
[2024-11-20T21:59:05.485+0000] {logging_mixin.py:190} INFO - [2024-11-20T21:59:05.485+0000] {override.py:1911} INFO - Created Permission View: can read on DAG Run:example_dynamic_task_mapping
[2024-11-20T21:59:05.495+0000] {logging_mixin.py:190} INFO - [2024-11-20T21:59:05.495+0000] {override.py:1911} INFO - Created Permission View: can delete on DAG Run:example_dynamic_task_mapping
[2024-11-20T21:59:05.507+0000] {logging_mixin.py:190} INFO - [2024-11-20T21:59:05.506+0000] {override.py:1911} INFO - Created Permission View: can create on DAG Run:example_dynamic_task_mapping
[2024-11-20T21:59:05.516+0000] {logging_mixin.py:190} INFO - [2024-11-20T21:59:05.516+0000] {override.py:1911} INFO - Created Permission View: menu access on DAG Run:example_dynamic_task_mapping
[2024-11-20T21:59:05.517+0000] {logging_mixin.py:190} INFO - [2024-11-20T21:59:05.517+0000] {dag.py:3239} INFO - Sync 1 DAGs
[2024-11-20T21:59:05.564+0000] {logging_mixin.py:190} INFO - [2024-11-20T21:59:05.563+0000] {dag.py:3262} INFO - Creating ORM DAG for example_dynamic_task_mapping
[2024-11-20T21:59:05.566+0000] {logging_mixin.py:190} INFO - [2024-11-20T21:59:05.565+0000] {dag.py:4180} INFO - Setting next_dagrun for example_dynamic_task_mapping to None, run_after=None
[2024-11-20T21:59:05.589+0000] {processor.py:208} INFO - Processing /home/airflow/.local/lib/python3.12/site-packages/airflow/example_dags/example_dynamic_task_mapping.py took 0.490 seconds
[2024-11-20T21:59:36.228+0000] {processor.py:186} INFO - Started process (PID=581) to work on /home/airflow/.local/lib/python3.12/site-packages/airflow/example_dags/example_dynamic_task_mapping.py
[2024-11-20T21:59:36.229+0000] {processor.py:914} INFO - Processing file /home/airflow/.local/lib/python3.12/site-packages/airflow/example_dags/example_dynamic_task_mapping.py for tasks to queue
[2024-11-20T21:59:36.232+0000] {logging_mixin.py:190} INFO - [2024-11-20T21:59:36.231+0000] {dagbag.py:588} INFO - Filling up the DagBag from /home/airflow/.local/lib/python3.12/site-packages/airflow/example_dags/example_dynamic_task_mapping.py
[2024-11-20T21:59:36.241+0000] {processor.py:925} INFO - DAG(s) 'example_dynamic_task_mapping' retrieved from /home/airflow/.local/lib/python3.12/site-packages/airflow/example_dags/example_dynamic_task_mapping.py
[2024-11-20T21:59:36.261+0000] {logging_mixin.py:190} INFO - [2024-11-20T21:59:36.261+0000] {dag.py:3239} INFO - Sync 1 DAGs
[2024-11-20T21:59:36.276+0000] {logging_mixin.py:190} INFO - [2024-11-20T21:59:36.276+0000] {dag.py:4180} INFO - Setting next_dagrun for example_dynamic_task_mapping to None, run_after=None
[2024-11-20T21:59:36.300+0000] {processor.py:208} INFO - Processing /home/airflow/.local/lib/python3.12/site-packages/airflow/example_dags/example_dynamic_task_mapping.py took 0.078 seconds
[2024-11-20T22:00:06.436+0000] {processor.py:186} INFO - Started process (PID=872) to work on /home/airflow/.local/lib/python3.12/site-packages/airflow/example_dags/example_dynamic_task_mapping.py
[2024-11-20T22:00:06.439+0000] {processor.py:914} INFO - Processing file /home/airflow/.local/lib/python3.12/site-packages/airflow/example_dags/example_dynamic_task_mapping.py for tasks to queue
[2024-11-20T22:00:06.443+0000] {logging_mixin.py:190} INFO - [2024-11-20T22:00:06.442+0000] {dagbag.py:588} INFO - Filling up the DagBag from /home/airflow/.local/lib/python3.12/site-packages/airflow/example_dags/example_dynamic_task_mapping.py
[2024-11-20T22:00:06.454+0000] {processor.py:925} INFO - DAG(s) 'example_dynamic_task_mapping' retrieved from /home/airflow/.local/lib/python3.12/site-packages/airflow/example_dags/example_dynamic_task_mapping.py
[2024-11-20T22:00:06.481+0000] {logging_mixin.py:190} INFO - [2024-11-20T22:00:06.481+0000] {dag.py:3239} INFO - Sync 1 DAGs
[2024-11-20T22:00:06.500+0000] {logging_mixin.py:190} INFO - [2024-11-20T22:00:06.500+0000] {dag.py:4180} INFO - Setting next_dagrun for example_dynamic_task_mapping to None, run_after=None
[2024-11-20T22:00:06.527+0000] {processor.py:208} INFO - Processing /home/airflow/.local/lib/python3.12/site-packages/airflow/example_dags/example_dynamic_task_mapping.py took 0.100 seconds
[2024-11-20T22:00:36.584+0000] {processor.py:186} INFO - Started process (PID=1163) to work on /home/airflow/.local/lib/python3.12/site-packages/airflow/example_dags/example_dynamic_task_mapping.py
[2024-11-20T22:00:36.585+0000] {processor.py:914} INFO - Processing file /home/airflow/.local/lib/python3.12/site-packages/airflow/example_dags/example_dynamic_task_mapping.py for tasks to queue
[2024-11-20T22:00:36.589+0000] {logging_mixin.py:190} INFO - [2024-11-20T22:00:36.588+0000] {dagbag.py:588} INFO - Filling up the DagBag from /home/airflow/.local/lib/python3.12/site-packages/airflow/example_dags/example_dynamic_task_mapping.py
[2024-11-20T22:00:36.602+0000] {processor.py:925} INFO - DAG(s) 'example_dynamic_task_mapping' retrieved from /home/airflow/.local/lib/python3.12/site-packages/airflow/example_dags/example_dynamic_task_mapping.py
[2024-11-20T22:00:36.628+0000] {logging_mixin.py:190} INFO - [2024-11-20T22:00:36.627+0000] {dag.py:3239} INFO - Sync 1 DAGs
[2024-11-20T22:00:36.647+0000] {logging_mixin.py:190} INFO - [2024-11-20T22:00:36.647+0000] {dag.py:4180} INFO - Setting next_dagrun for example_dynamic_task_mapping to None, run_after=None
[2024-11-20T22:00:36.673+0000] {processor.py:208} INFO - Processing /home/airflow/.local/lib/python3.12/site-packages/airflow/example_dags/example_dynamic_task_mapping.py took 0.098 seconds
