[2024-11-20T21:59:08.419+0000] {processor.py:186} INFO - Started process (PID=313) to work on /home/airflow/.local/lib/python3.12/site-packages/airflow/example_dags/tutorial_taskflow_api.py
[2024-11-20T21:59:08.421+0000] {processor.py:914} INFO - Processing file /home/airflow/.local/lib/python3.12/site-packages/airflow/example_dags/tutorial_taskflow_api.py for tasks to queue
[2024-11-20T21:59:08.424+0000] {logging_mixin.py:190} INFO - [2024-11-20T21:59:08.423+0000] {dagbag.py:588} INFO - Filling up the DagBag from /home/airflow/.local/lib/python3.12/site-packages/airflow/example_dags/tutorial_taskflow_api.py
[2024-11-20T21:59:08.439+0000] {processor.py:925} INFO - DAG(s) 'tutorial_taskflow_api' retrieved from /home/airflow/.local/lib/python3.12/site-packages/airflow/example_dags/tutorial_taskflow_api.py
[2024-11-20T21:59:08.564+0000] {logging_mixin.py:190} INFO - [2024-11-20T21:59:08.563+0000] {override.py:1911} INFO - Created Permission View: can read on DAG:tutorial_taskflow_api
[2024-11-20T21:59:08.580+0000] {logging_mixin.py:190} INFO - [2024-11-20T21:59:08.579+0000] {override.py:1911} INFO - Created Permission View: can delete on DAG:tutorial_taskflow_api
[2024-11-20T21:59:08.593+0000] {logging_mixin.py:190} INFO - [2024-11-20T21:59:08.593+0000] {override.py:1911} INFO - Created Permission View: can edit on DAG:tutorial_taskflow_api
[2024-11-20T21:59:08.610+0000] {logging_mixin.py:190} INFO - [2024-11-20T21:59:08.609+0000] {override.py:1911} INFO - Created Permission View: can read on DAG Run:tutorial_taskflow_api
[2024-11-20T21:59:08.622+0000] {logging_mixin.py:190} INFO - [2024-11-20T21:59:08.621+0000] {override.py:1911} INFO - Created Permission View: can delete on DAG Run:tutorial_taskflow_api
[2024-11-20T21:59:08.634+0000] {logging_mixin.py:190} INFO - [2024-11-20T21:59:08.633+0000] {override.py:1911} INFO - Created Permission View: can create on DAG Run:tutorial_taskflow_api
[2024-11-20T21:59:08.646+0000] {logging_mixin.py:190} INFO - [2024-11-20T21:59:08.645+0000] {override.py:1911} INFO - Created Permission View: menu access on DAG Run:tutorial_taskflow_api
[2024-11-20T21:59:08.647+0000] {logging_mixin.py:190} INFO - [2024-11-20T21:59:08.646+0000] {dag.py:3239} INFO - Sync 1 DAGs
[2024-11-20T21:59:08.662+0000] {logging_mixin.py:190} INFO - [2024-11-20T21:59:08.662+0000] {dag.py:3262} INFO - Creating ORM DAG for tutorial_taskflow_api
[2024-11-20T21:59:08.663+0000] {logging_mixin.py:190} INFO - [2024-11-20T21:59:08.663+0000] {dag.py:4180} INFO - Setting next_dagrun for tutorial_taskflow_api to None, run_after=None
[2024-11-20T21:59:08.690+0000] {processor.py:208} INFO - Processing /home/airflow/.local/lib/python3.12/site-packages/airflow/example_dags/tutorial_taskflow_api.py took 0.279 seconds
[2024-11-20T21:59:39.496+0000] {processor.py:186} INFO - Started process (PID=601) to work on /home/airflow/.local/lib/python3.12/site-packages/airflow/example_dags/tutorial_taskflow_api.py
[2024-11-20T21:59:39.497+0000] {processor.py:914} INFO - Processing file /home/airflow/.local/lib/python3.12/site-packages/airflow/example_dags/tutorial_taskflow_api.py for tasks to queue
[2024-11-20T21:59:39.500+0000] {logging_mixin.py:190} INFO - [2024-11-20T21:59:39.499+0000] {dagbag.py:588} INFO - Filling up the DagBag from /home/airflow/.local/lib/python3.12/site-packages/airflow/example_dags/tutorial_taskflow_api.py
[2024-11-20T21:59:39.512+0000] {processor.py:925} INFO - DAG(s) 'tutorial_taskflow_api' retrieved from /home/airflow/.local/lib/python3.12/site-packages/airflow/example_dags/tutorial_taskflow_api.py
[2024-11-20T21:59:39.533+0000] {logging_mixin.py:190} INFO - [2024-11-20T21:59:39.533+0000] {dag.py:3239} INFO - Sync 1 DAGs
[2024-11-20T21:59:39.553+0000] {logging_mixin.py:190} INFO - [2024-11-20T21:59:39.553+0000] {dag.py:4180} INFO - Setting next_dagrun for tutorial_taskflow_api to None, run_after=None
[2024-11-20T21:59:39.576+0000] {processor.py:208} INFO - Processing /home/airflow/.local/lib/python3.12/site-packages/airflow/example_dags/tutorial_taskflow_api.py took 0.085 seconds
[2024-11-20T22:00:09.844+0000] {processor.py:186} INFO - Started process (PID=890) to work on /home/airflow/.local/lib/python3.12/site-packages/airflow/example_dags/tutorial_taskflow_api.py
[2024-11-20T22:00:09.846+0000] {processor.py:914} INFO - Processing file /home/airflow/.local/lib/python3.12/site-packages/airflow/example_dags/tutorial_taskflow_api.py for tasks to queue
[2024-11-20T22:00:09.851+0000] {logging_mixin.py:190} INFO - [2024-11-20T22:00:09.850+0000] {dagbag.py:588} INFO - Filling up the DagBag from /home/airflow/.local/lib/python3.12/site-packages/airflow/example_dags/tutorial_taskflow_api.py
[2024-11-20T22:00:09.859+0000] {processor.py:925} INFO - DAG(s) 'tutorial_taskflow_api' retrieved from /home/airflow/.local/lib/python3.12/site-packages/airflow/example_dags/tutorial_taskflow_api.py
[2024-11-20T22:00:09.883+0000] {logging_mixin.py:190} INFO - [2024-11-20T22:00:09.883+0000] {dag.py:3239} INFO - Sync 1 DAGs
[2024-11-20T22:00:09.901+0000] {logging_mixin.py:190} INFO - [2024-11-20T22:00:09.901+0000] {dag.py:4180} INFO - Setting next_dagrun for tutorial_taskflow_api to None, run_after=None
[2024-11-20T22:00:09.989+0000] {processor.py:208} INFO - Processing /home/airflow/.local/lib/python3.12/site-packages/airflow/example_dags/tutorial_taskflow_api.py took 0.150 seconds
[2024-11-20T22:00:40.774+0000] {processor.py:186} INFO - Started process (PID=1178) to work on /home/airflow/.local/lib/python3.12/site-packages/airflow/example_dags/tutorial_taskflow_api.py
[2024-11-20T22:00:40.775+0000] {processor.py:914} INFO - Processing file /home/airflow/.local/lib/python3.12/site-packages/airflow/example_dags/tutorial_taskflow_api.py for tasks to queue
[2024-11-20T22:00:40.778+0000] {logging_mixin.py:190} INFO - [2024-11-20T22:00:40.778+0000] {dagbag.py:588} INFO - Filling up the DagBag from /home/airflow/.local/lib/python3.12/site-packages/airflow/example_dags/tutorial_taskflow_api.py
[2024-11-20T22:00:40.787+0000] {processor.py:925} INFO - DAG(s) 'tutorial_taskflow_api' retrieved from /home/airflow/.local/lib/python3.12/site-packages/airflow/example_dags/tutorial_taskflow_api.py
[2024-11-20T22:00:40.809+0000] {logging_mixin.py:190} INFO - [2024-11-20T22:00:40.809+0000] {dag.py:3239} INFO - Sync 1 DAGs
[2024-11-20T22:00:40.828+0000] {logging_mixin.py:190} INFO - [2024-11-20T22:00:40.827+0000] {dag.py:4180} INFO - Setting next_dagrun for tutorial_taskflow_api to None, run_after=None
[2024-11-20T22:00:40.862+0000] {processor.py:208} INFO - Processing /home/airflow/.local/lib/python3.12/site-packages/airflow/example_dags/tutorial_taskflow_api.py took 0.094 seconds
