[2024-11-20T21:59:13.379+0000] {processor.py:186} INFO - Started process (PID=388) to work on /home/airflow/.local/lib/python3.12/site-packages/airflow/example_dags/tutorial.py
[2024-11-20T21:59:13.380+0000] {processor.py:914} INFO - Processing file /home/airflow/.local/lib/python3.12/site-packages/airflow/example_dags/tutorial.py for tasks to queue
[2024-11-20T21:59:13.382+0000] {logging_mixin.py:190} INFO - [2024-11-20T21:59:13.382+0000] {dagbag.py:588} INFO - Filling up the DagBag from /home/airflow/.local/lib/python3.12/site-packages/airflow/example_dags/tutorial.py
[2024-11-20T21:59:13.393+0000] {processor.py:925} INFO - DAG(s) 'tutorial' retrieved from /home/airflow/.local/lib/python3.12/site-packages/airflow/example_dags/tutorial.py
[2024-11-20T21:59:13.521+0000] {logging_mixin.py:190} INFO - [2024-11-20T21:59:13.520+0000] {override.py:1911} INFO - Created Permission View: can read on DAG:tutorial
[2024-11-20T21:59:13.535+0000] {logging_mixin.py:190} INFO - [2024-11-20T21:59:13.535+0000] {override.py:1911} INFO - Created Permission View: can delete on DAG:tutorial
[2024-11-20T21:59:13.546+0000] {logging_mixin.py:190} INFO - [2024-11-20T21:59:13.546+0000] {override.py:1911} INFO - Created Permission View: can edit on DAG:tutorial
[2024-11-20T21:59:13.565+0000] {logging_mixin.py:190} INFO - [2024-11-20T21:59:13.564+0000] {override.py:1911} INFO - Created Permission View: can read on DAG Run:tutorial
[2024-11-20T21:59:13.577+0000] {logging_mixin.py:190} INFO - [2024-11-20T21:59:13.577+0000] {override.py:1911} INFO - Created Permission View: can delete on DAG Run:tutorial
[2024-11-20T21:59:13.590+0000] {logging_mixin.py:190} INFO - [2024-11-20T21:59:13.589+0000] {override.py:1911} INFO - Created Permission View: can create on DAG Run:tutorial
[2024-11-20T21:59:13.601+0000] {logging_mixin.py:190} INFO - [2024-11-20T21:59:13.601+0000] {override.py:1911} INFO - Created Permission View: menu access on DAG Run:tutorial
[2024-11-20T21:59:13.602+0000] {logging_mixin.py:190} INFO - [2024-11-20T21:59:13.602+0000] {dag.py:3239} INFO - Sync 1 DAGs
[2024-11-20T21:59:13.621+0000] {logging_mixin.py:190} INFO - [2024-11-20T21:59:13.621+0000] {dag.py:3262} INFO - Creating ORM DAG for tutorial
[2024-11-20T21:59:13.632+0000] {logging_mixin.py:190} INFO - [2024-11-20T21:59:13.632+0000] {dag.py:4180} INFO - Setting next_dagrun for tutorial to 2024-11-19 00:00:00+00:00, run_after=2024-11-20 00:00:00+00:00
[2024-11-20T21:59:13.661+0000] {processor.py:208} INFO - Processing /home/airflow/.local/lib/python3.12/site-packages/airflow/example_dags/tutorial.py took 0.290 seconds
[2024-11-20T21:59:44.021+0000] {processor.py:186} INFO - Started process (PID=674) to work on /home/airflow/.local/lib/python3.12/site-packages/airflow/example_dags/tutorial.py
[2024-11-20T21:59:44.023+0000] {processor.py:914} INFO - Processing file /home/airflow/.local/lib/python3.12/site-packages/airflow/example_dags/tutorial.py for tasks to queue
[2024-11-20T21:59:44.026+0000] {logging_mixin.py:190} INFO - [2024-11-20T21:59:44.025+0000] {dagbag.py:588} INFO - Filling up the DagBag from /home/airflow/.local/lib/python3.12/site-packages/airflow/example_dags/tutorial.py
[2024-11-20T21:59:44.037+0000] {processor.py:925} INFO - DAG(s) 'tutorial' retrieved from /home/airflow/.local/lib/python3.12/site-packages/airflow/example_dags/tutorial.py
[2024-11-20T21:59:44.061+0000] {logging_mixin.py:190} INFO - [2024-11-20T21:59:44.061+0000] {dag.py:3239} INFO - Sync 1 DAGs
[2024-11-20T21:59:44.090+0000] {logging_mixin.py:190} INFO - [2024-11-20T21:59:44.089+0000] {dag.py:4180} INFO - Setting next_dagrun for tutorial to 2024-11-19 00:00:00+00:00, run_after=2024-11-20 00:00:00+00:00
[2024-11-20T21:59:44.119+0000] {processor.py:208} INFO - Processing /home/airflow/.local/lib/python3.12/site-packages/airflow/example_dags/tutorial.py took 0.105 seconds
[2024-11-20T22:00:15.977+0000] {processor.py:186} INFO - Started process (PID=965) to work on /home/airflow/.local/lib/python3.12/site-packages/airflow/example_dags/tutorial.py
[2024-11-20T22:00:15.979+0000] {processor.py:914} INFO - Processing file /home/airflow/.local/lib/python3.12/site-packages/airflow/example_dags/tutorial.py for tasks to queue
[2024-11-20T22:00:15.982+0000] {logging_mixin.py:190} INFO - [2024-11-20T22:00:15.982+0000] {dagbag.py:588} INFO - Filling up the DagBag from /home/airflow/.local/lib/python3.12/site-packages/airflow/example_dags/tutorial.py
[2024-11-20T22:00:15.998+0000] {processor.py:925} INFO - DAG(s) 'tutorial' retrieved from /home/airflow/.local/lib/python3.12/site-packages/airflow/example_dags/tutorial.py
[2024-11-20T22:00:16.053+0000] {logging_mixin.py:190} INFO - [2024-11-20T22:00:16.052+0000] {dag.py:3239} INFO - Sync 1 DAGs
[2024-11-20T22:00:16.128+0000] {logging_mixin.py:190} INFO - [2024-11-20T22:00:16.128+0000] {dag.py:4180} INFO - Setting next_dagrun for tutorial to 2024-11-19 00:00:00+00:00, run_after=2024-11-20 00:00:00+00:00
[2024-11-20T22:00:16.174+0000] {processor.py:208} INFO - Processing /home/airflow/.local/lib/python3.12/site-packages/airflow/example_dags/tutorial.py took 0.206 seconds
