[2024-11-20T21:59:15.376+0000] {processor.py:186} INFO - Started process (PID=428) to work on /home/airflow/.local/lib/python3.12/site-packages/airflow/example_dags/tutorial_taskflow_api_virtualenv.py
[2024-11-20T21:59:15.377+0000] {processor.py:914} INFO - Processing file /home/airflow/.local/lib/python3.12/site-packages/airflow/example_dags/tutorial_taskflow_api_virtualenv.py for tasks to queue
[2024-11-20T21:59:15.381+0000] {logging_mixin.py:190} INFO - [2024-11-20T21:59:15.380+0000] {dagbag.py:588} INFO - Filling up the DagBag from /home/airflow/.local/lib/python3.12/site-packages/airflow/example_dags/tutorial_taskflow_api_virtualenv.py
[2024-11-20T21:59:15.397+0000] {processor.py:925} INFO - DAG(s) 'tutorial_taskflow_api_virtualenv' retrieved from /home/airflow/.local/lib/python3.12/site-packages/airflow/example_dags/tutorial_taskflow_api_virtualenv.py
[2024-11-20T21:59:15.539+0000] {logging_mixin.py:190} INFO - [2024-11-20T21:59:15.538+0000] {override.py:1911} INFO - Created Permission View: can read on DAG:tutorial_taskflow_api_virtualenv
[2024-11-20T21:59:15.555+0000] {logging_mixin.py:190} INFO - [2024-11-20T21:59:15.554+0000] {override.py:1911} INFO - Created Permission View: can delete on DAG:tutorial_taskflow_api_virtualenv
[2024-11-20T21:59:15.565+0000] {logging_mixin.py:190} INFO - [2024-11-20T21:59:15.565+0000] {override.py:1911} INFO - Created Permission View: can edit on DAG:tutorial_taskflow_api_virtualenv
[2024-11-20T21:59:15.580+0000] {logging_mixin.py:190} INFO - [2024-11-20T21:59:15.580+0000] {override.py:1911} INFO - Created Permission View: can read on DAG Run:tutorial_taskflow_api_virtualenv
[2024-11-20T21:59:15.591+0000] {logging_mixin.py:190} INFO - [2024-11-20T21:59:15.590+0000] {override.py:1911} INFO - Created Permission View: can delete on DAG Run:tutorial_taskflow_api_virtualenv
[2024-11-20T21:59:15.601+0000] {logging_mixin.py:190} INFO - [2024-11-20T21:59:15.600+0000] {override.py:1911} INFO - Created Permission View: can create on DAG Run:tutorial_taskflow_api_virtualenv
[2024-11-20T21:59:15.612+0000] {logging_mixin.py:190} INFO - [2024-11-20T21:59:15.611+0000] {override.py:1911} INFO - Created Permission View: menu access on DAG Run:tutorial_taskflow_api_virtualenv
[2024-11-20T21:59:15.613+0000] {logging_mixin.py:190} INFO - [2024-11-20T21:59:15.613+0000] {dag.py:3239} INFO - Sync 1 DAGs
[2024-11-20T21:59:15.663+0000] {logging_mixin.py:190} INFO - [2024-11-20T21:59:15.663+0000] {dag.py:3262} INFO - Creating ORM DAG for tutorial_taskflow_api_virtualenv
[2024-11-20T21:59:15.664+0000] {logging_mixin.py:190} INFO - [2024-11-20T21:59:15.664+0000] {dag.py:4180} INFO - Setting next_dagrun for tutorial_taskflow_api_virtualenv to None, run_after=None
[2024-11-20T21:59:15.685+0000] {processor.py:208} INFO - Processing /home/airflow/.local/lib/python3.12/site-packages/airflow/example_dags/tutorial_taskflow_api_virtualenv.py took 0.316 seconds
[2024-11-20T21:59:46.525+0000] {processor.py:186} INFO - Started process (PID=721) to work on /home/airflow/.local/lib/python3.12/site-packages/airflow/example_dags/tutorial_taskflow_api_virtualenv.py
[2024-11-20T21:59:46.527+0000] {processor.py:914} INFO - Processing file /home/airflow/.local/lib/python3.12/site-packages/airflow/example_dags/tutorial_taskflow_api_virtualenv.py for tasks to queue
[2024-11-20T21:59:46.529+0000] {logging_mixin.py:190} INFO - [2024-11-20T21:59:46.529+0000] {dagbag.py:588} INFO - Filling up the DagBag from /home/airflow/.local/lib/python3.12/site-packages/airflow/example_dags/tutorial_taskflow_api_virtualenv.py
[2024-11-20T21:59:46.543+0000] {processor.py:925} INFO - DAG(s) 'tutorial_taskflow_api_virtualenv' retrieved from /home/airflow/.local/lib/python3.12/site-packages/airflow/example_dags/tutorial_taskflow_api_virtualenv.py
[2024-11-20T21:59:46.579+0000] {logging_mixin.py:190} INFO - [2024-11-20T21:59:46.578+0000] {dag.py:3239} INFO - Sync 1 DAGs
[2024-11-20T21:59:46.616+0000] {logging_mixin.py:190} INFO - [2024-11-20T21:59:46.615+0000] {dag.py:4180} INFO - Setting next_dagrun for tutorial_taskflow_api_virtualenv to None, run_after=None
[2024-11-20T21:59:46.668+0000] {processor.py:208} INFO - Processing /home/airflow/.local/lib/python3.12/site-packages/airflow/example_dags/tutorial_taskflow_api_virtualenv.py took 0.149 seconds
[2024-11-20T22:00:16.946+0000] {processor.py:186} INFO - Started process (PID=1010) to work on /home/airflow/.local/lib/python3.12/site-packages/airflow/example_dags/tutorial_taskflow_api_virtualenv.py
[2024-11-20T22:00:16.947+0000] {processor.py:914} INFO - Processing file /home/airflow/.local/lib/python3.12/site-packages/airflow/example_dags/tutorial_taskflow_api_virtualenv.py for tasks to queue
[2024-11-20T22:00:16.950+0000] {logging_mixin.py:190} INFO - [2024-11-20T22:00:16.949+0000] {dagbag.py:588} INFO - Filling up the DagBag from /home/airflow/.local/lib/python3.12/site-packages/airflow/example_dags/tutorial_taskflow_api_virtualenv.py
[2024-11-20T22:00:16.964+0000] {processor.py:925} INFO - DAG(s) 'tutorial_taskflow_api_virtualenv' retrieved from /home/airflow/.local/lib/python3.12/site-packages/airflow/example_dags/tutorial_taskflow_api_virtualenv.py
[2024-11-20T22:00:16.988+0000] {logging_mixin.py:190} INFO - [2024-11-20T22:00:16.988+0000] {dag.py:3239} INFO - Sync 1 DAGs
[2024-11-20T22:00:17.013+0000] {logging_mixin.py:190} INFO - [2024-11-20T22:00:17.013+0000] {dag.py:4180} INFO - Setting next_dagrun for tutorial_taskflow_api_virtualenv to None, run_after=None
[2024-11-20T22:00:17.042+0000] {processor.py:208} INFO - Processing /home/airflow/.local/lib/python3.12/site-packages/airflow/example_dags/tutorial_taskflow_api_virtualenv.py took 0.103 seconds
