[2024-11-20T21:59:14.429+0000] {processor.py:186} INFO - Started process (PID=398) to work on /home/airflow/.local/lib/python3.12/site-packages/airflow/example_dags/tutorial_taskflow_templates.py
[2024-11-20T21:59:14.431+0000] {processor.py:914} INFO - Processing file /home/airflow/.local/lib/python3.12/site-packages/airflow/example_dags/tutorial_taskflow_templates.py for tasks to queue
[2024-11-20T21:59:14.434+0000] {logging_mixin.py:190} INFO - [2024-11-20T21:59:14.434+0000] {dagbag.py:588} INFO - Filling up the DagBag from /home/airflow/.local/lib/python3.12/site-packages/airflow/example_dags/tutorial_taskflow_templates.py
[2024-11-20T21:59:14.460+0000] {processor.py:925} INFO - DAG(s) 'tutorial_taskflow_templates' retrieved from /home/airflow/.local/lib/python3.12/site-packages/airflow/example_dags/tutorial_taskflow_templates.py
[2024-11-20T21:59:14.591+0000] {logging_mixin.py:190} INFO - [2024-11-20T21:59:14.590+0000] {override.py:1911} INFO - Created Permission View: can read on DAG:tutorial_taskflow_templates
[2024-11-20T21:59:14.605+0000] {logging_mixin.py:190} INFO - [2024-11-20T21:59:14.605+0000] {override.py:1911} INFO - Created Permission View: can delete on DAG:tutorial_taskflow_templates
[2024-11-20T21:59:14.616+0000] {logging_mixin.py:190} INFO - [2024-11-20T21:59:14.616+0000] {override.py:1911} INFO - Created Permission View: can edit on DAG:tutorial_taskflow_templates
[2024-11-20T21:59:14.636+0000] {logging_mixin.py:190} INFO - [2024-11-20T21:59:14.636+0000] {override.py:1911} INFO - Created Permission View: can read on DAG Run:tutorial_taskflow_templates
[2024-11-20T21:59:14.650+0000] {logging_mixin.py:190} INFO - [2024-11-20T21:59:14.650+0000] {override.py:1911} INFO - Created Permission View: can delete on DAG Run:tutorial_taskflow_templates
[2024-11-20T21:59:14.660+0000] {logging_mixin.py:190} INFO - [2024-11-20T21:59:14.660+0000] {override.py:1911} INFO - Created Permission View: can create on DAG Run:tutorial_taskflow_templates
[2024-11-20T21:59:14.670+0000] {logging_mixin.py:190} INFO - [2024-11-20T21:59:14.670+0000] {override.py:1911} INFO - Created Permission View: menu access on DAG Run:tutorial_taskflow_templates
[2024-11-20T21:59:14.671+0000] {logging_mixin.py:190} INFO - [2024-11-20T21:59:14.671+0000] {dag.py:3239} INFO - Sync 1 DAGs
[2024-11-20T21:59:14.684+0000] {logging_mixin.py:190} INFO - [2024-11-20T21:59:14.684+0000] {dag.py:3262} INFO - Creating ORM DAG for tutorial_taskflow_templates
[2024-11-20T21:59:14.695+0000] {logging_mixin.py:190} INFO - [2024-11-20T21:59:14.695+0000] {dag.py:4180} INFO - Setting next_dagrun for tutorial_taskflow_templates to 2024-11-19 00:00:00+00:00, run_after=2024-11-20 00:00:00+00:00
[2024-11-20T21:59:14.715+0000] {processor.py:208} INFO - Processing /home/airflow/.local/lib/python3.12/site-packages/airflow/example_dags/tutorial_taskflow_templates.py took 0.294 seconds
[2024-11-20T21:59:45.467+0000] {processor.py:186} INFO - Started process (PID=689) to work on /home/airflow/.local/lib/python3.12/site-packages/airflow/example_dags/tutorial_taskflow_templates.py
[2024-11-20T21:59:45.470+0000] {processor.py:914} INFO - Processing file /home/airflow/.local/lib/python3.12/site-packages/airflow/example_dags/tutorial_taskflow_templates.py for tasks to queue
[2024-11-20T21:59:45.474+0000] {logging_mixin.py:190} INFO - [2024-11-20T21:59:45.473+0000] {dagbag.py:588} INFO - Filling up the DagBag from /home/airflow/.local/lib/python3.12/site-packages/airflow/example_dags/tutorial_taskflow_templates.py
[2024-11-20T21:59:45.519+0000] {processor.py:925} INFO - DAG(s) 'tutorial_taskflow_templates' retrieved from /home/airflow/.local/lib/python3.12/site-packages/airflow/example_dags/tutorial_taskflow_templates.py
[2024-11-20T21:59:45.573+0000] {logging_mixin.py:190} INFO - [2024-11-20T21:59:45.573+0000] {dag.py:3239} INFO - Sync 1 DAGs
[2024-11-20T21:59:45.636+0000] {logging_mixin.py:190} INFO - [2024-11-20T21:59:45.635+0000] {dag.py:4180} INFO - Setting next_dagrun for tutorial_taskflow_templates to 2024-11-19 00:00:00+00:00, run_after=2024-11-20 00:00:00+00:00
[2024-11-20T21:59:45.674+0000] {processor.py:208} INFO - Processing /home/airflow/.local/lib/python3.12/site-packages/airflow/example_dags/tutorial_taskflow_templates.py took 0.223 seconds
[2024-11-20T22:00:16.225+0000] {processor.py:186} INFO - Started process (PID=975) to work on /home/airflow/.local/lib/python3.12/site-packages/airflow/example_dags/tutorial_taskflow_templates.py
[2024-11-20T22:00:16.226+0000] {processor.py:914} INFO - Processing file /home/airflow/.local/lib/python3.12/site-packages/airflow/example_dags/tutorial_taskflow_templates.py for tasks to queue
[2024-11-20T22:00:16.229+0000] {logging_mixin.py:190} INFO - [2024-11-20T22:00:16.229+0000] {dagbag.py:588} INFO - Filling up the DagBag from /home/airflow/.local/lib/python3.12/site-packages/airflow/example_dags/tutorial_taskflow_templates.py
[2024-11-20T22:00:16.245+0000] {processor.py:925} INFO - DAG(s) 'tutorial_taskflow_templates' retrieved from /home/airflow/.local/lib/python3.12/site-packages/airflow/example_dags/tutorial_taskflow_templates.py
[2024-11-20T22:00:16.269+0000] {logging_mixin.py:190} INFO - [2024-11-20T22:00:16.269+0000] {dag.py:3239} INFO - Sync 1 DAGs
[2024-11-20T22:00:16.306+0000] {logging_mixin.py:190} INFO - [2024-11-20T22:00:16.306+0000] {dag.py:4180} INFO - Setting next_dagrun for tutorial_taskflow_templates to 2024-11-19 00:00:00+00:00, run_after=2024-11-20 00:00:00+00:00
[2024-11-20T22:00:16.336+0000] {processor.py:208} INFO - Processing /home/airflow/.local/lib/python3.12/site-packages/airflow/example_dags/tutorial_taskflow_templates.py took 0.118 seconds
