[2024-11-20T21:58:58.089+0000] {processor.py:186} INFO - Started process (PID=213) to work on /home/airflow/.local/lib/python3.12/site-packages/airflow/example_dags/tutorial_dag.py
[2024-11-20T21:58:58.096+0000] {processor.py:914} INFO - Processing file /home/airflow/.local/lib/python3.12/site-packages/airflow/example_dags/tutorial_dag.py for tasks to queue
[2024-11-20T21:58:58.120+0000] {logging_mixin.py:190} INFO - [2024-11-20T21:58:58.118+0000] {dagbag.py:588} INFO - Filling up the DagBag from /home/airflow/.local/lib/python3.12/site-packages/airflow/example_dags/tutorial_dag.py
[2024-11-20T21:58:58.225+0000] {processor.py:925} INFO - DAG(s) 'tutorial_dag' retrieved from /home/airflow/.local/lib/python3.12/site-packages/airflow/example_dags/tutorial_dag.py
[2024-11-20T21:58:58.980+0000] {logging_mixin.py:190} INFO - [2024-11-20T21:58:58.974+0000] {override.py:1911} INFO - Created Permission View: can read on DAG:tutorial_dag
[2024-11-20T21:58:59.012+0000] {logging_mixin.py:190} INFO - [2024-11-20T21:58:59.012+0000] {override.py:1911} INFO - Created Permission View: can delete on DAG:tutorial_dag
[2024-11-20T21:58:59.026+0000] {logging_mixin.py:190} INFO - [2024-11-20T21:58:59.026+0000] {override.py:1911} INFO - Created Permission View: can edit on DAG:tutorial_dag
[2024-11-20T21:58:59.043+0000] {logging_mixin.py:190} INFO - [2024-11-20T21:58:59.042+0000] {override.py:1911} INFO - Created Permission View: can read on DAG Run:tutorial_dag
[2024-11-20T21:58:59.056+0000] {logging_mixin.py:190} INFO - [2024-11-20T21:58:59.055+0000] {override.py:1911} INFO - Created Permission View: can delete on DAG Run:tutorial_dag
[2024-11-20T21:58:59.067+0000] {logging_mixin.py:190} INFO - [2024-11-20T21:58:59.066+0000] {override.py:1911} INFO - Created Permission View: can create on DAG Run:tutorial_dag
[2024-11-20T21:58:59.081+0000] {logging_mixin.py:190} INFO - [2024-11-20T21:58:59.081+0000] {override.py:1911} INFO - Created Permission View: menu access on DAG Run:tutorial_dag
[2024-11-20T21:58:59.083+0000] {logging_mixin.py:190} INFO - [2024-11-20T21:58:59.083+0000] {dag.py:3239} INFO - Sync 1 DAGs
[2024-11-20T21:58:59.202+0000] {logging_mixin.py:190} INFO - [2024-11-20T21:58:59.201+0000] {dag.py:3262} INFO - Creating ORM DAG for tutorial_dag
[2024-11-20T21:58:59.209+0000] {logging_mixin.py:190} INFO - [2024-11-20T21:58:59.205+0000] {dag.py:4180} INFO - Setting next_dagrun for tutorial_dag to None, run_after=None
[2024-11-20T21:58:59.287+0000] {processor.py:208} INFO - Processing /home/airflow/.local/lib/python3.12/site-packages/airflow/example_dags/tutorial_dag.py took 1.241 seconds
[2024-11-20T21:59:30.106+0000] {processor.py:186} INFO - Started process (PID=504) to work on /home/airflow/.local/lib/python3.12/site-packages/airflow/example_dags/tutorial_dag.py
[2024-11-20T21:59:30.111+0000] {processor.py:914} INFO - Processing file /home/airflow/.local/lib/python3.12/site-packages/airflow/example_dags/tutorial_dag.py for tasks to queue
[2024-11-20T21:59:30.121+0000] {logging_mixin.py:190} INFO - [2024-11-20T21:59:30.120+0000] {dagbag.py:588} INFO - Filling up the DagBag from /home/airflow/.local/lib/python3.12/site-packages/airflow/example_dags/tutorial_dag.py
[2024-11-20T21:59:30.184+0000] {processor.py:925} INFO - DAG(s) 'tutorial_dag' retrieved from /home/airflow/.local/lib/python3.12/site-packages/airflow/example_dags/tutorial_dag.py
[2024-11-20T21:59:30.250+0000] {logging_mixin.py:190} INFO - [2024-11-20T21:59:30.250+0000] {dag.py:3239} INFO - Sync 1 DAGs
[2024-11-20T21:59:30.349+0000] {logging_mixin.py:190} INFO - [2024-11-20T21:59:30.349+0000] {dag.py:4180} INFO - Setting next_dagrun for tutorial_dag to None, run_after=None
[2024-11-20T21:59:30.426+0000] {processor.py:208} INFO - Processing /home/airflow/.local/lib/python3.12/site-packages/airflow/example_dags/tutorial_dag.py took 0.358 seconds
[2024-11-20T22:00:00.640+0000] {processor.py:186} INFO - Started process (PID=795) to work on /home/airflow/.local/lib/python3.12/site-packages/airflow/example_dags/tutorial_dag.py
[2024-11-20T22:00:00.642+0000] {processor.py:914} INFO - Processing file /home/airflow/.local/lib/python3.12/site-packages/airflow/example_dags/tutorial_dag.py for tasks to queue
[2024-11-20T22:00:00.645+0000] {logging_mixin.py:190} INFO - [2024-11-20T22:00:00.644+0000] {dagbag.py:588} INFO - Filling up the DagBag from /home/airflow/.local/lib/python3.12/site-packages/airflow/example_dags/tutorial_dag.py
[2024-11-20T22:00:00.657+0000] {processor.py:925} INFO - DAG(s) 'tutorial_dag' retrieved from /home/airflow/.local/lib/python3.12/site-packages/airflow/example_dags/tutorial_dag.py
[2024-11-20T22:00:00.692+0000] {logging_mixin.py:190} INFO - [2024-11-20T22:00:00.692+0000] {dag.py:3239} INFO - Sync 1 DAGs
[2024-11-20T22:00:00.723+0000] {logging_mixin.py:190} INFO - [2024-11-20T22:00:00.722+0000] {dag.py:4180} INFO - Setting next_dagrun for tutorial_dag to None, run_after=None
[2024-11-20T22:00:00.762+0000] {processor.py:208} INFO - Processing /home/airflow/.local/lib/python3.12/site-packages/airflow/example_dags/tutorial_dag.py took 0.139 seconds
[2024-11-20T22:00:31.305+0000] {processor.py:186} INFO - Started process (PID=1086) to work on /home/airflow/.local/lib/python3.12/site-packages/airflow/example_dags/tutorial_dag.py
[2024-11-20T22:00:31.308+0000] {processor.py:914} INFO - Processing file /home/airflow/.local/lib/python3.12/site-packages/airflow/example_dags/tutorial_dag.py for tasks to queue
[2024-11-20T22:00:31.311+0000] {logging_mixin.py:190} INFO - [2024-11-20T22:00:31.310+0000] {dagbag.py:588} INFO - Filling up the DagBag from /home/airflow/.local/lib/python3.12/site-packages/airflow/example_dags/tutorial_dag.py
[2024-11-20T22:00:31.322+0000] {processor.py:925} INFO - DAG(s) 'tutorial_dag' retrieved from /home/airflow/.local/lib/python3.12/site-packages/airflow/example_dags/tutorial_dag.py
[2024-11-20T22:00:31.348+0000] {logging_mixin.py:190} INFO - [2024-11-20T22:00:31.348+0000] {dag.py:3239} INFO - Sync 1 DAGs
[2024-11-20T22:00:31.364+0000] {logging_mixin.py:190} INFO - [2024-11-20T22:00:31.364+0000] {dag.py:4180} INFO - Setting next_dagrun for tutorial_dag to None, run_after=None
[2024-11-20T22:00:31.392+0000] {processor.py:208} INFO - Processing /home/airflow/.local/lib/python3.12/site-packages/airflow/example_dags/tutorial_dag.py took 0.096 seconds
