[2025-01-01T23:24:17.470+0000] {local_task_job_runner.py:123} INFO - ::group::Pre task execution logs
[2025-01-01T23:24:17.497+0000] {taskinstance.py:2613} INFO - Dependencies all met for dep_context=non-requeueable deps ti=<TaskInstance: instacart_etl.etl_fact_instacart manual__2024-12-26T15:23:11.859664+00:00 [queued]>
[2025-01-01T23:24:17.515+0000] {taskinstance.py:2613} INFO - Dependencies all met for dep_context=requeueable deps ti=<TaskInstance: instacart_etl.etl_fact_instacart manual__2024-12-26T15:23:11.859664+00:00 [queued]>
[2025-01-01T23:24:17.516+0000] {taskinstance.py:2866} INFO - Starting attempt 21 of 21
[2025-01-01T23:24:17.534+0000] {taskinstance.py:2889} INFO - Executing <Task(PythonOperator): etl_fact_instacart> on 2024-12-26 15:23:11.859664+00:00
[2025-01-01T23:24:17.548+0000] {logging_mixin.py:190} WARNING - /home/***/.local/lib/python3.12/site-packages/***/task/task_runner/standard_task_runner.py:70 DeprecationWarning: This process (pid=14213) is multi-threaded, use of fork() may lead to deadlocks in the child.
[2025-01-01T23:24:17.549+0000] {standard_task_runner.py:72} INFO - Started process 14215 to run task
[2025-01-01T23:24:17.548+0000] {standard_task_runner.py:104} INFO - Running: ['***', 'tasks', 'run', 'instacart_etl', 'etl_fact_instacart', 'manual__2024-12-26T15:23:11.859664+00:00', '--job-id', '314', '--raw', '--subdir', 'DAGS_FOLDER/instacart_etl_dag.py', '--cfg-path', '/tmp/tmp4xcl0w8s']
[2025-01-01T23:24:17.553+0000] {standard_task_runner.py:105} INFO - Job 314: Subtask etl_fact_instacart
[2025-01-01T23:24:17.617+0000] {task_command.py:467} INFO - Running <TaskInstance: instacart_etl.etl_fact_instacart manual__2024-12-26T15:23:11.859664+00:00 [running]> on host e3ff7ec590df
[2025-01-01T23:24:17.773+0000] {taskinstance.py:3132} INFO - Exporting env vars: AIRFLOW_CTX_DAG_OWNER='***' AIRFLOW_CTX_DAG_ID='instacart_etl' AIRFLOW_CTX_TASK_ID='etl_fact_instacart' AIRFLOW_CTX_EXECUTION_DATE='2024-12-26T15:23:11.859664+00:00' AIRFLOW_CTX_TRY_NUMBER='21' AIRFLOW_CTX_DAG_RUN_ID='manual__2024-12-26T15:23:11.859664+00:00'
[2025-01-01T23:24:17.778+0000] {taskinstance.py:731} INFO - ::endgroup::
[2025-01-01T23:24:18.204+0000] {taskinstance.py:3311} ERROR - Task failed with exception
Traceback (most recent call last):
  File "/home/airflow/.local/lib/python3.12/site-packages/airflow/models/taskinstance.py", line 767, in _execute_task
    result = _execute_callable(context=context, **execute_callable_kwargs)
             ^^^^^^^^^^^^^^^^^^^^^^^^^^^^^^^^^^^^^^^^^^^^^^^^^^^^^^^^^^^^^
  File "/home/airflow/.local/lib/python3.12/site-packages/airflow/models/taskinstance.py", line 733, in _execute_callable
    return ExecutionCallableRunner(
           ^^^^^^^^^^^^^^^^^^^^^^^^
  File "/home/airflow/.local/lib/python3.12/site-packages/airflow/utils/operator_helpers.py", line 252, in run
    return self.func(*args, **kwargs)
           ^^^^^^^^^^^^^^^^^^^^^^^^^^
  File "/home/airflow/.local/lib/python3.12/site-packages/airflow/models/baseoperator.py", line 417, in wrapper
    return func(self, *args, **kwargs)
           ^^^^^^^^^^^^^^^^^^^^^^^^^^^
  File "/home/airflow/.local/lib/python3.12/site-packages/airflow/operators/python.py", line 238, in execute
    return_value = self.execute_callable()
                   ^^^^^^^^^^^^^^^^^^^^^^^
  File "/home/airflow/.local/lib/python3.12/site-packages/airflow/operators/python.py", line 256, in execute_callable
    return runner.run(*self.op_args, **self.op_kwargs)
           ^^^^^^^^^^^^^^^^^^^^^^^^^^^^^^^^^^^^^^^^^^^
  File "/home/airflow/.local/lib/python3.12/site-packages/airflow/utils/operator_helpers.py", line 252, in run
    return self.func(*args, **kwargs)
           ^^^^^^^^^^^^^^^^^^^^^^^^^^
  File "/opt/airflow/dags/instacart_etl_dag.py", line 251, in etl_fact_instacart
    cursor.execute("""
pyodbc.Error: ('07008', '[07008] [Microsoft][ODBC Driver 18 for SQL Server][SQL Server]The select list for the INSERT statement contains more items than the insert list. The number of SELECT values must match the number of INSERT columns. (121) (SQLExecDirectW)')
[2025-01-01T23:24:18.230+0000] {taskinstance.py:1225} INFO - Marking task as FAILED. dag_id=instacart_etl, task_id=etl_fact_instacart, run_id=manual__2024-12-26T15:23:11.859664+00:00, execution_date=20241226T152311, start_date=20250101T232417, end_date=20250101T232418
[2025-01-01T23:24:18.258+0000] {taskinstance.py:340} INFO - ::group::Post task execution logs
[2025-01-01T23:24:18.259+0000] {standard_task_runner.py:124} ERROR - Failed to execute job 314 for task etl_fact_instacart (('07008', '[07008] [Microsoft][ODBC Driver 18 for SQL Server][SQL Server]The select list for the INSERT statement contains more items than the insert list. The number of SELECT values must match the number of INSERT columns. (121) (SQLExecDirectW)'); 14215)
Traceback (most recent call last):
  File "/home/airflow/.local/lib/python3.12/site-packages/airflow/task/task_runner/standard_task_runner.py", line 117, in _start_by_fork
    ret = args.func(args, dag=self.dag)
          ^^^^^^^^^^^^^^^^^^^^^^^^^^^^^
  File "/home/airflow/.local/lib/python3.12/site-packages/airflow/cli/cli_config.py", line 49, in command
    return func(*args, **kwargs)
           ^^^^^^^^^^^^^^^^^^^^^
  File "/home/airflow/.local/lib/python3.12/site-packages/airflow/utils/cli.py", line 116, in wrapper
    return f(*args, **kwargs)
           ^^^^^^^^^^^^^^^^^^
  File "/home/airflow/.local/lib/python3.12/site-packages/airflow/cli/commands/task_command.py", line 483, in task_run
    task_return_code = _run_task_by_selected_method(args, _dag, ti)
                       ^^^^^^^^^^^^^^^^^^^^^^^^^^^^^^^^^^^^^^^^^^^^
  File "/home/airflow/.local/lib/python3.12/site-packages/airflow/cli/commands/task_command.py", line 256, in _run_task_by_selected_method
    return _run_raw_task(args, ti)
           ^^^^^^^^^^^^^^^^^^^^^^^
  File "/home/airflow/.local/lib/python3.12/site-packages/airflow/cli/commands/task_command.py", line 341, in _run_raw_task
    return ti._run_raw_task(
           ^^^^^^^^^^^^^^^^^
  File "/home/airflow/.local/lib/python3.12/site-packages/airflow/utils/session.py", line 97, in wrapper
    return func(*args, session=session, **kwargs)
           ^^^^^^^^^^^^^^^^^^^^^^^^^^^^^^^^^^^^^^
  File "/home/airflow/.local/lib/python3.12/site-packages/airflow/models/taskinstance.py", line 3005, in _run_raw_task
    return _run_raw_task(
           ^^^^^^^^^^^^^^
  File "/home/airflow/.local/lib/python3.12/site-packages/airflow/models/taskinstance.py", line 273, in _run_raw_task
    TaskInstance._execute_task_with_callbacks(
  File "/home/airflow/.local/lib/python3.12/site-packages/airflow/models/taskinstance.py", line 3159, in _execute_task_with_callbacks
    result = self._execute_task(context, task_orig)
             ^^^^^^^^^^^^^^^^^^^^^^^^^^^^^^^^^^^^^^
  File "/home/airflow/.local/lib/python3.12/site-packages/airflow/models/taskinstance.py", line 3183, in _execute_task
    return _execute_task(self, context, task_orig)
           ^^^^^^^^^^^^^^^^^^^^^^^^^^^^^^^^^^^^^^^
  File "/home/airflow/.local/lib/python3.12/site-packages/airflow/models/taskinstance.py", line 767, in _execute_task
    result = _execute_callable(context=context, **execute_callable_kwargs)
             ^^^^^^^^^^^^^^^^^^^^^^^^^^^^^^^^^^^^^^^^^^^^^^^^^^^^^^^^^^^^^
  File "/home/airflow/.local/lib/python3.12/site-packages/airflow/models/taskinstance.py", line 733, in _execute_callable
    return ExecutionCallableRunner(
           ^^^^^^^^^^^^^^^^^^^^^^^^
  File "/home/airflow/.local/lib/python3.12/site-packages/airflow/utils/operator_helpers.py", line 252, in run
    return self.func(*args, **kwargs)
           ^^^^^^^^^^^^^^^^^^^^^^^^^^
  File "/home/airflow/.local/lib/python3.12/site-packages/airflow/models/baseoperator.py", line 417, in wrapper
    return func(self, *args, **kwargs)
           ^^^^^^^^^^^^^^^^^^^^^^^^^^^
  File "/home/airflow/.local/lib/python3.12/site-packages/airflow/operators/python.py", line 238, in execute
    return_value = self.execute_callable()
                   ^^^^^^^^^^^^^^^^^^^^^^^
  File "/home/airflow/.local/lib/python3.12/site-packages/airflow/operators/python.py", line 256, in execute_callable
    return runner.run(*self.op_args, **self.op_kwargs)
           ^^^^^^^^^^^^^^^^^^^^^^^^^^^^^^^^^^^^^^^^^^^
  File "/home/airflow/.local/lib/python3.12/site-packages/airflow/utils/operator_helpers.py", line 252, in run
    return self.func(*args, **kwargs)
           ^^^^^^^^^^^^^^^^^^^^^^^^^^
  File "/opt/airflow/dags/instacart_etl_dag.py", line 251, in etl_fact_instacart
    cursor.execute("""
pyodbc.Error: ('07008', '[07008] [Microsoft][ODBC Driver 18 for SQL Server][SQL Server]The select list for the INSERT statement contains more items than the insert list. The number of SELECT values must match the number of INSERT columns. (121) (SQLExecDirectW)')
[2025-01-01T23:24:18.289+0000] {local_task_job_runner.py:266} INFO - Task exited with return code 1
[2025-01-01T23:24:18.320+0000] {taskinstance.py:3895} INFO - 0 downstream tasks scheduled from follow-on schedule check
[2025-01-01T23:24:18.325+0000] {local_task_job_runner.py:245} INFO - ::endgroup::
