[2024-12-17T23:22:35.631+0000] {local_task_job_runner.py:123} INFO - ::group::Pre task execution logs
[2024-12-17T23:22:35.662+0000] {taskinstance.py:2613} INFO - Dependencies all met for dep_context=non-requeueable deps ti=<TaskInstance: instacart_etl.etl_dim_orders manual__2024-12-17T23:21:46.707391+00:00 [queued]>
[2024-12-17T23:22:35.677+0000] {taskinstance.py:2613} INFO - Dependencies all met for dep_context=requeueable deps ti=<TaskInstance: instacart_etl.etl_dim_orders manual__2024-12-17T23:21:46.707391+00:00 [queued]>
[2024-12-17T23:22:35.680+0000] {taskinstance.py:2866} INFO - Starting attempt 1 of 1
[2024-12-17T23:22:35.723+0000] {taskinstance.py:2889} INFO - Executing <Task(PythonOperator): etl_dim_orders> on 2024-12-17 23:21:46.707391+00:00
[2024-12-17T23:22:35.739+0000] {logging_mixin.py:190} WARNING - /home/***/.local/lib/python3.12/site-packages/***/task/task_runner/standard_task_runner.py:70 DeprecationWarning: This process (pid=1242) is multi-threaded, use of fork() may lead to deadlocks in the child.
[2024-12-17T23:22:35.742+0000] {standard_task_runner.py:72} INFO - Started process 1244 to run task
[2024-12-17T23:22:35.739+0000] {standard_task_runner.py:104} INFO - Running: ['***', 'tasks', 'run', 'instacart_etl', 'etl_dim_orders', 'manual__2024-12-17T23:21:46.707391+00:00', '--job-id', '113', '--raw', '--subdir', 'DAGS_FOLDER/instacart_etl_dag.py', '--cfg-path', '/tmp/tmp4xuhz39j']
[2024-12-17T23:22:35.743+0000] {standard_task_runner.py:105} INFO - Job 113: Subtask etl_dim_orders
[2024-12-17T23:22:35.824+0000] {task_command.py:467} INFO - Running <TaskInstance: instacart_etl.etl_dim_orders manual__2024-12-17T23:21:46.707391+00:00 [running]> on host 0040d02929fc
[2024-12-17T23:22:35.968+0000] {taskinstance.py:3132} INFO - Exporting env vars: AIRFLOW_CTX_DAG_OWNER='***' AIRFLOW_CTX_DAG_ID='instacart_etl' AIRFLOW_CTX_TASK_ID='etl_dim_orders' AIRFLOW_CTX_EXECUTION_DATE='2024-12-17T23:21:46.707391+00:00' AIRFLOW_CTX_TRY_NUMBER='1' AIRFLOW_CTX_DAG_RUN_ID='manual__2024-12-17T23:21:46.707391+00:00'
[2024-12-17T23:22:35.972+0000] {taskinstance.py:731} INFO - ::endgroup::
[2024-12-17T23:22:36.095+0000] {logging_mixin.py:190} INFO - 
Processing Chunk 1
[2024-12-17T23:23:09.785+0000] {logging_mixin.py:190} INFO - Chunk 1: Batch 1 - 10000 rows inserted
[2024-12-17T23:23:10.334+0000] {logging_mixin.py:190} INFO - Chunk 1: Batch 2 - 10000 rows inserted
[2024-12-17T23:23:11.095+0000] {logging_mixin.py:190} INFO - Chunk 1: Batch 3 - 10000 rows inserted
[2024-12-17T23:23:11.702+0000] {logging_mixin.py:190} INFO - Chunk 1: Batch 4 - 10000 rows inserted
[2024-12-17T23:23:12.329+0000] {logging_mixin.py:190} INFO - Chunk 1: Batch 5 - 10000 rows inserted
[2024-12-17T23:23:12.392+0000] {logging_mixin.py:190} INFO - Chunk 1 completed. Total rows processed: 50000
[2024-12-17T23:23:12.447+0000] {logging_mixin.py:190} INFO - 
Processing Chunk 2
[2024-12-17T23:23:42.017+0000] {logging_mixin.py:190} INFO - Chunk 2: Batch 1 - 10000 rows inserted
[2024-12-17T23:23:42.500+0000] {logging_mixin.py:190} INFO - Chunk 2: Batch 2 - 10000 rows inserted
[2024-12-17T23:23:42.954+0000] {logging_mixin.py:190} INFO - Chunk 2: Batch 3 - 10000 rows inserted
[2024-12-17T23:23:43.539+0000] {logging_mixin.py:190} INFO - Chunk 2: Batch 4 - 10000 rows inserted
[2024-12-17T23:23:44.237+0000] {logging_mixin.py:190} INFO - Chunk 2: Batch 5 - 10000 rows inserted
[2024-12-17T23:23:44.307+0000] {logging_mixin.py:190} INFO - Chunk 2 completed. Total rows processed: 50000
[2024-12-17T23:23:44.363+0000] {logging_mixin.py:190} INFO - 
Processing Chunk 3
[2024-12-17T23:24:19.609+0000] {logging_mixin.py:190} INFO - Chunk 3: Batch 1 - 10000 rows inserted
[2024-12-17T23:24:20.069+0000] {logging_mixin.py:190} INFO - Chunk 3: Batch 2 - 10000 rows inserted
[2024-12-17T23:24:20.534+0000] {logging_mixin.py:190} INFO - Chunk 3: Batch 3 - 10000 rows inserted
[2024-12-17T23:24:20.991+0000] {logging_mixin.py:190} INFO - Chunk 3: Batch 4 - 10000 rows inserted
[2024-12-17T23:24:21.490+0000] {logging_mixin.py:190} INFO - Chunk 3: Batch 5 - 10000 rows inserted
[2024-12-17T23:24:21.532+0000] {logging_mixin.py:190} INFO - Chunk 3 completed. Total rows processed: 50000
[2024-12-17T23:24:21.563+0000] {logging_mixin.py:190} INFO - 
Processing Chunk 4
[2024-12-17T23:24:48.314+0000] {logging_mixin.py:190} INFO - Chunk 4: Batch 1 - 10000 rows inserted
[2024-12-17T23:24:48.823+0000] {logging_mixin.py:190} INFO - Chunk 4: Batch 2 - 10000 rows inserted
[2024-12-17T23:24:49.380+0000] {logging_mixin.py:190} INFO - Chunk 4: Batch 3 - 10000 rows inserted
[2024-12-17T23:24:49.986+0000] {logging_mixin.py:190} INFO - Chunk 4: Batch 4 - 10000 rows inserted
[2024-12-17T23:24:50.481+0000] {logging_mixin.py:190} INFO - Chunk 4: Batch 5 - 10000 rows inserted
[2024-12-17T23:24:50.520+0000] {logging_mixin.py:190} INFO - Chunk 4 completed. Total rows processed: 50000
[2024-12-17T23:24:50.554+0000] {logging_mixin.py:190} INFO - 
Processing Chunk 5
[2024-12-17T23:25:18.183+0000] {logging_mixin.py:190} INFO - Chunk 5: Batch 1 - 10000 rows inserted
[2024-12-17T23:25:18.604+0000] {logging_mixin.py:190} INFO - Chunk 5: Batch 2 - 10000 rows inserted
[2024-12-17T23:25:19.142+0000] {logging_mixin.py:190} INFO - Chunk 5: Batch 3 - 10000 rows inserted
[2024-12-17T23:25:19.758+0000] {logging_mixin.py:190} INFO - Chunk 5: Batch 4 - 10000 rows inserted
[2024-12-17T23:25:20.220+0000] {logging_mixin.py:190} INFO - Chunk 5: Batch 5 - 10000 rows inserted
[2024-12-17T23:25:20.256+0000] {logging_mixin.py:190} INFO - Chunk 5 completed. Total rows processed: 50000
[2024-12-17T23:25:20.287+0000] {logging_mixin.py:190} INFO - 
Processing Chunk 6
[2024-12-17T23:25:47.287+0000] {logging_mixin.py:190} INFO - Chunk 6: Batch 1 - 10000 rows inserted
[2024-12-17T23:25:47.649+0000] {logging_mixin.py:190} INFO - Chunk 6: Batch 2 - 10000 rows inserted
[2024-12-17T23:25:48.224+0000] {logging_mixin.py:190} INFO - Chunk 6: Batch 3 - 10000 rows inserted
[2024-12-17T23:25:48.768+0000] {logging_mixin.py:190} INFO - Chunk 6: Batch 4 - 10000 rows inserted
[2024-12-17T23:25:49.461+0000] {logging_mixin.py:190} INFO - Chunk 6: Batch 5 - 10000 rows inserted
[2024-12-17T23:25:49.517+0000] {logging_mixin.py:190} INFO - Chunk 6 completed. Total rows processed: 50000
[2024-12-17T23:25:49.554+0000] {logging_mixin.py:190} INFO - 
Processing Chunk 7
[2024-12-17T23:26:15.667+0000] {logging_mixin.py:190} INFO - Chunk 7: Batch 1 - 10000 rows inserted
[2024-12-17T23:26:16.115+0000] {logging_mixin.py:190} INFO - Chunk 7: Batch 2 - 10000 rows inserted
[2024-12-17T23:26:16.525+0000] {logging_mixin.py:190} INFO - Chunk 7: Batch 3 - 10000 rows inserted
[2024-12-17T23:26:17.064+0000] {logging_mixin.py:190} INFO - Chunk 7: Batch 4 - 10000 rows inserted
[2024-12-17T23:26:17.492+0000] {logging_mixin.py:190} INFO - Chunk 7: Batch 5 - 10000 rows inserted
[2024-12-17T23:26:17.537+0000] {logging_mixin.py:190} INFO - Chunk 7 completed. Total rows processed: 50000
[2024-12-17T23:26:17.576+0000] {logging_mixin.py:190} INFO - 
Processing Chunk 8
[2024-12-17T23:26:45.587+0000] {logging_mixin.py:190} INFO - Chunk 8: Batch 1 - 10000 rows inserted
[2024-12-17T23:26:45.992+0000] {logging_mixin.py:190} INFO - Chunk 8: Batch 2 - 10000 rows inserted
[2024-12-17T23:26:46.422+0000] {logging_mixin.py:190} INFO - Chunk 8: Batch 3 - 10000 rows inserted
[2024-12-17T23:26:46.883+0000] {logging_mixin.py:190} INFO - Chunk 8: Batch 4 - 10000 rows inserted
[2024-12-17T23:26:47.371+0000] {logging_mixin.py:190} INFO - Chunk 8: Batch 5 - 10000 rows inserted
[2024-12-17T23:26:47.410+0000] {logging_mixin.py:190} INFO - Chunk 8 completed. Total rows processed: 50000
[2024-12-17T23:26:47.440+0000] {logging_mixin.py:190} INFO - 
Processing Chunk 9
[2024-12-17T23:27:17.272+0000] {logging_mixin.py:190} INFO - Chunk 9: Batch 1 - 10000 rows inserted
[2024-12-17T23:27:17.782+0000] {logging_mixin.py:190} INFO - Chunk 9: Batch 2 - 10000 rows inserted
[2024-12-17T23:27:18.242+0000] {logging_mixin.py:190} INFO - Chunk 9: Batch 3 - 10000 rows inserted
[2024-12-17T23:27:18.724+0000] {logging_mixin.py:190} INFO - Chunk 9: Batch 4 - 10000 rows inserted
[2024-12-17T23:27:19.248+0000] {logging_mixin.py:190} INFO - Chunk 9: Batch 5 - 10000 rows inserted
[2024-12-17T23:27:19.312+0000] {logging_mixin.py:190} INFO - Chunk 9 completed. Total rows processed: 50000
[2024-12-17T23:27:19.345+0000] {logging_mixin.py:190} INFO - 
Processing Chunk 10
[2024-12-17T23:27:50.900+0000] {logging_mixin.py:190} INFO - Chunk 10: Batch 1 - 10000 rows inserted
[2024-12-17T23:27:51.310+0000] {logging_mixin.py:190} INFO - Chunk 10: Batch 2 - 10000 rows inserted
[2024-12-17T23:27:51.811+0000] {logging_mixin.py:190} INFO - Chunk 10: Batch 3 - 10000 rows inserted
[2024-12-17T23:27:52.344+0000] {logging_mixin.py:190} INFO - Chunk 10: Batch 4 - 10000 rows inserted
[2024-12-17T23:27:52.808+0000] {logging_mixin.py:190} INFO - Chunk 10: Batch 5 - 10000 rows inserted
[2024-12-17T23:27:52.852+0000] {logging_mixin.py:190} INFO - Chunk 10 completed. Total rows processed: 50000
[2024-12-17T23:27:52.868+0000] {logging_mixin.py:190} INFO - 
Processing Chunk 11
[2024-12-17T23:28:07.962+0000] {logging_mixin.py:190} INFO - Chunk 11: Batch 1 - 10000 rows inserted
[2024-12-17T23:28:08.459+0000] {logging_mixin.py:190} INFO - Chunk 11: Batch 2 - 10000 rows inserted
[2024-12-17T23:28:08.694+0000] {logging_mixin.py:190} INFO - Chunk 11: Batch 3 - 4287 rows inserted
[2024-12-17T23:28:08.727+0000] {logging_mixin.py:190} INFO - Chunk 11 completed. Total rows processed: 24287
[2024-12-17T23:28:08.733+0000] {logging_mixin.py:190} INFO - ETL Process for Orders Completed.
[2024-12-17T23:28:08.740+0000] {python.py:240} INFO - Done. Returned value was: None
[2024-12-17T23:28:08.752+0000] {taskinstance.py:340} INFO - ::group::Post task execution logs
[2024-12-17T23:28:08.752+0000] {taskinstance.py:352} INFO - Marking task as SUCCESS. dag_id=instacart_etl, task_id=etl_dim_orders, run_id=manual__2024-12-17T23:21:46.707391+00:00, execution_date=20241217T232146, start_date=20241217T232235, end_date=20241217T232808
[2024-12-17T23:28:08.824+0000] {local_task_job_runner.py:266} INFO - Task exited with return code 0
[2024-12-17T23:28:08.843+0000] {taskinstance.py:3895} INFO - 1 downstream tasks scheduled from follow-on schedule check
[2024-12-17T23:28:08.849+0000] {local_task_job_runner.py:245} INFO - ::endgroup::
