[2024-12-25T03:03:45.272+0000] {local_task_job_runner.py:123} INFO - ::group::Pre task execution logs
[2024-12-25T03:03:45.302+0000] {taskinstance.py:2613} INFO - Dependencies all met for dep_context=non-requeueable deps ti=<TaskInstance: instacart_etl.etl_dim_orders manual__2024-12-25T02:37:43.934915+00:00 [queued]>
[2024-12-25T03:03:45.317+0000] {taskinstance.py:2613} INFO - Dependencies all met for dep_context=requeueable deps ti=<TaskInstance: instacart_etl.etl_dim_orders manual__2024-12-25T02:37:43.934915+00:00 [queued]>
[2024-12-25T03:03:45.318+0000] {taskinstance.py:2866} INFO - Starting attempt 2 of 2
[2024-12-25T03:03:45.340+0000] {taskinstance.py:2889} INFO - Executing <Task(PythonOperator): etl_dim_orders> on 2024-12-25 02:37:43.934915+00:00
[2024-12-25T03:03:45.354+0000] {logging_mixin.py:190} WARNING - /home/***/.local/lib/python3.12/site-packages/***/task/task_runner/standard_task_runner.py:70 DeprecationWarning: This process (pid=1438) is multi-threaded, use of fork() may lead to deadlocks in the child.
[2024-12-25T03:03:45.356+0000] {standard_task_runner.py:72} INFO - Started process 1440 to run task
[2024-12-25T03:03:45.355+0000] {standard_task_runner.py:104} INFO - Running: ['***', 'tasks', 'run', 'instacart_etl', 'etl_dim_orders', 'manual__2024-12-25T02:37:43.934915+00:00', '--job-id', '215', '--raw', '--subdir', 'DAGS_FOLDER/instacart_etl_dag.py', '--cfg-path', '/tmp/tmp1jw1ache']
[2024-12-25T03:03:45.359+0000] {standard_task_runner.py:105} INFO - Job 215: Subtask etl_dim_orders
[2024-12-25T03:03:45.485+0000] {task_command.py:467} INFO - Running <TaskInstance: instacart_etl.etl_dim_orders manual__2024-12-25T02:37:43.934915+00:00 [running]> on host f1d04a902af0
[2024-12-25T03:03:45.717+0000] {taskinstance.py:3132} INFO - Exporting env vars: AIRFLOW_CTX_DAG_OWNER='***' AIRFLOW_CTX_DAG_ID='instacart_etl' AIRFLOW_CTX_TASK_ID='etl_dim_orders' AIRFLOW_CTX_EXECUTION_DATE='2024-12-25T02:37:43.934915+00:00' AIRFLOW_CTX_TRY_NUMBER='2' AIRFLOW_CTX_DAG_RUN_ID='manual__2024-12-25T02:37:43.934915+00:00'
[2024-12-25T03:03:45.721+0000] {taskinstance.py:731} INFO - ::endgroup::
[2024-12-25T14:14:46.955+0000] {job.py:229} INFO - Heartbeat recovered after 39799.94 seconds
[2024-12-25T14:14:58.675+0000] {local_task_job_runner.py:346} WARNING - State of this instance has been externally set to failed. Terminating instance.
[2024-12-25T14:14:58.682+0000] {local_task_job_runner.py:245} INFO - ::endgroup::
[2024-12-25T14:14:58.727+0000] {process_utils.py:132} INFO - Sending 15 to group 1440. PIDs of all processes in the group: [1440]
[2024-12-25T14:14:58.735+0000] {process_utils.py:87} INFO - Sending the signal 15 to group 1440
[2024-12-25T14:14:58.747+0000] {taskinstance.py:3093} ERROR - Received SIGTERM. Terminating subprocesses.
[2024-12-25T14:15:09.128+0000] {taskinstance.py:340} INFO - ::group::Post task execution logs
[2024-12-25T14:15:09.241+0000] {process_utils.py:80} INFO - Process psutil.Process(pid=1440, status='terminated', exitcode=0, started='03:03:44') (1440) terminated with exit code 0
