[2024-12-25T23:44:23.200+0000] {local_task_job_runner.py:123} INFO - ::group::Pre task execution logs
[2024-12-25T23:44:23.216+0000] {taskinstance.py:2613} INFO - Dependencies all met for dep_context=non-requeueable deps ti=<TaskInstance: dim_date_dag.generate_dim_date manual__2024-12-25T23:44:22.251499+00:00 [queued]>
[2024-12-25T23:44:23.225+0000] {taskinstance.py:2613} INFO - Dependencies all met for dep_context=requeueable deps ti=<TaskInstance: dim_date_dag.generate_dim_date manual__2024-12-25T23:44:22.251499+00:00 [queued]>
[2024-12-25T23:44:23.226+0000] {taskinstance.py:2866} INFO - Starting attempt 1 of 1
[2024-12-25T23:44:23.245+0000] {taskinstance.py:2889} INFO - Executing <Task(PythonOperator): generate_dim_date> on 2024-12-25 23:44:22.251499+00:00
[2024-12-25T23:44:23.253+0000] {standard_task_runner.py:104} INFO - Running: ['***', 'tasks', 'run', 'dim_date_dag', 'generate_dim_date', 'manual__2024-12-25T23:44:22.251499+00:00', '--job-id', '273', '--raw', '--subdir', 'DAGS_FOLDER/test.py', '--cfg-path', '/tmp/tmpxked29v7']
[2024-12-25T23:44:23.256+0000] {standard_task_runner.py:105} INFO - Job 273: Subtask generate_dim_date
[2024-12-25T23:44:23.266+0000] {logging_mixin.py:190} WARNING - /home/***/.local/lib/python3.12/site-packages/***/task/task_runner/standard_task_runner.py:70 DeprecationWarning: This process (pid=8744) is multi-threaded, use of fork() may lead to deadlocks in the child.
[2024-12-25T23:44:23.266+0000] {standard_task_runner.py:72} INFO - Started process 8745 to run task
[2024-12-25T23:44:23.305+0000] {task_command.py:467} INFO - Running <TaskInstance: dim_date_dag.generate_dim_date manual__2024-12-25T23:44:22.251499+00:00 [running]> on host 53a83a5c1c65
[2024-12-25T23:44:23.397+0000] {taskinstance.py:3132} INFO - Exporting env vars: AIRFLOW_CTX_DAG_OWNER='***' AIRFLOW_CTX_DAG_ID='dim_date_dag' AIRFLOW_CTX_TASK_ID='generate_dim_date' AIRFLOW_CTX_EXECUTION_DATE='2024-12-25T23:44:22.251499+00:00' AIRFLOW_CTX_TRY_NUMBER='1' AIRFLOW_CTX_DAG_RUN_ID='manual__2024-12-25T23:44:22.251499+00:00'
[2024-12-25T23:44:23.398+0000] {taskinstance.py:731} INFO - ::endgroup::
[2024-12-25T23:44:23.436+0000] {logging_mixin.py:190} INFO - Starting date dimension population...
[2024-12-25T23:44:23.460+0000] {logging_mixin.py:190} INFO - Number of rows in dim_date: 67
[2024-12-25T23:44:23.515+0000] {logging_mixin.py:190} INFO - Date range populated: 2021-01-01 to 2021-03-08
[2024-12-25T23:44:23.525+0000] {logging_mixin.py:190} INFO - Successfully executed populate_dim_date procedure
[2024-12-25T23:44:23.526+0000] {python.py:240} INFO - Done. Returned value was: None
[2024-12-25T23:44:23.534+0000] {taskinstance.py:340} INFO - ::group::Post task execution logs
[2024-12-25T23:44:23.535+0000] {taskinstance.py:352} INFO - Marking task as SUCCESS. dag_id=dim_date_dag, task_id=generate_dim_date, run_id=manual__2024-12-25T23:44:22.251499+00:00, execution_date=20241225T234422, start_date=20241225T234423, end_date=20241225T234423
[2024-12-25T23:44:23.565+0000] {local_task_job_runner.py:266} INFO - Task exited with return code 0
[2024-12-25T23:44:23.583+0000] {taskinstance.py:3895} INFO - 0 downstream tasks scheduled from follow-on schedule check
[2024-12-25T23:44:23.589+0000] {local_task_job_runner.py:245} INFO - ::endgroup::
