[2024-12-13T13:20:19.255+0000] {local_task_job_runner.py:123} INFO - ::group::Pre task execution logs
[2024-12-13T13:20:19.283+0000] {taskinstance.py:2613} INFO - Dependencies all met for dep_context=non-requeueable deps ti=<TaskInstance: executemany_sqlserver_example.create_table manual__2024-12-13T13:20:18.021630+00:00 [queued]>
[2024-12-13T13:20:19.373+0000] {taskinstance.py:2613} INFO - Dependencies all met for dep_context=requeueable deps ti=<TaskInstance: executemany_sqlserver_example.create_table manual__2024-12-13T13:20:18.021630+00:00 [queued]>
[2024-12-13T13:20:19.374+0000] {taskinstance.py:2866} INFO - Starting attempt 1 of 1
[2024-12-13T13:20:19.406+0000] {taskinstance.py:2889} INFO - Executing <Task(MsSqlOperator): create_table> on 2024-12-13 13:20:18.021630+00:00
[2024-12-13T13:20:19.415+0000] {standard_task_runner.py:104} INFO - Running: ['***', 'tasks', 'run', 'executemany_sqlserver_example', 'create_table', 'manual__2024-12-13T13:20:18.021630+00:00', '--job-id', '7', '--raw', '--subdir', 'DAGS_FOLDER/test.py', '--cfg-path', '/tmp/tmp6jepxsfl']
[2024-12-13T13:20:19.416+0000] {logging_mixin.py:190} WARNING - /home/***/.local/lib/python3.12/site-packages/***/task/task_runner/standard_task_runner.py:70 DeprecationWarning: This process (pid=945) is multi-threaded, use of fork() may lead to deadlocks in the child.
[2024-12-13T13:20:19.418+0000] {standard_task_runner.py:105} INFO - Job 7: Subtask create_table
[2024-12-13T13:20:19.418+0000] {standard_task_runner.py:72} INFO - Started process 946 to run task
[2024-12-13T13:20:19.502+0000] {task_command.py:467} INFO - Running <TaskInstance: executemany_sqlserver_example.create_table manual__2024-12-13T13:20:18.021630+00:00 [running]> on host c71f4d197b13
[2024-12-13T13:20:19.823+0000] {taskinstance.py:3132} INFO - Exporting env vars: AIRFLOW_CTX_DAG_OWNER='***' AIRFLOW_CTX_DAG_ID='executemany_sqlserver_example' AIRFLOW_CTX_TASK_ID='create_table' AIRFLOW_CTX_EXECUTION_DATE='2024-12-13T13:20:18.021630+00:00' AIRFLOW_CTX_TRY_NUMBER='1' AIRFLOW_CTX_DAG_RUN_ID='manual__2024-12-13T13:20:18.021630+00:00'
[2024-12-13T13:20:19.825+0000] {taskinstance.py:731} INFO - ::endgroup::
[2024-12-13T13:20:19.879+0000] {sql.py:278} INFO - Executing: 
        IF NOT EXISTS (SELECT * FROM sysobjects WHERE name='my_table' AND xtype='U')
        CREATE TABLE my_table (
            col1 INT,
            col2 NVARCHAR(100)
        );
        
[2024-12-13T13:20:19.899+0000] {base.py:84} INFO - Retrieving connection 'mssql_default'
[2024-12-13T13:20:19.919+0000] {base.py:84} INFO - Retrieving connection 'mssql_default'
[2024-12-13T13:20:20.040+0000] {sql.py:553} INFO - Running statement: 
        IF NOT EXISTS (SELECT * FROM sysobjects WHERE name='my_table' AND xtype='U')
        CREATE TABLE my_table (
            col1 INT,
            col2 NVARCHAR(100)
        );
        , parameters: None
[2024-12-13T13:20:20.105+0000] {taskinstance.py:340} INFO - ::group::Post task execution logs
[2024-12-13T13:20:20.106+0000] {taskinstance.py:352} INFO - Marking task as SUCCESS. dag_id=executemany_sqlserver_example, task_id=create_table, run_id=manual__2024-12-13T13:20:18.021630+00:00, execution_date=20241213T132018, start_date=20241213T132019, end_date=20241213T132020
[2024-12-13T13:20:20.143+0000] {local_task_job_runner.py:266} INFO - Task exited with return code 0
[2024-12-13T13:20:20.171+0000] {taskinstance.py:3895} INFO - 1 downstream tasks scheduled from follow-on schedule check
[2024-12-13T13:20:20.178+0000] {local_task_job_runner.py:245} INFO - ::endgroup::
