[2024-12-17T23:48:31.998+0000] {local_task_job_runner.py:123} INFO - ::group::Pre task execution logs
[2024-12-17T23:48:32.014+0000] {taskinstance.py:2613} INFO - Dependencies all met for dep_context=non-requeueable deps ti=<TaskInstance: instacart_etl.etl_dim_order_products manual__2024-12-17T23:21:46.707391+00:00 [queued]>
[2024-12-17T23:48:32.024+0000] {taskinstance.py:2613} INFO - Dependencies all met for dep_context=requeueable deps ti=<TaskInstance: instacart_etl.etl_dim_order_products manual__2024-12-17T23:21:46.707391+00:00 [queued]>
[2024-12-17T23:48:32.025+0000] {taskinstance.py:2866} INFO - Starting attempt 3 of 3
[2024-12-17T23:48:32.040+0000] {taskinstance.py:2889} INFO - Executing <Task(PythonOperator): etl_dim_order_products> on 2024-12-17 23:21:46.707391+00:00
[2024-12-17T23:48:32.052+0000] {logging_mixin.py:190} WARNING - /home/***/.local/lib/python3.12/site-packages/***/task/task_runner/standard_task_runner.py:70 DeprecationWarning: This process (pid=2426) is multi-threaded, use of fork() may lead to deadlocks in the child.
[2024-12-17T23:48:32.053+0000] {standard_task_runner.py:72} INFO - Started process 2428 to run task
[2024-12-17T23:48:32.052+0000] {standard_task_runner.py:104} INFO - Running: ['***', 'tasks', 'run', 'instacart_etl', 'etl_dim_order_products', 'manual__2024-12-17T23:21:46.707391+00:00', '--job-id', '116', '--raw', '--subdir', 'DAGS_FOLDER/instacart_etl_dag.py', '--cfg-path', '/tmp/tmp6r4gduir']
[2024-12-17T23:48:32.054+0000] {standard_task_runner.py:105} INFO - Job 116: Subtask etl_dim_order_products
[2024-12-17T23:48:32.105+0000] {task_command.py:467} INFO - Running <TaskInstance: instacart_etl.etl_dim_order_products manual__2024-12-17T23:21:46.707391+00:00 [running]> on host 0040d02929fc
[2024-12-17T23:48:32.212+0000] {taskinstance.py:3132} INFO - Exporting env vars: AIRFLOW_CTX_DAG_OWNER='***' AIRFLOW_CTX_DAG_ID='instacart_etl' AIRFLOW_CTX_TASK_ID='etl_dim_order_products' AIRFLOW_CTX_EXECUTION_DATE='2024-12-17T23:21:46.707391+00:00' AIRFLOW_CTX_TRY_NUMBER='3' AIRFLOW_CTX_DAG_RUN_ID='manual__2024-12-17T23:21:46.707391+00:00'
[2024-12-17T23:48:32.214+0000] {taskinstance.py:731} INFO - ::endgroup::
[2024-12-17T23:48:32.510+0000] {logging_mixin.py:190} INFO - 
Processing Chunk 1
[2024-12-17T23:49:21.136+0000] {logging_mixin.py:190} INFO - Chunk 1: Batch 1 - 10000 rows inserted
[2024-12-17T23:49:21.650+0000] {logging_mixin.py:190} INFO - Chunk 1: Batch 2 - 10000 rows inserted
[2024-12-17T23:49:22.183+0000] {logging_mixin.py:190} INFO - Chunk 1: Batch 3 - 10000 rows inserted
[2024-12-17T23:49:22.886+0000] {logging_mixin.py:190} INFO - Chunk 1: Batch 4 - 10000 rows inserted
[2024-12-17T23:49:23.712+0000] {logging_mixin.py:190} INFO - Chunk 1: Batch 5 - 10000 rows inserted
[2024-12-17T23:49:23.760+0000] {logging_mixin.py:190} INFO - Chunk 1 completed. Total rows processed: 50000
[2024-12-17T23:49:23.780+0000] {logging_mixin.py:190} INFO - 
Processing Chunk 2
[2024-12-17T23:50:11.806+0000] {logging_mixin.py:190} INFO - Chunk 2: Batch 1 - 10000 rows inserted
[2024-12-17T23:50:12.339+0000] {logging_mixin.py:190} INFO - Chunk 2: Batch 2 - 10000 rows inserted
[2024-12-17T23:50:12.877+0000] {logging_mixin.py:190} INFO - Chunk 2: Batch 3 - 10000 rows inserted
[2024-12-17T23:50:13.433+0000] {logging_mixin.py:190} INFO - Chunk 2: Batch 4 - 10000 rows inserted
[2024-12-17T23:50:13.995+0000] {logging_mixin.py:190} INFO - Chunk 2: Batch 5 - 10000 rows inserted
[2024-12-17T23:50:14.044+0000] {logging_mixin.py:190} INFO - Chunk 2 completed. Total rows processed: 50000
[2024-12-17T23:50:14.072+0000] {logging_mixin.py:190} INFO - 
Processing Chunk 3
[2024-12-17T23:51:07.718+0000] {logging_mixin.py:190} INFO - Chunk 3: Batch 1 - 10000 rows inserted
[2024-12-17T23:51:08.392+0000] {logging_mixin.py:190} INFO - Chunk 3: Batch 2 - 10000 rows inserted
[2024-12-17T23:51:08.971+0000] {logging_mixin.py:190} INFO - Chunk 3: Batch 3 - 10000 rows inserted
[2024-12-17T23:51:09.506+0000] {logging_mixin.py:190} INFO - Chunk 3: Batch 4 - 10000 rows inserted
[2024-12-17T23:51:10.001+0000] {logging_mixin.py:190} INFO - Chunk 3: Batch 5 - 10000 rows inserted
[2024-12-17T23:51:10.049+0000] {logging_mixin.py:190} INFO - Chunk 3 completed. Total rows processed: 50000
[2024-12-17T23:51:10.071+0000] {logging_mixin.py:190} INFO - 
Processing Chunk 4
[2024-12-17T23:51:58.782+0000] {logging_mixin.py:190} INFO - Chunk 4: Batch 1 - 10000 rows inserted
[2024-12-17T23:51:59.223+0000] {logging_mixin.py:190} INFO - Chunk 4: Batch 2 - 10000 rows inserted
[2024-12-17T23:51:59.670+0000] {logging_mixin.py:190} INFO - Chunk 4: Batch 3 - 10000 rows inserted
[2024-12-17T23:52:00.151+0000] {logging_mixin.py:190} INFO - Chunk 4: Batch 4 - 10000 rows inserted
[2024-12-17T23:52:00.672+0000] {logging_mixin.py:190} INFO - Chunk 4: Batch 5 - 10000 rows inserted
[2024-12-17T23:52:00.713+0000] {logging_mixin.py:190} INFO - Chunk 4 completed. Total rows processed: 50000
[2024-12-17T23:52:00.735+0000] {logging_mixin.py:190} INFO - 
Processing Chunk 5
[2024-12-17T23:52:45.592+0000] {logging_mixin.py:190} INFO - Chunk 5: Batch 1 - 10000 rows inserted
[2024-12-17T23:52:46.136+0000] {logging_mixin.py:190} INFO - Chunk 5: Batch 2 - 10000 rows inserted
[2024-12-17T23:52:46.639+0000] {logging_mixin.py:190} INFO - Chunk 5: Batch 3 - 10000 rows inserted
[2024-12-17T23:52:47.156+0000] {logging_mixin.py:190} INFO - Chunk 5: Batch 4 - 10000 rows inserted
[2024-12-17T23:52:47.595+0000] {logging_mixin.py:190} INFO - Chunk 5: Batch 5 - 10000 rows inserted
[2024-12-17T23:52:47.642+0000] {logging_mixin.py:190} INFO - Chunk 5 completed. Total rows processed: 50000
[2024-12-17T23:52:47.664+0000] {logging_mixin.py:190} INFO - 
Processing Chunk 6
[2024-12-17T23:53:34.417+0000] {logging_mixin.py:190} INFO - Chunk 6: Batch 1 - 10000 rows inserted
[2024-12-17T23:53:34.909+0000] {logging_mixin.py:190} INFO - Chunk 6: Batch 2 - 10000 rows inserted
[2024-12-17T23:53:35.325+0000] {logging_mixin.py:190} INFO - Chunk 6: Batch 3 - 10000 rows inserted
[2024-12-17T23:53:35.985+0000] {logging_mixin.py:190} INFO - Chunk 6: Batch 4 - 10000 rows inserted
[2024-12-17T23:53:36.509+0000] {logging_mixin.py:190} INFO - Chunk 6: Batch 5 - 10000 rows inserted
[2024-12-17T23:53:36.561+0000] {logging_mixin.py:190} INFO - Chunk 6 completed. Total rows processed: 50000
[2024-12-17T23:53:36.584+0000] {logging_mixin.py:190} INFO - 
Processing Chunk 7
[2024-12-17T23:54:23.709+0000] {logging_mixin.py:190} INFO - Chunk 7: Batch 1 - 10000 rows inserted
[2024-12-17T23:54:24.184+0000] {logging_mixin.py:190} INFO - Chunk 7: Batch 2 - 10000 rows inserted
[2024-12-17T23:54:24.657+0000] {logging_mixin.py:190} INFO - Chunk 7: Batch 3 - 10000 rows inserted
[2024-12-17T23:54:25.138+0000] {logging_mixin.py:190} INFO - Chunk 7: Batch 4 - 10000 rows inserted
[2024-12-17T23:54:25.700+0000] {logging_mixin.py:190} INFO - Chunk 7: Batch 5 - 10000 rows inserted
[2024-12-17T23:54:25.769+0000] {logging_mixin.py:190} INFO - Chunk 7 completed. Total rows processed: 50000
[2024-12-17T23:54:25.798+0000] {logging_mixin.py:190} INFO - 
Processing Chunk 8
[2024-12-17T23:55:13.281+0000] {logging_mixin.py:190} INFO - Chunk 8: Batch 1 - 10000 rows inserted
[2024-12-17T23:55:13.745+0000] {logging_mixin.py:190} INFO - Chunk 8: Batch 2 - 10000 rows inserted
[2024-12-17T23:55:14.276+0000] {logging_mixin.py:190} INFO - Chunk 8: Batch 3 - 10000 rows inserted
[2024-12-17T23:55:14.738+0000] {logging_mixin.py:190} INFO - Chunk 8: Batch 4 - 10000 rows inserted
[2024-12-17T23:55:15.761+0000] {logging_mixin.py:190} INFO - Chunk 8: Batch 5 - 10000 rows inserted
[2024-12-17T23:55:15.805+0000] {logging_mixin.py:190} INFO - Chunk 8 completed. Total rows processed: 50000
[2024-12-17T23:55:15.847+0000] {logging_mixin.py:190} INFO - 
Processing Chunk 9
[2024-12-17T23:56:06.224+0000] {logging_mixin.py:190} INFO - Chunk 9: Batch 1 - 10000 rows inserted
[2024-12-17T23:56:06.773+0000] {logging_mixin.py:190} INFO - Chunk 9: Batch 2 - 10000 rows inserted
[2024-12-17T23:56:07.242+0000] {logging_mixin.py:190} INFO - Chunk 9: Batch 3 - 10000 rows inserted
[2024-12-17T23:56:07.733+0000] {logging_mixin.py:190} INFO - Chunk 9: Batch 4 - 10000 rows inserted
[2024-12-17T23:56:08.201+0000] {logging_mixin.py:190} INFO - Chunk 9: Batch 5 - 10000 rows inserted
[2024-12-17T23:56:08.246+0000] {logging_mixin.py:190} INFO - Chunk 9 completed. Total rows processed: 50000
[2024-12-17T23:56:08.270+0000] {logging_mixin.py:190} INFO - 
Processing Chunk 10
[2024-12-17T23:56:55.159+0000] {logging_mixin.py:190} INFO - Chunk 10: Batch 1 - 10000 rows inserted
[2024-12-17T23:56:55.626+0000] {logging_mixin.py:190} INFO - Chunk 10: Batch 2 - 10000 rows inserted
[2024-12-17T23:56:56.168+0000] {logging_mixin.py:190} INFO - Chunk 10: Batch 3 - 10000 rows inserted
[2024-12-17T23:56:56.699+0000] {logging_mixin.py:190} INFO - Chunk 10: Batch 4 - 10000 rows inserted
[2024-12-17T23:56:57.207+0000] {logging_mixin.py:190} INFO - Chunk 10: Batch 5 - 10000 rows inserted
[2024-12-17T23:56:57.251+0000] {logging_mixin.py:190} INFO - Chunk 10 completed. Total rows processed: 50000
[2024-12-17T23:56:57.261+0000] {logging_mixin.py:190} INFO - 
Processing Chunk 11
[2024-12-17T23:57:11.714+0000] {logging_mixin.py:190} INFO - Chunk 11: Batch 1 - 10000 rows inserted
[2024-12-17T23:57:12.172+0000] {logging_mixin.py:190} INFO - Chunk 11: Batch 2 - 10000 rows inserted
[2024-12-17T23:57:12.333+0000] {logging_mixin.py:190} INFO - Chunk 11: Batch 3 - 4286 rows inserted
[2024-12-17T23:57:12.357+0000] {logging_mixin.py:190} INFO - Chunk 11 completed. Total rows processed: 24286
[2024-12-17T23:57:12.381+0000] {logging_mixin.py:190} INFO - ETL Process for Order Products Completed. Total rows: 524286
[2024-12-17T23:57:12.415+0000] {python.py:240} INFO - Done. Returned value was: None
[2024-12-17T23:57:12.489+0000] {taskinstance.py:340} INFO - ::group::Post task execution logs
[2024-12-17T23:57:12.492+0000] {taskinstance.py:352} INFO - Marking task as SUCCESS. dag_id=instacart_etl, task_id=etl_dim_order_products, run_id=manual__2024-12-17T23:21:46.707391+00:00, execution_date=20241217T232146, start_date=20241217T234832, end_date=20241217T235712
[2024-12-17T23:57:12.595+0000] {local_task_job_runner.py:266} INFO - Task exited with return code 0
[2024-12-17T23:57:12.629+0000] {taskinstance.py:3895} INFO - 0 downstream tasks scheduled from follow-on schedule check
[2024-12-17T23:57:12.634+0000] {local_task_job_runner.py:245} INFO - ::endgroup::
