[2024-12-03T20:45:56.247+0000] {local_task_job_runner.py:123} INFO - ::group::Pre task execution logs
[2024-12-03T20:45:56.305+0000] {taskinstance.py:2613} INFO - Dependencies all met for dep_context=non-requeueable deps ti=<TaskInstance: instacart_etl_pipeline.generate_dim_date manual__2024-12-03T20:45:49.389397+00:00 [queued]>
[2024-12-03T20:45:56.330+0000] {taskinstance.py:2613} INFO - Dependencies all met for dep_context=requeueable deps ti=<TaskInstance: instacart_etl_pipeline.generate_dim_date manual__2024-12-03T20:45:49.389397+00:00 [queued]>
[2024-12-03T20:45:56.331+0000] {taskinstance.py:2866} INFO - Starting attempt 1 of 1
[2024-12-03T20:45:56.405+0000] {taskinstance.py:2889} INFO - Executing <Task(PythonOperator): generate_dim_date> on 2024-12-03 20:45:49.389397+00:00
[2024-12-03T20:45:56.444+0000] {standard_task_runner.py:104} INFO - Running: ['***', 'tasks', 'run', 'instacart_etl_pipeline', 'generate_dim_date', 'manual__2024-12-03T20:45:49.389397+00:00', '--job-id', '96', '--raw', '--subdir', 'DAGS_FOLDER/instacart_etl_dag.py', '--cfg-path', '/tmp/tmpktiummti']
[2024-12-03T20:45:56.471+0000] {standard_task_runner.py:105} INFO - Job 96: Subtask generate_dim_date
[2024-12-03T20:45:56.470+0000] {logging_mixin.py:190} WARNING - /home/***/.local/lib/python3.12/site-packages/***/task/task_runner/standard_task_runner.py:70 DeprecationWarning: This process (pid=795) is multi-threaded, use of fork() may lead to deadlocks in the child.
[2024-12-03T20:45:56.472+0000] {standard_task_runner.py:72} INFO - Started process 805 to run task
[2024-12-03T20:45:56.727+0000] {task_command.py:467} INFO - Running <TaskInstance: instacart_etl_pipeline.generate_dim_date manual__2024-12-03T20:45:49.389397+00:00 [running]> on host bcfe679e517e
[2024-12-03T20:45:57.055+0000] {taskinstance.py:3132} INFO - Exporting env vars: AIRFLOW_CTX_DAG_OWNER='***' AIRFLOW_CTX_DAG_ID='instacart_etl_pipeline' AIRFLOW_CTX_TASK_ID='generate_dim_date' AIRFLOW_CTX_EXECUTION_DATE='2024-12-03T20:45:49.389397+00:00' AIRFLOW_CTX_TRY_NUMBER='1' AIRFLOW_CTX_DAG_RUN_ID='manual__2024-12-03T20:45:49.389397+00:00'
[2024-12-03T20:45:57.061+0000] {taskinstance.py:731} INFO - ::endgroup::
[2024-12-03T20:45:57.205+0000] {base.py:84} INFO - Retrieving connection 'mssql_default'
[2024-12-03T20:45:58.210+0000] {python.py:240} INFO - Done. Returned value was: None
[2024-12-03T20:46:18.210+0000] {taskinstance.py:340} INFO - ::group::Post task execution logs
[2024-12-03T20:46:18.212+0000] {taskinstance.py:352} INFO - Marking task as SUCCESS. dag_id=instacart_etl_pipeline, task_id=generate_dim_date, run_id=manual__2024-12-03T20:45:49.389397+00:00, execution_date=20241203T204549, start_date=20241203T204556, end_date=20241203T204618
[2024-12-03T20:46:18.222+0000] {job.py:229} INFO - Heartbeat recovered after 22.58 seconds
[2024-12-03T20:46:18.277+0000] {local_task_job_runner.py:266} INFO - Task exited with return code 0
[2024-12-03T20:46:18.337+0000] {taskinstance.py:3895} INFO - 0 downstream tasks scheduled from follow-on schedule check
[2024-12-03T20:46:18.346+0000] {local_task_job_runner.py:245} INFO - ::endgroup::
