[2024-12-19T06:52:07.312+0000] {local_task_job_runner.py:123} INFO - ::group::Pre task execution logs
[2024-12-19T06:52:07.339+0000] {taskinstance.py:2613} INFO - Dependencies all met for dep_context=non-requeueable deps ti=<TaskInstance: instacart_etl.etl_dim_order_products manual__2024-12-19T06:43:25.324539+00:00 [queued]>
[2024-12-19T06:52:07.354+0000] {taskinstance.py:2613} INFO - Dependencies all met for dep_context=requeueable deps ti=<TaskInstance: instacart_etl.etl_dim_order_products manual__2024-12-19T06:43:25.324539+00:00 [queued]>
[2024-12-19T06:52:07.355+0000] {taskinstance.py:2866} INFO - Starting attempt 1 of 1
[2024-12-19T06:52:07.375+0000] {taskinstance.py:2889} INFO - Executing <Task(PythonOperator): etl_dim_order_products> on 2024-12-19 06:43:25.324539+00:00
[2024-12-19T06:52:07.397+0000] {logging_mixin.py:190} WARNING - /home/***/.local/lib/python3.12/site-packages/***/task/task_runner/standard_task_runner.py:70 DeprecationWarning: This process (pid=1679) is multi-threaded, use of fork() may lead to deadlocks in the child.
[2024-12-19T06:52:07.407+0000] {standard_task_runner.py:72} INFO - Started process 1681 to run task
[2024-12-19T06:52:07.408+0000] {standard_task_runner.py:104} INFO - Running: ['***', 'tasks', 'run', 'instacart_etl', 'etl_dim_order_products', 'manual__2024-12-19T06:43:25.324539+00:00', '--job-id', '134', '--raw', '--subdir', 'DAGS_FOLDER/instacart_etl_dag.py', '--cfg-path', '/tmp/tmp35v9pak7']
[2024-12-19T06:52:07.423+0000] {standard_task_runner.py:105} INFO - Job 134: Subtask etl_dim_order_products
[2024-12-19T06:52:07.561+0000] {task_command.py:467} INFO - Running <TaskInstance: instacart_etl.etl_dim_order_products manual__2024-12-19T06:43:25.324539+00:00 [running]> on host 4388517a8e9b
[2024-12-19T06:52:07.802+0000] {taskinstance.py:3132} INFO - Exporting env vars: AIRFLOW_CTX_DAG_OWNER='***' AIRFLOW_CTX_DAG_ID='instacart_etl' AIRFLOW_CTX_TASK_ID='etl_dim_order_products' AIRFLOW_CTX_EXECUTION_DATE='2024-12-19T06:43:25.324539+00:00' AIRFLOW_CTX_TRY_NUMBER='1' AIRFLOW_CTX_DAG_RUN_ID='manual__2024-12-19T06:43:25.324539+00:00'
[2024-12-19T06:52:07.805+0000] {taskinstance.py:731} INFO - ::endgroup::
[2024-12-19T06:52:08.475+0000] {logging_mixin.py:190} INFO - 
Loaded dataset with 524286 rows.
[2024-12-19T06:58:52.411+0000] {logging_mixin.py:190} INFO - Batch 1: 1000 rows inserted
[2024-12-19T06:58:52.560+0000] {logging_mixin.py:190} INFO - Batch 2: 1000 rows inserted
[2024-12-19T06:58:52.702+0000] {logging_mixin.py:190} INFO - Batch 3: 1000 rows inserted
[2024-12-19T06:58:52.857+0000] {logging_mixin.py:190} INFO - Batch 4: 1000 rows inserted
[2024-12-19T06:58:53.006+0000] {logging_mixin.py:190} INFO - Batch 5: 1000 rows inserted
[2024-12-19T06:58:53.202+0000] {logging_mixin.py:190} INFO - Batch 6: 1000 rows inserted
[2024-12-19T06:58:53.316+0000] {logging_mixin.py:190} INFO - Batch 7: 1000 rows inserted
[2024-12-19T06:58:53.424+0000] {logging_mixin.py:190} INFO - Batch 8: 1000 rows inserted
[2024-12-19T06:58:53.553+0000] {logging_mixin.py:190} INFO - Batch 9: 1000 rows inserted
[2024-12-19T06:58:53.669+0000] {logging_mixin.py:190} INFO - Batch 10: 1000 rows inserted
[2024-12-19T06:58:53.770+0000] {logging_mixin.py:190} INFO - Batch 11: 1000 rows inserted
[2024-12-19T06:58:53.874+0000] {logging_mixin.py:190} INFO - Batch 12: 1000 rows inserted
[2024-12-19T06:58:53.982+0000] {logging_mixin.py:190} INFO - Batch 13: 1000 rows inserted
[2024-12-19T06:58:54.082+0000] {logging_mixin.py:190} INFO - Batch 14: 1000 rows inserted
[2024-12-19T06:58:54.186+0000] {logging_mixin.py:190} INFO - Batch 15: 1000 rows inserted
[2024-12-19T06:58:54.293+0000] {logging_mixin.py:190} INFO - Batch 16: 1000 rows inserted
[2024-12-19T06:58:54.408+0000] {logging_mixin.py:190} INFO - Batch 17: 1000 rows inserted
[2024-12-19T06:58:54.520+0000] {logging_mixin.py:190} INFO - Batch 18: 1000 rows inserted
[2024-12-19T06:58:54.641+0000] {logging_mixin.py:190} INFO - Batch 19: 1000 rows inserted
[2024-12-19T06:58:54.757+0000] {logging_mixin.py:190} INFO - Batch 20: 1000 rows inserted
[2024-12-19T06:58:54.877+0000] {logging_mixin.py:190} INFO - Batch 21: 1000 rows inserted
[2024-12-19T06:58:54.976+0000] {logging_mixin.py:190} INFO - Batch 22: 1000 rows inserted
[2024-12-19T06:58:55.081+0000] {logging_mixin.py:190} INFO - Batch 23: 1000 rows inserted
[2024-12-19T06:58:55.187+0000] {logging_mixin.py:190} INFO - Batch 24: 1000 rows inserted
[2024-12-19T06:58:55.301+0000] {logging_mixin.py:190} INFO - Batch 25: 1000 rows inserted
[2024-12-19T06:58:55.412+0000] {logging_mixin.py:190} INFO - Batch 26: 1000 rows inserted
[2024-12-19T06:58:55.516+0000] {logging_mixin.py:190} INFO - Batch 27: 1000 rows inserted
[2024-12-19T06:58:55.632+0000] {logging_mixin.py:190} INFO - Batch 28: 1000 rows inserted
[2024-12-19T06:58:55.777+0000] {logging_mixin.py:190} INFO - Batch 29: 1000 rows inserted
[2024-12-19T06:58:55.905+0000] {logging_mixin.py:190} INFO - Batch 30: 1000 rows inserted
[2024-12-19T06:58:56.027+0000] {logging_mixin.py:190} INFO - Batch 31: 1000 rows inserted
[2024-12-19T06:58:56.154+0000] {logging_mixin.py:190} INFO - Batch 32: 1000 rows inserted
[2024-12-19T06:58:56.254+0000] {logging_mixin.py:190} INFO - Batch 33: 1000 rows inserted
[2024-12-19T06:58:56.372+0000] {logging_mixin.py:190} INFO - Batch 34: 1000 rows inserted
[2024-12-19T06:58:56.473+0000] {logging_mixin.py:190} INFO - Batch 35: 1000 rows inserted
[2024-12-19T06:58:56.582+0000] {logging_mixin.py:190} INFO - Batch 36: 1000 rows inserted
[2024-12-19T06:58:56.678+0000] {logging_mixin.py:190} INFO - Batch 37: 1000 rows inserted
[2024-12-19T06:58:56.785+0000] {logging_mixin.py:190} INFO - Batch 38: 1000 rows inserted
[2024-12-19T06:58:56.886+0000] {logging_mixin.py:190} INFO - Batch 39: 1000 rows inserted
[2024-12-19T06:58:56.979+0000] {logging_mixin.py:190} INFO - Batch 40: 1000 rows inserted
[2024-12-19T06:58:57.073+0000] {logging_mixin.py:190} INFO - Batch 41: 1000 rows inserted
[2024-12-19T06:58:57.167+0000] {logging_mixin.py:190} INFO - Batch 42: 1000 rows inserted
[2024-12-19T06:58:57.275+0000] {logging_mixin.py:190} INFO - Batch 43: 1000 rows inserted
[2024-12-19T06:58:57.386+0000] {logging_mixin.py:190} INFO - Batch 44: 1000 rows inserted
[2024-12-19T06:58:57.475+0000] {logging_mixin.py:190} INFO - Batch 45: 1000 rows inserted
[2024-12-19T06:58:57.567+0000] {logging_mixin.py:190} INFO - Batch 46: 1000 rows inserted
[2024-12-19T06:58:57.627+0000] {logging_mixin.py:190} INFO - Batch 47: 1000 rows inserted
[2024-12-19T06:58:57.700+0000] {logging_mixin.py:190} INFO - Batch 48: 1000 rows inserted
[2024-12-19T06:58:57.758+0000] {logging_mixin.py:190} INFO - Batch 49: 1000 rows inserted
[2024-12-19T06:58:57.814+0000] {logging_mixin.py:190} INFO - Batch 50: 1000 rows inserted
[2024-12-19T06:58:57.871+0000] {logging_mixin.py:190} INFO - Batch 51: 1000 rows inserted
[2024-12-19T06:58:57.933+0000] {logging_mixin.py:190} INFO - Batch 52: 1000 rows inserted
[2024-12-19T06:58:58.004+0000] {logging_mixin.py:190} INFO - Batch 53: 1000 rows inserted
[2024-12-19T06:58:58.059+0000] {logging_mixin.py:190} INFO - Batch 54: 1000 rows inserted
[2024-12-19T06:58:58.114+0000] {logging_mixin.py:190} INFO - Batch 55: 1000 rows inserted
[2024-12-19T06:58:58.171+0000] {logging_mixin.py:190} INFO - Batch 56: 1000 rows inserted
[2024-12-19T06:58:58.231+0000] {logging_mixin.py:190} INFO - Batch 57: 1000 rows inserted
[2024-12-19T06:58:58.286+0000] {logging_mixin.py:190} INFO - Batch 58: 1000 rows inserted
[2024-12-19T06:58:58.346+0000] {logging_mixin.py:190} INFO - Batch 59: 1000 rows inserted
[2024-12-19T06:58:58.408+0000] {logging_mixin.py:190} INFO - Batch 60: 1000 rows inserted
[2024-12-19T06:58:58.468+0000] {logging_mixin.py:190} INFO - Batch 61: 1000 rows inserted
[2024-12-19T06:58:58.520+0000] {logging_mixin.py:190} INFO - Batch 62: 1000 rows inserted
[2024-12-19T06:58:58.584+0000] {logging_mixin.py:190} INFO - Batch 63: 1000 rows inserted
[2024-12-19T06:58:58.641+0000] {logging_mixin.py:190} INFO - Batch 64: 1000 rows inserted
[2024-12-19T06:58:58.709+0000] {logging_mixin.py:190} INFO - Batch 65: 1000 rows inserted
[2024-12-19T06:58:58.766+0000] {logging_mixin.py:190} INFO - Batch 66: 1000 rows inserted
[2024-12-19T06:58:58.820+0000] {logging_mixin.py:190} INFO - Batch 67: 1000 rows inserted
[2024-12-19T06:58:58.880+0000] {logging_mixin.py:190} INFO - Batch 68: 1000 rows inserted
[2024-12-19T06:58:58.943+0000] {logging_mixin.py:190} INFO - Batch 69: 1000 rows inserted
[2024-12-19T06:58:59.011+0000] {logging_mixin.py:190} INFO - Batch 70: 1000 rows inserted
[2024-12-19T06:58:59.081+0000] {logging_mixin.py:190} INFO - Batch 71: 1000 rows inserted
[2024-12-19T06:58:59.160+0000] {logging_mixin.py:190} INFO - Batch 72: 1000 rows inserted
[2024-12-19T06:58:59.243+0000] {logging_mixin.py:190} INFO - Batch 73: 1000 rows inserted
[2024-12-19T06:58:59.323+0000] {logging_mixin.py:190} INFO - Batch 74: 1000 rows inserted
[2024-12-19T06:58:59.433+0000] {logging_mixin.py:190} INFO - Batch 75: 1000 rows inserted
[2024-12-19T06:58:59.530+0000] {logging_mixin.py:190} INFO - Batch 76: 1000 rows inserted
[2024-12-19T06:58:59.615+0000] {logging_mixin.py:190} INFO - Batch 77: 1000 rows inserted
[2024-12-19T06:58:59.700+0000] {logging_mixin.py:190} INFO - Batch 78: 1000 rows inserted
[2024-12-19T06:58:59.770+0000] {logging_mixin.py:190} INFO - Batch 79: 1000 rows inserted
[2024-12-19T06:58:59.847+0000] {logging_mixin.py:190} INFO - Batch 80: 1000 rows inserted
[2024-12-19T06:58:59.920+0000] {logging_mixin.py:190} INFO - Batch 81: 1000 rows inserted
[2024-12-19T06:58:59.991+0000] {logging_mixin.py:190} INFO - Batch 82: 1000 rows inserted
[2024-12-19T06:59:00.057+0000] {logging_mixin.py:190} INFO - Batch 83: 1000 rows inserted
[2024-12-19T06:59:00.133+0000] {logging_mixin.py:190} INFO - Batch 84: 1000 rows inserted
[2024-12-19T06:59:00.204+0000] {logging_mixin.py:190} INFO - Batch 85: 1000 rows inserted
[2024-12-19T06:59:00.268+0000] {logging_mixin.py:190} INFO - Batch 86: 1000 rows inserted
[2024-12-19T06:59:00.341+0000] {logging_mixin.py:190} INFO - Batch 87: 1000 rows inserted
[2024-12-19T06:59:00.413+0000] {logging_mixin.py:190} INFO - Batch 88: 1000 rows inserted
[2024-12-19T06:59:00.483+0000] {logging_mixin.py:190} INFO - Batch 89: 1000 rows inserted
[2024-12-19T06:59:00.547+0000] {logging_mixin.py:190} INFO - Batch 90: 1000 rows inserted
[2024-12-19T06:59:00.615+0000] {logging_mixin.py:190} INFO - Batch 91: 1000 rows inserted
[2024-12-19T06:59:00.696+0000] {logging_mixin.py:190} INFO - Batch 92: 1000 rows inserted
[2024-12-19T06:59:00.766+0000] {logging_mixin.py:190} INFO - Batch 93: 1000 rows inserted
[2024-12-19T06:59:00.835+0000] {logging_mixin.py:190} INFO - Batch 94: 1000 rows inserted
[2024-12-19T06:59:00.900+0000] {logging_mixin.py:190} INFO - Batch 95: 1000 rows inserted
[2024-12-19T06:59:00.962+0000] {logging_mixin.py:190} INFO - Batch 96: 1000 rows inserted
[2024-12-19T06:59:01.036+0000] {logging_mixin.py:190} INFO - Batch 97: 1000 rows inserted
[2024-12-19T06:59:01.114+0000] {logging_mixin.py:190} INFO - Batch 98: 1000 rows inserted
[2024-12-19T06:59:01.179+0000] {logging_mixin.py:190} INFO - Batch 99: 1000 rows inserted
[2024-12-19T06:59:01.259+0000] {logging_mixin.py:190} INFO - Batch 100: 1000 rows inserted
[2024-12-19T06:59:01.326+0000] {logging_mixin.py:190} INFO - Batch 101: 1000 rows inserted
[2024-12-19T06:59:01.416+0000] {logging_mixin.py:190} INFO - Batch 102: 1000 rows inserted
[2024-12-19T06:59:01.509+0000] {logging_mixin.py:190} INFO - Batch 103: 1000 rows inserted
[2024-12-19T06:59:01.596+0000] {logging_mixin.py:190} INFO - Batch 104: 1000 rows inserted
[2024-12-19T06:59:01.673+0000] {logging_mixin.py:190} INFO - Batch 105: 1000 rows inserted
[2024-12-19T06:59:01.756+0000] {logging_mixin.py:190} INFO - Batch 106: 1000 rows inserted
[2024-12-19T06:59:01.869+0000] {logging_mixin.py:190} INFO - Batch 107: 1000 rows inserted
[2024-12-19T06:59:01.973+0000] {logging_mixin.py:190} INFO - Batch 108: 1000 rows inserted
[2024-12-19T06:59:02.060+0000] {logging_mixin.py:190} INFO - Batch 109: 1000 rows inserted
[2024-12-19T06:59:02.136+0000] {logging_mixin.py:190} INFO - Batch 110: 1000 rows inserted
[2024-12-19T06:59:02.229+0000] {logging_mixin.py:190} INFO - Batch 111: 1000 rows inserted
[2024-12-19T06:59:02.306+0000] {logging_mixin.py:190} INFO - Batch 112: 1000 rows inserted
[2024-12-19T06:59:02.386+0000] {logging_mixin.py:190} INFO - Batch 113: 1000 rows inserted
[2024-12-19T06:59:02.457+0000] {logging_mixin.py:190} INFO - Batch 114: 1000 rows inserted
[2024-12-19T06:59:02.540+0000] {logging_mixin.py:190} INFO - Batch 115: 1000 rows inserted
[2024-12-19T06:59:02.645+0000] {logging_mixin.py:190} INFO - Batch 116: 1000 rows inserted
[2024-12-19T06:59:02.735+0000] {logging_mixin.py:190} INFO - Batch 117: 1000 rows inserted
[2024-12-19T06:59:02.819+0000] {logging_mixin.py:190} INFO - Batch 118: 1000 rows inserted
[2024-12-19T06:59:02.936+0000] {logging_mixin.py:190} INFO - Batch 119: 1000 rows inserted
[2024-12-19T06:59:03.039+0000] {logging_mixin.py:190} INFO - Batch 120: 1000 rows inserted
[2024-12-19T06:59:03.108+0000] {logging_mixin.py:190} INFO - Batch 121: 1000 rows inserted
[2024-12-19T06:59:03.198+0000] {logging_mixin.py:190} INFO - Batch 122: 1000 rows inserted
[2024-12-19T06:59:03.287+0000] {logging_mixin.py:190} INFO - Batch 123: 1000 rows inserted
[2024-12-19T06:59:03.388+0000] {logging_mixin.py:190} INFO - Batch 124: 1000 rows inserted
[2024-12-19T06:59:03.851+0000] {logging_mixin.py:190} INFO - Batch 125: 1000 rows inserted
[2024-12-19T06:59:03.966+0000] {logging_mixin.py:190} INFO - Batch 126: 1000 rows inserted
[2024-12-19T06:59:04.084+0000] {logging_mixin.py:190} INFO - Batch 127: 1000 rows inserted
[2024-12-19T06:59:04.200+0000] {logging_mixin.py:190} INFO - Batch 128: 1000 rows inserted
[2024-12-19T06:59:04.301+0000] {logging_mixin.py:190} INFO - Batch 129: 1000 rows inserted
[2024-12-19T06:59:04.362+0000] {logging_mixin.py:190} INFO - Batch 130: 1000 rows inserted
[2024-12-19T06:59:04.446+0000] {logging_mixin.py:190} INFO - Batch 131: 1000 rows inserted
[2024-12-19T06:59:04.550+0000] {logging_mixin.py:190} INFO - Batch 132: 1000 rows inserted
[2024-12-19T06:59:04.629+0000] {logging_mixin.py:190} INFO - Batch 133: 1000 rows inserted
[2024-12-19T06:59:04.717+0000] {logging_mixin.py:190} INFO - Batch 134: 1000 rows inserted
[2024-12-19T06:59:04.790+0000] {logging_mixin.py:190} INFO - Batch 135: 1000 rows inserted
[2024-12-19T06:59:04.878+0000] {logging_mixin.py:190} INFO - Batch 136: 1000 rows inserted
[2024-12-19T06:59:04.980+0000] {logging_mixin.py:190} INFO - Batch 137: 1000 rows inserted
[2024-12-19T06:59:05.046+0000] {logging_mixin.py:190} INFO - Batch 138: 1000 rows inserted
[2024-12-19T06:59:05.105+0000] {logging_mixin.py:190} INFO - Batch 139: 1000 rows inserted
[2024-12-19T06:59:05.169+0000] {logging_mixin.py:190} INFO - Batch 140: 1000 rows inserted
[2024-12-19T06:59:05.231+0000] {logging_mixin.py:190} INFO - Batch 141: 1000 rows inserted
[2024-12-19T06:59:05.295+0000] {logging_mixin.py:190} INFO - Batch 142: 1000 rows inserted
[2024-12-19T06:59:05.362+0000] {logging_mixin.py:190} INFO - Batch 143: 1000 rows inserted
[2024-12-19T06:59:05.437+0000] {logging_mixin.py:190} INFO - Batch 144: 1000 rows inserted
[2024-12-19T06:59:05.501+0000] {logging_mixin.py:190} INFO - Batch 145: 1000 rows inserted
[2024-12-19T06:59:05.559+0000] {logging_mixin.py:190} INFO - Batch 146: 1000 rows inserted
[2024-12-19T06:59:05.633+0000] {logging_mixin.py:190} INFO - Batch 147: 1000 rows inserted
[2024-12-19T06:59:05.694+0000] {logging_mixin.py:190} INFO - Batch 148: 1000 rows inserted
[2024-12-19T06:59:05.750+0000] {logging_mixin.py:190} INFO - Batch 149: 1000 rows inserted
[2024-12-19T06:59:05.801+0000] {logging_mixin.py:190} INFO - Batch 150: 1000 rows inserted
[2024-12-19T06:59:05.878+0000] {logging_mixin.py:190} INFO - Batch 151: 1000 rows inserted
[2024-12-19T06:59:05.953+0000] {logging_mixin.py:190} INFO - Batch 152: 1000 rows inserted
[2024-12-19T06:59:06.017+0000] {logging_mixin.py:190} INFO - Batch 153: 1000 rows inserted
[2024-12-19T06:59:06.069+0000] {logging_mixin.py:190} INFO - Batch 154: 1000 rows inserted
[2024-12-19T06:59:06.129+0000] {logging_mixin.py:190} INFO - Batch 155: 1000 rows inserted
[2024-12-19T06:59:06.183+0000] {logging_mixin.py:190} INFO - Batch 156: 1000 rows inserted
[2024-12-19T06:59:06.236+0000] {logging_mixin.py:190} INFO - Batch 157: 1000 rows inserted
[2024-12-19T06:59:06.288+0000] {logging_mixin.py:190} INFO - Batch 158: 1000 rows inserted
[2024-12-19T06:59:06.350+0000] {logging_mixin.py:190} INFO - Batch 159: 1000 rows inserted
[2024-12-19T06:59:06.400+0000] {logging_mixin.py:190} INFO - Batch 160: 1000 rows inserted
[2024-12-19T06:59:06.450+0000] {logging_mixin.py:190} INFO - Batch 161: 1000 rows inserted
[2024-12-19T06:59:06.500+0000] {logging_mixin.py:190} INFO - Batch 162: 1000 rows inserted
[2024-12-19T06:59:06.551+0000] {logging_mixin.py:190} INFO - Batch 163: 1000 rows inserted
[2024-12-19T06:59:06.602+0000] {logging_mixin.py:190} INFO - Batch 164: 1000 rows inserted
[2024-12-19T06:59:06.677+0000] {logging_mixin.py:190} INFO - Batch 165: 1000 rows inserted
[2024-12-19T06:59:06.755+0000] {logging_mixin.py:190} INFO - Batch 166: 1000 rows inserted
[2024-12-19T06:59:06.811+0000] {logging_mixin.py:190} INFO - Batch 167: 1000 rows inserted
[2024-12-19T06:59:06.866+0000] {logging_mixin.py:190} INFO - Batch 168: 1000 rows inserted
[2024-12-19T06:59:06.917+0000] {logging_mixin.py:190} INFO - Batch 169: 1000 rows inserted
[2024-12-19T06:59:06.974+0000] {logging_mixin.py:190} INFO - Batch 170: 1000 rows inserted
[2024-12-19T06:59:07.045+0000] {logging_mixin.py:190} INFO - Batch 171: 1000 rows inserted
[2024-12-19T06:59:07.099+0000] {logging_mixin.py:190} INFO - Batch 172: 1000 rows inserted
[2024-12-19T06:59:07.149+0000] {logging_mixin.py:190} INFO - Batch 173: 1000 rows inserted
[2024-12-19T06:59:07.198+0000] {logging_mixin.py:190} INFO - Batch 174: 1000 rows inserted
[2024-12-19T06:59:07.256+0000] {logging_mixin.py:190} INFO - Batch 175: 1000 rows inserted
[2024-12-19T06:59:07.319+0000] {logging_mixin.py:190} INFO - Batch 176: 1000 rows inserted
[2024-12-19T06:59:07.370+0000] {logging_mixin.py:190} INFO - Batch 177: 1000 rows inserted
[2024-12-19T06:59:07.420+0000] {logging_mixin.py:190} INFO - Batch 178: 1000 rows inserted
[2024-12-19T06:59:07.471+0000] {logging_mixin.py:190} INFO - Batch 179: 1000 rows inserted
[2024-12-19T06:59:07.517+0000] {logging_mixin.py:190} INFO - Batch 180: 1000 rows inserted
[2024-12-19T06:59:07.563+0000] {logging_mixin.py:190} INFO - Batch 181: 1000 rows inserted
[2024-12-19T06:59:07.610+0000] {logging_mixin.py:190} INFO - Batch 182: 1000 rows inserted
[2024-12-19T06:59:07.668+0000] {logging_mixin.py:190} INFO - Batch 183: 1000 rows inserted
[2024-12-19T06:59:07.737+0000] {logging_mixin.py:190} INFO - Batch 184: 1000 rows inserted
[2024-12-19T06:59:07.801+0000] {logging_mixin.py:190} INFO - Batch 185: 1000 rows inserted
[2024-12-19T06:59:07.856+0000] {logging_mixin.py:190} INFO - Batch 186: 1000 rows inserted
[2024-12-19T06:59:07.906+0000] {logging_mixin.py:190} INFO - Batch 187: 1000 rows inserted
[2024-12-19T06:59:07.960+0000] {logging_mixin.py:190} INFO - Batch 188: 1000 rows inserted
[2024-12-19T06:59:08.034+0000] {logging_mixin.py:190} INFO - Batch 189: 1000 rows inserted
[2024-12-19T06:59:08.094+0000] {logging_mixin.py:190} INFO - Batch 190: 1000 rows inserted
[2024-12-19T06:59:08.148+0000] {logging_mixin.py:190} INFO - Batch 191: 1000 rows inserted
[2024-12-19T06:59:08.202+0000] {logging_mixin.py:190} INFO - Batch 192: 1000 rows inserted
[2024-12-19T06:59:08.262+0000] {logging_mixin.py:190} INFO - Batch 193: 1000 rows inserted
[2024-12-19T06:59:08.317+0000] {logging_mixin.py:190} INFO - Batch 194: 1000 rows inserted
[2024-12-19T06:59:08.400+0000] {logging_mixin.py:190} INFO - Batch 195: 1000 rows inserted
[2024-12-19T06:59:08.461+0000] {logging_mixin.py:190} INFO - Batch 196: 1000 rows inserted
[2024-12-19T06:59:08.517+0000] {logging_mixin.py:190} INFO - Batch 197: 1000 rows inserted
[2024-12-19T06:59:08.585+0000] {logging_mixin.py:190} INFO - Batch 198: 1000 rows inserted
[2024-12-19T06:59:08.644+0000] {logging_mixin.py:190} INFO - Batch 199: 1000 rows inserted
[2024-12-19T06:59:08.707+0000] {logging_mixin.py:190} INFO - Batch 200: 1000 rows inserted
[2024-12-19T06:59:08.802+0000] {logging_mixin.py:190} INFO - Batch 201: 1000 rows inserted
[2024-12-19T06:59:08.886+0000] {logging_mixin.py:190} INFO - Batch 202: 1000 rows inserted
[2024-12-19T06:59:08.944+0000] {logging_mixin.py:190} INFO - Batch 203: 1000 rows inserted
[2024-12-19T06:59:08.994+0000] {logging_mixin.py:190} INFO - Batch 204: 1000 rows inserted
[2024-12-19T06:59:09.056+0000] {logging_mixin.py:190} INFO - Batch 205: 1000 rows inserted
[2024-12-19T06:59:09.120+0000] {logging_mixin.py:190} INFO - Batch 206: 1000 rows inserted
[2024-12-19T06:59:09.200+0000] {logging_mixin.py:190} INFO - Batch 207: 1000 rows inserted
[2024-12-19T06:59:09.256+0000] {logging_mixin.py:190} INFO - Batch 208: 1000 rows inserted
[2024-12-19T06:59:09.321+0000] {logging_mixin.py:190} INFO - Batch 209: 1000 rows inserted
[2024-12-19T06:59:09.400+0000] {logging_mixin.py:190} INFO - Batch 210: 1000 rows inserted
[2024-12-19T06:59:09.471+0000] {logging_mixin.py:190} INFO - Batch 211: 1000 rows inserted
[2024-12-19T06:59:09.577+0000] {logging_mixin.py:190} INFO - Batch 212: 1000 rows inserted
[2024-12-19T06:59:09.648+0000] {logging_mixin.py:190} INFO - Batch 213: 1000 rows inserted
[2024-12-19T06:59:09.721+0000] {logging_mixin.py:190} INFO - Batch 214: 1000 rows inserted
[2024-12-19T06:59:09.779+0000] {logging_mixin.py:190} INFO - Batch 215: 1000 rows inserted
[2024-12-19T06:59:09.846+0000] {logging_mixin.py:190} INFO - Batch 216: 1000 rows inserted
[2024-12-19T06:59:09.941+0000] {logging_mixin.py:190} INFO - Batch 217: 1000 rows inserted
[2024-12-19T06:59:09.999+0000] {logging_mixin.py:190} INFO - Batch 218: 1000 rows inserted
[2024-12-19T06:59:10.060+0000] {logging_mixin.py:190} INFO - Batch 219: 1000 rows inserted
[2024-12-19T06:59:10.115+0000] {logging_mixin.py:190} INFO - Batch 220: 1000 rows inserted
[2024-12-19T06:59:10.175+0000] {logging_mixin.py:190} INFO - Batch 221: 1000 rows inserted
[2024-12-19T06:59:10.247+0000] {logging_mixin.py:190} INFO - Batch 222: 1000 rows inserted
[2024-12-19T06:59:10.300+0000] {logging_mixin.py:190} INFO - Batch 223: 1000 rows inserted
[2024-12-19T06:59:10.352+0000] {logging_mixin.py:190} INFO - Batch 224: 1000 rows inserted
[2024-12-19T06:59:10.413+0000] {logging_mixin.py:190} INFO - Batch 225: 1000 rows inserted
[2024-12-19T06:59:10.471+0000] {logging_mixin.py:190} INFO - Batch 226: 1000 rows inserted
[2024-12-19T06:59:10.531+0000] {logging_mixin.py:190} INFO - Batch 227: 1000 rows inserted
[2024-12-19T06:59:10.607+0000] {logging_mixin.py:190} INFO - Batch 228: 1000 rows inserted
[2024-12-19T06:59:10.663+0000] {logging_mixin.py:190} INFO - Batch 229: 1000 rows inserted
[2024-12-19T06:59:10.744+0000] {logging_mixin.py:190} INFO - Batch 230: 1000 rows inserted
[2024-12-19T06:59:10.832+0000] {logging_mixin.py:190} INFO - Batch 231: 1000 rows inserted
[2024-12-19T06:59:10.899+0000] {logging_mixin.py:190} INFO - Batch 232: 1000 rows inserted
[2024-12-19T06:59:10.981+0000] {logging_mixin.py:190} INFO - Batch 233: 1000 rows inserted
[2024-12-19T06:59:11.046+0000] {logging_mixin.py:190} INFO - Batch 234: 1000 rows inserted
[2024-12-19T06:59:11.115+0000] {logging_mixin.py:190} INFO - Batch 235: 1000 rows inserted
[2024-12-19T06:59:11.174+0000] {logging_mixin.py:190} INFO - Batch 236: 1000 rows inserted
[2024-12-19T06:59:11.256+0000] {logging_mixin.py:190} INFO - Batch 237: 1000 rows inserted
[2024-12-19T06:59:11.343+0000] {logging_mixin.py:190} INFO - Batch 238: 1000 rows inserted
[2024-12-19T06:59:11.404+0000] {logging_mixin.py:190} INFO - Batch 239: 1000 rows inserted
[2024-12-19T06:59:11.482+0000] {logging_mixin.py:190} INFO - Batch 240: 1000 rows inserted
[2024-12-19T06:59:11.560+0000] {logging_mixin.py:190} INFO - Batch 241: 1000 rows inserted
[2024-12-19T06:59:11.637+0000] {logging_mixin.py:190} INFO - Batch 242: 1000 rows inserted
[2024-12-19T06:59:11.716+0000] {logging_mixin.py:190} INFO - Batch 243: 1000 rows inserted
[2024-12-19T06:59:11.786+0000] {logging_mixin.py:190} INFO - Batch 244: 1000 rows inserted
[2024-12-19T06:59:11.853+0000] {logging_mixin.py:190} INFO - Batch 245: 1000 rows inserted
[2024-12-19T06:59:11.915+0000] {logging_mixin.py:190} INFO - Batch 246: 1000 rows inserted
[2024-12-19T06:59:11.996+0000] {logging_mixin.py:190} INFO - Batch 247: 1000 rows inserted
[2024-12-19T06:59:12.102+0000] {logging_mixin.py:190} INFO - Batch 248: 1000 rows inserted
[2024-12-19T06:59:12.153+0000] {logging_mixin.py:190} INFO - Batch 249: 1000 rows inserted
[2024-12-19T06:59:12.207+0000] {logging_mixin.py:190} INFO - Batch 250: 1000 rows inserted
[2024-12-19T06:59:12.257+0000] {logging_mixin.py:190} INFO - Batch 251: 1000 rows inserted
[2024-12-19T06:59:12.322+0000] {logging_mixin.py:190} INFO - Batch 252: 1000 rows inserted
[2024-12-19T06:59:12.425+0000] {logging_mixin.py:190} INFO - Batch 253: 1000 rows inserted
[2024-12-19T06:59:12.470+0000] {logging_mixin.py:190} INFO - Batch 254: 1000 rows inserted
[2024-12-19T06:59:12.517+0000] {logging_mixin.py:190} INFO - Batch 255: 1000 rows inserted
[2024-12-19T06:59:12.563+0000] {logging_mixin.py:190} INFO - Batch 256: 1000 rows inserted
[2024-12-19T06:59:12.614+0000] {logging_mixin.py:190} INFO - Batch 257: 1000 rows inserted
[2024-12-19T06:59:12.682+0000] {logging_mixin.py:190} INFO - Batch 258: 1000 rows inserted
[2024-12-19T06:59:12.729+0000] {logging_mixin.py:190} INFO - Batch 259: 1000 rows inserted
[2024-12-19T06:59:12.776+0000] {logging_mixin.py:190} INFO - Batch 260: 1000 rows inserted
[2024-12-19T06:59:12.838+0000] {logging_mixin.py:190} INFO - Batch 261: 1000 rows inserted
[2024-12-19T06:59:12.952+0000] {logging_mixin.py:190} INFO - Batch 262: 1000 rows inserted
[2024-12-19T06:59:13.000+0000] {logging_mixin.py:190} INFO - Batch 263: 1000 rows inserted
[2024-12-19T06:59:13.053+0000] {logging_mixin.py:190} INFO - Batch 264: 1000 rows inserted
[2024-12-19T06:59:13.109+0000] {logging_mixin.py:190} INFO - Batch 265: 1000 rows inserted
[2024-12-19T06:59:13.168+0000] {logging_mixin.py:190} INFO - Batch 266: 1000 rows inserted
[2024-12-19T06:59:13.243+0000] {logging_mixin.py:190} INFO - Batch 267: 1000 rows inserted
[2024-12-19T06:59:13.303+0000] {logging_mixin.py:190} INFO - Batch 268: 1000 rows inserted
[2024-12-19T06:59:13.359+0000] {logging_mixin.py:190} INFO - Batch 269: 1000 rows inserted
[2024-12-19T06:59:13.434+0000] {logging_mixin.py:190} INFO - Batch 270: 1000 rows inserted
[2024-12-19T06:59:13.498+0000] {logging_mixin.py:190} INFO - Batch 271: 1000 rows inserted
[2024-12-19T06:59:13.548+0000] {logging_mixin.py:190} INFO - Batch 272: 1000 rows inserted
[2024-12-19T06:59:13.606+0000] {logging_mixin.py:190} INFO - Batch 273: 1000 rows inserted
[2024-12-19T06:59:13.664+0000] {logging_mixin.py:190} INFO - Batch 274: 1000 rows inserted
[2024-12-19T06:59:13.745+0000] {logging_mixin.py:190} INFO - Batch 275: 1000 rows inserted
[2024-12-19T06:59:13.803+0000] {logging_mixin.py:190} INFO - Batch 276: 1000 rows inserted
[2024-12-19T06:59:13.864+0000] {logging_mixin.py:190} INFO - Batch 277: 1000 rows inserted
[2024-12-19T06:59:13.925+0000] {logging_mixin.py:190} INFO - Batch 278: 1000 rows inserted
[2024-12-19T06:59:13.975+0000] {logging_mixin.py:190} INFO - Batch 279: 1000 rows inserted
[2024-12-19T06:59:14.024+0000] {logging_mixin.py:190} INFO - Batch 280: 1000 rows inserted
[2024-12-19T06:59:14.072+0000] {logging_mixin.py:190} INFO - Batch 281: 1000 rows inserted
[2024-12-19T06:59:14.119+0000] {logging_mixin.py:190} INFO - Batch 282: 1000 rows inserted
[2024-12-19T06:59:14.172+0000] {logging_mixin.py:190} INFO - Batch 283: 1000 rows inserted
[2024-12-19T06:59:14.233+0000] {logging_mixin.py:190} INFO - Batch 284: 1000 rows inserted
[2024-12-19T06:59:14.292+0000] {logging_mixin.py:190} INFO - Batch 285: 1000 rows inserted
[2024-12-19T06:59:14.349+0000] {logging_mixin.py:190} INFO - Batch 286: 1000 rows inserted
[2024-12-19T06:59:14.412+0000] {logging_mixin.py:190} INFO - Batch 287: 1000 rows inserted
[2024-12-19T06:59:14.466+0000] {logging_mixin.py:190} INFO - Batch 288: 1000 rows inserted
[2024-12-19T06:59:14.538+0000] {logging_mixin.py:190} INFO - Batch 289: 1000 rows inserted
[2024-12-19T06:59:14.614+0000] {logging_mixin.py:190} INFO - Batch 290: 1000 rows inserted
[2024-12-19T06:59:14.678+0000] {logging_mixin.py:190} INFO - Batch 291: 1000 rows inserted
[2024-12-19T06:59:14.750+0000] {logging_mixin.py:190} INFO - Batch 292: 1000 rows inserted
[2024-12-19T06:59:14.817+0000] {logging_mixin.py:190} INFO - Batch 293: 1000 rows inserted
[2024-12-19T06:59:14.868+0000] {logging_mixin.py:190} INFO - Batch 294: 1000 rows inserted
[2024-12-19T06:59:14.914+0000] {logging_mixin.py:190} INFO - Batch 295: 1000 rows inserted
[2024-12-19T06:59:14.965+0000] {logging_mixin.py:190} INFO - Batch 296: 1000 rows inserted
[2024-12-19T06:59:15.018+0000] {logging_mixin.py:190} INFO - Batch 297: 1000 rows inserted
[2024-12-19T06:59:15.068+0000] {logging_mixin.py:190} INFO - Batch 298: 1000 rows inserted
[2024-12-19T06:59:15.124+0000] {logging_mixin.py:190} INFO - Batch 299: 1000 rows inserted
[2024-12-19T06:59:15.175+0000] {logging_mixin.py:190} INFO - Batch 300: 1000 rows inserted
[2024-12-19T06:59:15.225+0000] {logging_mixin.py:190} INFO - Batch 301: 1000 rows inserted
[2024-12-19T06:59:15.278+0000] {logging_mixin.py:190} INFO - Batch 302: 1000 rows inserted
[2024-12-19T06:59:15.335+0000] {logging_mixin.py:190} INFO - Batch 303: 1000 rows inserted
[2024-12-19T06:59:15.399+0000] {logging_mixin.py:190} INFO - Batch 304: 1000 rows inserted
[2024-12-19T06:59:15.456+0000] {logging_mixin.py:190} INFO - Batch 305: 1000 rows inserted
[2024-12-19T06:59:15.513+0000] {logging_mixin.py:190} INFO - Batch 306: 1000 rows inserted
[2024-12-19T06:59:15.570+0000] {logging_mixin.py:190} INFO - Batch 307: 1000 rows inserted
[2024-12-19T06:59:15.635+0000] {logging_mixin.py:190} INFO - Batch 308: 1000 rows inserted
[2024-12-19T06:59:15.699+0000] {logging_mixin.py:190} INFO - Batch 309: 1000 rows inserted
[2024-12-19T06:59:15.758+0000] {logging_mixin.py:190} INFO - Batch 310: 1000 rows inserted
[2024-12-19T06:59:15.811+0000] {logging_mixin.py:190} INFO - Batch 311: 1000 rows inserted
[2024-12-19T06:59:15.866+0000] {logging_mixin.py:190} INFO - Batch 312: 1000 rows inserted
[2024-12-19T06:59:15.930+0000] {logging_mixin.py:190} INFO - Batch 313: 1000 rows inserted
[2024-12-19T06:59:15.989+0000] {logging_mixin.py:190} INFO - Batch 314: 1000 rows inserted
[2024-12-19T06:59:16.044+0000] {logging_mixin.py:190} INFO - Batch 315: 1000 rows inserted
[2024-12-19T06:59:16.099+0000] {logging_mixin.py:190} INFO - Batch 316: 1000 rows inserted
[2024-12-19T06:59:16.163+0000] {logging_mixin.py:190} INFO - Batch 317: 1000 rows inserted
[2024-12-19T06:59:16.719+0000] {logging_mixin.py:190} INFO - Batch 318: 1000 rows inserted
[2024-12-19T06:59:16.785+0000] {logging_mixin.py:190} INFO - Batch 319: 1000 rows inserted
[2024-12-19T06:59:16.929+0000] {logging_mixin.py:190} INFO - Batch 320: 1000 rows inserted
[2024-12-19T06:59:16.989+0000] {logging_mixin.py:190} INFO - Batch 321: 1000 rows inserted
[2024-12-19T06:59:17.069+0000] {logging_mixin.py:190} INFO - Batch 322: 1000 rows inserted
[2024-12-19T06:59:17.117+0000] {logging_mixin.py:190} INFO - Batch 323: 1000 rows inserted
[2024-12-19T06:59:17.197+0000] {logging_mixin.py:190} INFO - Batch 324: 1000 rows inserted
[2024-12-19T06:59:17.262+0000] {logging_mixin.py:190} INFO - Batch 325: 1000 rows inserted
[2024-12-19T06:59:17.374+0000] {logging_mixin.py:190} INFO - Batch 326: 1000 rows inserted
[2024-12-19T06:59:17.477+0000] {logging_mixin.py:190} INFO - Batch 327: 1000 rows inserted
[2024-12-19T06:59:17.544+0000] {logging_mixin.py:190} INFO - Batch 328: 1000 rows inserted
[2024-12-19T06:59:17.696+0000] {logging_mixin.py:190} INFO - Batch 329: 1000 rows inserted
[2024-12-19T06:59:17.828+0000] {logging_mixin.py:190} INFO - Batch 330: 1000 rows inserted
[2024-12-19T06:59:17.896+0000] {logging_mixin.py:190} INFO - Batch 331: 1000 rows inserted
[2024-12-19T06:59:17.993+0000] {logging_mixin.py:190} INFO - Batch 332: 1000 rows inserted
[2024-12-19T06:59:18.154+0000] {logging_mixin.py:190} INFO - Batch 333: 1000 rows inserted
[2024-12-19T06:59:18.243+0000] {logging_mixin.py:190} INFO - Batch 334: 1000 rows inserted
[2024-12-19T06:59:18.302+0000] {logging_mixin.py:190} INFO - Batch 335: 1000 rows inserted
[2024-12-19T06:59:18.545+0000] {logging_mixin.py:190} INFO - Batch 336: 1000 rows inserted
[2024-12-19T06:59:18.611+0000] {logging_mixin.py:190} INFO - Batch 337: 1000 rows inserted
[2024-12-19T06:59:18.675+0000] {logging_mixin.py:190} INFO - Batch 338: 1000 rows inserted
[2024-12-19T06:59:18.745+0000] {logging_mixin.py:190} INFO - Batch 339: 1000 rows inserted
[2024-12-19T06:59:18.812+0000] {logging_mixin.py:190} INFO - Batch 340: 1000 rows inserted
[2024-12-19T06:59:18.881+0000] {logging_mixin.py:190} INFO - Batch 341: 1000 rows inserted
[2024-12-19T06:59:18.944+0000] {logging_mixin.py:190} INFO - Batch 342: 1000 rows inserted
[2024-12-19T06:59:19.015+0000] {logging_mixin.py:190} INFO - Batch 343: 1000 rows inserted
[2024-12-19T06:59:19.073+0000] {logging_mixin.py:190} INFO - Batch 344: 1000 rows inserted
[2024-12-19T06:59:19.134+0000] {logging_mixin.py:190} INFO - Batch 345: 1000 rows inserted
[2024-12-19T06:59:19.193+0000] {logging_mixin.py:190} INFO - Batch 346: 1000 rows inserted
[2024-12-19T06:59:19.276+0000] {logging_mixin.py:190} INFO - Batch 347: 1000 rows inserted
[2024-12-19T06:59:19.349+0000] {logging_mixin.py:190} INFO - Batch 348: 1000 rows inserted
[2024-12-19T06:59:19.425+0000] {logging_mixin.py:190} INFO - Batch 349: 1000 rows inserted
[2024-12-19T06:59:19.507+0000] {logging_mixin.py:190} INFO - Batch 350: 1000 rows inserted
[2024-12-19T06:59:19.576+0000] {logging_mixin.py:190} INFO - Batch 351: 1000 rows inserted
[2024-12-19T06:59:19.642+0000] {logging_mixin.py:190} INFO - Batch 352: 1000 rows inserted
[2024-12-19T06:59:19.711+0000] {logging_mixin.py:190} INFO - Batch 353: 1000 rows inserted
[2024-12-19T06:59:19.793+0000] {logging_mixin.py:190} INFO - Batch 354: 1000 rows inserted
[2024-12-19T06:59:19.853+0000] {logging_mixin.py:190} INFO - Batch 355: 1000 rows inserted
[2024-12-19T06:59:19.913+0000] {logging_mixin.py:190} INFO - Batch 356: 1000 rows inserted
[2024-12-19T06:59:19.976+0000] {logging_mixin.py:190} INFO - Batch 357: 1000 rows inserted
[2024-12-19T06:59:20.060+0000] {logging_mixin.py:190} INFO - Batch 358: 1000 rows inserted
[2024-12-19T06:59:20.144+0000] {logging_mixin.py:190} INFO - Batch 359: 1000 rows inserted
[2024-12-19T06:59:20.218+0000] {logging_mixin.py:190} INFO - Batch 360: 1000 rows inserted
[2024-12-19T06:59:20.273+0000] {logging_mixin.py:190} INFO - Batch 361: 1000 rows inserted
[2024-12-19T06:59:20.326+0000] {logging_mixin.py:190} INFO - Batch 362: 1000 rows inserted
[2024-12-19T06:59:20.402+0000] {logging_mixin.py:190} INFO - Batch 363: 1000 rows inserted
[2024-12-19T06:59:20.473+0000] {logging_mixin.py:190} INFO - Batch 364: 1000 rows inserted
[2024-12-19T06:59:20.529+0000] {logging_mixin.py:190} INFO - Batch 365: 1000 rows inserted
[2024-12-19T06:59:20.591+0000] {logging_mixin.py:190} INFO - Batch 366: 1000 rows inserted
[2024-12-19T06:59:20.646+0000] {logging_mixin.py:190} INFO - Batch 367: 1000 rows inserted
[2024-12-19T06:59:20.721+0000] {logging_mixin.py:190} INFO - Batch 368: 1000 rows inserted
[2024-12-19T06:59:20.783+0000] {logging_mixin.py:190} INFO - Batch 369: 1000 rows inserted
[2024-12-19T06:59:20.852+0000] {logging_mixin.py:190} INFO - Batch 370: 1000 rows inserted
[2024-12-19T06:59:20.919+0000] {logging_mixin.py:190} INFO - Batch 371: 1000 rows inserted
[2024-12-19T06:59:20.974+0000] {logging_mixin.py:190} INFO - Batch 372: 1000 rows inserted
[2024-12-19T06:59:21.030+0000] {logging_mixin.py:190} INFO - Batch 373: 1000 rows inserted
[2024-12-19T06:59:21.087+0000] {logging_mixin.py:190} INFO - Batch 374: 1000 rows inserted
[2024-12-19T06:59:21.141+0000] {logging_mixin.py:190} INFO - Batch 375: 1000 rows inserted
[2024-12-19T06:59:21.195+0000] {logging_mixin.py:190} INFO - Batch 376: 1000 rows inserted
[2024-12-19T06:59:21.246+0000] {logging_mixin.py:190} INFO - Batch 377: 1000 rows inserted
[2024-12-19T06:59:21.315+0000] {logging_mixin.py:190} INFO - Batch 378: 1000 rows inserted
[2024-12-19T06:59:21.365+0000] {logging_mixin.py:190} INFO - Batch 379: 1000 rows inserted
[2024-12-19T06:59:21.433+0000] {logging_mixin.py:190} INFO - Batch 380: 1000 rows inserted
[2024-12-19T06:59:21.496+0000] {logging_mixin.py:190} INFO - Batch 381: 1000 rows inserted
[2024-12-19T06:59:21.573+0000] {logging_mixin.py:190} INFO - Batch 382: 1000 rows inserted
[2024-12-19T06:59:21.645+0000] {logging_mixin.py:190} INFO - Batch 383: 1000 rows inserted
[2024-12-19T06:59:21.722+0000] {logging_mixin.py:190} INFO - Batch 384: 1000 rows inserted
[2024-12-19T06:59:21.778+0000] {logging_mixin.py:190} INFO - Batch 385: 1000 rows inserted
[2024-12-19T06:59:21.838+0000] {logging_mixin.py:190} INFO - Batch 386: 1000 rows inserted
[2024-12-19T06:59:21.898+0000] {logging_mixin.py:190} INFO - Batch 387: 1000 rows inserted
[2024-12-19T06:59:21.964+0000] {logging_mixin.py:190} INFO - Batch 388: 1000 rows inserted
[2024-12-19T06:59:22.048+0000] {logging_mixin.py:190} INFO - Batch 389: 1000 rows inserted
[2024-12-19T06:59:22.115+0000] {logging_mixin.py:190} INFO - Batch 390: 1000 rows inserted
[2024-12-19T06:59:22.175+0000] {logging_mixin.py:190} INFO - Batch 391: 1000 rows inserted
[2024-12-19T06:59:22.236+0000] {logging_mixin.py:190} INFO - Batch 392: 1000 rows inserted
[2024-12-19T06:59:22.303+0000] {logging_mixin.py:190} INFO - Batch 393: 1000 rows inserted
[2024-12-19T06:59:22.359+0000] {logging_mixin.py:190} INFO - Batch 394: 1000 rows inserted
[2024-12-19T06:59:22.423+0000] {logging_mixin.py:190} INFO - Batch 395: 1000 rows inserted
[2024-12-19T06:59:22.487+0000] {logging_mixin.py:190} INFO - Batch 396: 1000 rows inserted
[2024-12-19T06:59:22.546+0000] {logging_mixin.py:190} INFO - Batch 397: 1000 rows inserted
[2024-12-19T06:59:22.615+0000] {logging_mixin.py:190} INFO - Batch 398: 1000 rows inserted
[2024-12-19T06:59:22.686+0000] {logging_mixin.py:190} INFO - Batch 399: 1000 rows inserted
[2024-12-19T06:59:22.761+0000] {logging_mixin.py:190} INFO - Batch 400: 1000 rows inserted
[2024-12-19T06:59:22.821+0000] {logging_mixin.py:190} INFO - Batch 401: 1000 rows inserted
[2024-12-19T06:59:22.873+0000] {logging_mixin.py:190} INFO - Batch 402: 1000 rows inserted
[2024-12-19T06:59:22.934+0000] {logging_mixin.py:190} INFO - Batch 403: 1000 rows inserted
[2024-12-19T06:59:23.000+0000] {logging_mixin.py:190} INFO - Batch 404: 1000 rows inserted
[2024-12-19T06:59:23.077+0000] {logging_mixin.py:190} INFO - Batch 405: 1000 rows inserted
[2024-12-19T06:59:23.153+0000] {logging_mixin.py:190} INFO - Batch 406: 1000 rows inserted
[2024-12-19T06:59:23.216+0000] {logging_mixin.py:190} INFO - Batch 407: 1000 rows inserted
[2024-12-19T06:59:23.287+0000] {logging_mixin.py:190} INFO - Batch 408: 1000 rows inserted
[2024-12-19T06:59:23.346+0000] {logging_mixin.py:190} INFO - Batch 409: 1000 rows inserted
[2024-12-19T06:59:23.411+0000] {logging_mixin.py:190} INFO - Batch 410: 1000 rows inserted
[2024-12-19T06:59:23.494+0000] {logging_mixin.py:190} INFO - Batch 411: 1000 rows inserted
[2024-12-19T06:59:23.563+0000] {logging_mixin.py:190} INFO - Batch 412: 1000 rows inserted
[2024-12-19T06:59:23.634+0000] {logging_mixin.py:190} INFO - Batch 413: 1000 rows inserted
[2024-12-19T06:59:23.699+0000] {logging_mixin.py:190} INFO - Batch 414: 1000 rows inserted
[2024-12-19T06:59:23.754+0000] {logging_mixin.py:190} INFO - Batch 415: 1000 rows inserted
[2024-12-19T06:59:23.812+0000] {logging_mixin.py:190} INFO - Batch 416: 1000 rows inserted
[2024-12-19T06:59:23.866+0000] {logging_mixin.py:190} INFO - Batch 417: 1000 rows inserted
[2024-12-19T06:59:23.923+0000] {logging_mixin.py:190} INFO - Batch 418: 1000 rows inserted
[2024-12-19T06:59:23.983+0000] {logging_mixin.py:190} INFO - Batch 419: 1000 rows inserted
[2024-12-19T06:59:24.045+0000] {logging_mixin.py:190} INFO - Batch 420: 1000 rows inserted
[2024-12-19T06:59:24.104+0000] {logging_mixin.py:190} INFO - Batch 421: 1000 rows inserted
[2024-12-19T06:59:24.178+0000] {logging_mixin.py:190} INFO - Batch 422: 1000 rows inserted
[2024-12-19T06:59:24.245+0000] {logging_mixin.py:190} INFO - Batch 423: 1000 rows inserted
[2024-12-19T06:59:24.309+0000] {logging_mixin.py:190} INFO - Batch 424: 1000 rows inserted
[2024-12-19T06:59:24.371+0000] {logging_mixin.py:190} INFO - Batch 425: 1000 rows inserted
[2024-12-19T06:59:24.430+0000] {logging_mixin.py:190} INFO - Batch 426: 1000 rows inserted
[2024-12-19T06:59:24.497+0000] {logging_mixin.py:190} INFO - Batch 427: 1000 rows inserted
[2024-12-19T06:59:24.552+0000] {logging_mixin.py:190} INFO - Batch 428: 1000 rows inserted
[2024-12-19T06:59:24.616+0000] {logging_mixin.py:190} INFO - Batch 429: 1000 rows inserted
[2024-12-19T06:59:24.673+0000] {logging_mixin.py:190} INFO - Batch 430: 1000 rows inserted
[2024-12-19T06:59:24.729+0000] {logging_mixin.py:190} INFO - Batch 431: 1000 rows inserted
[2024-12-19T06:59:24.789+0000] {logging_mixin.py:190} INFO - Batch 432: 1000 rows inserted
[2024-12-19T06:59:24.864+0000] {logging_mixin.py:190} INFO - Batch 433: 1000 rows inserted
[2024-12-19T06:59:24.935+0000] {logging_mixin.py:190} INFO - Batch 434: 1000 rows inserted
[2024-12-19T06:59:25.000+0000] {logging_mixin.py:190} INFO - Batch 435: 1000 rows inserted
[2024-12-19T06:59:25.055+0000] {logging_mixin.py:190} INFO - Batch 436: 1000 rows inserted
[2024-12-19T06:59:25.123+0000] {logging_mixin.py:190} INFO - Batch 437: 1000 rows inserted
[2024-12-19T06:59:25.199+0000] {logging_mixin.py:190} INFO - Batch 438: 1000 rows inserted
[2024-12-19T06:59:25.256+0000] {logging_mixin.py:190} INFO - Batch 439: 1000 rows inserted
[2024-12-19T06:59:25.315+0000] {logging_mixin.py:190} INFO - Batch 440: 1000 rows inserted
[2024-12-19T06:59:25.385+0000] {logging_mixin.py:190} INFO - Batch 441: 1000 rows inserted
[2024-12-19T06:59:25.439+0000] {logging_mixin.py:190} INFO - Batch 442: 1000 rows inserted
[2024-12-19T06:59:25.493+0000] {logging_mixin.py:190} INFO - Batch 443: 1000 rows inserted
[2024-12-19T06:59:25.547+0000] {logging_mixin.py:190} INFO - Batch 444: 1000 rows inserted
[2024-12-19T06:59:25.602+0000] {logging_mixin.py:190} INFO - Batch 445: 1000 rows inserted
[2024-12-19T06:59:25.656+0000] {logging_mixin.py:190} INFO - Batch 446: 1000 rows inserted
[2024-12-19T06:59:25.718+0000] {logging_mixin.py:190} INFO - Batch 447: 1000 rows inserted
[2024-12-19T06:59:25.786+0000] {logging_mixin.py:190} INFO - Batch 448: 1000 rows inserted
[2024-12-19T06:59:25.844+0000] {logging_mixin.py:190} INFO - Batch 449: 1000 rows inserted
[2024-12-19T06:59:25.897+0000] {logging_mixin.py:190} INFO - Batch 450: 1000 rows inserted
[2024-12-19T06:59:25.972+0000] {logging_mixin.py:190} INFO - Batch 451: 1000 rows inserted
[2024-12-19T06:59:26.029+0000] {logging_mixin.py:190} INFO - Batch 452: 1000 rows inserted
[2024-12-19T06:59:26.085+0000] {logging_mixin.py:190} INFO - Batch 453: 1000 rows inserted
[2024-12-19T06:59:26.144+0000] {logging_mixin.py:190} INFO - Batch 454: 1000 rows inserted
[2024-12-19T06:59:26.204+0000] {logging_mixin.py:190} INFO - Batch 455: 1000 rows inserted
[2024-12-19T06:59:26.267+0000] {logging_mixin.py:190} INFO - Batch 456: 1000 rows inserted
[2024-12-19T06:59:26.324+0000] {logging_mixin.py:190} INFO - Batch 457: 1000 rows inserted
[2024-12-19T06:59:26.395+0000] {logging_mixin.py:190} INFO - Batch 458: 1000 rows inserted
[2024-12-19T06:59:26.451+0000] {logging_mixin.py:190} INFO - Batch 459: 1000 rows inserted
[2024-12-19T06:59:26.515+0000] {logging_mixin.py:190} INFO - Batch 460: 1000 rows inserted
[2024-12-19T06:59:26.579+0000] {logging_mixin.py:190} INFO - Batch 461: 1000 rows inserted
[2024-12-19T06:59:26.659+0000] {logging_mixin.py:190} INFO - Batch 462: 1000 rows inserted
[2024-12-19T06:59:26.726+0000] {logging_mixin.py:190} INFO - Batch 463: 1000 rows inserted
[2024-12-19T06:59:26.780+0000] {logging_mixin.py:190} INFO - Batch 464: 1000 rows inserted
[2024-12-19T06:59:26.840+0000] {logging_mixin.py:190} INFO - Batch 465: 1000 rows inserted
[2024-12-19T06:59:26.907+0000] {logging_mixin.py:190} INFO - Batch 466: 1000 rows inserted
[2024-12-19T06:59:26.969+0000] {logging_mixin.py:190} INFO - Batch 467: 1000 rows inserted
[2024-12-19T06:59:27.029+0000] {logging_mixin.py:190} INFO - Batch 468: 1000 rows inserted
[2024-12-19T06:59:27.091+0000] {logging_mixin.py:190} INFO - Batch 469: 1000 rows inserted
[2024-12-19T06:59:27.148+0000] {logging_mixin.py:190} INFO - Batch 470: 1000 rows inserted
[2024-12-19T06:59:27.200+0000] {logging_mixin.py:190} INFO - Batch 471: 1000 rows inserted
[2024-12-19T06:59:27.257+0000] {logging_mixin.py:190} INFO - Batch 472: 1000 rows inserted
[2024-12-19T06:59:27.318+0000] {logging_mixin.py:190} INFO - Batch 473: 1000 rows inserted
[2024-12-19T06:59:27.408+0000] {logging_mixin.py:190} INFO - Batch 474: 1000 rows inserted
[2024-12-19T06:59:27.538+0000] {logging_mixin.py:190} INFO - Batch 475: 1000 rows inserted
[2024-12-19T06:59:27.721+0000] {logging_mixin.py:190} INFO - Batch 476: 1000 rows inserted
[2024-12-19T06:59:27.900+0000] {logging_mixin.py:190} INFO - Batch 477: 1000 rows inserted
[2024-12-19T06:59:28.093+0000] {logging_mixin.py:190} INFO - Batch 478: 1000 rows inserted
[2024-12-19T06:59:28.145+0000] {logging_mixin.py:190} INFO - Batch 479: 1000 rows inserted
[2024-12-19T06:59:28.184+0000] {logging_mixin.py:190} INFO - Batch 480: 1000 rows inserted
[2024-12-19T06:59:28.221+0000] {logging_mixin.py:190} INFO - Batch 481: 1000 rows inserted
[2024-12-19T06:59:28.278+0000] {logging_mixin.py:190} INFO - Batch 482: 1000 rows inserted
[2024-12-19T06:59:28.329+0000] {logging_mixin.py:190} INFO - Batch 483: 1000 rows inserted
[2024-12-19T06:59:28.391+0000] {logging_mixin.py:190} INFO - Batch 484: 1000 rows inserted
[2024-12-19T06:59:28.446+0000] {logging_mixin.py:190} INFO - Batch 485: 1000 rows inserted
[2024-12-19T06:59:28.527+0000] {logging_mixin.py:190} INFO - Batch 486: 1000 rows inserted
[2024-12-19T06:59:28.595+0000] {logging_mixin.py:190} INFO - Batch 487: 1000 rows inserted
[2024-12-19T06:59:28.655+0000] {logging_mixin.py:190} INFO - Batch 488: 1000 rows inserted
[2024-12-19T06:59:28.706+0000] {logging_mixin.py:190} INFO - Batch 489: 1000 rows inserted
[2024-12-19T06:59:28.756+0000] {logging_mixin.py:190} INFO - Batch 490: 1000 rows inserted
[2024-12-19T06:59:28.803+0000] {logging_mixin.py:190} INFO - Batch 491: 1000 rows inserted
[2024-12-19T06:59:28.844+0000] {logging_mixin.py:190} INFO - Batch 492: 1000 rows inserted
[2024-12-19T06:59:28.892+0000] {logging_mixin.py:190} INFO - Batch 493: 1000 rows inserted
[2024-12-19T06:59:28.934+0000] {logging_mixin.py:190} INFO - Batch 494: 1000 rows inserted
[2024-12-19T06:59:28.975+0000] {logging_mixin.py:190} INFO - Batch 495: 1000 rows inserted
[2024-12-19T06:59:29.018+0000] {logging_mixin.py:190} INFO - Batch 496: 1000 rows inserted
[2024-12-19T06:59:29.061+0000] {logging_mixin.py:190} INFO - Batch 497: 1000 rows inserted
[2024-12-19T06:59:29.114+0000] {logging_mixin.py:190} INFO - Batch 498: 1000 rows inserted
[2024-12-19T06:59:29.159+0000] {logging_mixin.py:190} INFO - Batch 499: 1000 rows inserted
[2024-12-19T06:59:29.204+0000] {logging_mixin.py:190} INFO - Batch 500: 1000 rows inserted
[2024-12-19T06:59:29.251+0000] {logging_mixin.py:190} INFO - Batch 501: 1000 rows inserted
[2024-12-19T06:59:29.311+0000] {logging_mixin.py:190} INFO - Batch 502: 1000 rows inserted
[2024-12-19T06:59:29.374+0000] {logging_mixin.py:190} INFO - Batch 503: 1000 rows inserted
[2024-12-19T06:59:29.445+0000] {logging_mixin.py:190} INFO - Batch 504: 1000 rows inserted
[2024-12-19T06:59:29.521+0000] {logging_mixin.py:190} INFO - Batch 505: 1000 rows inserted
[2024-12-19T06:59:29.579+0000] {logging_mixin.py:190} INFO - Batch 506: 1000 rows inserted
[2024-12-19T06:59:29.640+0000] {logging_mixin.py:190} INFO - Batch 507: 1000 rows inserted
[2024-12-19T06:59:29.701+0000] {logging_mixin.py:190} INFO - Batch 508: 1000 rows inserted
[2024-12-19T06:59:29.763+0000] {logging_mixin.py:190} INFO - Batch 509: 1000 rows inserted
[2024-12-19T06:59:29.817+0000] {logging_mixin.py:190} INFO - Batch 510: 1000 rows inserted
[2024-12-19T06:59:29.878+0000] {logging_mixin.py:190} INFO - Batch 511: 1000 rows inserted
[2024-12-19T06:59:29.935+0000] {logging_mixin.py:190} INFO - Batch 512: 1000 rows inserted
[2024-12-19T06:59:30.003+0000] {logging_mixin.py:190} INFO - Batch 513: 1000 rows inserted
[2024-12-19T06:59:30.061+0000] {logging_mixin.py:190} INFO - Batch 514: 1000 rows inserted
[2024-12-19T06:59:30.121+0000] {logging_mixin.py:190} INFO - Batch 515: 1000 rows inserted
[2024-12-19T06:59:30.169+0000] {logging_mixin.py:190} INFO - Batch 516: 1000 rows inserted
[2024-12-19T06:59:30.217+0000] {logging_mixin.py:190} INFO - Batch 517: 1000 rows inserted
[2024-12-19T06:59:30.263+0000] {logging_mixin.py:190} INFO - Batch 518: 1000 rows inserted
[2024-12-19T06:59:30.322+0000] {logging_mixin.py:190} INFO - Batch 519: 1000 rows inserted
[2024-12-19T06:59:30.375+0000] {logging_mixin.py:190} INFO - Batch 520: 1000 rows inserted
[2024-12-19T06:59:30.428+0000] {logging_mixin.py:190} INFO - Batch 521: 1000 rows inserted
[2024-12-19T06:59:30.480+0000] {logging_mixin.py:190} INFO - Batch 522: 1000 rows inserted
[2024-12-19T06:59:30.529+0000] {logging_mixin.py:190} INFO - Batch 523: 1000 rows inserted
[2024-12-19T06:59:30.586+0000] {logging_mixin.py:190} INFO - Batch 524: 1000 rows inserted
[2024-12-19T06:59:30.610+0000] {logging_mixin.py:190} INFO - Batch 525: 286 rows inserted
[2024-12-19T06:59:30.637+0000] {logging_mixin.py:190} INFO - ETL Process for Orders Completed.
[2024-12-19T06:59:30.797+0000] {python.py:240} INFO - Done. Returned value was: None
[2024-12-19T06:59:30.813+0000] {taskinstance.py:340} INFO - ::group::Post task execution logs
[2024-12-19T06:59:30.814+0000] {taskinstance.py:352} INFO - Marking task as SUCCESS. dag_id=instacart_etl, task_id=etl_dim_order_products, run_id=manual__2024-12-19T06:43:25.324539+00:00, execution_date=20241219T064325, start_date=20241219T065207, end_date=20241219T065930
[2024-12-19T06:59:30.880+0000] {local_task_job_runner.py:266} INFO - Task exited with return code 0
[2024-12-19T06:59:30.902+0000] {taskinstance.py:3895} INFO - 0 downstream tasks scheduled from follow-on schedule check
[2024-12-19T06:59:30.907+0000] {local_task_job_runner.py:245} INFO - ::endgroup::
