[2024-12-05T20:02:46.751+0000] {local_task_job_runner.py:123} INFO - ::group::Pre task execution logs
[2024-12-05T20:02:46.773+0000] {taskinstance.py:2613} INFO - Dependencies all met for dep_context=non-requeueable deps ti=<TaskInstance: instacart_etl_pipeline_with_fk.etl_dim_product manual__2024-12-05T20:02:41.090738+00:00 [queued]>
[2024-12-05T20:02:46.786+0000] {taskinstance.py:2613} INFO - Dependencies all met for dep_context=requeueable deps ti=<TaskInstance: instacart_etl_pipeline_with_fk.etl_dim_product manual__2024-12-05T20:02:41.090738+00:00 [queued]>
[2024-12-05T20:02:46.787+0000] {taskinstance.py:2866} INFO - Starting attempt 1 of 2
[2024-12-05T20:02:46.806+0000] {taskinstance.py:2889} INFO - Executing <Task(PythonOperator): etl_dim_product> on 2024-12-05 20:02:41.090738+00:00
[2024-12-05T20:02:46.821+0000] {logging_mixin.py:190} WARNING - /home/***/.local/lib/python3.12/site-packages/***/task/task_runner/standard_task_runner.py:70 DeprecationWarning: This process (pid=2119) is multi-threaded, use of fork() may lead to deadlocks in the child.
[2024-12-05T20:02:46.822+0000] {standard_task_runner.py:72} INFO - Started process 2121 to run task
[2024-12-05T20:02:46.821+0000] {standard_task_runner.py:104} INFO - Running: ['***', 'tasks', 'run', 'instacart_etl_pipeline_with_fk', 'etl_dim_product', 'manual__2024-12-05T20:02:41.090738+00:00', '--job-id', '587', '--raw', '--subdir', 'DAGS_FOLDER/test_dag.py', '--cfg-path', '/tmp/tmp5_6ll8_y']
[2024-12-05T20:02:46.824+0000] {standard_task_runner.py:105} INFO - Job 587: Subtask etl_dim_product
[2024-12-05T20:02:46.884+0000] {task_command.py:467} INFO - Running <TaskInstance: instacart_etl_pipeline_with_fk.etl_dim_product manual__2024-12-05T20:02:41.090738+00:00 [running]> on host d8dedb74dbcd
[2024-12-05T20:02:47.021+0000] {taskinstance.py:3132} INFO - Exporting env vars: AIRFLOW_CTX_DAG_OWNER='***' AIRFLOW_CTX_DAG_ID='instacart_etl_pipeline_with_fk' AIRFLOW_CTX_TASK_ID='etl_dim_product' AIRFLOW_CTX_EXECUTION_DATE='2024-12-05T20:02:41.090738+00:00' AIRFLOW_CTX_TRY_NUMBER='1' AIRFLOW_CTX_DAG_RUN_ID='manual__2024-12-05T20:02:41.090738+00:00'
[2024-12-05T20:02:47.023+0000] {taskinstance.py:731} INFO - ::endgroup::
[2024-12-05T20:02:47.270+0000] {base.py:84} INFO - Retrieving connection 'mssql_default'
[2024-12-05T20:02:47.364+0000] {logging_mixin.py:190} WARNING - /home/***/.local/lib/python3.12/site-packages/***/providers/common/sql/hooks/sql.py:318 UserWarning: pandas only supports SQLAlchemy connectable (engine/connection) or database string URI or sqlite3 DBAPI2 connection. Other DBAPI2 objects are not tested. Please consider using SQLAlchemy.
[2024-12-05T20:02:47.413+0000] {test_dag.py:56} INFO - Filtered dim_products based on department_id. Remaining rows: 49688
[2024-12-05T20:02:47.453+0000] {test_dag.py:56} INFO - Filtered dim_products based on aisle_id. Remaining rows: 49688
[2024-12-05T20:02:47.462+0000] {base.py:84} INFO - Retrieving connection 'mssql_default'
[2024-12-05T20:10:33.047+0000] {test_dag.py:134} INFO - ETL for dim_products completed successfully
[2024-12-05T20:10:33.058+0000] {python.py:240} INFO - Done. Returned value was: None
[2024-12-05T20:10:33.087+0000] {taskinstance.py:340} INFO - ::group::Post task execution logs
[2024-12-05T20:10:33.087+0000] {taskinstance.py:352} INFO - Marking task as SUCCESS. dag_id=instacart_etl_pipeline_with_fk, task_id=etl_dim_product, run_id=manual__2024-12-05T20:02:41.090738+00:00, execution_date=20241205T200241, start_date=20241205T200246, end_date=20241205T201033
[2024-12-05T20:10:33.160+0000] {local_task_job_runner.py:266} INFO - Task exited with return code 0
[2024-12-05T20:10:33.182+0000] {taskinstance.py:3895} INFO - 0 downstream tasks scheduled from follow-on schedule check
[2024-12-05T20:10:33.187+0000] {local_task_job_runner.py:245} INFO - ::endgroup::
