[2024-12-04T17:33:21.578+0000] {local_task_job_runner.py:123} INFO - ::group::Pre task execution logs
[2024-12-04T17:33:21.616+0000] {taskinstance.py:2613} INFO - Dependencies all met for dep_context=non-requeueable deps ti=<TaskInstance: instacart_etl_pipeline.etl_dim_aisle manual__2024-12-04T17:33:18.755612+00:00 [queued]>
[2024-12-04T17:33:21.632+0000] {taskinstance.py:2613} INFO - Dependencies all met for dep_context=requeueable deps ti=<TaskInstance: instacart_etl_pipeline.etl_dim_aisle manual__2024-12-04T17:33:18.755612+00:00 [queued]>
[2024-12-04T17:33:21.632+0000] {taskinstance.py:2866} INFO - Starting attempt 1 of 1
[2024-12-04T17:33:21.665+0000] {taskinstance.py:2889} INFO - Executing <Task(PythonOperator): etl_dim_aisle> on 2024-12-04 17:33:18.755612+00:00
[2024-12-04T17:33:21.830+0000] {logging_mixin.py:190} WARNING - /home/***/.local/lib/python3.12/site-packages/***/task/task_runner/standard_task_runner.py:70 DeprecationWarning: This process (pid=15476) is multi-threaded, use of fork() may lead to deadlocks in the child.
[2024-12-04T17:33:21.835+0000] {standard_task_runner.py:72} INFO - Started process 15496 to run task
[2024-12-04T17:33:21.724+0000] {standard_task_runner.py:104} INFO - Running: ['***', 'tasks', 'run', 'instacart_etl_pipeline', 'etl_dim_aisle', 'manual__2024-12-04T17:33:18.755612+00:00', '--job-id', '265', '--raw', '--subdir', 'DAGS_FOLDER/instacart_etl_dag.py', '--cfg-path', '/tmp/tmpze8rjf5h']
[2024-12-04T17:33:21.878+0000] {standard_task_runner.py:105} INFO - Job 265: Subtask etl_dim_aisle
[2024-12-04T17:33:22.126+0000] {task_command.py:467} INFO - Running <TaskInstance: instacart_etl_pipeline.etl_dim_aisle manual__2024-12-04T17:33:18.755612+00:00 [running]> on host e64be71b3b6d
[2024-12-04T17:33:22.755+0000] {taskinstance.py:3132} INFO - Exporting env vars: AIRFLOW_CTX_DAG_OWNER='***' AIRFLOW_CTX_DAG_ID='instacart_etl_pipeline' AIRFLOW_CTX_TASK_ID='etl_dim_aisle' AIRFLOW_CTX_EXECUTION_DATE='2024-12-04T17:33:18.755612+00:00' AIRFLOW_CTX_TRY_NUMBER='1' AIRFLOW_CTX_DAG_RUN_ID='manual__2024-12-04T17:33:18.755612+00:00'
[2024-12-04T17:33:22.761+0000] {taskinstance.py:731} INFO - ::endgroup::
[2024-12-04T17:33:23.015+0000] {base.py:84} INFO - Retrieving connection 'mssql_default'
[2024-12-04T17:33:24.269+0000] {python.py:240} INFO - Done. Returned value was: None
[2024-12-04T17:33:35.121+0000] {taskinstance.py:340} INFO - ::group::Post task execution logs
[2024-12-04T17:33:35.123+0000] {taskinstance.py:352} INFO - Marking task as SUCCESS. dag_id=instacart_etl_pipeline, task_id=etl_dim_aisle, run_id=manual__2024-12-04T17:33:18.755612+00:00, execution_date=20241204T173318, start_date=20241204T173321, end_date=20241204T173335
[2024-12-04T17:33:35.130+0000] {job.py:229} INFO - Heartbeat recovered after 13.79 seconds
[2024-12-04T17:33:35.204+0000] {local_task_job_runner.py:266} INFO - Task exited with return code 0
[2024-12-04T17:33:35.232+0000] {taskinstance.py:3895} INFO - 0 downstream tasks scheduled from follow-on schedule check
[2024-12-04T17:33:35.238+0000] {local_task_job_runner.py:245} INFO - ::endgroup::
