[2024-12-05T20:02:43.334+0000] {local_task_job_runner.py:123} INFO - ::group::Pre task execution logs
[2024-12-05T20:02:43.360+0000] {taskinstance.py:2613} INFO - Dependencies all met for dep_context=non-requeueable deps ti=<TaskInstance: instacart_etl_pipeline_with_fk.etl_dim_department manual__2024-12-05T20:02:41.090738+00:00 [queued]>
[2024-12-05T20:02:43.373+0000] {taskinstance.py:2613} INFO - Dependencies all met for dep_context=requeueable deps ti=<TaskInstance: instacart_etl_pipeline_with_fk.etl_dim_department manual__2024-12-05T20:02:41.090738+00:00 [queued]>
[2024-12-05T20:02:43.374+0000] {taskinstance.py:2866} INFO - Starting attempt 1 of 2
[2024-12-05T20:02:43.414+0000] {taskinstance.py:2889} INFO - Executing <Task(PythonOperator): etl_dim_department> on 2024-12-05 20:02:41.090738+00:00
[2024-12-05T20:02:43.432+0000] {logging_mixin.py:190} WARNING - /home/***/.local/lib/python3.12/site-packages/***/task/task_runner/standard_task_runner.py:70 DeprecationWarning: This process (pid=2106) is multi-threaded, use of fork() may lead to deadlocks in the child.
[2024-12-05T20:02:43.434+0000] {standard_task_runner.py:72} INFO - Started process 2116 to run task
[2024-12-05T20:02:43.432+0000] {standard_task_runner.py:104} INFO - Running: ['***', 'tasks', 'run', 'instacart_etl_pipeline_with_fk', 'etl_dim_department', 'manual__2024-12-05T20:02:41.090738+00:00', '--job-id', '585', '--raw', '--subdir', 'DAGS_FOLDER/test_dag.py', '--cfg-path', '/tmp/tmpaqdgiik1']
[2024-12-05T20:02:43.436+0000] {standard_task_runner.py:105} INFO - Job 585: Subtask etl_dim_department
[2024-12-05T20:02:43.520+0000] {task_command.py:467} INFO - Running <TaskInstance: instacart_etl_pipeline_with_fk.etl_dim_department manual__2024-12-05T20:02:41.090738+00:00 [running]> on host d8dedb74dbcd
[2024-12-05T20:02:43.641+0000] {taskinstance.py:3132} INFO - Exporting env vars: AIRFLOW_CTX_DAG_OWNER='***' AIRFLOW_CTX_DAG_ID='instacart_etl_pipeline_with_fk' AIRFLOW_CTX_TASK_ID='etl_dim_department' AIRFLOW_CTX_EXECUTION_DATE='2024-12-05T20:02:41.090738+00:00' AIRFLOW_CTX_TRY_NUMBER='1' AIRFLOW_CTX_DAG_RUN_ID='manual__2024-12-05T20:02:41.090738+00:00'
[2024-12-05T20:02:43.645+0000] {taskinstance.py:731} INFO - ::endgroup::
[2024-12-05T20:02:43.723+0000] {base.py:84} INFO - Retrieving connection 'mssql_default'
[2024-12-05T20:02:44.076+0000] {test_dag.py:134} INFO - ETL for dim_department completed successfully
[2024-12-05T20:02:44.080+0000] {python.py:240} INFO - Done. Returned value was: None
[2024-12-05T20:02:44.158+0000] {taskinstance.py:340} INFO - ::group::Post task execution logs
[2024-12-05T20:02:44.158+0000] {taskinstance.py:352} INFO - Marking task as SUCCESS. dag_id=instacart_etl_pipeline_with_fk, task_id=etl_dim_department, run_id=manual__2024-12-05T20:02:41.090738+00:00, execution_date=20241205T200241, start_date=20241205T200243, end_date=20241205T200244
[2024-12-05T20:02:44.213+0000] {local_task_job_runner.py:266} INFO - Task exited with return code 0
[2024-12-05T20:02:44.242+0000] {taskinstance.py:3895} INFO - 0 downstream tasks scheduled from follow-on schedule check
[2024-12-05T20:02:44.248+0000] {local_task_job_runner.py:245} INFO - ::endgroup::
