[2024-12-04T20:14:31.461+0000] {local_task_job_runner.py:123} INFO - ::group::Pre task execution logs
[2024-12-04T20:14:31.480+0000] {taskinstance.py:2613} INFO - Dependencies all met for dep_context=non-requeueable deps ti=<TaskInstance: instacart_etl_pipeline.etl_dim_product manual__2024-12-04T20:14:20.118125+00:00 [queued]>
[2024-12-04T20:14:31.492+0000] {taskinstance.py:2613} INFO - Dependencies all met for dep_context=requeueable deps ti=<TaskInstance: instacart_etl_pipeline.etl_dim_product manual__2024-12-04T20:14:20.118125+00:00 [queued]>
[2024-12-04T20:14:31.493+0000] {taskinstance.py:2866} INFO - Starting attempt 1 of 1
[2024-12-04T20:14:31.510+0000] {taskinstance.py:2889} INFO - Executing <Task(PythonOperator): etl_dim_product> on 2024-12-04 20:14:20.118125+00:00
[2024-12-04T20:14:31.523+0000] {logging_mixin.py:190} WARNING - /home/***/.local/lib/python3.12/site-packages/***/task/task_runner/standard_task_runner.py:70 DeprecationWarning: This process (pid=2313) is multi-threaded, use of fork() may lead to deadlocks in the child.
[2024-12-04T20:14:31.524+0000] {standard_task_runner.py:72} INFO - Started process 2315 to run task
[2024-12-04T20:14:31.523+0000] {standard_task_runner.py:104} INFO - Running: ['***', 'tasks', 'run', 'instacart_etl_pipeline', 'etl_dim_product', 'manual__2024-12-04T20:14:20.118125+00:00', '--job-id', '297', '--raw', '--subdir', 'DAGS_FOLDER/instacart_etl_dag.py', '--cfg-path', '/tmp/tmpkayw6abf']
[2024-12-04T20:14:31.526+0000] {standard_task_runner.py:105} INFO - Job 297: Subtask etl_dim_product
[2024-12-04T20:14:31.579+0000] {task_command.py:467} INFO - Running <TaskInstance: instacart_etl_pipeline.etl_dim_product manual__2024-12-04T20:14:20.118125+00:00 [running]> on host 81692162cef0
[2024-12-04T20:14:31.682+0000] {taskinstance.py:3132} INFO - Exporting env vars: AIRFLOW_CTX_DAG_OWNER='***' AIRFLOW_CTX_DAG_ID='instacart_etl_pipeline' AIRFLOW_CTX_TASK_ID='etl_dim_product' AIRFLOW_CTX_EXECUTION_DATE='2024-12-04T20:14:20.118125+00:00' AIRFLOW_CTX_TRY_NUMBER='1' AIRFLOW_CTX_DAG_RUN_ID='manual__2024-12-04T20:14:20.118125+00:00'
[2024-12-04T20:14:31.684+0000] {taskinstance.py:731} INFO - ::endgroup::
[2024-12-04T20:14:31.707+0000] {base.py:84} INFO - Retrieving connection 'mssql_default'
[2024-12-04T20:14:31.889+0000] {logging_mixin.py:190} INFO - Foreign key mapping for aisle_key: {1: 1, 2: 2, 3: 3, 4: 4, 5: 5, 6: 6, 7: 7, 8: 8, 9: 9, 10: 10, 11: 11, 12: 12, 13: 13, 14: 14, 15: 15, 16: 16, 17: 17, 18: 18, 19: 19, 20: 20, 21: 21, 22: 22, 23: 23, 24: 24, 25: 25, 26: 26, 27: 27, 28: 28, 29: 29, 30: 30, 31: 31, 32: 32, 33: 33, 34: 34, 35: 35, 36: 36, 37: 37, 38: 38, 39: 39, 40: 40, 41: 41, 42: 42, 43: 43, 44: 44, 45: 45, 46: 46, 47: 47, 48: 48, 49: 49, 50: 50, 51: 51, 52: 52, 53: 53, 54: 54, 55: 55, 56: 56, 57: 57, 58: 58, 59: 59, 60: 60, 61: 61, 62: 62, 63: 63, 64: 64, 65: 65, 66: 66, 67: 67, 68: 68, 69: 69, 70: 70, 71: 71, 72: 72, 73: 73, 74: 74, 75: 75, 76: 76, 77: 77, 78: 78, 79: 79, 80: 80, 81: 81, 82: 82, 83: 83, 84: 84, 85: 85, 86: 86, 87: 87, 88: 88, 89: 89, 90: 90, 91: 91, 92: 92, 93: 93, 94: 94, 95: 95, 96: 96, 97: 97, 98: 98, 99: 99, 100: 100, 101: 101, 102: 102, 103: 103, 104: 104, 105: 105, 106: 106, 107: 107, 108: 108, 109: 109, 110: 110, 111: 111, 112: 112, 113: 113, 114: 114, 115: 115, 116: 116, 117: 117, 118: 118, 119: 119, 120: 120, 121: 121, 122: 122, 123: 123, 124: 124, 125: 125, 126: 126, 127: 127, 128: 128, 129: 129, 130: 130, 131: 131, 132: 132, 133: 133, 134: 134}
[2024-12-04T20:14:31.905+0000] {logging_mixin.py:190} INFO - Foreign key mapping for department_key: {1: 1, 2: 2, 3: 3, 4: 4, 5: 5, 6: 6, 7: 7, 8: 8, 9: 9, 10: 10, 11: 11, 12: 12, 13: 13, 14: 14, 15: 15, 16: 16, 17: 17, 18: 18, 19: 19, 20: 20, 21: 21}
[2024-12-04T20:16:51.509+0000] {python.py:240} INFO - Done. Returned value was: None
[2024-12-04T20:16:51.527+0000] {taskinstance.py:340} INFO - ::group::Post task execution logs
[2024-12-04T20:16:51.528+0000] {taskinstance.py:352} INFO - Marking task as SUCCESS. dag_id=instacart_etl_pipeline, task_id=etl_dim_product, run_id=manual__2024-12-04T20:14:20.118125+00:00, execution_date=20241204T201420, start_date=20241204T201431, end_date=20241204T201651
[2024-12-04T20:16:51.589+0000] {local_task_job_runner.py:266} INFO - Task exited with return code 0
[2024-12-04T20:16:51.604+0000] {taskinstance.py:3895} INFO - 0 downstream tasks scheduled from follow-on schedule check
[2024-12-04T20:16:51.614+0000] {local_task_job_runner.py:245} INFO - ::endgroup::
