[2024-12-05T01:33:45.085+0000] {local_task_job_runner.py:123} INFO - ::group::Pre task execution logs
[2024-12-05T01:33:45.103+0000] {taskinstance.py:2613} INFO - Dependencies all met for dep_context=non-requeueable deps ti=<TaskInstance: instacart_etl_pipeline.etl_dim_aisle manual__2024-12-05T01:33:38.929247+00:00 [queued]>
[2024-12-05T01:33:45.114+0000] {taskinstance.py:2613} INFO - Dependencies all met for dep_context=requeueable deps ti=<TaskInstance: instacart_etl_pipeline.etl_dim_aisle manual__2024-12-05T01:33:38.929247+00:00 [queued]>
[2024-12-05T01:33:45.115+0000] {taskinstance.py:2866} INFO - Starting attempt 1 of 1
[2024-12-05T01:33:45.134+0000] {taskinstance.py:2889} INFO - Executing <Task(PythonOperator): etl_dim_aisle> on 2024-12-05 01:33:38.929247+00:00
[2024-12-05T01:33:45.149+0000] {logging_mixin.py:190} WARNING - /home/***/.local/lib/python3.12/site-packages/***/task/task_runner/standard_task_runner.py:70 DeprecationWarning: This process (pid=3167) is multi-threaded, use of fork() may lead to deadlocks in the child.
[2024-12-05T01:33:45.151+0000] {standard_task_runner.py:72} INFO - Started process 3176 to run task
[2024-12-05T01:33:45.151+0000] {standard_task_runner.py:104} INFO - Running: ['***', 'tasks', 'run', 'instacart_etl_pipeline', 'etl_dim_aisle', 'manual__2024-12-05T01:33:38.929247+00:00', '--job-id', '348', '--raw', '--subdir', 'DAGS_FOLDER/instacart_etl_dag.py', '--cfg-path', '/tmp/tmp4dobkhx_']
[2024-12-05T01:33:45.153+0000] {standard_task_runner.py:105} INFO - Job 348: Subtask etl_dim_aisle
[2024-12-05T01:33:45.216+0000] {task_command.py:467} INFO - Running <TaskInstance: instacart_etl_pipeline.etl_dim_aisle manual__2024-12-05T01:33:38.929247+00:00 [running]> on host f9e7195a95b4
[2024-12-05T01:33:45.335+0000] {taskinstance.py:3132} INFO - Exporting env vars: AIRFLOW_CTX_DAG_OWNER='***' AIRFLOW_CTX_DAG_ID='instacart_etl_pipeline' AIRFLOW_CTX_TASK_ID='etl_dim_aisle' AIRFLOW_CTX_EXECUTION_DATE='2024-12-05T01:33:38.929247+00:00' AIRFLOW_CTX_TRY_NUMBER='1' AIRFLOW_CTX_DAG_RUN_ID='manual__2024-12-05T01:33:38.929247+00:00'
[2024-12-05T01:33:45.336+0000] {taskinstance.py:731} INFO - ::endgroup::
[2024-12-05T01:33:45.382+0000] {base.py:84} INFO - Retrieving connection 'mssql_default'
[2024-12-05T01:33:45.570+0000] {logging_mixin.py:190} INFO - Initial DataFrame from /opt/***/data/aisles.csv/aisles.csv:
   aisle_id                       aisle
0         1       prepared soups salads
1         2           specialty cheeses
2         3         energy granola bars
3         4               instant foods
4         5  marinades meat preparation
[2024-12-05T01:33:45.572+0000] {logging_mixin.py:190} INFO - Preparing to insert: ID=1, Name=prepared soups salads, FK Values={}
[2024-12-05T01:33:45.613+0000] {logging_mixin.py:190} INFO - Preparing to insert: ID=2, Name=specialty cheeses, FK Values={}
[2024-12-05T01:33:45.617+0000] {logging_mixin.py:190} INFO - Preparing to insert: ID=3, Name=energy granola bars, FK Values={}
[2024-12-05T01:33:45.621+0000] {logging_mixin.py:190} INFO - Preparing to insert: ID=4, Name=instant foods, FK Values={}
[2024-12-05T01:33:45.631+0000] {logging_mixin.py:190} INFO - Preparing to insert: ID=5, Name=marinades meat preparation, FK Values={}
[2024-12-05T01:33:45.637+0000] {logging_mixin.py:190} INFO - Preparing to insert: ID=6, Name=other, FK Values={}
[2024-12-05T01:33:45.642+0000] {logging_mixin.py:190} INFO - Preparing to insert: ID=7, Name=packaged meat, FK Values={}
[2024-12-05T01:33:45.650+0000] {logging_mixin.py:190} INFO - Preparing to insert: ID=8, Name=bakery desserts, FK Values={}
[2024-12-05T01:33:45.655+0000] {logging_mixin.py:190} INFO - Preparing to insert: ID=9, Name=pasta sauce, FK Values={}
[2024-12-05T01:33:45.665+0000] {logging_mixin.py:190} INFO - Preparing to insert: ID=10, Name=kitchen supplies, FK Values={}
[2024-12-05T01:33:45.672+0000] {logging_mixin.py:190} INFO - Preparing to insert: ID=11, Name=cold flu allergy, FK Values={}
[2024-12-05T01:33:45.679+0000] {logging_mixin.py:190} INFO - Preparing to insert: ID=12, Name=fresh pasta, FK Values={}
[2024-12-05T01:33:45.685+0000] {logging_mixin.py:190} INFO - Preparing to insert: ID=13, Name=prepared meals, FK Values={}
[2024-12-05T01:33:45.696+0000] {logging_mixin.py:190} INFO - Preparing to insert: ID=14, Name=tofu meat alternatives, FK Values={}
[2024-12-05T01:33:45.707+0000] {logging_mixin.py:190} INFO - Preparing to insert: ID=15, Name=packaged seafood, FK Values={}
[2024-12-05T01:33:45.715+0000] {logging_mixin.py:190} INFO - Preparing to insert: ID=16, Name=fresh herbs, FK Values={}
[2024-12-05T01:33:45.721+0000] {logging_mixin.py:190} INFO - Preparing to insert: ID=17, Name=baking ingredients, FK Values={}
[2024-12-05T01:33:45.728+0000] {logging_mixin.py:190} INFO - Preparing to insert: ID=18, Name=bulk dried fruits vegetables, FK Values={}
[2024-12-05T01:33:45.734+0000] {logging_mixin.py:190} INFO - Preparing to insert: ID=19, Name=oils vinegars, FK Values={}
[2024-12-05T01:33:45.739+0000] {logging_mixin.py:190} INFO - Preparing to insert: ID=20, Name=oral hygiene, FK Values={}
[2024-12-05T01:33:45.745+0000] {logging_mixin.py:190} INFO - Preparing to insert: ID=21, Name=packaged cheese, FK Values={}
[2024-12-05T01:33:45.765+0000] {logging_mixin.py:190} INFO - Preparing to insert: ID=22, Name=hair care, FK Values={}
[2024-12-05T01:33:45.771+0000] {logging_mixin.py:190} INFO - Preparing to insert: ID=23, Name=popcorn jerky, FK Values={}
[2024-12-05T01:33:45.778+0000] {logging_mixin.py:190} INFO - Preparing to insert: ID=24, Name=fresh fruits, FK Values={}
[2024-12-05T01:33:45.784+0000] {logging_mixin.py:190} INFO - Preparing to insert: ID=25, Name=soap, FK Values={}
[2024-12-05T01:33:45.789+0000] {logging_mixin.py:190} INFO - Preparing to insert: ID=26, Name=coffee, FK Values={}
[2024-12-05T01:33:45.797+0000] {logging_mixin.py:190} INFO - Preparing to insert: ID=27, Name=beers coolers, FK Values={}
[2024-12-05T01:33:45.802+0000] {logging_mixin.py:190} INFO - Preparing to insert: ID=28, Name=red wines, FK Values={}
[2024-12-05T01:33:45.807+0000] {logging_mixin.py:190} INFO - Preparing to insert: ID=29, Name=honeys syrups nectars, FK Values={}
[2024-12-05T01:33:45.813+0000] {logging_mixin.py:190} INFO - Preparing to insert: ID=30, Name=latino foods, FK Values={}
[2024-12-05T01:33:45.816+0000] {logging_mixin.py:190} INFO - Preparing to insert: ID=31, Name=refrigerated, FK Values={}
[2024-12-05T01:33:45.820+0000] {logging_mixin.py:190} INFO - Preparing to insert: ID=32, Name=packaged produce, FK Values={}
[2024-12-05T01:33:45.823+0000] {logging_mixin.py:190} INFO - Preparing to insert: ID=33, Name=kosher foods, FK Values={}
[2024-12-05T01:33:45.828+0000] {logging_mixin.py:190} INFO - Preparing to insert: ID=34, Name=frozen meat seafood, FK Values={}
[2024-12-05T01:33:45.832+0000] {logging_mixin.py:190} INFO - Preparing to insert: ID=35, Name=poultry counter, FK Values={}
[2024-12-05T01:33:45.837+0000] {logging_mixin.py:190} INFO - Preparing to insert: ID=36, Name=butter, FK Values={}
[2024-12-05T01:33:45.840+0000] {logging_mixin.py:190} INFO - Preparing to insert: ID=37, Name=ice cream ice, FK Values={}
[2024-12-05T01:33:45.846+0000] {logging_mixin.py:190} INFO - Preparing to insert: ID=38, Name=frozen meals, FK Values={}
[2024-12-05T01:33:45.850+0000] {logging_mixin.py:190} INFO - Preparing to insert: ID=39, Name=seafood counter, FK Values={}
[2024-12-05T01:33:45.853+0000] {logging_mixin.py:190} INFO - Preparing to insert: ID=40, Name=dog food care, FK Values={}
[2024-12-05T01:33:45.856+0000] {logging_mixin.py:190} INFO - Preparing to insert: ID=41, Name=cat food care, FK Values={}
[2024-12-05T01:33:45.861+0000] {logging_mixin.py:190} INFO - Preparing to insert: ID=42, Name=frozen vegan vegetarian, FK Values={}
[2024-12-05T01:33:45.866+0000] {logging_mixin.py:190} INFO - Preparing to insert: ID=43, Name=buns rolls, FK Values={}
[2024-12-05T01:33:45.869+0000] {logging_mixin.py:190} INFO - Preparing to insert: ID=44, Name=eye ear care, FK Values={}
[2024-12-05T01:33:45.872+0000] {logging_mixin.py:190} INFO - Preparing to insert: ID=45, Name=candy chocolate, FK Values={}
[2024-12-05T01:33:45.877+0000] {logging_mixin.py:190} INFO - Preparing to insert: ID=46, Name=mint gum, FK Values={}
[2024-12-05T01:33:45.881+0000] {logging_mixin.py:190} INFO - Preparing to insert: ID=47, Name=vitamins supplements, FK Values={}
[2024-12-05T01:33:45.884+0000] {logging_mixin.py:190} INFO - Preparing to insert: ID=48, Name=breakfast bars pastries, FK Values={}
[2024-12-05T01:33:45.887+0000] {logging_mixin.py:190} INFO - Preparing to insert: ID=49, Name=packaged poultry, FK Values={}
[2024-12-05T01:33:45.890+0000] {logging_mixin.py:190} INFO - Preparing to insert: ID=50, Name=fruit vegetable snacks, FK Values={}
[2024-12-05T01:33:45.895+0000] {logging_mixin.py:190} INFO - Preparing to insert: ID=51, Name=preserved dips spreads, FK Values={}
[2024-12-05T01:33:45.898+0000] {logging_mixin.py:190} INFO - Preparing to insert: ID=52, Name=frozen breakfast, FK Values={}
[2024-12-05T01:33:45.902+0000] {logging_mixin.py:190} INFO - Preparing to insert: ID=53, Name=cream, FK Values={}
[2024-12-05T01:33:45.905+0000] {logging_mixin.py:190} INFO - Preparing to insert: ID=54, Name=paper goods, FK Values={}
[2024-12-05T01:33:45.911+0000] {logging_mixin.py:190} INFO - Preparing to insert: ID=55, Name=shave needs, FK Values={}
[2024-12-05T01:33:45.915+0000] {logging_mixin.py:190} INFO - Preparing to insert: ID=56, Name=diapers wipes, FK Values={}
[2024-12-05T01:33:45.919+0000] {logging_mixin.py:190} INFO - Preparing to insert: ID=57, Name=granola, FK Values={}
[2024-12-05T01:33:45.922+0000] {logging_mixin.py:190} INFO - Preparing to insert: ID=58, Name=frozen breads doughs, FK Values={}
[2024-12-05T01:33:45.926+0000] {logging_mixin.py:190} INFO - Preparing to insert: ID=59, Name=canned meals beans, FK Values={}
[2024-12-05T01:33:45.931+0000] {logging_mixin.py:190} INFO - Preparing to insert: ID=60, Name=trash bags liners, FK Values={}
[2024-12-05T01:33:45.934+0000] {logging_mixin.py:190} INFO - Preparing to insert: ID=61, Name=cookies cakes, FK Values={}
[2024-12-05T01:33:45.937+0000] {logging_mixin.py:190} INFO - Preparing to insert: ID=62, Name=white wines, FK Values={}
[2024-12-05T01:33:45.940+0000] {logging_mixin.py:190} INFO - Preparing to insert: ID=63, Name=grains rice dried goods, FK Values={}
[2024-12-05T01:33:45.944+0000] {logging_mixin.py:190} INFO - Preparing to insert: ID=64, Name=energy sports drinks, FK Values={}
[2024-12-05T01:33:45.947+0000] {logging_mixin.py:190} INFO - Preparing to insert: ID=65, Name=protein meal replacements, FK Values={}
[2024-12-05T01:33:45.949+0000] {logging_mixin.py:190} INFO - Preparing to insert: ID=66, Name=asian foods, FK Values={}
[2024-12-05T01:33:45.951+0000] {logging_mixin.py:190} INFO - Preparing to insert: ID=67, Name=fresh dips tapenades, FK Values={}
[2024-12-05T01:33:45.954+0000] {logging_mixin.py:190} INFO - Preparing to insert: ID=68, Name=bulk grains rice dried goods, FK Values={}
[2024-12-05T01:33:45.956+0000] {logging_mixin.py:190} INFO - Preparing to insert: ID=69, Name=soup broth bouillon, FK Values={}
[2024-12-05T01:33:45.962+0000] {logging_mixin.py:190} INFO - Preparing to insert: ID=70, Name=digestion, FK Values={}
[2024-12-05T01:33:45.965+0000] {logging_mixin.py:190} INFO - Preparing to insert: ID=71, Name=refrigerated pudding desserts, FK Values={}
[2024-12-05T01:33:45.969+0000] {logging_mixin.py:190} INFO - Preparing to insert: ID=72, Name=condiments, FK Values={}
[2024-12-05T01:33:45.972+0000] {logging_mixin.py:190} INFO - Preparing to insert: ID=73, Name=facial care, FK Values={}
[2024-12-05T01:33:45.975+0000] {logging_mixin.py:190} INFO - Preparing to insert: ID=74, Name=dish detergents, FK Values={}
[2024-12-05T01:33:45.980+0000] {logging_mixin.py:190} INFO - Preparing to insert: ID=75, Name=laundry, FK Values={}
[2024-12-05T01:33:45.984+0000] {logging_mixin.py:190} INFO - Preparing to insert: ID=76, Name=indian foods, FK Values={}
[2024-12-05T01:33:45.987+0000] {logging_mixin.py:190} INFO - Preparing to insert: ID=77, Name=soft drinks, FK Values={}
[2024-12-05T01:33:45.990+0000] {logging_mixin.py:190} INFO - Preparing to insert: ID=78, Name=crackers, FK Values={}
[2024-12-05T01:33:45.996+0000] {logging_mixin.py:190} INFO - Preparing to insert: ID=79, Name=frozen pizza, FK Values={}
[2024-12-05T01:33:46.000+0000] {logging_mixin.py:190} INFO - Preparing to insert: ID=80, Name=deodorants, FK Values={}
[2024-12-05T01:33:46.004+0000] {logging_mixin.py:190} INFO - Preparing to insert: ID=81, Name=canned jarred vegetables, FK Values={}
[2024-12-05T01:33:46.008+0000] {logging_mixin.py:190} INFO - Preparing to insert: ID=82, Name=baby accessories, FK Values={}
[2024-12-05T01:33:46.014+0000] {logging_mixin.py:190} INFO - Preparing to insert: ID=83, Name=fresh vegetables, FK Values={}
[2024-12-05T01:33:46.017+0000] {logging_mixin.py:190} INFO - Preparing to insert: ID=84, Name=milk, FK Values={}
[2024-12-05T01:33:46.020+0000] {logging_mixin.py:190} INFO - Preparing to insert: ID=85, Name=food storage, FK Values={}
[2024-12-05T01:33:46.023+0000] {logging_mixin.py:190} INFO - Preparing to insert: ID=86, Name=eggs, FK Values={}
[2024-12-05T01:33:46.029+0000] {logging_mixin.py:190} INFO - Preparing to insert: ID=87, Name=more household, FK Values={}
[2024-12-05T01:33:46.034+0000] {logging_mixin.py:190} INFO - Preparing to insert: ID=88, Name=spreads, FK Values={}
[2024-12-05T01:33:46.037+0000] {logging_mixin.py:190} INFO - Preparing to insert: ID=89, Name=salad dressing toppings, FK Values={}
[2024-12-05T01:33:46.040+0000] {logging_mixin.py:190} INFO - Preparing to insert: ID=90, Name=cocoa drink mixes, FK Values={}
[2024-12-05T01:33:46.045+0000] {logging_mixin.py:190} INFO - Preparing to insert: ID=91, Name=soy lactosefree, FK Values={}
[2024-12-05T01:33:46.047+0000] {logging_mixin.py:190} INFO - Preparing to insert: ID=92, Name=baby food formula, FK Values={}
[2024-12-05T01:33:46.050+0000] {logging_mixin.py:190} INFO - Preparing to insert: ID=93, Name=breakfast bakery, FK Values={}
[2024-12-05T01:33:46.053+0000] {logging_mixin.py:190} INFO - Preparing to insert: ID=94, Name=tea, FK Values={}
[2024-12-05T01:33:46.056+0000] {logging_mixin.py:190} INFO - Preparing to insert: ID=95, Name=canned meat seafood, FK Values={}
[2024-12-05T01:33:46.061+0000] {logging_mixin.py:190} INFO - Preparing to insert: ID=96, Name=lunch meat, FK Values={}
[2024-12-05T01:33:46.064+0000] {logging_mixin.py:190} INFO - Preparing to insert: ID=97, Name=baking supplies decor, FK Values={}
[2024-12-05T01:33:46.068+0000] {logging_mixin.py:190} INFO - Preparing to insert: ID=98, Name=juice nectars, FK Values={}
[2024-12-05T01:33:46.071+0000] {logging_mixin.py:190} INFO - Preparing to insert: ID=99, Name=canned fruit applesauce, FK Values={}
[2024-12-05T01:33:46.074+0000] {logging_mixin.py:190} INFO - Preparing to insert: ID=100, Name=missing, FK Values={}
[2024-12-05T01:33:46.079+0000] {logging_mixin.py:190} INFO - Preparing to insert: ID=101, Name=air fresheners candles, FK Values={}
[2024-12-05T01:33:46.082+0000] {logging_mixin.py:190} INFO - Preparing to insert: ID=102, Name=baby bath body care, FK Values={}
[2024-12-05T01:33:46.085+0000] {logging_mixin.py:190} INFO - Preparing to insert: ID=103, Name=ice cream toppings, FK Values={}
[2024-12-05T01:33:46.088+0000] {logging_mixin.py:190} INFO - Preparing to insert: ID=104, Name=spices seasonings, FK Values={}
[2024-12-05T01:33:46.090+0000] {logging_mixin.py:190} INFO - Preparing to insert: ID=105, Name=doughs gelatins bake mixes, FK Values={}
[2024-12-05T01:33:46.095+0000] {logging_mixin.py:190} INFO - Preparing to insert: ID=106, Name=hot dogs bacon sausage, FK Values={}
[2024-12-05T01:33:46.098+0000] {logging_mixin.py:190} INFO - Preparing to insert: ID=107, Name=chips pretzels, FK Values={}
[2024-12-05T01:33:46.100+0000] {logging_mixin.py:190} INFO - Preparing to insert: ID=108, Name=other creams cheeses, FK Values={}
[2024-12-05T01:33:46.103+0000] {logging_mixin.py:190} INFO - Preparing to insert: ID=109, Name=skin care, FK Values={}
[2024-12-05T01:33:46.105+0000] {logging_mixin.py:190} INFO - Preparing to insert: ID=110, Name=pickled goods olives, FK Values={}
[2024-12-05T01:33:46.108+0000] {logging_mixin.py:190} INFO - Preparing to insert: ID=111, Name=plates bowls cups flatware, FK Values={}
[2024-12-05T01:33:46.112+0000] {logging_mixin.py:190} INFO - Preparing to insert: ID=112, Name=bread, FK Values={}
[2024-12-05T01:33:46.114+0000] {logging_mixin.py:190} INFO - Preparing to insert: ID=113, Name=frozen juice, FK Values={}
[2024-12-05T01:33:46.116+0000] {logging_mixin.py:190} INFO - Preparing to insert: ID=114, Name=cleaning products, FK Values={}
[2024-12-05T01:33:46.118+0000] {logging_mixin.py:190} INFO - Preparing to insert: ID=115, Name=water seltzer sparkling water, FK Values={}
[2024-12-05T01:33:46.120+0000] {logging_mixin.py:190} INFO - Preparing to insert: ID=116, Name=frozen produce, FK Values={}
[2024-12-05T01:33:46.122+0000] {logging_mixin.py:190} INFO - Preparing to insert: ID=117, Name=nuts seeds dried fruit, FK Values={}
[2024-12-05T01:33:46.124+0000] {logging_mixin.py:190} INFO - Preparing to insert: ID=118, Name=first aid, FK Values={}
[2024-12-05T01:33:46.127+0000] {logging_mixin.py:190} INFO - Preparing to insert: ID=119, Name=frozen dessert, FK Values={}
[2024-12-05T01:33:46.129+0000] {logging_mixin.py:190} INFO - Preparing to insert: ID=120, Name=yogurt, FK Values={}
[2024-12-05T01:33:46.131+0000] {logging_mixin.py:190} INFO - Preparing to insert: ID=121, Name=cereal, FK Values={}
[2024-12-05T01:33:46.133+0000] {logging_mixin.py:190} INFO - Preparing to insert: ID=122, Name=meat counter, FK Values={}
[2024-12-05T01:33:46.135+0000] {logging_mixin.py:190} INFO - Preparing to insert: ID=123, Name=packaged vegetables fruits, FK Values={}
[2024-12-05T01:33:46.138+0000] {logging_mixin.py:190} INFO - Preparing to insert: ID=124, Name=spirits, FK Values={}
[2024-12-05T01:33:46.140+0000] {logging_mixin.py:190} INFO - Preparing to insert: ID=125, Name=trail mix snack mix, FK Values={}
[2024-12-05T01:33:46.142+0000] {logging_mixin.py:190} INFO - Preparing to insert: ID=126, Name=feminine care, FK Values={}
[2024-12-05T01:33:46.146+0000] {logging_mixin.py:190} INFO - Preparing to insert: ID=127, Name=body lotions soap, FK Values={}
[2024-12-05T01:33:46.148+0000] {logging_mixin.py:190} INFO - Preparing to insert: ID=128, Name=tortillas flat bread, FK Values={}
[2024-12-05T01:33:46.151+0000] {logging_mixin.py:190} INFO - Preparing to insert: ID=129, Name=frozen appetizers sides, FK Values={}
[2024-12-05T01:33:46.153+0000] {logging_mixin.py:190} INFO - Preparing to insert: ID=130, Name=hot cereal pancake mixes, FK Values={}
[2024-12-05T01:33:46.156+0000] {logging_mixin.py:190} INFO - Preparing to insert: ID=131, Name=dry pasta, FK Values={}
[2024-12-05T01:33:46.158+0000] {logging_mixin.py:190} INFO - Preparing to insert: ID=132, Name=beauty, FK Values={}
[2024-12-05T01:33:46.163+0000] {logging_mixin.py:190} INFO - Preparing to insert: ID=133, Name=muscles joints pain relief, FK Values={}
[2024-12-05T01:33:46.166+0000] {logging_mixin.py:190} INFO - Preparing to insert: ID=134, Name=specialty wines champagnes, FK Values={}
[2024-12-05T01:33:46.170+0000] {python.py:240} INFO - Done. Returned value was: None
[2024-12-05T01:33:46.182+0000] {taskinstance.py:340} INFO - ::group::Post task execution logs
[2024-12-05T01:33:46.183+0000] {taskinstance.py:352} INFO - Marking task as SUCCESS. dag_id=instacart_etl_pipeline, task_id=etl_dim_aisle, run_id=manual__2024-12-05T01:33:38.929247+00:00, execution_date=20241205T013338, start_date=20241205T013345, end_date=20241205T013346
[2024-12-05T01:33:46.251+0000] {local_task_job_runner.py:266} INFO - Task exited with return code 0
[2024-12-05T01:33:46.275+0000] {taskinstance.py:3895} INFO - 1 downstream tasks scheduled from follow-on schedule check
[2024-12-05T01:33:46.282+0000] {local_task_job_runner.py:245} INFO - ::endgroup::
