[2024-12-04T01:23:03.450+0000] {local_task_job_runner.py:123} INFO - ::group::Pre task execution logs
[2024-12-04T01:23:03.471+0000] {taskinstance.py:2613} INFO - Dependencies all met for dep_context=non-requeueable deps ti=<TaskInstance: instacart_etl_pipeline.etl_dim_department manual__2024-12-04T01:22:59.335152+00:00 [queued]>
[2024-12-04T01:23:03.484+0000] {taskinstance.py:2613} INFO - Dependencies all met for dep_context=requeueable deps ti=<TaskInstance: instacart_etl_pipeline.etl_dim_department manual__2024-12-04T01:22:59.335152+00:00 [queued]>
[2024-12-04T01:23:03.485+0000] {taskinstance.py:2866} INFO - Starting attempt 1 of 1
[2024-12-04T01:23:03.505+0000] {taskinstance.py:2889} INFO - Executing <Task(PythonOperator): etl_dim_department> on 2024-12-04 01:22:59.335152+00:00
[2024-12-04T01:23:03.526+0000] {logging_mixin.py:190} WARNING - /home/***/.local/lib/python3.12/site-packages/***/task/task_runner/standard_task_runner.py:70 DeprecationWarning: This process (pid=966) is multi-threaded, use of fork() may lead to deadlocks in the child.
[2024-12-04T01:23:03.527+0000] {standard_task_runner.py:72} INFO - Started process 968 to run task
[2024-12-04T01:23:03.526+0000] {standard_task_runner.py:104} INFO - Running: ['***', 'tasks', 'run', 'instacart_etl_pipeline', 'etl_dim_department', 'manual__2024-12-04T01:22:59.335152+00:00', '--job-id', '123', '--raw', '--subdir', 'DAGS_FOLDER/instacart_etl_dag.py', '--cfg-path', '/tmp/tmpzk2hc875']
[2024-12-04T01:23:03.529+0000] {standard_task_runner.py:105} INFO - Job 123: Subtask etl_dim_department
[2024-12-04T01:23:03.594+0000] {task_command.py:467} INFO - Running <TaskInstance: instacart_etl_pipeline.etl_dim_department manual__2024-12-04T01:22:59.335152+00:00 [running]> on host e64be71b3b6d
[2024-12-04T01:23:03.715+0000] {taskinstance.py:3132} INFO - Exporting env vars: AIRFLOW_CTX_DAG_OWNER='***' AIRFLOW_CTX_DAG_ID='instacart_etl_pipeline' AIRFLOW_CTX_TASK_ID='etl_dim_department' AIRFLOW_CTX_EXECUTION_DATE='2024-12-04T01:22:59.335152+00:00' AIRFLOW_CTX_TRY_NUMBER='1' AIRFLOW_CTX_DAG_RUN_ID='manual__2024-12-04T01:22:59.335152+00:00'
[2024-12-04T01:23:03.718+0000] {taskinstance.py:731} INFO - ::endgroup::
[2024-12-04T01:23:03.861+0000] {base.py:84} INFO - Retrieving connection 'mssql_default'
[2024-12-04T01:23:03.994+0000] {logging_mixin.py:190} INFO - Reading file: /opt/***/data/departments.csv/departments.csv
[2024-12-04T01:23:04.024+0000] {logging_mixin.py:190} INFO - Dataframe loaded. Columns: Index(['department_id', 'department'], dtype='object')
[2024-12-04T01:23:04.044+0000] {logging_mixin.py:190} INFO - Processing ID: 1, Name: frozen
[2024-12-04T01:23:04.094+0000] {logging_mixin.py:190} INFO - Existing Record: None
[2024-12-04T01:23:04.130+0000] {logging_mixin.py:190} INFO - Processing ID: 2, Name: other
[2024-12-04T01:23:04.175+0000] {logging_mixin.py:190} INFO - Existing Record: None
[2024-12-04T01:23:04.177+0000] {logging_mixin.py:190} INFO - Processing ID: 3, Name: bakery
[2024-12-04T01:23:04.181+0000] {logging_mixin.py:190} INFO - Existing Record: None
[2024-12-04T01:23:04.185+0000] {logging_mixin.py:190} INFO - Processing ID: 4, Name: produce
[2024-12-04T01:23:04.188+0000] {logging_mixin.py:190} INFO - Existing Record: None
[2024-12-04T01:23:04.189+0000] {logging_mixin.py:190} INFO - Processing ID: 5, Name: alcohol
[2024-12-04T01:23:04.192+0000] {logging_mixin.py:190} INFO - Existing Record: None
[2024-12-04T01:23:04.194+0000] {logging_mixin.py:190} INFO - Processing ID: 6, Name: international
[2024-12-04T01:23:04.200+0000] {logging_mixin.py:190} INFO - Existing Record: None
[2024-12-04T01:23:04.201+0000] {logging_mixin.py:190} INFO - Processing ID: 7, Name: beverages
[2024-12-04T01:23:04.204+0000] {logging_mixin.py:190} INFO - Existing Record: None
[2024-12-04T01:23:04.205+0000] {logging_mixin.py:190} INFO - Processing ID: 8, Name: pets
[2024-12-04T01:23:04.208+0000] {logging_mixin.py:190} INFO - Existing Record: None
[2024-12-04T01:23:04.210+0000] {logging_mixin.py:190} INFO - Processing ID: 9, Name: dry goods pasta
[2024-12-04T01:23:04.213+0000] {logging_mixin.py:190} INFO - Existing Record: None
[2024-12-04T01:23:04.217+0000] {logging_mixin.py:190} INFO - Processing ID: 10, Name: bulk
[2024-12-04T01:23:04.219+0000] {logging_mixin.py:190} INFO - Existing Record: None
[2024-12-04T01:23:04.221+0000] {logging_mixin.py:190} INFO - Processing ID: 11, Name: personal care
[2024-12-04T01:23:04.224+0000] {logging_mixin.py:190} INFO - Existing Record: None
[2024-12-04T01:23:04.226+0000] {logging_mixin.py:190} INFO - Processing ID: 12, Name: meat seafood
[2024-12-04T01:23:04.230+0000] {logging_mixin.py:190} INFO - Existing Record: None
[2024-12-04T01:23:04.234+0000] {logging_mixin.py:190} INFO - Processing ID: 13, Name: pantry
[2024-12-04T01:23:04.237+0000] {logging_mixin.py:190} INFO - Existing Record: None
[2024-12-04T01:23:04.239+0000] {logging_mixin.py:190} INFO - Processing ID: 14, Name: breakfast
[2024-12-04T01:23:04.242+0000] {logging_mixin.py:190} INFO - Existing Record: None
[2024-12-04T01:23:04.243+0000] {logging_mixin.py:190} INFO - Processing ID: 15, Name: canned goods
[2024-12-04T01:23:04.247+0000] {logging_mixin.py:190} INFO - Existing Record: None
[2024-12-04T01:23:04.251+0000] {logging_mixin.py:190} INFO - Processing ID: 16, Name: dairy eggs
[2024-12-04T01:23:04.258+0000] {logging_mixin.py:190} INFO - Existing Record: None
[2024-12-04T01:23:04.260+0000] {logging_mixin.py:190} INFO - Processing ID: 17, Name: household
[2024-12-04T01:23:04.264+0000] {logging_mixin.py:190} INFO - Existing Record: None
[2024-12-04T01:23:04.267+0000] {logging_mixin.py:190} INFO - Processing ID: 18, Name: babies
[2024-12-04T01:23:04.271+0000] {logging_mixin.py:190} INFO - Existing Record: None
[2024-12-04T01:23:04.273+0000] {logging_mixin.py:190} INFO - Processing ID: 19, Name: snacks
[2024-12-04T01:23:04.276+0000] {logging_mixin.py:190} INFO - Existing Record: None
[2024-12-04T01:23:04.278+0000] {logging_mixin.py:190} INFO - Processing ID: 20, Name: deli
[2024-12-04T01:23:04.285+0000] {logging_mixin.py:190} INFO - Existing Record: None
[2024-12-04T01:23:04.287+0000] {logging_mixin.py:190} INFO - Processing ID: 21, Name: missing
[2024-12-04T01:23:04.290+0000] {logging_mixin.py:190} INFO - Existing Record: None
[2024-12-04T01:23:04.300+0000] {logging_mixin.py:190} INFO - ETL completed successfully.
[2024-12-04T01:23:04.301+0000] {python.py:240} INFO - Done. Returned value was: None
[2024-12-04T01:23:04.310+0000] {taskinstance.py:340} INFO - ::group::Post task execution logs
[2024-12-04T01:23:04.311+0000] {taskinstance.py:352} INFO - Marking task as SUCCESS. dag_id=instacart_etl_pipeline, task_id=etl_dim_department, run_id=manual__2024-12-04T01:22:59.335152+00:00, execution_date=20241204T012259, start_date=20241204T012303, end_date=20241204T012304
[2024-12-04T01:23:04.349+0000] {local_task_job_runner.py:266} INFO - Task exited with return code 0
[2024-12-04T01:23:04.364+0000] {taskinstance.py:3895} INFO - 0 downstream tasks scheduled from follow-on schedule check
[2024-12-04T01:23:04.369+0000] {local_task_job_runner.py:245} INFO - ::endgroup::
