[2024-12-06T22:56:40.406+0000] {local_task_job_runner.py:123} INFO - ::group::Pre task execution logs
[2024-12-06T22:56:40.426+0000] {taskinstance.py:2613} INFO - Dependencies all met for dep_context=non-requeueable deps ti=<TaskInstance: instacart_pl.etl_dim_aisle manual__2024-12-06T22:56:32.371304+00:00 [queued]>
[2024-12-06T22:56:40.440+0000] {taskinstance.py:2613} INFO - Dependencies all met for dep_context=requeueable deps ti=<TaskInstance: instacart_pl.etl_dim_aisle manual__2024-12-06T22:56:32.371304+00:00 [queued]>
[2024-12-06T22:56:40.443+0000] {taskinstance.py:2866} INFO - Starting attempt 1 of 1
[2024-12-06T22:56:40.496+0000] {taskinstance.py:2889} INFO - Executing <Task(PythonOperator): etl_dim_aisle> on 2024-12-06 22:56:32.371304+00:00
[2024-12-06T22:56:40.509+0000] {logging_mixin.py:190} WARNING - /home/***/.local/lib/python3.12/site-packages/***/task/task_runner/standard_task_runner.py:70 DeprecationWarning: This process (pid=1538) is multi-threaded, use of fork() may lead to deadlocks in the child.
[2024-12-06T22:56:40.510+0000] {standard_task_runner.py:72} INFO - Started process 1543 to run task
[2024-12-06T22:56:40.509+0000] {standard_task_runner.py:104} INFO - Running: ['***', 'tasks', 'run', 'instacart_pl', 'etl_dim_aisle', 'manual__2024-12-06T22:56:32.371304+00:00', '--job-id', '647', '--raw', '--subdir', 'DAGS_FOLDER/test_etl_dag.py', '--cfg-path', '/tmp/tmpb0mjoluh']
[2024-12-06T22:56:40.512+0000] {standard_task_runner.py:105} INFO - Job 647: Subtask etl_dim_aisle
[2024-12-06T22:56:40.725+0000] {task_command.py:467} INFO - Running <TaskInstance: instacart_pl.etl_dim_aisle manual__2024-12-06T22:56:32.371304+00:00 [running]> on host eb2422a66d7b
[2024-12-06T22:56:40.846+0000] {taskinstance.py:3132} INFO - Exporting env vars: AIRFLOW_CTX_DAG_OWNER='***' AIRFLOW_CTX_DAG_ID='instacart_pl' AIRFLOW_CTX_TASK_ID='etl_dim_aisle' AIRFLOW_CTX_EXECUTION_DATE='2024-12-06T22:56:32.371304+00:00' AIRFLOW_CTX_TRY_NUMBER='1' AIRFLOW_CTX_DAG_RUN_ID='manual__2024-12-06T22:56:32.371304+00:00'
[2024-12-06T22:56:40.851+0000] {taskinstance.py:731} INFO - ::endgroup::
[2024-12-06T22:56:40.882+0000] {base.py:84} INFO - Retrieving connection 'mssql_default'
[2024-12-06T22:56:41.147+0000] {logging_mixin.py:190} INFO - Initial DataFrame from /opt/***/data/aisles.csv/aisles.csv:
   aisle_id                       aisle
0         1       prepared soups salads
1         2           specialty cheeses
2         3         energy granola bars
3         4               instant foods
4         5  marinades meat preparation
[2024-12-06T22:56:42.367+0000] {python.py:240} INFO - Done. Returned value was: None
[2024-12-06T22:56:42.378+0000] {taskinstance.py:340} INFO - ::group::Post task execution logs
[2024-12-06T22:56:42.379+0000] {taskinstance.py:352} INFO - Marking task as SUCCESS. dag_id=instacart_pl, task_id=etl_dim_aisle, run_id=manual__2024-12-06T22:56:32.371304+00:00, execution_date=20241206T225632, start_date=20241206T225640, end_date=20241206T225642
[2024-12-06T22:56:42.415+0000] {local_task_job_runner.py:266} INFO - Task exited with return code 0
[2024-12-06T22:56:42.442+0000] {taskinstance.py:3895} INFO - 1 downstream tasks scheduled from follow-on schedule check
[2024-12-06T22:56:42.449+0000] {local_task_job_runner.py:245} INFO - ::endgroup::
