[2024-12-06T01:18:47.734+0000] {processor.py:186} INFO - Started process (PID=1108) to work on /opt/airflow/dags/instacart_etl_dag.py
[2024-12-06T01:18:47.737+0000] {processor.py:914} INFO - Processing file /opt/airflow/dags/instacart_etl_dag.py for tasks to queue
[2024-12-06T01:18:47.743+0000] {logging_mixin.py:190} INFO - [2024-12-06T01:18:47.742+0000] {dagbag.py:588} INFO - Filling up the DagBag from /opt/airflow/dags/instacart_etl_dag.py
[2024-12-06T22:44:35.363+0000] {processor.py:925} INFO - DAG(s) 'instacart_etl_pl' retrieved from /opt/airflow/dags/instacart_etl_dag.py
[2024-12-06T22:44:35.542+0000] {logging_mixin.py:190} INFO - [2024-12-06T22:44:35.541+0000] {dag.py:3239} INFO - Sync 1 DAGs
[2024-12-06T22:44:35.641+0000] {logging_mixin.py:190} INFO - [2024-12-06T22:44:35.641+0000] {dag.py:4180} INFO - Setting next_dagrun for instacart_etl_pl to None, run_after=None
[2024-12-06T22:44:35.739+0000] {processor.py:208} INFO - Processing /opt/airflow/dags/instacart_etl_dag.py took 1.436 seconds
[2024-12-06T22:45:07.808+0000] {processor.py:186} INFO - Started process (PID=1124) to work on /opt/airflow/dags/instacart_etl_dag.py
[2024-12-06T22:45:07.848+0000] {processor.py:914} INFO - Processing file /opt/airflow/dags/instacart_etl_dag.py for tasks to queue
[2024-12-06T22:45:08.052+0000] {logging_mixin.py:190} INFO - [2024-12-06T22:45:08.029+0000] {dagbag.py:588} INFO - Filling up the DagBag from /opt/airflow/dags/instacart_etl_dag.py
[2024-12-06T22:45:20.579+0000] {processor.py:925} INFO - DAG(s) 'instacart_etl_pl' retrieved from /opt/airflow/dags/instacart_etl_dag.py
[2024-12-06T22:45:20.853+0000] {logging_mixin.py:190} INFO - [2024-12-06T22:45:20.852+0000] {dag.py:3239} INFO - Sync 1 DAGs
[2024-12-06T22:45:20.922+0000] {logging_mixin.py:190} INFO - [2024-12-06T22:45:20.922+0000] {dag.py:4180} INFO - Setting next_dagrun for instacart_etl_pl to None, run_after=None
[2024-12-06T22:45:20.985+0000] {processor.py:208} INFO - Processing /opt/airflow/dags/instacart_etl_dag.py took 13.436 seconds
[2024-12-06T22:45:52.076+0000] {processor.py:186} INFO - Started process (PID=1150) to work on /opt/airflow/dags/instacart_etl_dag.py
[2024-12-06T22:45:52.092+0000] {processor.py:914} INFO - Processing file /opt/airflow/dags/instacart_etl_dag.py for tasks to queue
[2024-12-06T22:45:52.190+0000] {logging_mixin.py:190} INFO - [2024-12-06T22:45:52.181+0000] {dagbag.py:588} INFO - Filling up the DagBag from /opt/airflow/dags/instacart_etl_dag.py
[2024-12-06T22:45:57.129+0000] {processor.py:925} INFO - DAG(s) 'instacart_etl_pl' retrieved from /opt/airflow/dags/instacart_etl_dag.py
[2024-12-06T22:45:57.305+0000] {logging_mixin.py:190} INFO - [2024-12-06T22:45:57.305+0000] {dag.py:3239} INFO - Sync 1 DAGs
[2024-12-06T22:45:57.349+0000] {logging_mixin.py:190} INFO - [2024-12-06T22:45:57.348+0000] {dag.py:4180} INFO - Setting next_dagrun for instacart_etl_pl to None, run_after=None
[2024-12-06T22:45:57.387+0000] {processor.py:208} INFO - Processing /opt/airflow/dags/instacart_etl_dag.py took 5.487 seconds
[2024-12-06T22:46:27.742+0000] {processor.py:186} INFO - Started process (PID=1170) to work on /opt/airflow/dags/instacart_etl_dag.py
[2024-12-06T22:46:27.744+0000] {processor.py:914} INFO - Processing file /opt/airflow/dags/instacart_etl_dag.py for tasks to queue
[2024-12-06T22:46:27.751+0000] {logging_mixin.py:190} INFO - [2024-12-06T22:46:27.750+0000] {dagbag.py:588} INFO - Filling up the DagBag from /opt/airflow/dags/instacart_etl_dag.py
[2024-12-06T22:46:28.464+0000] {processor.py:925} INFO - DAG(s) 'instacart_etl_pl' retrieved from /opt/airflow/dags/instacart_etl_dag.py
[2024-12-06T22:46:28.488+0000] {logging_mixin.py:190} INFO - [2024-12-06T22:46:28.488+0000] {dag.py:3239} INFO - Sync 1 DAGs
[2024-12-06T22:46:28.503+0000] {logging_mixin.py:190} INFO - [2024-12-06T22:46:28.503+0000] {dag.py:4180} INFO - Setting next_dagrun for instacart_etl_pl to None, run_after=None
[2024-12-06T22:46:28.524+0000] {processor.py:208} INFO - Processing /opt/airflow/dags/instacart_etl_dag.py took 0.797 seconds
[2024-12-06T22:46:58.726+0000] {processor.py:186} INFO - Started process (PID=1188) to work on /opt/airflow/dags/instacart_etl_dag.py
[2024-12-06T22:46:58.727+0000] {processor.py:914} INFO - Processing file /opt/airflow/dags/instacart_etl_dag.py for tasks to queue
[2024-12-06T22:46:58.732+0000] {logging_mixin.py:190} INFO - [2024-12-06T22:46:58.731+0000] {dagbag.py:588} INFO - Filling up the DagBag from /opt/airflow/dags/instacart_etl_dag.py
[2024-12-06T22:46:59.467+0000] {processor.py:925} INFO - DAG(s) 'instacart_etl_pl' retrieved from /opt/airflow/dags/instacart_etl_dag.py
[2024-12-06T22:46:59.531+0000] {logging_mixin.py:190} INFO - [2024-12-06T22:46:59.531+0000] {dag.py:3239} INFO - Sync 1 DAGs
[2024-12-06T22:46:59.562+0000] {logging_mixin.py:190} INFO - [2024-12-06T22:46:59.562+0000] {dag.py:4180} INFO - Setting next_dagrun for instacart_etl_pl to None, run_after=None
[2024-12-06T22:46:59.583+0000] {processor.py:208} INFO - Processing /opt/airflow/dags/instacart_etl_dag.py took 0.866 seconds
[2024-12-06T22:47:30.071+0000] {processor.py:186} INFO - Started process (PID=1206) to work on /opt/airflow/dags/instacart_etl_dag.py
[2024-12-06T22:47:30.073+0000] {processor.py:914} INFO - Processing file /opt/airflow/dags/instacart_etl_dag.py for tasks to queue
[2024-12-06T22:47:30.076+0000] {logging_mixin.py:190} INFO - [2024-12-06T22:47:30.075+0000] {dagbag.py:588} INFO - Filling up the DagBag from /opt/airflow/dags/instacart_etl_dag.py
[2024-12-06T22:47:30.681+0000] {processor.py:925} INFO - DAG(s) 'instacart_etl_pl' retrieved from /opt/airflow/dags/instacart_etl_dag.py
[2024-12-06T22:47:30.717+0000] {logging_mixin.py:190} INFO - [2024-12-06T22:47:30.716+0000] {dag.py:3239} INFO - Sync 1 DAGs
[2024-12-06T22:47:30.732+0000] {logging_mixin.py:190} INFO - [2024-12-06T22:47:30.732+0000] {dag.py:4180} INFO - Setting next_dagrun for instacart_etl_pl to None, run_after=None
[2024-12-06T22:47:30.755+0000] {processor.py:208} INFO - Processing /opt/airflow/dags/instacart_etl_dag.py took 0.692 seconds
[2024-12-06T22:48:01.037+0000] {processor.py:186} INFO - Started process (PID=1225) to work on /opt/airflow/dags/instacart_etl_dag.py
[2024-12-06T22:48:01.038+0000] {processor.py:914} INFO - Processing file /opt/airflow/dags/instacart_etl_dag.py for tasks to queue
[2024-12-06T22:48:01.041+0000] {logging_mixin.py:190} INFO - [2024-12-06T22:48:01.041+0000] {dagbag.py:588} INFO - Filling up the DagBag from /opt/airflow/dags/instacart_etl_dag.py
[2024-12-06T22:48:01.616+0000] {processor.py:925} INFO - DAG(s) 'instacart_etl_pl' retrieved from /opt/airflow/dags/instacart_etl_dag.py
[2024-12-06T22:48:01.639+0000] {logging_mixin.py:190} INFO - [2024-12-06T22:48:01.639+0000] {dag.py:3239} INFO - Sync 1 DAGs
[2024-12-06T22:48:01.652+0000] {logging_mixin.py:190} INFO - [2024-12-06T22:48:01.652+0000] {dag.py:4180} INFO - Setting next_dagrun for instacart_etl_pl to None, run_after=None
[2024-12-06T22:48:01.680+0000] {processor.py:208} INFO - Processing /opt/airflow/dags/instacart_etl_dag.py took 0.650 seconds
[2024-12-06T22:48:32.025+0000] {processor.py:186} INFO - Started process (PID=1243) to work on /opt/airflow/dags/instacart_etl_dag.py
[2024-12-06T22:48:32.026+0000] {processor.py:914} INFO - Processing file /opt/airflow/dags/instacart_etl_dag.py for tasks to queue
[2024-12-06T22:48:32.029+0000] {logging_mixin.py:190} INFO - [2024-12-06T22:48:32.029+0000] {dagbag.py:588} INFO - Filling up the DagBag from /opt/airflow/dags/instacart_etl_dag.py
[2024-12-06T22:48:32.834+0000] {processor.py:925} INFO - DAG(s) 'instacart_etl_pl' retrieved from /opt/airflow/dags/instacart_etl_dag.py
[2024-12-06T22:48:32.875+0000] {logging_mixin.py:190} INFO - [2024-12-06T22:48:32.875+0000] {dag.py:3239} INFO - Sync 1 DAGs
[2024-12-06T22:48:32.926+0000] {logging_mixin.py:190} INFO - [2024-12-06T22:48:32.926+0000] {dag.py:4180} INFO - Setting next_dagrun for instacart_etl_pl to None, run_after=None
[2024-12-06T22:48:32.958+0000] {processor.py:208} INFO - Processing /opt/airflow/dags/instacart_etl_dag.py took 0.939 seconds
[2024-12-06T22:49:03.243+0000] {processor.py:186} INFO - Started process (PID=1261) to work on /opt/airflow/dags/instacart_etl_dag.py
[2024-12-06T22:49:03.244+0000] {processor.py:914} INFO - Processing file /opt/airflow/dags/instacart_etl_dag.py for tasks to queue
[2024-12-06T22:49:03.249+0000] {logging_mixin.py:190} INFO - [2024-12-06T22:49:03.249+0000] {dagbag.py:588} INFO - Filling up the DagBag from /opt/airflow/dags/instacart_etl_dag.py
[2024-12-06T22:49:04.170+0000] {processor.py:925} INFO - DAG(s) 'instacart_etl_pl' retrieved from /opt/airflow/dags/instacart_etl_dag.py
[2024-12-06T22:49:04.209+0000] {logging_mixin.py:190} INFO - [2024-12-06T22:49:04.209+0000] {dag.py:3239} INFO - Sync 1 DAGs
[2024-12-06T22:49:04.252+0000] {logging_mixin.py:190} INFO - [2024-12-06T22:49:04.251+0000] {dag.py:4180} INFO - Setting next_dagrun for instacart_etl_pl to None, run_after=None
[2024-12-06T22:49:04.290+0000] {processor.py:208} INFO - Processing /opt/airflow/dags/instacart_etl_dag.py took 1.056 seconds
[2024-12-06T22:49:34.583+0000] {processor.py:186} INFO - Started process (PID=1279) to work on /opt/airflow/dags/instacart_etl_dag.py
[2024-12-06T22:49:34.584+0000] {processor.py:914} INFO - Processing file /opt/airflow/dags/instacart_etl_dag.py for tasks to queue
[2024-12-06T22:49:34.587+0000] {logging_mixin.py:190} INFO - [2024-12-06T22:49:34.587+0000] {dagbag.py:588} INFO - Filling up the DagBag from /opt/airflow/dags/instacart_etl_dag.py
[2024-12-06T22:49:35.282+0000] {processor.py:925} INFO - DAG(s) 'instacart_etl_pl' retrieved from /opt/airflow/dags/instacart_etl_dag.py
[2024-12-06T22:49:35.306+0000] {logging_mixin.py:190} INFO - [2024-12-06T22:49:35.305+0000] {dag.py:3239} INFO - Sync 1 DAGs
[2024-12-06T22:49:35.319+0000] {logging_mixin.py:190} INFO - [2024-12-06T22:49:35.319+0000] {dag.py:4180} INFO - Setting next_dagrun for instacart_etl_pl to None, run_after=None
[2024-12-06T22:49:35.354+0000] {processor.py:208} INFO - Processing /opt/airflow/dags/instacart_etl_dag.py took 0.779 seconds
[2024-12-06T22:50:05.977+0000] {processor.py:186} INFO - Started process (PID=1297) to work on /opt/airflow/dags/instacart_etl_dag.py
[2024-12-06T22:50:05.979+0000] {processor.py:914} INFO - Processing file /opt/airflow/dags/instacart_etl_dag.py for tasks to queue
[2024-12-06T22:50:05.983+0000] {logging_mixin.py:190} INFO - [2024-12-06T22:50:05.982+0000] {dagbag.py:588} INFO - Filling up the DagBag from /opt/airflow/dags/instacart_etl_dag.py
[2024-12-06T22:50:06.435+0000] {processor.py:925} INFO - DAG(s) 'instacart_etl_pl' retrieved from /opt/airflow/dags/instacart_etl_dag.py
[2024-12-06T22:50:06.474+0000] {logging_mixin.py:190} INFO - [2024-12-06T22:50:06.473+0000] {dag.py:3239} INFO - Sync 1 DAGs
[2024-12-06T22:50:06.493+0000] {logging_mixin.py:190} INFO - [2024-12-06T22:50:06.492+0000] {dag.py:4180} INFO - Setting next_dagrun for instacart_etl_pl to None, run_after=None
[2024-12-06T22:50:06.528+0000] {processor.py:208} INFO - Processing /opt/airflow/dags/instacart_etl_dag.py took 0.560 seconds
[2024-12-06T22:50:36.831+0000] {processor.py:186} INFO - Started process (PID=1316) to work on /opt/airflow/dags/instacart_etl_dag.py
[2024-12-06T22:50:36.832+0000] {processor.py:914} INFO - Processing file /opt/airflow/dags/instacart_etl_dag.py for tasks to queue
[2024-12-06T22:50:36.835+0000] {logging_mixin.py:190} INFO - [2024-12-06T22:50:36.835+0000] {dagbag.py:588} INFO - Filling up the DagBag from /opt/airflow/dags/instacart_etl_dag.py
[2024-12-06T22:50:37.521+0000] {processor.py:925} INFO - DAG(s) 'instacart_etl_pl' retrieved from /opt/airflow/dags/instacart_etl_dag.py
[2024-12-06T22:50:37.580+0000] {logging_mixin.py:190} INFO - [2024-12-06T22:50:37.579+0000] {dag.py:3239} INFO - Sync 1 DAGs
[2024-12-06T22:50:37.616+0000] {logging_mixin.py:190} INFO - [2024-12-06T22:50:37.615+0000] {dag.py:4180} INFO - Setting next_dagrun for instacart_etl_pl to None, run_after=None
[2024-12-06T22:50:37.673+0000] {processor.py:208} INFO - Processing /opt/airflow/dags/instacart_etl_dag.py took 0.851 seconds
[2024-12-06T22:51:08.030+0000] {processor.py:186} INFO - Started process (PID=1334) to work on /opt/airflow/dags/instacart_etl_dag.py
[2024-12-06T22:51:08.032+0000] {processor.py:914} INFO - Processing file /opt/airflow/dags/instacart_etl_dag.py for tasks to queue
[2024-12-06T22:51:08.035+0000] {logging_mixin.py:190} INFO - [2024-12-06T22:51:08.035+0000] {dagbag.py:588} INFO - Filling up the DagBag from /opt/airflow/dags/instacart_etl_dag.py
[2024-12-06T22:51:08.486+0000] {processor.py:925} INFO - DAG(s) 'instacart_etl_pl' retrieved from /opt/airflow/dags/instacart_etl_dag.py
[2024-12-06T22:51:08.528+0000] {logging_mixin.py:190} INFO - [2024-12-06T22:51:08.528+0000] {dag.py:3239} INFO - Sync 1 DAGs
[2024-12-06T22:51:08.544+0000] {logging_mixin.py:190} INFO - [2024-12-06T22:51:08.544+0000] {dag.py:4180} INFO - Setting next_dagrun for instacart_etl_pl to None, run_after=None
[2024-12-06T22:51:08.572+0000] {processor.py:208} INFO - Processing /opt/airflow/dags/instacart_etl_dag.py took 0.549 seconds
[2024-12-06T22:51:38.865+0000] {processor.py:186} INFO - Started process (PID=1353) to work on /opt/airflow/dags/instacart_etl_dag.py
[2024-12-06T22:51:38.866+0000] {processor.py:914} INFO - Processing file /opt/airflow/dags/instacart_etl_dag.py for tasks to queue
[2024-12-06T22:51:38.869+0000] {logging_mixin.py:190} INFO - [2024-12-06T22:51:38.869+0000] {dagbag.py:588} INFO - Filling up the DagBag from /opt/airflow/dags/instacart_etl_dag.py
[2024-12-06T22:51:39.283+0000] {processor.py:925} INFO - DAG(s) 'instacart_etl_pl' retrieved from /opt/airflow/dags/instacart_etl_dag.py
[2024-12-06T22:51:39.316+0000] {logging_mixin.py:190} INFO - [2024-12-06T22:51:39.315+0000] {dag.py:3239} INFO - Sync 1 DAGs
[2024-12-06T22:51:39.338+0000] {logging_mixin.py:190} INFO - [2024-12-06T22:51:39.338+0000] {dag.py:4180} INFO - Setting next_dagrun for instacart_etl_pl to None, run_after=None
[2024-12-06T22:51:39.368+0000] {processor.py:208} INFO - Processing /opt/airflow/dags/instacart_etl_dag.py took 0.512 seconds
[2024-12-06T22:52:09.688+0000] {processor.py:186} INFO - Started process (PID=1371) to work on /opt/airflow/dags/instacart_etl_dag.py
[2024-12-06T22:52:09.689+0000] {processor.py:914} INFO - Processing file /opt/airflow/dags/instacart_etl_dag.py for tasks to queue
[2024-12-06T22:52:09.693+0000] {logging_mixin.py:190} INFO - [2024-12-06T22:52:09.693+0000] {dagbag.py:588} INFO - Filling up the DagBag from /opt/airflow/dags/instacart_etl_dag.py
[2024-12-06T22:52:10.141+0000] {processor.py:925} INFO - DAG(s) 'instacart_etl_pl' retrieved from /opt/airflow/dags/instacart_etl_dag.py
[2024-12-06T22:52:10.181+0000] {logging_mixin.py:190} INFO - [2024-12-06T22:52:10.181+0000] {dag.py:3239} INFO - Sync 1 DAGs
[2024-12-06T22:52:10.243+0000] {logging_mixin.py:190} INFO - [2024-12-06T22:52:10.243+0000] {dag.py:4180} INFO - Setting next_dagrun for instacart_etl_pl to None, run_after=None
[2024-12-06T22:52:10.313+0000] {processor.py:208} INFO - Processing /opt/airflow/dags/instacart_etl_dag.py took 0.636 seconds
[2024-12-06T22:52:40.625+0000] {processor.py:186} INFO - Started process (PID=1389) to work on /opt/airflow/dags/instacart_etl_dag.py
[2024-12-06T22:52:40.626+0000] {processor.py:914} INFO - Processing file /opt/airflow/dags/instacart_etl_dag.py for tasks to queue
[2024-12-06T22:52:40.632+0000] {logging_mixin.py:190} INFO - [2024-12-06T22:52:40.631+0000] {dagbag.py:588} INFO - Filling up the DagBag from /opt/airflow/dags/instacart_etl_dag.py
[2024-12-06T22:52:41.117+0000] {processor.py:925} INFO - DAG(s) 'instacart_etl_pl' retrieved from /opt/airflow/dags/instacart_etl_dag.py
[2024-12-06T22:52:41.147+0000] {logging_mixin.py:190} INFO - [2024-12-06T22:52:41.146+0000] {dag.py:3239} INFO - Sync 1 DAGs
[2024-12-06T22:52:41.167+0000] {logging_mixin.py:190} INFO - [2024-12-06T22:52:41.167+0000] {dag.py:4180} INFO - Setting next_dagrun for instacart_etl_pl to None, run_after=None
[2024-12-06T22:52:41.192+0000] {processor.py:208} INFO - Processing /opt/airflow/dags/instacart_etl_dag.py took 0.579 seconds
[2024-12-06T22:53:11.475+0000] {processor.py:186} INFO - Started process (PID=1407) to work on /opt/airflow/dags/instacart_etl_dag.py
[2024-12-06T22:53:11.476+0000] {processor.py:914} INFO - Processing file /opt/airflow/dags/instacart_etl_dag.py for tasks to queue
[2024-12-06T22:53:11.479+0000] {logging_mixin.py:190} INFO - [2024-12-06T22:53:11.479+0000] {dagbag.py:588} INFO - Filling up the DagBag from /opt/airflow/dags/instacart_etl_dag.py
[2024-12-06T22:53:11.879+0000] {processor.py:925} INFO - DAG(s) 'instacart_etl_pl' retrieved from /opt/airflow/dags/instacart_etl_dag.py
[2024-12-06T22:53:11.928+0000] {logging_mixin.py:190} INFO - [2024-12-06T22:53:11.928+0000] {dag.py:3239} INFO - Sync 1 DAGs
[2024-12-06T22:53:11.954+0000] {logging_mixin.py:190} INFO - [2024-12-06T22:53:11.953+0000] {dag.py:4180} INFO - Setting next_dagrun for instacart_etl_pl to None, run_after=None
[2024-12-06T22:53:11.986+0000] {processor.py:208} INFO - Processing /opt/airflow/dags/instacart_etl_dag.py took 0.518 seconds
[2024-12-06T22:53:42.279+0000] {processor.py:186} INFO - Started process (PID=1426) to work on /opt/airflow/dags/instacart_etl_dag.py
[2024-12-06T22:53:42.280+0000] {processor.py:914} INFO - Processing file /opt/airflow/dags/instacart_etl_dag.py for tasks to queue
[2024-12-06T22:53:42.284+0000] {logging_mixin.py:190} INFO - [2024-12-06T22:53:42.283+0000] {dagbag.py:588} INFO - Filling up the DagBag from /opt/airflow/dags/instacart_etl_dag.py
[2024-12-06T22:53:42.772+0000] {processor.py:925} INFO - DAG(s) 'instacart_etl_pl' retrieved from /opt/airflow/dags/instacart_etl_dag.py
[2024-12-06T22:53:42.803+0000] {logging_mixin.py:190} INFO - [2024-12-06T22:53:42.803+0000] {dag.py:3239} INFO - Sync 1 DAGs
[2024-12-06T22:53:42.823+0000] {logging_mixin.py:190} INFO - [2024-12-06T22:53:42.823+0000] {dag.py:4180} INFO - Setting next_dagrun for instacart_etl_pl to None, run_after=None
[2024-12-06T22:53:42.850+0000] {processor.py:208} INFO - Processing /opt/airflow/dags/instacart_etl_dag.py took 0.582 seconds
[2024-12-06T22:54:13.114+0000] {processor.py:186} INFO - Started process (PID=1444) to work on /opt/airflow/dags/instacart_etl_dag.py
[2024-12-06T22:54:13.115+0000] {processor.py:914} INFO - Processing file /opt/airflow/dags/instacart_etl_dag.py for tasks to queue
[2024-12-06T22:54:13.118+0000] {logging_mixin.py:190} INFO - [2024-12-06T22:54:13.118+0000] {dagbag.py:588} INFO - Filling up the DagBag from /opt/airflow/dags/instacart_etl_dag.py
[2024-12-06T22:54:13.465+0000] {processor.py:925} INFO - DAG(s) 'instacart_etl_pl' retrieved from /opt/airflow/dags/instacart_etl_dag.py
[2024-12-06T22:54:13.493+0000] {logging_mixin.py:190} INFO - [2024-12-06T22:54:13.492+0000] {dag.py:3239} INFO - Sync 1 DAGs
[2024-12-06T22:54:13.508+0000] {logging_mixin.py:190} INFO - [2024-12-06T22:54:13.507+0000] {dag.py:4180} INFO - Setting next_dagrun for instacart_etl_pl to None, run_after=None
[2024-12-06T22:54:13.536+0000] {processor.py:208} INFO - Processing /opt/airflow/dags/instacart_etl_dag.py took 0.428 seconds
[2024-12-06T22:54:43.911+0000] {processor.py:186} INFO - Started process (PID=1462) to work on /opt/airflow/dags/instacart_etl_dag.py
[2024-12-06T22:54:43.912+0000] {processor.py:914} INFO - Processing file /opt/airflow/dags/instacart_etl_dag.py for tasks to queue
[2024-12-06T22:54:43.915+0000] {logging_mixin.py:190} INFO - [2024-12-06T22:54:43.915+0000] {dagbag.py:588} INFO - Filling up the DagBag from /opt/airflow/dags/instacart_etl_dag.py
[2024-12-06T22:54:44.353+0000] {processor.py:925} INFO - DAG(s) 'instacart_etl_pl' retrieved from /opt/airflow/dags/instacart_etl_dag.py
[2024-12-06T22:54:44.383+0000] {logging_mixin.py:190} INFO - [2024-12-06T22:54:44.383+0000] {dag.py:3239} INFO - Sync 1 DAGs
[2024-12-06T22:54:44.407+0000] {logging_mixin.py:190} INFO - [2024-12-06T22:54:44.407+0000] {dag.py:4180} INFO - Setting next_dagrun for instacart_etl_pl to None, run_after=None
[2024-12-06T22:54:44.454+0000] {processor.py:208} INFO - Processing /opt/airflow/dags/instacart_etl_dag.py took 0.550 seconds
[2024-12-06T22:55:14.774+0000] {processor.py:186} INFO - Started process (PID=1480) to work on /opt/airflow/dags/instacart_etl_dag.py
[2024-12-06T22:55:14.776+0000] {processor.py:914} INFO - Processing file /opt/airflow/dags/instacart_etl_dag.py for tasks to queue
[2024-12-06T22:55:14.780+0000] {logging_mixin.py:190} INFO - [2024-12-06T22:55:14.780+0000] {dagbag.py:588} INFO - Filling up the DagBag from /opt/airflow/dags/instacart_etl_dag.py
[2024-12-06T22:55:15.406+0000] {processor.py:925} INFO - DAG(s) 'instacart_etl_pl' retrieved from /opt/airflow/dags/instacart_etl_dag.py
[2024-12-06T22:55:15.449+0000] {logging_mixin.py:190} INFO - [2024-12-06T22:55:15.448+0000] {dag.py:3239} INFO - Sync 1 DAGs
[2024-12-06T22:55:15.469+0000] {logging_mixin.py:190} INFO - [2024-12-06T22:55:15.469+0000] {dag.py:4180} INFO - Setting next_dagrun for instacart_etl_pl to None, run_after=None
[2024-12-06T22:55:15.500+0000] {processor.py:208} INFO - Processing /opt/airflow/dags/instacart_etl_dag.py took 0.737 seconds
[2024-12-06T22:55:45.793+0000] {processor.py:186} INFO - Started process (PID=1498) to work on /opt/airflow/dags/instacart_etl_dag.py
[2024-12-06T22:55:45.794+0000] {processor.py:914} INFO - Processing file /opt/airflow/dags/instacart_etl_dag.py for tasks to queue
[2024-12-06T22:55:45.797+0000] {logging_mixin.py:190} INFO - [2024-12-06T22:55:45.797+0000] {dagbag.py:588} INFO - Filling up the DagBag from /opt/airflow/dags/instacart_etl_dag.py
[2024-12-06T22:55:46.192+0000] {processor.py:925} INFO - DAG(s) 'instacart_etl_pl' retrieved from /opt/airflow/dags/instacart_etl_dag.py
[2024-12-06T22:55:46.227+0000] {logging_mixin.py:190} INFO - [2024-12-06T22:55:46.227+0000] {dag.py:3239} INFO - Sync 1 DAGs
[2024-12-06T22:55:46.243+0000] {logging_mixin.py:190} INFO - [2024-12-06T22:55:46.243+0000] {dag.py:4180} INFO - Setting next_dagrun for instacart_etl_pl to None, run_after=None
[2024-12-06T22:55:46.271+0000] {processor.py:208} INFO - Processing /opt/airflow/dags/instacart_etl_dag.py took 0.488 seconds
[2024-12-06T22:56:16.514+0000] {processor.py:186} INFO - Started process (PID=1519) to work on /opt/airflow/dags/instacart_etl_dag.py
[2024-12-06T22:56:16.515+0000] {processor.py:914} INFO - Processing file /opt/airflow/dags/instacart_etl_dag.py for tasks to queue
[2024-12-06T22:56:16.517+0000] {logging_mixin.py:190} INFO - [2024-12-06T22:56:16.517+0000] {dagbag.py:588} INFO - Filling up the DagBag from /opt/airflow/dags/instacart_etl_dag.py
[2024-12-06T22:56:16.832+0000] {processor.py:925} INFO - DAG(s) 'instacart_etl_pl' retrieved from /opt/airflow/dags/instacart_etl_dag.py
[2024-12-06T22:56:16.855+0000] {logging_mixin.py:190} INFO - [2024-12-06T22:56:16.855+0000] {dag.py:3239} INFO - Sync 1 DAGs
[2024-12-06T22:56:16.868+0000] {logging_mixin.py:190} INFO - [2024-12-06T22:56:16.868+0000] {dag.py:4180} INFO - Setting next_dagrun for instacart_etl_pl to None, run_after=None
[2024-12-06T22:56:16.891+0000] {processor.py:208} INFO - Processing /opt/airflow/dags/instacart_etl_dag.py took 0.385 seconds
[2024-12-06T22:56:47.227+0000] {processor.py:186} INFO - Started process (PID=1555) to work on /opt/airflow/dags/instacart_etl_dag.py
[2024-12-06T22:56:47.230+0000] {processor.py:914} INFO - Processing file /opt/airflow/dags/instacart_etl_dag.py for tasks to queue
[2024-12-06T22:56:47.234+0000] {logging_mixin.py:190} INFO - [2024-12-06T22:56:47.233+0000] {dagbag.py:588} INFO - Filling up the DagBag from /opt/airflow/dags/instacart_etl_dag.py
[2024-12-06T22:56:47.803+0000] {processor.py:925} INFO - DAG(s) 'instacart_etl_pl' retrieved from /opt/airflow/dags/instacart_etl_dag.py
[2024-12-06T22:56:47.864+0000] {logging_mixin.py:190} INFO - [2024-12-06T22:56:47.862+0000] {dag.py:3239} INFO - Sync 1 DAGs
[2024-12-06T22:56:47.903+0000] {logging_mixin.py:190} INFO - [2024-12-06T22:56:47.902+0000] {dag.py:4180} INFO - Setting next_dagrun for instacart_etl_pl to None, run_after=None
[2024-12-06T22:56:47.946+0000] {processor.py:208} INFO - Processing /opt/airflow/dags/instacart_etl_dag.py took 0.729 seconds
[2024-12-06T22:57:18.232+0000] {processor.py:186} INFO - Started process (PID=1579) to work on /opt/airflow/dags/instacart_etl_dag.py
[2024-12-06T22:57:18.233+0000] {processor.py:914} INFO - Processing file /opt/airflow/dags/instacart_etl_dag.py for tasks to queue
[2024-12-06T22:57:18.237+0000] {logging_mixin.py:190} INFO - [2024-12-06T22:57:18.236+0000] {dagbag.py:588} INFO - Filling up the DagBag from /opt/airflow/dags/instacart_etl_dag.py
[2024-12-06T22:57:18.741+0000] {processor.py:925} INFO - DAG(s) 'instacart_etl_pl' retrieved from /opt/airflow/dags/instacart_etl_dag.py
[2024-12-06T22:57:18.777+0000] {logging_mixin.py:190} INFO - [2024-12-06T22:57:18.777+0000] {dag.py:3239} INFO - Sync 1 DAGs
[2024-12-06T22:57:18.795+0000] {logging_mixin.py:190} INFO - [2024-12-06T22:57:18.794+0000] {dag.py:4180} INFO - Setting next_dagrun for instacart_etl_pl to None, run_after=None
[2024-12-06T22:57:18.822+0000] {processor.py:208} INFO - Processing /opt/airflow/dags/instacart_etl_dag.py took 0.597 seconds
[2024-12-06T22:57:49.055+0000] {processor.py:186} INFO - Started process (PID=1609) to work on /opt/airflow/dags/instacart_etl_dag.py
[2024-12-06T22:57:49.056+0000] {processor.py:914} INFO - Processing file /opt/airflow/dags/instacart_etl_dag.py for tasks to queue
[2024-12-06T22:57:49.062+0000] {logging_mixin.py:190} INFO - [2024-12-06T22:57:49.061+0000] {dagbag.py:588} INFO - Filling up the DagBag from /opt/airflow/dags/instacart_etl_dag.py
[2024-12-06T22:57:50.269+0000] {processor.py:925} INFO - DAG(s) 'instacart_etl_pl' retrieved from /opt/airflow/dags/instacart_etl_dag.py
[2024-12-06T22:57:50.327+0000] {logging_mixin.py:190} INFO - [2024-12-06T22:57:50.327+0000] {dag.py:3239} INFO - Sync 1 DAGs
[2024-12-06T22:57:50.353+0000] {logging_mixin.py:190} INFO - [2024-12-06T22:57:50.352+0000] {dag.py:4180} INFO - Setting next_dagrun for instacart_etl_pl to None, run_after=None
[2024-12-06T22:57:50.389+0000] {processor.py:208} INFO - Processing /opt/airflow/dags/instacart_etl_dag.py took 1.358 seconds
[2024-12-06T22:58:20.678+0000] {processor.py:186} INFO - Started process (PID=1627) to work on /opt/airflow/dags/instacart_etl_dag.py
[2024-12-06T22:58:20.679+0000] {processor.py:914} INFO - Processing file /opt/airflow/dags/instacart_etl_dag.py for tasks to queue
[2024-12-06T22:58:20.682+0000] {logging_mixin.py:190} INFO - [2024-12-06T22:58:20.682+0000] {dagbag.py:588} INFO - Filling up the DagBag from /opt/airflow/dags/instacart_etl_dag.py
[2024-12-06T22:58:21.566+0000] {processor.py:925} INFO - DAG(s) 'instacart_etl_pl' retrieved from /opt/airflow/dags/instacart_etl_dag.py
[2024-12-06T22:58:21.606+0000] {logging_mixin.py:190} INFO - [2024-12-06T22:58:21.605+0000] {dag.py:3239} INFO - Sync 1 DAGs
[2024-12-06T22:58:21.626+0000] {logging_mixin.py:190} INFO - [2024-12-06T22:58:21.626+0000] {dag.py:4180} INFO - Setting next_dagrun for instacart_etl_pl to None, run_after=None
[2024-12-06T22:58:21.651+0000] {processor.py:208} INFO - Processing /opt/airflow/dags/instacart_etl_dag.py took 0.983 seconds
[2024-12-06T22:58:51.970+0000] {processor.py:186} INFO - Started process (PID=1645) to work on /opt/airflow/dags/instacart_etl_dag.py
[2024-12-06T22:58:51.971+0000] {processor.py:914} INFO - Processing file /opt/airflow/dags/instacart_etl_dag.py for tasks to queue
[2024-12-06T22:58:51.974+0000] {logging_mixin.py:190} INFO - [2024-12-06T22:58:51.973+0000] {dagbag.py:588} INFO - Filling up the DagBag from /opt/airflow/dags/instacart_etl_dag.py
[2024-12-06T22:58:52.937+0000] {processor.py:925} INFO - DAG(s) 'instacart_etl_pl' retrieved from /opt/airflow/dags/instacart_etl_dag.py
[2024-12-06T22:58:52.979+0000] {logging_mixin.py:190} INFO - [2024-12-06T22:58:52.978+0000] {dag.py:3239} INFO - Sync 1 DAGs
[2024-12-06T22:58:53.003+0000] {logging_mixin.py:190} INFO - [2024-12-06T22:58:53.003+0000] {dag.py:4180} INFO - Setting next_dagrun for instacart_etl_pl to None, run_after=None
[2024-12-06T22:58:53.040+0000] {processor.py:208} INFO - Processing /opt/airflow/dags/instacart_etl_dag.py took 1.079 seconds
[2024-12-06T22:59:23.246+0000] {processor.py:186} INFO - Started process (PID=1663) to work on /opt/airflow/dags/instacart_etl_dag.py
[2024-12-06T22:59:23.248+0000] {processor.py:914} INFO - Processing file /opt/airflow/dags/instacart_etl_dag.py for tasks to queue
[2024-12-06T22:59:23.252+0000] {logging_mixin.py:190} INFO - [2024-12-06T22:59:23.251+0000] {dagbag.py:588} INFO - Filling up the DagBag from /opt/airflow/dags/instacart_etl_dag.py
[2024-12-06T22:59:23.897+0000] {processor.py:925} INFO - DAG(s) 'instacart_etl_pl' retrieved from /opt/airflow/dags/instacart_etl_dag.py
[2024-12-06T22:59:23.939+0000] {logging_mixin.py:190} INFO - [2024-12-06T22:59:23.938+0000] {dag.py:3239} INFO - Sync 1 DAGs
[2024-12-06T22:59:23.960+0000] {logging_mixin.py:190} INFO - [2024-12-06T22:59:23.960+0000] {dag.py:4180} INFO - Setting next_dagrun for instacart_etl_pl to None, run_after=None
[2024-12-06T22:59:23.988+0000] {processor.py:208} INFO - Processing /opt/airflow/dags/instacart_etl_dag.py took 0.752 seconds
[2024-12-06T22:59:54.100+0000] {processor.py:186} INFO - Started process (PID=1681) to work on /opt/airflow/dags/instacart_etl_dag.py
[2024-12-06T22:59:54.101+0000] {processor.py:914} INFO - Processing file /opt/airflow/dags/instacart_etl_dag.py for tasks to queue
[2024-12-06T22:59:54.105+0000] {logging_mixin.py:190} INFO - [2024-12-06T22:59:54.104+0000] {dagbag.py:588} INFO - Filling up the DagBag from /opt/airflow/dags/instacart_etl_dag.py
[2024-12-06T22:59:54.823+0000] {processor.py:925} INFO - DAG(s) 'instacart_etl_pl' retrieved from /opt/airflow/dags/instacart_etl_dag.py
[2024-12-06T22:59:54.869+0000] {logging_mixin.py:190} INFO - [2024-12-06T22:59:54.869+0000] {dag.py:3239} INFO - Sync 1 DAGs
[2024-12-06T22:59:54.897+0000] {logging_mixin.py:190} INFO - [2024-12-06T22:59:54.897+0000] {dag.py:4180} INFO - Setting next_dagrun for instacart_etl_pl to None, run_after=None
[2024-12-06T22:59:54.933+0000] {processor.py:208} INFO - Processing /opt/airflow/dags/instacart_etl_dag.py took 0.845 seconds
[2024-12-06T23:00:25.090+0000] {processor.py:186} INFO - Started process (PID=1699) to work on /opt/airflow/dags/instacart_etl_dag.py
[2024-12-06T23:00:25.092+0000] {processor.py:914} INFO - Processing file /opt/airflow/dags/instacart_etl_dag.py for tasks to queue
[2024-12-06T23:00:25.099+0000] {logging_mixin.py:190} INFO - [2024-12-06T23:00:25.098+0000] {dagbag.py:588} INFO - Filling up the DagBag from /opt/airflow/dags/instacart_etl_dag.py
[2024-12-06T23:00:25.787+0000] {processor.py:925} INFO - DAG(s) 'instacart_etl_pl' retrieved from /opt/airflow/dags/instacart_etl_dag.py
[2024-12-06T23:00:25.827+0000] {logging_mixin.py:190} INFO - [2024-12-06T23:00:25.826+0000] {dag.py:3239} INFO - Sync 1 DAGs
[2024-12-06T23:00:25.854+0000] {logging_mixin.py:190} INFO - [2024-12-06T23:00:25.854+0000] {dag.py:4180} INFO - Setting next_dagrun for instacart_etl_pl to None, run_after=None
[2024-12-06T23:00:25.884+0000] {processor.py:208} INFO - Processing /opt/airflow/dags/instacart_etl_dag.py took 0.805 seconds
[2024-12-06T23:00:56.166+0000] {processor.py:186} INFO - Started process (PID=1718) to work on /opt/airflow/dags/instacart_etl_dag.py
[2024-12-06T23:00:56.168+0000] {processor.py:914} INFO - Processing file /opt/airflow/dags/instacart_etl_dag.py for tasks to queue
[2024-12-06T23:00:56.172+0000] {logging_mixin.py:190} INFO - [2024-12-06T23:00:56.171+0000] {dagbag.py:588} INFO - Filling up the DagBag from /opt/airflow/dags/instacart_etl_dag.py
[2024-12-06T23:00:56.618+0000] {processor.py:925} INFO - DAG(s) 'instacart_etl_pl' retrieved from /opt/airflow/dags/instacart_etl_dag.py
[2024-12-06T23:00:56.659+0000] {logging_mixin.py:190} INFO - [2024-12-06T23:00:56.659+0000] {dag.py:3239} INFO - Sync 1 DAGs
[2024-12-06T23:00:56.680+0000] {logging_mixin.py:190} INFO - [2024-12-06T23:00:56.680+0000] {dag.py:4180} INFO - Setting next_dagrun for instacart_etl_pl to None, run_after=None
[2024-12-06T23:00:56.712+0000] {processor.py:208} INFO - Processing /opt/airflow/dags/instacart_etl_dag.py took 0.557 seconds
[2024-12-06T23:01:27.370+0000] {processor.py:186} INFO - Started process (PID=1736) to work on /opt/airflow/dags/instacart_etl_dag.py
[2024-12-06T23:01:27.371+0000] {processor.py:914} INFO - Processing file /opt/airflow/dags/instacart_etl_dag.py for tasks to queue
[2024-12-06T23:01:27.375+0000] {logging_mixin.py:190} INFO - [2024-12-06T23:01:27.374+0000] {dagbag.py:588} INFO - Filling up the DagBag from /opt/airflow/dags/instacart_etl_dag.py
[2024-12-06T23:01:27.748+0000] {processor.py:925} INFO - DAG(s) 'instacart_etl_pl' retrieved from /opt/airflow/dags/instacart_etl_dag.py
[2024-12-06T23:01:27.770+0000] {logging_mixin.py:190} INFO - [2024-12-06T23:01:27.769+0000] {dag.py:3239} INFO - Sync 1 DAGs
[2024-12-06T23:01:27.788+0000] {logging_mixin.py:190} INFO - [2024-12-06T23:01:27.788+0000] {dag.py:4180} INFO - Setting next_dagrun for instacart_etl_pl to None, run_after=None
[2024-12-06T23:01:27.810+0000] {processor.py:208} INFO - Processing /opt/airflow/dags/instacart_etl_dag.py took 0.447 seconds
[2024-12-06T23:01:58.041+0000] {processor.py:186} INFO - Started process (PID=1754) to work on /opt/airflow/dags/instacart_etl_dag.py
[2024-12-06T23:01:58.042+0000] {processor.py:914} INFO - Processing file /opt/airflow/dags/instacart_etl_dag.py for tasks to queue
[2024-12-06T23:01:58.044+0000] {logging_mixin.py:190} INFO - [2024-12-06T23:01:58.044+0000] {dagbag.py:588} INFO - Filling up the DagBag from /opt/airflow/dags/instacart_etl_dag.py
[2024-12-06T23:01:58.415+0000] {processor.py:925} INFO - DAG(s) 'instacart_etl_pl' retrieved from /opt/airflow/dags/instacart_etl_dag.py
[2024-12-06T23:01:58.455+0000] {logging_mixin.py:190} INFO - [2024-12-06T23:01:58.454+0000] {dag.py:3239} INFO - Sync 1 DAGs
[2024-12-06T23:01:58.473+0000] {logging_mixin.py:190} INFO - [2024-12-06T23:01:58.472+0000] {dag.py:4180} INFO - Setting next_dagrun for instacart_etl_pl to None, run_after=None
[2024-12-06T23:01:58.502+0000] {processor.py:208} INFO - Processing /opt/airflow/dags/instacart_etl_dag.py took 0.467 seconds
[2024-12-06T23:02:28.770+0000] {processor.py:186} INFO - Started process (PID=1772) to work on /opt/airflow/dags/instacart_etl_dag.py
[2024-12-06T23:02:28.771+0000] {processor.py:914} INFO - Processing file /opt/airflow/dags/instacart_etl_dag.py for tasks to queue
[2024-12-06T23:02:28.775+0000] {logging_mixin.py:190} INFO - [2024-12-06T23:02:28.775+0000] {dagbag.py:588} INFO - Filling up the DagBag from /opt/airflow/dags/instacart_etl_dag.py
[2024-12-06T23:02:29.185+0000] {processor.py:925} INFO - DAG(s) 'instacart_etl_pl' retrieved from /opt/airflow/dags/instacart_etl_dag.py
[2024-12-06T23:02:29.209+0000] {logging_mixin.py:190} INFO - [2024-12-06T23:02:29.208+0000] {dag.py:3239} INFO - Sync 1 DAGs
[2024-12-06T23:02:29.225+0000] {logging_mixin.py:190} INFO - [2024-12-06T23:02:29.224+0000] {dag.py:4180} INFO - Setting next_dagrun for instacart_etl_pl to None, run_after=None
[2024-12-06T23:02:29.252+0000] {processor.py:208} INFO - Processing /opt/airflow/dags/instacart_etl_dag.py took 0.489 seconds
[2024-12-06T23:02:59.508+0000] {processor.py:186} INFO - Started process (PID=1790) to work on /opt/airflow/dags/instacart_etl_dag.py
[2024-12-06T23:02:59.510+0000] {processor.py:914} INFO - Processing file /opt/airflow/dags/instacart_etl_dag.py for tasks to queue
[2024-12-06T23:02:59.513+0000] {logging_mixin.py:190} INFO - [2024-12-06T23:02:59.512+0000] {dagbag.py:588} INFO - Filling up the DagBag from /opt/airflow/dags/instacart_etl_dag.py
[2024-12-06T23:02:59.910+0000] {processor.py:925} INFO - DAG(s) 'instacart_etl_pl' retrieved from /opt/airflow/dags/instacart_etl_dag.py
[2024-12-06T23:02:59.938+0000] {logging_mixin.py:190} INFO - [2024-12-06T23:02:59.937+0000] {dag.py:3239} INFO - Sync 1 DAGs
[2024-12-06T23:02:59.953+0000] {logging_mixin.py:190} INFO - [2024-12-06T23:02:59.953+0000] {dag.py:4180} INFO - Setting next_dagrun for instacart_etl_pl to None, run_after=None
[2024-12-06T23:02:59.972+0000] {processor.py:208} INFO - Processing /opt/airflow/dags/instacart_etl_dag.py took 0.473 seconds
[2024-12-06T23:03:30.234+0000] {processor.py:186} INFO - Started process (PID=1808) to work on /opt/airflow/dags/instacart_etl_dag.py
[2024-12-06T23:03:30.235+0000] {processor.py:914} INFO - Processing file /opt/airflow/dags/instacart_etl_dag.py for tasks to queue
[2024-12-06T23:03:30.238+0000] {logging_mixin.py:190} INFO - [2024-12-06T23:03:30.237+0000] {dagbag.py:588} INFO - Filling up the DagBag from /opt/airflow/dags/instacart_etl_dag.py
[2024-12-06T23:03:30.600+0000] {processor.py:925} INFO - DAG(s) 'instacart_etl_pl' retrieved from /opt/airflow/dags/instacart_etl_dag.py
[2024-12-06T23:03:30.625+0000] {logging_mixin.py:190} INFO - [2024-12-06T23:03:30.624+0000] {dag.py:3239} INFO - Sync 1 DAGs
[2024-12-06T23:03:30.640+0000] {logging_mixin.py:190} INFO - [2024-12-06T23:03:30.639+0000] {dag.py:4180} INFO - Setting next_dagrun for instacart_etl_pl to None, run_after=None
[2024-12-06T23:03:30.659+0000] {processor.py:208} INFO - Processing /opt/airflow/dags/instacart_etl_dag.py took 0.433 seconds
[2024-12-06T23:04:00.895+0000] {processor.py:186} INFO - Started process (PID=1826) to work on /opt/airflow/dags/instacart_etl_dag.py
[2024-12-06T23:04:00.896+0000] {processor.py:914} INFO - Processing file /opt/airflow/dags/instacart_etl_dag.py for tasks to queue
[2024-12-06T23:04:00.898+0000] {logging_mixin.py:190} INFO - [2024-12-06T23:04:00.898+0000] {dagbag.py:588} INFO - Filling up the DagBag from /opt/airflow/dags/instacart_etl_dag.py
[2024-12-06T23:04:01.213+0000] {processor.py:925} INFO - DAG(s) 'instacart_etl_pl' retrieved from /opt/airflow/dags/instacart_etl_dag.py
[2024-12-06T23:04:01.241+0000] {logging_mixin.py:190} INFO - [2024-12-06T23:04:01.241+0000] {dag.py:3239} INFO - Sync 1 DAGs
[2024-12-06T23:04:01.258+0000] {logging_mixin.py:190} INFO - [2024-12-06T23:04:01.257+0000] {dag.py:4180} INFO - Setting next_dagrun for instacart_etl_pl to None, run_after=None
[2024-12-06T23:04:01.279+0000] {processor.py:208} INFO - Processing /opt/airflow/dags/instacart_etl_dag.py took 0.391 seconds
[2024-12-06T23:04:31.536+0000] {processor.py:186} INFO - Started process (PID=1844) to work on /opt/airflow/dags/instacart_etl_dag.py
[2024-12-06T23:04:31.538+0000] {processor.py:914} INFO - Processing file /opt/airflow/dags/instacart_etl_dag.py for tasks to queue
[2024-12-06T23:04:31.540+0000] {logging_mixin.py:190} INFO - [2024-12-06T23:04:31.540+0000] {dagbag.py:588} INFO - Filling up the DagBag from /opt/airflow/dags/instacart_etl_dag.py
[2024-12-06T23:04:31.905+0000] {processor.py:925} INFO - DAG(s) 'instacart_etl_pl' retrieved from /opt/airflow/dags/instacart_etl_dag.py
[2024-12-06T23:04:31.932+0000] {logging_mixin.py:190} INFO - [2024-12-06T23:04:31.931+0000] {dag.py:3239} INFO - Sync 1 DAGs
[2024-12-06T23:04:31.948+0000] {logging_mixin.py:190} INFO - [2024-12-06T23:04:31.948+0000] {dag.py:4180} INFO - Setting next_dagrun for instacart_etl_pl to None, run_after=None
[2024-12-06T23:04:31.968+0000] {processor.py:208} INFO - Processing /opt/airflow/dags/instacart_etl_dag.py took 0.440 seconds
[2024-12-06T23:04:57.234+0000] {processor.py:186} INFO - Started process (PID=1856) to work on /opt/airflow/dags/instacart_etl_dag.py
[2024-12-06T23:04:57.235+0000] {processor.py:914} INFO - Processing file /opt/airflow/dags/instacart_etl_dag.py for tasks to queue
[2024-12-06T23:04:57.239+0000] {logging_mixin.py:190} INFO - [2024-12-06T23:04:57.238+0000] {dagbag.py:588} INFO - Filling up the DagBag from /opt/airflow/dags/instacart_etl_dag.py
[2024-12-06T23:04:57.647+0000] {processor.py:925} INFO - DAG(s) 'instacart_etl_pl' retrieved from /opt/airflow/dags/instacart_etl_dag.py
[2024-12-06T23:04:57.669+0000] {logging_mixin.py:190} INFO - [2024-12-06T23:04:57.668+0000] {dag.py:3239} INFO - Sync 1 DAGs
[2024-12-06T23:04:57.682+0000] {logging_mixin.py:190} INFO - [2024-12-06T23:04:57.682+0000] {dag.py:4180} INFO - Setting next_dagrun for instacart_etl_pl to None, run_after=None
[2024-12-06T23:04:57.713+0000] {processor.py:208} INFO - Processing /opt/airflow/dags/instacart_etl_dag.py took 0.486 seconds
[2024-12-06T23:05:27.936+0000] {processor.py:186} INFO - Started process (PID=1874) to work on /opt/airflow/dags/instacart_etl_dag.py
[2024-12-06T23:05:27.937+0000] {processor.py:914} INFO - Processing file /opt/airflow/dags/instacart_etl_dag.py for tasks to queue
[2024-12-06T23:05:27.940+0000] {logging_mixin.py:190} INFO - [2024-12-06T23:05:27.940+0000] {dagbag.py:588} INFO - Filling up the DagBag from /opt/airflow/dags/instacart_etl_dag.py
[2024-12-06T23:05:28.220+0000] {processor.py:925} INFO - DAG(s) 'instacart_etl_pl' retrieved from /opt/airflow/dags/instacart_etl_dag.py
[2024-12-06T23:05:28.243+0000] {logging_mixin.py:190} INFO - [2024-12-06T23:05:28.242+0000] {dag.py:3239} INFO - Sync 1 DAGs
[2024-12-06T23:05:28.256+0000] {logging_mixin.py:190} INFO - [2024-12-06T23:05:28.255+0000] {dag.py:4180} INFO - Setting next_dagrun for instacart_etl_pl to None, run_after=None
[2024-12-06T23:05:28.276+0000] {processor.py:208} INFO - Processing /opt/airflow/dags/instacart_etl_dag.py took 0.346 seconds
[2024-12-06T23:05:52.506+0000] {processor.py:186} INFO - Started process (PID=1892) to work on /opt/airflow/dags/instacart_etl_dag.py
[2024-12-06T23:05:52.509+0000] {processor.py:914} INFO - Processing file /opt/airflow/dags/instacart_etl_dag.py for tasks to queue
[2024-12-06T23:05:52.514+0000] {logging_mixin.py:190} INFO - [2024-12-06T23:05:52.513+0000] {dagbag.py:588} INFO - Filling up the DagBag from /opt/airflow/dags/instacart_etl_dag.py
[2024-12-06T23:05:52.840+0000] {processor.py:925} INFO - DAG(s) 'instacart_etl_pl' retrieved from /opt/airflow/dags/instacart_etl_dag.py
[2024-12-06T23:05:53.402+0000] {logging_mixin.py:190} INFO - [2024-12-06T23:05:53.402+0000] {dag.py:3239} INFO - Sync 1 DAGs
[2024-12-06T23:05:53.421+0000] {logging_mixin.py:190} INFO - [2024-12-06T23:05:53.421+0000] {dag.py:4180} INFO - Setting next_dagrun for instacart_etl_pl to None, run_after=None
[2024-12-06T23:05:53.457+0000] {processor.py:208} INFO - Processing /opt/airflow/dags/instacart_etl_dag.py took 0.957 seconds
[2024-12-06T23:06:07.045+0000] {processor.py:186} INFO - Started process (PID=1904) to work on /opt/airflow/dags/instacart_etl_dag.py
[2024-12-06T23:06:07.046+0000] {processor.py:914} INFO - Processing file /opt/airflow/dags/instacart_etl_dag.py for tasks to queue
[2024-12-06T23:06:07.049+0000] {logging_mixin.py:190} INFO - [2024-12-06T23:06:07.049+0000] {dagbag.py:588} INFO - Filling up the DagBag from /opt/airflow/dags/instacart_etl_dag.py
[2024-12-06T23:06:07.370+0000] {processor.py:925} INFO - DAG(s) 'instacart_etl_pl' retrieved from /opt/airflow/dags/instacart_etl_dag.py
[2024-12-06T23:06:07.380+0000] {logging_mixin.py:190} INFO - [2024-12-06T23:06:07.379+0000] {dag.py:3239} INFO - Sync 1 DAGs
[2024-12-06T23:06:07.393+0000] {logging_mixin.py:190} INFO - [2024-12-06T23:06:07.392+0000] {dag.py:4180} INFO - Setting next_dagrun for instacart_etl_pl to None, run_after=None
[2024-12-06T23:06:07.418+0000] {processor.py:208} INFO - Processing /opt/airflow/dags/instacart_etl_dag.py took 0.380 seconds
[2024-12-06T23:06:37.653+0000] {processor.py:186} INFO - Started process (PID=1922) to work on /opt/airflow/dags/instacart_etl_dag.py
[2024-12-06T23:06:37.653+0000] {processor.py:914} INFO - Processing file /opt/airflow/dags/instacart_etl_dag.py for tasks to queue
[2024-12-06T23:06:37.656+0000] {logging_mixin.py:190} INFO - [2024-12-06T23:06:37.656+0000] {dagbag.py:588} INFO - Filling up the DagBag from /opt/airflow/dags/instacart_etl_dag.py
[2024-12-06T23:06:37.924+0000] {processor.py:925} INFO - DAG(s) 'instacart_etl_pl' retrieved from /opt/airflow/dags/instacart_etl_dag.py
[2024-12-06T23:06:37.947+0000] {logging_mixin.py:190} INFO - [2024-12-06T23:06:37.947+0000] {dag.py:3239} INFO - Sync 1 DAGs
[2024-12-06T23:06:37.962+0000] {logging_mixin.py:190} INFO - [2024-12-06T23:06:37.962+0000] {dag.py:4180} INFO - Setting next_dagrun for instacart_etl_pl to None, run_after=None
[2024-12-06T23:06:37.983+0000] {processor.py:208} INFO - Processing /opt/airflow/dags/instacart_etl_dag.py took 0.337 seconds
[2024-12-06T23:07:08.249+0000] {processor.py:186} INFO - Started process (PID=1953) to work on /opt/airflow/dags/instacart_etl_dag.py
[2024-12-06T23:07:08.250+0000] {processor.py:914} INFO - Processing file /opt/airflow/dags/instacart_etl_dag.py for tasks to queue
[2024-12-06T23:07:08.253+0000] {logging_mixin.py:190} INFO - [2024-12-06T23:07:08.253+0000] {dagbag.py:588} INFO - Filling up the DagBag from /opt/airflow/dags/instacart_etl_dag.py
[2024-12-06T23:07:08.636+0000] {processor.py:925} INFO - DAG(s) 'instacart_etl_pl' retrieved from /opt/airflow/dags/instacart_etl_dag.py
[2024-12-06T23:07:08.662+0000] {logging_mixin.py:190} INFO - [2024-12-06T23:07:08.662+0000] {dag.py:3239} INFO - Sync 1 DAGs
[2024-12-06T23:07:08.675+0000] {logging_mixin.py:190} INFO - [2024-12-06T23:07:08.674+0000] {dag.py:4180} INFO - Setting next_dagrun for instacart_etl_pl to None, run_after=None
[2024-12-06T23:07:08.695+0000] {processor.py:208} INFO - Processing /opt/airflow/dags/instacart_etl_dag.py took 0.454 seconds
[2024-12-06T23:07:40.094+0000] {processor.py:186} INFO - Started process (PID=1971) to work on /opt/airflow/dags/instacart_etl_dag.py
[2024-12-06T23:07:40.100+0000] {processor.py:914} INFO - Processing file /opt/airflow/dags/instacart_etl_dag.py for tasks to queue
[2024-12-06T23:07:40.103+0000] {logging_mixin.py:190} INFO - [2024-12-06T23:07:40.102+0000] {dagbag.py:588} INFO - Filling up the DagBag from /opt/airflow/dags/instacart_etl_dag.py
[2024-12-06T23:07:40.564+0000] {processor.py:925} INFO - DAG(s) 'instacart_etl_pl' retrieved from /opt/airflow/dags/instacart_etl_dag.py
[2024-12-06T23:07:41.032+0000] {logging_mixin.py:190} INFO - [2024-12-06T23:07:41.031+0000] {dag.py:3239} INFO - Sync 1 DAGs
[2024-12-06T23:07:41.052+0000] {logging_mixin.py:190} INFO - [2024-12-06T23:07:41.052+0000] {dag.py:4180} INFO - Setting next_dagrun for instacart_etl_pl to None, run_after=None
[2024-12-06T23:07:42.007+0000] {processor.py:208} INFO - Processing /opt/airflow/dags/instacart_etl_dag.py took 1.923 seconds
[2024-12-06T23:08:12.270+0000] {processor.py:186} INFO - Started process (PID=1989) to work on /opt/airflow/dags/instacart_etl_dag.py
[2024-12-06T23:08:12.271+0000] {processor.py:914} INFO - Processing file /opt/airflow/dags/instacart_etl_dag.py for tasks to queue
[2024-12-06T23:08:12.274+0000] {logging_mixin.py:190} INFO - [2024-12-06T23:08:12.274+0000] {dagbag.py:588} INFO - Filling up the DagBag from /opt/airflow/dags/instacart_etl_dag.py
[2024-12-06T23:08:12.757+0000] {processor.py:925} INFO - DAG(s) 'instacart_etl_pl' retrieved from /opt/airflow/dags/instacart_etl_dag.py
[2024-12-06T23:08:12.797+0000] {logging_mixin.py:190} INFO - [2024-12-06T23:08:12.797+0000] {dag.py:3239} INFO - Sync 1 DAGs
[2024-12-06T23:08:12.824+0000] {logging_mixin.py:190} INFO - [2024-12-06T23:08:12.824+0000] {dag.py:4180} INFO - Setting next_dagrun for instacart_etl_pl to None, run_after=None
[2024-12-06T23:08:12.856+0000] {processor.py:208} INFO - Processing /opt/airflow/dags/instacart_etl_dag.py took 0.596 seconds
[2024-12-06T23:08:43.127+0000] {processor.py:186} INFO - Started process (PID=2007) to work on /opt/airflow/dags/instacart_etl_dag.py
[2024-12-06T23:08:43.129+0000] {processor.py:914} INFO - Processing file /opt/airflow/dags/instacart_etl_dag.py for tasks to queue
[2024-12-06T23:08:43.132+0000] {logging_mixin.py:190} INFO - [2024-12-06T23:08:43.131+0000] {dagbag.py:588} INFO - Filling up the DagBag from /opt/airflow/dags/instacart_etl_dag.py
[2024-12-06T23:08:43.604+0000] {processor.py:925} INFO - DAG(s) 'instacart_etl_pl' retrieved from /opt/airflow/dags/instacart_etl_dag.py
[2024-12-06T23:08:43.641+0000] {logging_mixin.py:190} INFO - [2024-12-06T23:08:43.640+0000] {dag.py:3239} INFO - Sync 1 DAGs
[2024-12-06T23:08:43.658+0000] {logging_mixin.py:190} INFO - [2024-12-06T23:08:43.658+0000] {dag.py:4180} INFO - Setting next_dagrun for instacart_etl_pl to None, run_after=None
[2024-12-06T23:08:43.683+0000] {processor.py:208} INFO - Processing /opt/airflow/dags/instacart_etl_dag.py took 0.563 seconds
[2024-12-06T23:09:13.926+0000] {processor.py:186} INFO - Started process (PID=2025) to work on /opt/airflow/dags/instacart_etl_dag.py
[2024-12-06T23:09:13.930+0000] {processor.py:914} INFO - Processing file /opt/airflow/dags/instacart_etl_dag.py for tasks to queue
[2024-12-06T23:09:14.061+0000] {logging_mixin.py:190} INFO - [2024-12-06T23:09:14.060+0000] {dagbag.py:588} INFO - Filling up the DagBag from /opt/airflow/dags/instacart_etl_dag.py
[2024-12-06T23:09:14.675+0000] {processor.py:925} INFO - DAG(s) 'instacart_etl_pl' retrieved from /opt/airflow/dags/instacart_etl_dag.py
[2024-12-06T23:09:14.704+0000] {logging_mixin.py:190} INFO - [2024-12-06T23:09:14.704+0000] {dag.py:3239} INFO - Sync 1 DAGs
[2024-12-06T23:09:14.915+0000] {logging_mixin.py:190} INFO - [2024-12-06T23:09:14.915+0000] {dag.py:4180} INFO - Setting next_dagrun for instacart_etl_pl to None, run_after=None
[2024-12-06T23:09:15.236+0000] {processor.py:208} INFO - Processing /opt/airflow/dags/instacart_etl_dag.py took 1.320 seconds
[2024-12-06T23:09:45.478+0000] {processor.py:186} INFO - Started process (PID=2043) to work on /opt/airflow/dags/instacart_etl_dag.py
[2024-12-06T23:09:45.479+0000] {processor.py:914} INFO - Processing file /opt/airflow/dags/instacart_etl_dag.py for tasks to queue
[2024-12-06T23:09:45.482+0000] {logging_mixin.py:190} INFO - [2024-12-06T23:09:45.482+0000] {dagbag.py:588} INFO - Filling up the DagBag from /opt/airflow/dags/instacart_etl_dag.py
[2024-12-06T23:09:45.808+0000] {processor.py:925} INFO - DAG(s) 'instacart_etl_pl' retrieved from /opt/airflow/dags/instacart_etl_dag.py
[2024-12-06T23:09:45.832+0000] {logging_mixin.py:190} INFO - [2024-12-06T23:09:45.831+0000] {dag.py:3239} INFO - Sync 1 DAGs
[2024-12-06T23:09:45.846+0000] {logging_mixin.py:190} INFO - [2024-12-06T23:09:45.845+0000] {dag.py:4180} INFO - Setting next_dagrun for instacart_etl_pl to None, run_after=None
[2024-12-06T23:09:45.870+0000] {processor.py:208} INFO - Processing /opt/airflow/dags/instacart_etl_dag.py took 0.398 seconds
[2024-12-06T23:10:16.107+0000] {processor.py:186} INFO - Started process (PID=2061) to work on /opt/airflow/dags/instacart_etl_dag.py
[2024-12-06T23:10:16.109+0000] {processor.py:914} INFO - Processing file /opt/airflow/dags/instacart_etl_dag.py for tasks to queue
[2024-12-06T23:10:16.111+0000] {logging_mixin.py:190} INFO - [2024-12-06T23:10:16.111+0000] {dagbag.py:588} INFO - Filling up the DagBag from /opt/airflow/dags/instacart_etl_dag.py
[2024-12-06T23:10:16.412+0000] {processor.py:925} INFO - DAG(s) 'instacart_etl_pl' retrieved from /opt/airflow/dags/instacart_etl_dag.py
[2024-12-06T23:10:16.437+0000] {logging_mixin.py:190} INFO - [2024-12-06T23:10:16.437+0000] {dag.py:3239} INFO - Sync 1 DAGs
[2024-12-06T23:10:16.452+0000] {logging_mixin.py:190} INFO - [2024-12-06T23:10:16.451+0000] {dag.py:4180} INFO - Setting next_dagrun for instacart_etl_pl to None, run_after=None
[2024-12-06T23:10:16.473+0000] {processor.py:208} INFO - Processing /opt/airflow/dags/instacart_etl_dag.py took 0.373 seconds
[2024-12-06T23:10:46.760+0000] {processor.py:186} INFO - Started process (PID=2079) to work on /opt/airflow/dags/instacart_etl_dag.py
[2024-12-06T23:10:46.761+0000] {processor.py:914} INFO - Processing file /opt/airflow/dags/instacart_etl_dag.py for tasks to queue
[2024-12-06T23:10:46.765+0000] {logging_mixin.py:190} INFO - [2024-12-06T23:10:46.764+0000] {dagbag.py:588} INFO - Filling up the DagBag from /opt/airflow/dags/instacart_etl_dag.py
[2024-12-06T23:10:47.142+0000] {processor.py:925} INFO - DAG(s) 'instacart_etl_pl' retrieved from /opt/airflow/dags/instacart_etl_dag.py
[2024-12-06T23:10:47.172+0000] {logging_mixin.py:190} INFO - [2024-12-06T23:10:47.172+0000] {dag.py:3239} INFO - Sync 1 DAGs
[2024-12-06T23:10:47.191+0000] {logging_mixin.py:190} INFO - [2024-12-06T23:10:47.191+0000] {dag.py:4180} INFO - Setting next_dagrun for instacart_etl_pl to None, run_after=None
[2024-12-06T23:10:47.217+0000] {processor.py:208} INFO - Processing /opt/airflow/dags/instacart_etl_dag.py took 0.465 seconds
[2024-12-06T23:11:17.986+0000] {processor.py:186} INFO - Started process (PID=2097) to work on /opt/airflow/dags/instacart_etl_dag.py
[2024-12-06T23:11:17.988+0000] {processor.py:914} INFO - Processing file /opt/airflow/dags/instacart_etl_dag.py for tasks to queue
[2024-12-06T23:11:17.991+0000] {logging_mixin.py:190} INFO - [2024-12-06T23:11:17.991+0000] {dagbag.py:588} INFO - Filling up the DagBag from /opt/airflow/dags/instacart_etl_dag.py
[2024-12-06T23:11:18.347+0000] {processor.py:925} INFO - DAG(s) 'instacart_etl_pl' retrieved from /opt/airflow/dags/instacart_etl_dag.py
[2024-12-06T23:11:18.376+0000] {logging_mixin.py:190} INFO - [2024-12-06T23:11:18.375+0000] {dag.py:3239} INFO - Sync 1 DAGs
[2024-12-06T23:11:18.390+0000] {logging_mixin.py:190} INFO - [2024-12-06T23:11:18.390+0000] {dag.py:4180} INFO - Setting next_dagrun for instacart_etl_pl to None, run_after=None
[2024-12-06T23:11:18.410+0000] {processor.py:208} INFO - Processing /opt/airflow/dags/instacart_etl_dag.py took 0.436 seconds
[2024-12-06T23:11:48.670+0000] {processor.py:186} INFO - Started process (PID=2115) to work on /opt/airflow/dags/instacart_etl_dag.py
[2024-12-06T23:11:48.671+0000] {processor.py:914} INFO - Processing file /opt/airflow/dags/instacart_etl_dag.py for tasks to queue
[2024-12-06T23:11:48.675+0000] {logging_mixin.py:190} INFO - [2024-12-06T23:11:48.674+0000] {dagbag.py:588} INFO - Filling up the DagBag from /opt/airflow/dags/instacart_etl_dag.py
[2024-12-06T23:11:49.073+0000] {processor.py:925} INFO - DAG(s) 'instacart_etl_pl' retrieved from /opt/airflow/dags/instacart_etl_dag.py
[2024-12-06T23:11:49.104+0000] {logging_mixin.py:190} INFO - [2024-12-06T23:11:49.103+0000] {dag.py:3239} INFO - Sync 1 DAGs
[2024-12-06T23:11:49.121+0000] {logging_mixin.py:190} INFO - [2024-12-06T23:11:49.121+0000] {dag.py:4180} INFO - Setting next_dagrun for instacart_etl_pl to None, run_after=None
[2024-12-06T23:11:49.148+0000] {processor.py:208} INFO - Processing /opt/airflow/dags/instacart_etl_dag.py took 0.484 seconds
[2024-12-06T23:12:19.380+0000] {processor.py:186} INFO - Started process (PID=2133) to work on /opt/airflow/dags/instacart_etl_dag.py
[2024-12-06T23:12:19.381+0000] {processor.py:914} INFO - Processing file /opt/airflow/dags/instacart_etl_dag.py for tasks to queue
[2024-12-06T23:12:19.385+0000] {logging_mixin.py:190} INFO - [2024-12-06T23:12:19.384+0000] {dagbag.py:588} INFO - Filling up the DagBag from /opt/airflow/dags/instacart_etl_dag.py
[2024-12-06T23:12:19.713+0000] {processor.py:925} INFO - DAG(s) 'instacart_etl_pl' retrieved from /opt/airflow/dags/instacart_etl_dag.py
[2024-12-06T23:12:19.746+0000] {logging_mixin.py:190} INFO - [2024-12-06T23:12:19.745+0000] {dag.py:3239} INFO - Sync 1 DAGs
[2024-12-06T23:12:19.766+0000] {logging_mixin.py:190} INFO - [2024-12-06T23:12:19.766+0000] {dag.py:4180} INFO - Setting next_dagrun for instacart_etl_pl to None, run_after=None
[2024-12-06T23:12:19.787+0000] {processor.py:208} INFO - Processing /opt/airflow/dags/instacart_etl_dag.py took 0.418 seconds
[2024-12-06T23:12:50.047+0000] {processor.py:186} INFO - Started process (PID=2157) to work on /opt/airflow/dags/instacart_etl_dag.py
[2024-12-06T23:12:50.049+0000] {processor.py:914} INFO - Processing file /opt/airflow/dags/instacart_etl_dag.py for tasks to queue
[2024-12-06T23:12:50.053+0000] {logging_mixin.py:190} INFO - [2024-12-06T23:12:50.052+0000] {dagbag.py:588} INFO - Filling up the DagBag from /opt/airflow/dags/instacart_etl_dag.py
[2024-12-06T23:12:50.466+0000] {processor.py:925} INFO - DAG(s) 'instacart_etl_pl' retrieved from /opt/airflow/dags/instacart_etl_dag.py
[2024-12-06T23:12:50.511+0000] {logging_mixin.py:190} INFO - [2024-12-06T23:12:50.510+0000] {dag.py:3239} INFO - Sync 1 DAGs
[2024-12-06T23:12:50.536+0000] {logging_mixin.py:190} INFO - [2024-12-06T23:12:50.536+0000] {dag.py:4180} INFO - Setting next_dagrun for instacart_etl_pl to None, run_after=None
[2024-12-06T23:12:50.571+0000] {processor.py:208} INFO - Processing /opt/airflow/dags/instacart_etl_dag.py took 0.532 seconds
[2024-12-06T23:13:20.728+0000] {processor.py:186} INFO - Started process (PID=2175) to work on /opt/airflow/dags/instacart_etl_dag.py
[2024-12-06T23:13:20.729+0000] {processor.py:914} INFO - Processing file /opt/airflow/dags/instacart_etl_dag.py for tasks to queue
[2024-12-06T23:13:20.733+0000] {logging_mixin.py:190} INFO - [2024-12-06T23:13:20.733+0000] {dagbag.py:588} INFO - Filling up the DagBag from /opt/airflow/dags/instacart_etl_dag.py
[2024-12-06T23:13:21.121+0000] {processor.py:925} INFO - DAG(s) 'instacart_etl_pl' retrieved from /opt/airflow/dags/instacart_etl_dag.py
[2024-12-06T23:13:21.160+0000] {logging_mixin.py:190} INFO - [2024-12-06T23:13:21.159+0000] {dag.py:3239} INFO - Sync 1 DAGs
[2024-12-06T23:13:21.182+0000] {logging_mixin.py:190} INFO - [2024-12-06T23:13:21.181+0000] {dag.py:4180} INFO - Setting next_dagrun for instacart_etl_pl to None, run_after=None
[2024-12-06T23:13:21.210+0000] {processor.py:208} INFO - Processing /opt/airflow/dags/instacart_etl_dag.py took 0.490 seconds
[2024-12-06T23:13:51.306+0000] {processor.py:186} INFO - Started process (PID=2193) to work on /opt/airflow/dags/instacart_etl_dag.py
[2024-12-06T23:13:51.307+0000] {processor.py:914} INFO - Processing file /opt/airflow/dags/instacart_etl_dag.py for tasks to queue
[2024-12-06T23:13:51.309+0000] {logging_mixin.py:190} INFO - [2024-12-06T23:13:51.309+0000] {dagbag.py:588} INFO - Filling up the DagBag from /opt/airflow/dags/instacart_etl_dag.py
[2024-12-06T23:13:51.591+0000] {processor.py:925} INFO - DAG(s) 'instacart_etl_pl' retrieved from /opt/airflow/dags/instacart_etl_dag.py
[2024-12-06T23:13:51.612+0000] {logging_mixin.py:190} INFO - [2024-12-06T23:13:51.612+0000] {dag.py:3239} INFO - Sync 1 DAGs
[2024-12-06T23:13:51.624+0000] {logging_mixin.py:190} INFO - [2024-12-06T23:13:51.624+0000] {dag.py:4180} INFO - Setting next_dagrun for instacart_etl_pl to None, run_after=None
[2024-12-06T23:13:51.644+0000] {processor.py:208} INFO - Processing /opt/airflow/dags/instacart_etl_dag.py took 0.344 seconds
[2024-12-06T23:14:21.874+0000] {processor.py:186} INFO - Started process (PID=2212) to work on /opt/airflow/dags/instacart_etl_dag.py
[2024-12-06T23:14:21.875+0000] {processor.py:914} INFO - Processing file /opt/airflow/dags/instacart_etl_dag.py for tasks to queue
[2024-12-06T23:14:21.877+0000] {logging_mixin.py:190} INFO - [2024-12-06T23:14:21.877+0000] {dagbag.py:588} INFO - Filling up the DagBag from /opt/airflow/dags/instacart_etl_dag.py
[2024-12-06T23:14:22.178+0000] {processor.py:925} INFO - DAG(s) 'instacart_etl_pl' retrieved from /opt/airflow/dags/instacart_etl_dag.py
[2024-12-06T23:14:22.205+0000] {logging_mixin.py:190} INFO - [2024-12-06T23:14:22.204+0000] {dag.py:3239} INFO - Sync 1 DAGs
[2024-12-06T23:14:22.221+0000] {logging_mixin.py:190} INFO - [2024-12-06T23:14:22.221+0000] {dag.py:4180} INFO - Setting next_dagrun for instacart_etl_pl to None, run_after=None
[2024-12-06T23:14:22.241+0000] {processor.py:208} INFO - Processing /opt/airflow/dags/instacart_etl_dag.py took 0.373 seconds
[2024-12-06T23:14:52.540+0000] {processor.py:186} INFO - Started process (PID=2230) to work on /opt/airflow/dags/instacart_etl_dag.py
[2024-12-06T23:14:52.541+0000] {processor.py:914} INFO - Processing file /opt/airflow/dags/instacart_etl_dag.py for tasks to queue
[2024-12-06T23:14:52.544+0000] {logging_mixin.py:190} INFO - [2024-12-06T23:14:52.543+0000] {dagbag.py:588} INFO - Filling up the DagBag from /opt/airflow/dags/instacart_etl_dag.py
[2024-12-06T23:14:52.830+0000] {processor.py:925} INFO - DAG(s) 'instacart_etl_pl' retrieved from /opt/airflow/dags/instacart_etl_dag.py
[2024-12-06T23:14:52.860+0000] {logging_mixin.py:190} INFO - [2024-12-06T23:14:52.859+0000] {dag.py:3239} INFO - Sync 1 DAGs
[2024-12-06T23:14:52.875+0000] {logging_mixin.py:190} INFO - [2024-12-06T23:14:52.875+0000] {dag.py:4180} INFO - Setting next_dagrun for instacart_etl_pl to None, run_after=None
[2024-12-06T23:14:52.896+0000] {processor.py:208} INFO - Processing /opt/airflow/dags/instacart_etl_dag.py took 0.362 seconds
[2024-12-06T23:15:23.136+0000] {processor.py:186} INFO - Started process (PID=2248) to work on /opt/airflow/dags/instacart_etl_dag.py
[2024-12-06T23:15:23.137+0000] {processor.py:914} INFO - Processing file /opt/airflow/dags/instacart_etl_dag.py for tasks to queue
[2024-12-06T23:15:23.140+0000] {logging_mixin.py:190} INFO - [2024-12-06T23:15:23.140+0000] {dagbag.py:588} INFO - Filling up the DagBag from /opt/airflow/dags/instacart_etl_dag.py
[2024-12-06T23:15:23.440+0000] {processor.py:925} INFO - DAG(s) 'instacart_etl_pl' retrieved from /opt/airflow/dags/instacart_etl_dag.py
[2024-12-06T23:15:23.460+0000] {logging_mixin.py:190} INFO - [2024-12-06T23:15:23.460+0000] {dag.py:3239} INFO - Sync 1 DAGs
[2024-12-06T23:15:23.472+0000] {logging_mixin.py:190} INFO - [2024-12-06T23:15:23.472+0000] {dag.py:4180} INFO - Setting next_dagrun for instacart_etl_pl to None, run_after=None
[2024-12-06T23:15:23.493+0000] {processor.py:208} INFO - Processing /opt/airflow/dags/instacart_etl_dag.py took 0.363 seconds
[2024-12-06T23:15:53.724+0000] {processor.py:186} INFO - Started process (PID=2266) to work on /opt/airflow/dags/instacart_etl_dag.py
[2024-12-06T23:15:53.725+0000] {processor.py:914} INFO - Processing file /opt/airflow/dags/instacart_etl_dag.py for tasks to queue
[2024-12-06T23:15:53.727+0000] {logging_mixin.py:190} INFO - [2024-12-06T23:15:53.727+0000] {dagbag.py:588} INFO - Filling up the DagBag from /opt/airflow/dags/instacart_etl_dag.py
[2024-12-06T23:15:54.029+0000] {processor.py:925} INFO - DAG(s) 'instacart_etl_pl' retrieved from /opt/airflow/dags/instacart_etl_dag.py
[2024-12-06T23:15:54.052+0000] {logging_mixin.py:190} INFO - [2024-12-06T23:15:54.052+0000] {dag.py:3239} INFO - Sync 1 DAGs
[2024-12-06T23:15:54.069+0000] {logging_mixin.py:190} INFO - [2024-12-06T23:15:54.069+0000] {dag.py:4180} INFO - Setting next_dagrun for instacart_etl_pl to None, run_after=None
[2024-12-06T23:15:54.090+0000] {processor.py:208} INFO - Processing /opt/airflow/dags/instacart_etl_dag.py took 0.372 seconds
[2024-12-06T23:16:24.330+0000] {processor.py:186} INFO - Started process (PID=2284) to work on /opt/airflow/dags/instacart_etl_dag.py
[2024-12-06T23:16:24.331+0000] {processor.py:914} INFO - Processing file /opt/airflow/dags/instacart_etl_dag.py for tasks to queue
[2024-12-06T23:16:24.334+0000] {logging_mixin.py:190} INFO - [2024-12-06T23:16:24.333+0000] {dagbag.py:588} INFO - Filling up the DagBag from /opt/airflow/dags/instacart_etl_dag.py
[2024-12-06T23:16:24.628+0000] {processor.py:925} INFO - DAG(s) 'instacart_etl_pl' retrieved from /opt/airflow/dags/instacart_etl_dag.py
[2024-12-06T23:16:24.649+0000] {logging_mixin.py:190} INFO - [2024-12-06T23:16:24.648+0000] {dag.py:3239} INFO - Sync 1 DAGs
[2024-12-06T23:16:24.662+0000] {logging_mixin.py:190} INFO - [2024-12-06T23:16:24.661+0000] {dag.py:4180} INFO - Setting next_dagrun for instacart_etl_pl to None, run_after=None
[2024-12-06T23:16:24.683+0000] {processor.py:208} INFO - Processing /opt/airflow/dags/instacart_etl_dag.py took 0.360 seconds
[2024-12-06T23:16:54.923+0000] {processor.py:186} INFO - Started process (PID=2302) to work on /opt/airflow/dags/instacart_etl_dag.py
[2024-12-06T23:16:54.924+0000] {processor.py:914} INFO - Processing file /opt/airflow/dags/instacart_etl_dag.py for tasks to queue
[2024-12-06T23:16:54.927+0000] {logging_mixin.py:190} INFO - [2024-12-06T23:16:54.926+0000] {dagbag.py:588} INFO - Filling up the DagBag from /opt/airflow/dags/instacart_etl_dag.py
[2024-12-06T23:16:55.210+0000] {processor.py:925} INFO - DAG(s) 'instacart_etl_pl' retrieved from /opt/airflow/dags/instacart_etl_dag.py
[2024-12-06T23:16:55.233+0000] {logging_mixin.py:190} INFO - [2024-12-06T23:16:55.233+0000] {dag.py:3239} INFO - Sync 1 DAGs
[2024-12-06T23:16:55.246+0000] {logging_mixin.py:190} INFO - [2024-12-06T23:16:55.245+0000] {dag.py:4180} INFO - Setting next_dagrun for instacart_etl_pl to None, run_after=None
[2024-12-06T23:16:55.268+0000] {processor.py:208} INFO - Processing /opt/airflow/dags/instacart_etl_dag.py took 0.351 seconds
[2024-12-06T23:17:25.493+0000] {processor.py:186} INFO - Started process (PID=2320) to work on /opt/airflow/dags/instacart_etl_dag.py
[2024-12-06T23:17:25.494+0000] {processor.py:914} INFO - Processing file /opt/airflow/dags/instacart_etl_dag.py for tasks to queue
[2024-12-06T23:17:25.496+0000] {logging_mixin.py:190} INFO - [2024-12-06T23:17:25.496+0000] {dagbag.py:588} INFO - Filling up the DagBag from /opt/airflow/dags/instacart_etl_dag.py
[2024-12-06T23:17:25.810+0000] {processor.py:925} INFO - DAG(s) 'instacart_etl_pl' retrieved from /opt/airflow/dags/instacart_etl_dag.py
[2024-12-06T23:17:25.835+0000] {logging_mixin.py:190} INFO - [2024-12-06T23:17:25.835+0000] {dag.py:3239} INFO - Sync 1 DAGs
[2024-12-06T23:17:25.848+0000] {logging_mixin.py:190} INFO - [2024-12-06T23:17:25.847+0000] {dag.py:4180} INFO - Setting next_dagrun for instacart_etl_pl to None, run_after=None
[2024-12-06T23:17:25.872+0000] {processor.py:208} INFO - Processing /opt/airflow/dags/instacart_etl_dag.py took 0.385 seconds
[2024-12-06T23:17:56.100+0000] {processor.py:186} INFO - Started process (PID=2338) to work on /opt/airflow/dags/instacart_etl_dag.py
[2024-12-06T23:17:56.101+0000] {processor.py:914} INFO - Processing file /opt/airflow/dags/instacart_etl_dag.py for tasks to queue
[2024-12-06T23:17:56.103+0000] {logging_mixin.py:190} INFO - [2024-12-06T23:17:56.102+0000] {dagbag.py:588} INFO - Filling up the DagBag from /opt/airflow/dags/instacart_etl_dag.py
[2024-12-06T23:17:56.369+0000] {processor.py:925} INFO - DAG(s) 'instacart_etl_pl' retrieved from /opt/airflow/dags/instacart_etl_dag.py
[2024-12-06T23:17:56.392+0000] {logging_mixin.py:190} INFO - [2024-12-06T23:17:56.392+0000] {dag.py:3239} INFO - Sync 1 DAGs
[2024-12-06T23:17:56.406+0000] {logging_mixin.py:190} INFO - [2024-12-06T23:17:56.405+0000] {dag.py:4180} INFO - Setting next_dagrun for instacart_etl_pl to None, run_after=None
[2024-12-06T23:17:56.425+0000] {processor.py:208} INFO - Processing /opt/airflow/dags/instacart_etl_dag.py took 0.331 seconds
[2024-12-06T23:18:26.644+0000] {processor.py:186} INFO - Started process (PID=2356) to work on /opt/airflow/dags/instacart_etl_dag.py
[2024-12-06T23:18:26.645+0000] {processor.py:914} INFO - Processing file /opt/airflow/dags/instacart_etl_dag.py for tasks to queue
[2024-12-06T23:18:26.647+0000] {logging_mixin.py:190} INFO - [2024-12-06T23:18:26.647+0000] {dagbag.py:588} INFO - Filling up the DagBag from /opt/airflow/dags/instacart_etl_dag.py
[2024-12-06T23:18:26.915+0000] {processor.py:925} INFO - DAG(s) 'instacart_etl_pl' retrieved from /opt/airflow/dags/instacart_etl_dag.py
[2024-12-06T23:18:26.937+0000] {logging_mixin.py:190} INFO - [2024-12-06T23:18:26.936+0000] {dag.py:3239} INFO - Sync 1 DAGs
[2024-12-06T23:18:26.950+0000] {logging_mixin.py:190} INFO - [2024-12-06T23:18:26.950+0000] {dag.py:4180} INFO - Setting next_dagrun for instacart_etl_pl to None, run_after=None
[2024-12-06T23:18:26.971+0000] {processor.py:208} INFO - Processing /opt/airflow/dags/instacart_etl_dag.py took 0.333 seconds
[2024-12-06T23:18:57.237+0000] {processor.py:186} INFO - Started process (PID=2374) to work on /opt/airflow/dags/instacart_etl_dag.py
[2024-12-06T23:18:57.238+0000] {processor.py:914} INFO - Processing file /opt/airflow/dags/instacart_etl_dag.py for tasks to queue
[2024-12-06T23:18:57.241+0000] {logging_mixin.py:190} INFO - [2024-12-06T23:18:57.240+0000] {dagbag.py:588} INFO - Filling up the DagBag from /opt/airflow/dags/instacart_etl_dag.py
[2024-12-06T23:18:57.628+0000] {processor.py:925} INFO - DAG(s) 'instacart_etl_pl' retrieved from /opt/airflow/dags/instacart_etl_dag.py
[2024-12-06T23:18:57.668+0000] {logging_mixin.py:190} INFO - [2024-12-06T23:18:57.668+0000] {dag.py:3239} INFO - Sync 1 DAGs
[2024-12-06T23:18:57.694+0000] {logging_mixin.py:190} INFO - [2024-12-06T23:18:57.693+0000] {dag.py:4180} INFO - Setting next_dagrun for instacart_etl_pl to None, run_after=None
[2024-12-06T23:18:57.719+0000] {processor.py:208} INFO - Processing /opt/airflow/dags/instacart_etl_dag.py took 0.489 seconds
[2024-12-06T23:19:28.020+0000] {processor.py:186} INFO - Started process (PID=2392) to work on /opt/airflow/dags/instacart_etl_dag.py
[2024-12-06T23:19:28.021+0000] {processor.py:914} INFO - Processing file /opt/airflow/dags/instacart_etl_dag.py for tasks to queue
[2024-12-06T23:19:28.025+0000] {logging_mixin.py:190} INFO - [2024-12-06T23:19:28.025+0000] {dagbag.py:588} INFO - Filling up the DagBag from /opt/airflow/dags/instacart_etl_dag.py
[2024-12-06T23:19:28.470+0000] {processor.py:925} INFO - DAG(s) 'instacart_etl_pl' retrieved from /opt/airflow/dags/instacart_etl_dag.py
[2024-12-06T23:19:28.501+0000] {logging_mixin.py:190} INFO - [2024-12-06T23:19:28.501+0000] {dag.py:3239} INFO - Sync 1 DAGs
[2024-12-06T23:19:28.518+0000] {logging_mixin.py:190} INFO - [2024-12-06T23:19:28.518+0000] {dag.py:4180} INFO - Setting next_dagrun for instacart_etl_pl to None, run_after=None
[2024-12-06T23:19:28.541+0000] {processor.py:208} INFO - Processing /opt/airflow/dags/instacart_etl_dag.py took 0.531 seconds
[2024-12-06T23:19:58.883+0000] {processor.py:186} INFO - Started process (PID=2410) to work on /opt/airflow/dags/instacart_etl_dag.py
[2024-12-06T23:19:58.884+0000] {processor.py:914} INFO - Processing file /opt/airflow/dags/instacart_etl_dag.py for tasks to queue
[2024-12-06T23:19:58.887+0000] {logging_mixin.py:190} INFO - [2024-12-06T23:19:58.886+0000] {dagbag.py:588} INFO - Filling up the DagBag from /opt/airflow/dags/instacart_etl_dag.py
[2024-12-06T23:19:59.239+0000] {processor.py:925} INFO - DAG(s) 'instacart_etl_pl' retrieved from /opt/airflow/dags/instacart_etl_dag.py
[2024-12-06T23:19:59.265+0000] {logging_mixin.py:190} INFO - [2024-12-06T23:19:59.264+0000] {dag.py:3239} INFO - Sync 1 DAGs
[2024-12-06T23:19:59.280+0000] {logging_mixin.py:190} INFO - [2024-12-06T23:19:59.280+0000] {dag.py:4180} INFO - Setting next_dagrun for instacart_etl_pl to None, run_after=None
[2024-12-06T23:19:59.308+0000] {processor.py:208} INFO - Processing /opt/airflow/dags/instacart_etl_dag.py took 0.432 seconds
[2024-12-06T23:20:29.582+0000] {processor.py:186} INFO - Started process (PID=2428) to work on /opt/airflow/dags/instacart_etl_dag.py
[2024-12-06T23:20:29.584+0000] {processor.py:914} INFO - Processing file /opt/airflow/dags/instacart_etl_dag.py for tasks to queue
[2024-12-06T23:20:29.589+0000] {logging_mixin.py:190} INFO - [2024-12-06T23:20:29.589+0000] {dagbag.py:588} INFO - Filling up the DagBag from /opt/airflow/dags/instacart_etl_dag.py
[2024-12-06T23:20:29.961+0000] {processor.py:925} INFO - DAG(s) 'instacart_etl_pl' retrieved from /opt/airflow/dags/instacart_etl_dag.py
[2024-12-06T23:20:29.986+0000] {logging_mixin.py:190} INFO - [2024-12-06T23:20:29.986+0000] {dag.py:3239} INFO - Sync 1 DAGs
[2024-12-06T23:20:30.002+0000] {logging_mixin.py:190} INFO - [2024-12-06T23:20:30.001+0000] {dag.py:4180} INFO - Setting next_dagrun for instacart_etl_pl to None, run_after=None
[2024-12-06T23:20:30.024+0000] {processor.py:208} INFO - Processing /opt/airflow/dags/instacart_etl_dag.py took 0.451 seconds
[2024-12-06T23:21:00.319+0000] {processor.py:186} INFO - Started process (PID=2446) to work on /opt/airflow/dags/instacart_etl_dag.py
[2024-12-06T23:21:00.320+0000] {processor.py:914} INFO - Processing file /opt/airflow/dags/instacart_etl_dag.py for tasks to queue
[2024-12-06T23:21:00.323+0000] {logging_mixin.py:190} INFO - [2024-12-06T23:21:00.323+0000] {dagbag.py:588} INFO - Filling up the DagBag from /opt/airflow/dags/instacart_etl_dag.py
[2024-12-06T23:21:00.695+0000] {processor.py:925} INFO - DAG(s) 'instacart_etl_pl' retrieved from /opt/airflow/dags/instacart_etl_dag.py
[2024-12-06T23:21:00.727+0000] {logging_mixin.py:190} INFO - [2024-12-06T23:21:00.726+0000] {dag.py:3239} INFO - Sync 1 DAGs
[2024-12-06T23:21:00.754+0000] {logging_mixin.py:190} INFO - [2024-12-06T23:21:00.754+0000] {dag.py:4180} INFO - Setting next_dagrun for instacart_etl_pl to None, run_after=None
[2024-12-06T23:21:00.782+0000] {processor.py:208} INFO - Processing /opt/airflow/dags/instacart_etl_dag.py took 0.471 seconds
[2024-12-06T23:21:31.557+0000] {processor.py:186} INFO - Started process (PID=2464) to work on /opt/airflow/dags/instacart_etl_dag.py
[2024-12-06T23:21:31.560+0000] {processor.py:914} INFO - Processing file /opt/airflow/dags/instacart_etl_dag.py for tasks to queue
[2024-12-06T23:21:31.564+0000] {logging_mixin.py:190} INFO - [2024-12-06T23:21:31.563+0000] {dagbag.py:588} INFO - Filling up the DagBag from /opt/airflow/dags/instacart_etl_dag.py
[2024-12-06T23:21:31.993+0000] {processor.py:925} INFO - DAG(s) 'instacart_etl_pl' retrieved from /opt/airflow/dags/instacart_etl_dag.py
[2024-12-06T23:21:32.042+0000] {logging_mixin.py:190} INFO - [2024-12-06T23:21:32.039+0000] {dag.py:3239} INFO - Sync 1 DAGs
[2024-12-06T23:21:32.071+0000] {logging_mixin.py:190} INFO - [2024-12-06T23:21:32.070+0000] {dag.py:4180} INFO - Setting next_dagrun for instacart_etl_pl to None, run_after=None
[2024-12-06T23:21:32.112+0000] {processor.py:208} INFO - Processing /opt/airflow/dags/instacart_etl_dag.py took 0.565 seconds
[2024-12-06T23:22:02.404+0000] {processor.py:186} INFO - Started process (PID=2482) to work on /opt/airflow/dags/instacart_etl_dag.py
[2024-12-06T23:22:02.405+0000] {processor.py:914} INFO - Processing file /opt/airflow/dags/instacart_etl_dag.py for tasks to queue
[2024-12-06T23:22:02.408+0000] {logging_mixin.py:190} INFO - [2024-12-06T23:22:02.408+0000] {dagbag.py:588} INFO - Filling up the DagBag from /opt/airflow/dags/instacart_etl_dag.py
[2024-12-06T23:22:02.814+0000] {processor.py:925} INFO - DAG(s) 'instacart_etl_pl' retrieved from /opt/airflow/dags/instacart_etl_dag.py
[2024-12-06T23:22:02.864+0000] {logging_mixin.py:190} INFO - [2024-12-06T23:22:02.862+0000] {dag.py:3239} INFO - Sync 1 DAGs
[2024-12-06T23:22:02.896+0000] {logging_mixin.py:190} INFO - [2024-12-06T23:22:02.895+0000] {dag.py:4180} INFO - Setting next_dagrun for instacart_etl_pl to None, run_after=None
[2024-12-06T23:22:02.932+0000] {processor.py:208} INFO - Processing /opt/airflow/dags/instacart_etl_dag.py took 0.535 seconds
[2024-12-06T23:22:33.219+0000] {processor.py:186} INFO - Started process (PID=2500) to work on /opt/airflow/dags/instacart_etl_dag.py
[2024-12-06T23:22:33.221+0000] {processor.py:914} INFO - Processing file /opt/airflow/dags/instacart_etl_dag.py for tasks to queue
[2024-12-06T23:22:33.232+0000] {logging_mixin.py:190} INFO - [2024-12-06T23:22:33.231+0000] {dagbag.py:588} INFO - Filling up the DagBag from /opt/airflow/dags/instacart_etl_dag.py
[2024-12-06T23:22:34.418+0000] {processor.py:925} INFO - DAG(s) 'instacart_etl_pl' retrieved from /opt/airflow/dags/instacart_etl_dag.py
[2024-12-06T23:22:34.524+0000] {logging_mixin.py:190} INFO - [2024-12-06T23:22:34.523+0000] {dag.py:3239} INFO - Sync 1 DAGs
[2024-12-06T23:22:34.549+0000] {logging_mixin.py:190} INFO - [2024-12-06T23:22:34.549+0000] {dag.py:4180} INFO - Setting next_dagrun for instacart_etl_pl to None, run_after=None
[2024-12-06T23:22:34.579+0000] {processor.py:208} INFO - Processing /opt/airflow/dags/instacart_etl_dag.py took 1.372 seconds
[2024-12-06T23:23:04.877+0000] {processor.py:186} INFO - Started process (PID=2518) to work on /opt/airflow/dags/instacart_etl_dag.py
[2024-12-06T23:23:04.879+0000] {processor.py:914} INFO - Processing file /opt/airflow/dags/instacart_etl_dag.py for tasks to queue
[2024-12-06T23:23:04.883+0000] {logging_mixin.py:190} INFO - [2024-12-06T23:23:04.883+0000] {dagbag.py:588} INFO - Filling up the DagBag from /opt/airflow/dags/instacart_etl_dag.py
[2024-12-06T23:23:05.419+0000] {processor.py:925} INFO - DAG(s) 'instacart_etl_pl' retrieved from /opt/airflow/dags/instacart_etl_dag.py
[2024-12-06T23:23:05.446+0000] {logging_mixin.py:190} INFO - [2024-12-06T23:23:05.445+0000] {dag.py:3239} INFO - Sync 1 DAGs
[2024-12-06T23:23:05.462+0000] {logging_mixin.py:190} INFO - [2024-12-06T23:23:05.462+0000] {dag.py:4180} INFO - Setting next_dagrun for instacart_etl_pl to None, run_after=None
[2024-12-06T23:23:05.488+0000] {processor.py:208} INFO - Processing /opt/airflow/dags/instacart_etl_dag.py took 0.624 seconds
[2024-12-06T23:23:35.698+0000] {processor.py:186} INFO - Started process (PID=2536) to work on /opt/airflow/dags/instacart_etl_dag.py
[2024-12-06T23:23:35.701+0000] {processor.py:914} INFO - Processing file /opt/airflow/dags/instacart_etl_dag.py for tasks to queue
[2024-12-06T23:23:35.705+0000] {logging_mixin.py:190} INFO - [2024-12-06T23:23:35.704+0000] {dagbag.py:588} INFO - Filling up the DagBag from /opt/airflow/dags/instacart_etl_dag.py
[2024-12-06T23:23:36.252+0000] {processor.py:925} INFO - DAG(s) 'instacart_etl_pl' retrieved from /opt/airflow/dags/instacart_etl_dag.py
[2024-12-06T23:23:36.295+0000] {logging_mixin.py:190} INFO - [2024-12-06T23:23:36.294+0000] {dag.py:3239} INFO - Sync 1 DAGs
[2024-12-06T23:23:36.323+0000] {logging_mixin.py:190} INFO - [2024-12-06T23:23:36.323+0000] {dag.py:4180} INFO - Setting next_dagrun for instacart_etl_pl to None, run_after=None
[2024-12-06T23:23:36.364+0000] {processor.py:208} INFO - Processing /opt/airflow/dags/instacart_etl_dag.py took 0.676 seconds
[2024-12-06T23:24:06.650+0000] {processor.py:186} INFO - Started process (PID=2554) to work on /opt/airflow/dags/instacart_etl_dag.py
[2024-12-06T23:24:06.651+0000] {processor.py:914} INFO - Processing file /opt/airflow/dags/instacart_etl_dag.py for tasks to queue
[2024-12-06T23:24:06.659+0000] {logging_mixin.py:190} INFO - [2024-12-06T23:24:06.657+0000] {dagbag.py:588} INFO - Filling up the DagBag from /opt/airflow/dags/instacart_etl_dag.py
[2024-12-06T23:24:07.197+0000] {processor.py:925} INFO - DAG(s) 'instacart_etl_pl' retrieved from /opt/airflow/dags/instacart_etl_dag.py
[2024-12-06T23:24:07.226+0000] {logging_mixin.py:190} INFO - [2024-12-06T23:24:07.225+0000] {dag.py:3239} INFO - Sync 1 DAGs
[2024-12-06T23:24:07.245+0000] {logging_mixin.py:190} INFO - [2024-12-06T23:24:07.245+0000] {dag.py:4180} INFO - Setting next_dagrun for instacart_etl_pl to None, run_after=None
[2024-12-06T23:24:07.274+0000] {processor.py:208} INFO - Processing /opt/airflow/dags/instacart_etl_dag.py took 0.632 seconds
[2024-12-06T23:24:37.549+0000] {processor.py:186} INFO - Started process (PID=2572) to work on /opt/airflow/dags/instacart_etl_dag.py
[2024-12-06T23:24:37.550+0000] {processor.py:914} INFO - Processing file /opt/airflow/dags/instacart_etl_dag.py for tasks to queue
[2024-12-06T23:24:37.553+0000] {logging_mixin.py:190} INFO - [2024-12-06T23:24:37.552+0000] {dagbag.py:588} INFO - Filling up the DagBag from /opt/airflow/dags/instacart_etl_dag.py
[2024-12-06T23:24:37.879+0000] {processor.py:925} INFO - DAG(s) 'instacart_etl_pl' retrieved from /opt/airflow/dags/instacart_etl_dag.py
[2024-12-06T23:24:37.906+0000] {logging_mixin.py:190} INFO - [2024-12-06T23:24:37.906+0000] {dag.py:3239} INFO - Sync 1 DAGs
[2024-12-06T23:24:37.923+0000] {logging_mixin.py:190} INFO - [2024-12-06T23:24:37.923+0000] {dag.py:4180} INFO - Setting next_dagrun for instacart_etl_pl to None, run_after=None
[2024-12-06T23:24:37.944+0000] {processor.py:208} INFO - Processing /opt/airflow/dags/instacart_etl_dag.py took 0.402 seconds
[2024-12-06T23:25:08.290+0000] {processor.py:186} INFO - Started process (PID=2590) to work on /opt/airflow/dags/instacart_etl_dag.py
[2024-12-06T23:25:08.292+0000] {processor.py:914} INFO - Processing file /opt/airflow/dags/instacart_etl_dag.py for tasks to queue
[2024-12-06T23:25:08.300+0000] {logging_mixin.py:190} INFO - [2024-12-06T23:25:08.298+0000] {dagbag.py:588} INFO - Filling up the DagBag from /opt/airflow/dags/instacart_etl_dag.py
[2024-12-06T23:25:08.797+0000] {processor.py:925} INFO - DAG(s) 'instacart_etl_pl' retrieved from /opt/airflow/dags/instacart_etl_dag.py
[2024-12-06T23:25:08.824+0000] {logging_mixin.py:190} INFO - [2024-12-06T23:25:08.824+0000] {dag.py:3239} INFO - Sync 1 DAGs
[2024-12-06T23:25:08.841+0000] {logging_mixin.py:190} INFO - [2024-12-06T23:25:08.840+0000] {dag.py:4180} INFO - Setting next_dagrun for instacart_etl_pl to None, run_after=None
[2024-12-06T23:25:08.866+0000] {processor.py:208} INFO - Processing /opt/airflow/dags/instacart_etl_dag.py took 0.596 seconds
[2024-12-06T23:25:39.084+0000] {processor.py:186} INFO - Started process (PID=2608) to work on /opt/airflow/dags/instacart_etl_dag.py
[2024-12-06T23:25:39.086+0000] {processor.py:914} INFO - Processing file /opt/airflow/dags/instacart_etl_dag.py for tasks to queue
[2024-12-06T23:25:39.091+0000] {logging_mixin.py:190} INFO - [2024-12-06T23:25:39.091+0000] {dagbag.py:588} INFO - Filling up the DagBag from /opt/airflow/dags/instacart_etl_dag.py
[2024-12-06T23:25:39.426+0000] {processor.py:925} INFO - DAG(s) 'instacart_etl_pl' retrieved from /opt/airflow/dags/instacart_etl_dag.py
[2024-12-06T23:25:39.448+0000] {logging_mixin.py:190} INFO - [2024-12-06T23:25:39.448+0000] {dag.py:3239} INFO - Sync 1 DAGs
[2024-12-06T23:25:39.461+0000] {logging_mixin.py:190} INFO - [2024-12-06T23:25:39.461+0000] {dag.py:4180} INFO - Setting next_dagrun for instacart_etl_pl to None, run_after=None
[2024-12-06T23:25:39.482+0000] {processor.py:208} INFO - Processing /opt/airflow/dags/instacart_etl_dag.py took 0.405 seconds
[2024-12-06T23:26:09.693+0000] {processor.py:186} INFO - Started process (PID=2626) to work on /opt/airflow/dags/instacart_etl_dag.py
[2024-12-06T23:26:09.694+0000] {processor.py:914} INFO - Processing file /opt/airflow/dags/instacart_etl_dag.py for tasks to queue
[2024-12-06T23:26:09.696+0000] {logging_mixin.py:190} INFO - [2024-12-06T23:26:09.696+0000] {dagbag.py:588} INFO - Filling up the DagBag from /opt/airflow/dags/instacart_etl_dag.py
[2024-12-06T23:26:10.029+0000] {processor.py:925} INFO - DAG(s) 'instacart_etl_pl' retrieved from /opt/airflow/dags/instacart_etl_dag.py
[2024-12-06T23:26:10.055+0000] {logging_mixin.py:190} INFO - [2024-12-06T23:26:10.055+0000] {dag.py:3239} INFO - Sync 1 DAGs
[2024-12-06T23:26:10.072+0000] {logging_mixin.py:190} INFO - [2024-12-06T23:26:10.072+0000] {dag.py:4180} INFO - Setting next_dagrun for instacart_etl_pl to None, run_after=None
[2024-12-06T23:26:10.093+0000] {processor.py:208} INFO - Processing /opt/airflow/dags/instacart_etl_dag.py took 0.407 seconds
[2024-12-06T23:26:40.346+0000] {processor.py:186} INFO - Started process (PID=2644) to work on /opt/airflow/dags/instacart_etl_dag.py
[2024-12-06T23:26:40.347+0000] {processor.py:914} INFO - Processing file /opt/airflow/dags/instacart_etl_dag.py for tasks to queue
[2024-12-06T23:26:40.350+0000] {logging_mixin.py:190} INFO - [2024-12-06T23:26:40.349+0000] {dagbag.py:588} INFO - Filling up the DagBag from /opt/airflow/dags/instacart_etl_dag.py
[2024-12-06T23:26:40.647+0000] {processor.py:925} INFO - DAG(s) 'instacart_etl_pl' retrieved from /opt/airflow/dags/instacart_etl_dag.py
[2024-12-06T23:26:40.673+0000] {logging_mixin.py:190} INFO - [2024-12-06T23:26:40.672+0000] {dag.py:3239} INFO - Sync 1 DAGs
[2024-12-06T23:26:40.687+0000] {logging_mixin.py:190} INFO - [2024-12-06T23:26:40.686+0000] {dag.py:4180} INFO - Setting next_dagrun for instacart_etl_pl to None, run_after=None
[2024-12-06T23:26:40.704+0000] {processor.py:208} INFO - Processing /opt/airflow/dags/instacart_etl_dag.py took 0.367 seconds
[2024-12-06T23:27:10.937+0000] {processor.py:186} INFO - Started process (PID=2662) to work on /opt/airflow/dags/instacart_etl_dag.py
[2024-12-06T23:27:10.938+0000] {processor.py:914} INFO - Processing file /opt/airflow/dags/instacart_etl_dag.py for tasks to queue
[2024-12-06T23:27:10.940+0000] {logging_mixin.py:190} INFO - [2024-12-06T23:27:10.940+0000] {dagbag.py:588} INFO - Filling up the DagBag from /opt/airflow/dags/instacart_etl_dag.py
[2024-12-06T23:27:11.209+0000] {processor.py:925} INFO - DAG(s) 'instacart_etl_pl' retrieved from /opt/airflow/dags/instacart_etl_dag.py
[2024-12-06T23:27:11.230+0000] {logging_mixin.py:190} INFO - [2024-12-06T23:27:11.230+0000] {dag.py:3239} INFO - Sync 1 DAGs
[2024-12-06T23:27:11.242+0000] {logging_mixin.py:190} INFO - [2024-12-06T23:27:11.242+0000] {dag.py:4180} INFO - Setting next_dagrun for instacart_etl_pl to None, run_after=None
[2024-12-06T23:27:11.260+0000] {processor.py:208} INFO - Processing /opt/airflow/dags/instacart_etl_dag.py took 0.328 seconds
[2024-12-06T23:27:41.501+0000] {processor.py:186} INFO - Started process (PID=2680) to work on /opt/airflow/dags/instacart_etl_dag.py
[2024-12-06T23:27:41.502+0000] {processor.py:914} INFO - Processing file /opt/airflow/dags/instacart_etl_dag.py for tasks to queue
[2024-12-06T23:27:41.505+0000] {logging_mixin.py:190} INFO - [2024-12-06T23:27:41.504+0000] {dagbag.py:588} INFO - Filling up the DagBag from /opt/airflow/dags/instacart_etl_dag.py
[2024-12-06T23:27:41.805+0000] {processor.py:925} INFO - DAG(s) 'instacart_etl_pl' retrieved from /opt/airflow/dags/instacart_etl_dag.py
[2024-12-06T23:27:41.830+0000] {logging_mixin.py:190} INFO - [2024-12-06T23:27:41.830+0000] {dag.py:3239} INFO - Sync 1 DAGs
[2024-12-06T23:27:41.843+0000] {logging_mixin.py:190} INFO - [2024-12-06T23:27:41.843+0000] {dag.py:4180} INFO - Setting next_dagrun for instacart_etl_pl to None, run_after=None
[2024-12-06T23:27:41.869+0000] {processor.py:208} INFO - Processing /opt/airflow/dags/instacart_etl_dag.py took 0.375 seconds
[2024-12-06T23:28:12.110+0000] {processor.py:186} INFO - Started process (PID=2698) to work on /opt/airflow/dags/instacart_etl_dag.py
[2024-12-06T23:28:12.111+0000] {processor.py:914} INFO - Processing file /opt/airflow/dags/instacart_etl_dag.py for tasks to queue
[2024-12-06T23:28:12.114+0000] {logging_mixin.py:190} INFO - [2024-12-06T23:28:12.114+0000] {dagbag.py:588} INFO - Filling up the DagBag from /opt/airflow/dags/instacart_etl_dag.py
[2024-12-06T23:28:12.395+0000] {processor.py:925} INFO - DAG(s) 'instacart_etl_pl' retrieved from /opt/airflow/dags/instacart_etl_dag.py
[2024-12-06T23:28:12.416+0000] {logging_mixin.py:190} INFO - [2024-12-06T23:28:12.415+0000] {dag.py:3239} INFO - Sync 1 DAGs
[2024-12-06T23:28:12.429+0000] {logging_mixin.py:190} INFO - [2024-12-06T23:28:12.429+0000] {dag.py:4180} INFO - Setting next_dagrun for instacart_etl_pl to None, run_after=None
[2024-12-06T23:28:12.446+0000] {processor.py:208} INFO - Processing /opt/airflow/dags/instacart_etl_dag.py took 0.342 seconds
[2024-12-06T23:28:42.685+0000] {processor.py:186} INFO - Started process (PID=2716) to work on /opt/airflow/dags/instacart_etl_dag.py
[2024-12-06T23:28:42.686+0000] {processor.py:914} INFO - Processing file /opt/airflow/dags/instacart_etl_dag.py for tasks to queue
[2024-12-06T23:28:42.689+0000] {logging_mixin.py:190} INFO - [2024-12-06T23:28:42.688+0000] {dagbag.py:588} INFO - Filling up the DagBag from /opt/airflow/dags/instacart_etl_dag.py
[2024-12-06T23:28:42.987+0000] {processor.py:925} INFO - DAG(s) 'instacart_etl_pl' retrieved from /opt/airflow/dags/instacart_etl_dag.py
[2024-12-06T23:28:43.011+0000] {logging_mixin.py:190} INFO - [2024-12-06T23:28:43.010+0000] {dag.py:3239} INFO - Sync 1 DAGs
[2024-12-06T23:28:43.025+0000] {logging_mixin.py:190} INFO - [2024-12-06T23:28:43.025+0000] {dag.py:4180} INFO - Setting next_dagrun for instacart_etl_pl to None, run_after=None
[2024-12-06T23:28:43.048+0000] {processor.py:208} INFO - Processing /opt/airflow/dags/instacart_etl_dag.py took 0.369 seconds
[2024-12-06T23:29:13.282+0000] {processor.py:186} INFO - Started process (PID=2734) to work on /opt/airflow/dags/instacart_etl_dag.py
[2024-12-06T23:29:13.284+0000] {processor.py:914} INFO - Processing file /opt/airflow/dags/instacart_etl_dag.py for tasks to queue
[2024-12-06T23:29:13.286+0000] {logging_mixin.py:190} INFO - [2024-12-06T23:29:13.286+0000] {dagbag.py:588} INFO - Filling up the DagBag from /opt/airflow/dags/instacart_etl_dag.py
[2024-12-06T23:29:13.575+0000] {processor.py:925} INFO - DAG(s) 'instacart_etl_pl' retrieved from /opt/airflow/dags/instacart_etl_dag.py
[2024-12-06T23:29:13.596+0000] {logging_mixin.py:190} INFO - [2024-12-06T23:29:13.596+0000] {dag.py:3239} INFO - Sync 1 DAGs
[2024-12-06T23:29:13.610+0000] {logging_mixin.py:190} INFO - [2024-12-06T23:29:13.610+0000] {dag.py:4180} INFO - Setting next_dagrun for instacart_etl_pl to None, run_after=None
[2024-12-06T23:29:13.631+0000] {processor.py:208} INFO - Processing /opt/airflow/dags/instacart_etl_dag.py took 0.356 seconds
[2024-12-06T23:29:43.870+0000] {processor.py:186} INFO - Started process (PID=2752) to work on /opt/airflow/dags/instacart_etl_dag.py
[2024-12-06T23:29:43.871+0000] {processor.py:914} INFO - Processing file /opt/airflow/dags/instacart_etl_dag.py for tasks to queue
[2024-12-06T23:29:43.873+0000] {logging_mixin.py:190} INFO - [2024-12-06T23:29:43.873+0000] {dagbag.py:588} INFO - Filling up the DagBag from /opt/airflow/dags/instacart_etl_dag.py
[2024-12-06T23:29:44.182+0000] {processor.py:925} INFO - DAG(s) 'instacart_etl_pl' retrieved from /opt/airflow/dags/instacart_etl_dag.py
[2024-12-06T23:29:44.204+0000] {logging_mixin.py:190} INFO - [2024-12-06T23:29:44.204+0000] {dag.py:3239} INFO - Sync 1 DAGs
[2024-12-06T23:29:44.218+0000] {logging_mixin.py:190} INFO - [2024-12-06T23:29:44.218+0000] {dag.py:4180} INFO - Setting next_dagrun for instacart_etl_pl to None, run_after=None
[2024-12-06T23:29:44.237+0000] {processor.py:208} INFO - Processing /opt/airflow/dags/instacart_etl_dag.py took 0.374 seconds
[2024-12-06T23:30:14.468+0000] {processor.py:186} INFO - Started process (PID=2770) to work on /opt/airflow/dags/instacart_etl_dag.py
[2024-12-06T23:30:14.469+0000] {processor.py:914} INFO - Processing file /opt/airflow/dags/instacart_etl_dag.py for tasks to queue
[2024-12-06T23:30:14.472+0000] {logging_mixin.py:190} INFO - [2024-12-06T23:30:14.471+0000] {dagbag.py:588} INFO - Filling up the DagBag from /opt/airflow/dags/instacart_etl_dag.py
[2024-12-06T23:30:14.791+0000] {processor.py:925} INFO - DAG(s) 'instacart_etl_pl' retrieved from /opt/airflow/dags/instacart_etl_dag.py
[2024-12-06T23:30:14.815+0000] {logging_mixin.py:190} INFO - [2024-12-06T23:30:14.814+0000] {dag.py:3239} INFO - Sync 1 DAGs
[2024-12-06T23:30:14.830+0000] {logging_mixin.py:190} INFO - [2024-12-06T23:30:14.830+0000] {dag.py:4180} INFO - Setting next_dagrun for instacart_etl_pl to None, run_after=None
[2024-12-06T23:30:14.852+0000] {processor.py:208} INFO - Processing /opt/airflow/dags/instacart_etl_dag.py took 0.389 seconds
[2024-12-06T23:30:45.096+0000] {processor.py:186} INFO - Started process (PID=2788) to work on /opt/airflow/dags/instacart_etl_dag.py
[2024-12-06T23:30:45.097+0000] {processor.py:914} INFO - Processing file /opt/airflow/dags/instacart_etl_dag.py for tasks to queue
[2024-12-06T23:30:45.100+0000] {logging_mixin.py:190} INFO - [2024-12-06T23:30:45.100+0000] {dagbag.py:588} INFO - Filling up the DagBag from /opt/airflow/dags/instacart_etl_dag.py
[2024-12-06T23:30:45.417+0000] {processor.py:925} INFO - DAG(s) 'instacart_etl_pl' retrieved from /opt/airflow/dags/instacart_etl_dag.py
[2024-12-06T23:30:45.441+0000] {logging_mixin.py:190} INFO - [2024-12-06T23:30:45.440+0000] {dag.py:3239} INFO - Sync 1 DAGs
[2024-12-06T23:30:45.453+0000] {logging_mixin.py:190} INFO - [2024-12-06T23:30:45.453+0000] {dag.py:4180} INFO - Setting next_dagrun for instacart_etl_pl to None, run_after=None
[2024-12-06T23:30:45.475+0000] {processor.py:208} INFO - Processing /opt/airflow/dags/instacart_etl_dag.py took 0.385 seconds
[2024-12-06T23:31:15.715+0000] {processor.py:186} INFO - Started process (PID=2806) to work on /opt/airflow/dags/instacart_etl_dag.py
[2024-12-06T23:31:15.716+0000] {processor.py:914} INFO - Processing file /opt/airflow/dags/instacart_etl_dag.py for tasks to queue
[2024-12-06T23:31:15.719+0000] {logging_mixin.py:190} INFO - [2024-12-06T23:31:15.719+0000] {dagbag.py:588} INFO - Filling up the DagBag from /opt/airflow/dags/instacart_etl_dag.py
[2024-12-06T23:31:16.009+0000] {processor.py:925} INFO - DAG(s) 'instacart_etl_pl' retrieved from /opt/airflow/dags/instacart_etl_dag.py
[2024-12-06T23:31:16.033+0000] {logging_mixin.py:190} INFO - [2024-12-06T23:31:16.032+0000] {dag.py:3239} INFO - Sync 1 DAGs
[2024-12-06T23:31:16.048+0000] {logging_mixin.py:190} INFO - [2024-12-06T23:31:16.047+0000] {dag.py:4180} INFO - Setting next_dagrun for instacart_etl_pl to None, run_after=None
[2024-12-06T23:31:16.070+0000] {processor.py:208} INFO - Processing /opt/airflow/dags/instacart_etl_dag.py took 0.361 seconds
[2024-12-06T23:31:46.354+0000] {processor.py:186} INFO - Started process (PID=2824) to work on /opt/airflow/dags/instacart_etl_dag.py
[2024-12-06T23:31:46.356+0000] {processor.py:914} INFO - Processing file /opt/airflow/dags/instacart_etl_dag.py for tasks to queue
[2024-12-06T23:31:46.361+0000] {logging_mixin.py:190} INFO - [2024-12-06T23:31:46.360+0000] {dagbag.py:588} INFO - Filling up the DagBag from /opt/airflow/dags/instacart_etl_dag.py
[2024-12-06T23:31:47.036+0000] {processor.py:925} INFO - DAG(s) 'instacart_etl_pl' retrieved from /opt/airflow/dags/instacart_etl_dag.py
[2024-12-06T23:31:47.071+0000] {logging_mixin.py:190} INFO - [2024-12-06T23:31:47.071+0000] {dag.py:3239} INFO - Sync 1 DAGs
[2024-12-06T23:31:47.095+0000] {logging_mixin.py:190} INFO - [2024-12-06T23:31:47.095+0000] {dag.py:4180} INFO - Setting next_dagrun for instacart_etl_pl to None, run_after=None
[2024-12-06T23:31:47.142+0000] {processor.py:208} INFO - Processing /opt/airflow/dags/instacart_etl_dag.py took 0.800 seconds
[2024-12-06T23:32:17.296+0000] {processor.py:186} INFO - Started process (PID=2842) to work on /opt/airflow/dags/instacart_etl_dag.py
[2024-12-06T23:32:17.297+0000] {processor.py:914} INFO - Processing file /opt/airflow/dags/instacart_etl_dag.py for tasks to queue
[2024-12-06T23:32:17.301+0000] {logging_mixin.py:190} INFO - [2024-12-06T23:32:17.301+0000] {dagbag.py:588} INFO - Filling up the DagBag from /opt/airflow/dags/instacart_etl_dag.py
[2024-12-06T23:32:17.825+0000] {processor.py:925} INFO - DAG(s) 'instacart_etl_pl' retrieved from /opt/airflow/dags/instacart_etl_dag.py
[2024-12-06T23:32:17.864+0000] {logging_mixin.py:190} INFO - [2024-12-06T23:32:17.863+0000] {dag.py:3239} INFO - Sync 1 DAGs
[2024-12-06T23:32:17.888+0000] {logging_mixin.py:190} INFO - [2024-12-06T23:32:17.887+0000] {dag.py:4180} INFO - Setting next_dagrun for instacart_etl_pl to None, run_after=None
[2024-12-06T23:32:17.917+0000] {processor.py:208} INFO - Processing /opt/airflow/dags/instacart_etl_dag.py took 0.628 seconds
[2024-12-06T23:32:48.208+0000] {processor.py:186} INFO - Started process (PID=2860) to work on /opt/airflow/dags/instacart_etl_dag.py
[2024-12-06T23:32:48.212+0000] {processor.py:914} INFO - Processing file /opt/airflow/dags/instacart_etl_dag.py for tasks to queue
[2024-12-06T23:32:48.217+0000] {logging_mixin.py:190} INFO - [2024-12-06T23:32:48.216+0000] {dagbag.py:588} INFO - Filling up the DagBag from /opt/airflow/dags/instacart_etl_dag.py
[2024-12-06T23:32:48.789+0000] {processor.py:925} INFO - DAG(s) 'instacart_etl_pl' retrieved from /opt/airflow/dags/instacart_etl_dag.py
[2024-12-06T23:32:48.856+0000] {logging_mixin.py:190} INFO - [2024-12-06T23:32:48.855+0000] {dag.py:3239} INFO - Sync 1 DAGs
[2024-12-06T23:32:48.887+0000] {logging_mixin.py:190} INFO - [2024-12-06T23:32:48.887+0000] {dag.py:4180} INFO - Setting next_dagrun for instacart_etl_pl to None, run_after=None
[2024-12-06T23:32:48.940+0000] {processor.py:208} INFO - Processing /opt/airflow/dags/instacart_etl_dag.py took 0.746 seconds
[2024-12-06T23:33:19.244+0000] {processor.py:186} INFO - Started process (PID=2878) to work on /opt/airflow/dags/instacart_etl_dag.py
[2024-12-06T23:33:19.246+0000] {processor.py:914} INFO - Processing file /opt/airflow/dags/instacart_etl_dag.py for tasks to queue
[2024-12-06T23:33:19.249+0000] {logging_mixin.py:190} INFO - [2024-12-06T23:33:19.248+0000] {dagbag.py:588} INFO - Filling up the DagBag from /opt/airflow/dags/instacart_etl_dag.py
[2024-12-06T23:33:19.781+0000] {processor.py:925} INFO - DAG(s) 'instacart_etl_pl' retrieved from /opt/airflow/dags/instacart_etl_dag.py
[2024-12-06T23:33:19.849+0000] {logging_mixin.py:190} INFO - [2024-12-06T23:33:19.847+0000] {dag.py:3239} INFO - Sync 1 DAGs
[2024-12-06T23:33:19.895+0000] {logging_mixin.py:190} INFO - [2024-12-06T23:33:19.894+0000] {dag.py:4180} INFO - Setting next_dagrun for instacart_etl_pl to None, run_after=None
[2024-12-06T23:33:19.950+0000] {processor.py:208} INFO - Processing /opt/airflow/dags/instacart_etl_dag.py took 0.718 seconds
[2024-12-06T23:33:50.205+0000] {processor.py:186} INFO - Started process (PID=2896) to work on /opt/airflow/dags/instacart_etl_dag.py
[2024-12-06T23:33:50.206+0000] {processor.py:914} INFO - Processing file /opt/airflow/dags/instacart_etl_dag.py for tasks to queue
[2024-12-06T23:33:50.211+0000] {logging_mixin.py:190} INFO - [2024-12-06T23:33:50.210+0000] {dagbag.py:588} INFO - Filling up the DagBag from /opt/airflow/dags/instacart_etl_dag.py
[2024-12-06T23:33:51.072+0000] {processor.py:925} INFO - DAG(s) 'instacart_etl_pl' retrieved from /opt/airflow/dags/instacart_etl_dag.py
[2024-12-06T23:33:51.109+0000] {logging_mixin.py:190} INFO - [2024-12-06T23:33:51.108+0000] {dag.py:3239} INFO - Sync 1 DAGs
[2024-12-06T23:33:51.137+0000] {logging_mixin.py:190} INFO - [2024-12-06T23:33:51.136+0000] {dag.py:4180} INFO - Setting next_dagrun for instacart_etl_pl to None, run_after=None
[2024-12-06T23:33:51.177+0000] {processor.py:208} INFO - Processing /opt/airflow/dags/instacart_etl_dag.py took 0.984 seconds
[2024-12-06T23:34:21.598+0000] {processor.py:186} INFO - Started process (PID=2920) to work on /opt/airflow/dags/instacart_etl_dag.py
[2024-12-06T23:34:21.603+0000] {processor.py:914} INFO - Processing file /opt/airflow/dags/instacart_etl_dag.py for tasks to queue
[2024-12-06T23:34:21.608+0000] {logging_mixin.py:190} INFO - [2024-12-06T23:34:21.607+0000] {dagbag.py:588} INFO - Filling up the DagBag from /opt/airflow/dags/instacart_etl_dag.py
[2024-12-06T23:34:22.493+0000] {processor.py:925} INFO - DAG(s) 'instacart_etl_pl' retrieved from /opt/airflow/dags/instacart_etl_dag.py
[2024-12-06T23:34:22.544+0000] {logging_mixin.py:190} INFO - [2024-12-06T23:34:22.543+0000] {dag.py:3239} INFO - Sync 1 DAGs
[2024-12-06T23:34:22.578+0000] {logging_mixin.py:190} INFO - [2024-12-06T23:34:22.577+0000] {dag.py:4180} INFO - Setting next_dagrun for instacart_etl_pl to None, run_after=None
[2024-12-06T23:34:22.616+0000] {processor.py:208} INFO - Processing /opt/airflow/dags/instacart_etl_dag.py took 1.053 seconds
