[2024-12-04T15:01:55.814+0000] {local_task_job_runner.py:123} INFO - ::group::Pre task execution logs
[2024-12-04T15:01:55.837+0000] {taskinstance.py:2613} INFO - Dependencies all met for dep_context=non-requeueable deps ti=<TaskInstance: instacart_etl_pipeline.etl_dim_aisle manual__2024-12-04T15:01:47.992694+00:00 [queued]>
[2024-12-04T15:01:55.851+0000] {taskinstance.py:2613} INFO - Dependencies all met for dep_context=requeueable deps ti=<TaskInstance: instacart_etl_pipeline.etl_dim_aisle manual__2024-12-04T15:01:47.992694+00:00 [queued]>
[2024-12-04T15:01:55.853+0000] {taskinstance.py:2866} INFO - Starting attempt 1 of 1
[2024-12-04T15:01:55.878+0000] {taskinstance.py:2889} INFO - Executing <Task(PythonOperator): etl_dim_aisle> on 2024-12-04 15:01:47.992694+00:00
[2024-12-04T15:01:55.911+0000] {logging_mixin.py:190} WARNING - /home/***/.local/lib/python3.12/site-packages/***/task/task_runner/standard_task_runner.py:70 DeprecationWarning: This process (pid=11055) is multi-threaded, use of fork() may lead to deadlocks in the child.
[2024-12-04T15:01:55.913+0000] {standard_task_runner.py:72} INFO - Started process 11060 to run task
[2024-12-04T15:01:55.911+0000] {standard_task_runner.py:104} INFO - Running: ['***', 'tasks', 'run', 'instacart_etl_pipeline', 'etl_dim_aisle', 'manual__2024-12-04T15:01:47.992694+00:00', '--job-id', '208', '--raw', '--subdir', 'DAGS_FOLDER/instacart_etl_dag.py', '--cfg-path', '/tmp/tmp2mn2c6e5']
[2024-12-04T15:01:55.915+0000] {standard_task_runner.py:105} INFO - Job 208: Subtask etl_dim_aisle
[2024-12-04T15:01:56.016+0000] {task_command.py:467} INFO - Running <TaskInstance: instacart_etl_pipeline.etl_dim_aisle manual__2024-12-04T15:01:47.992694+00:00 [running]> on host e64be71b3b6d
[2024-12-04T15:01:56.158+0000] {taskinstance.py:3132} INFO - Exporting env vars: AIRFLOW_CTX_DAG_OWNER='***' AIRFLOW_CTX_DAG_ID='instacart_etl_pipeline' AIRFLOW_CTX_TASK_ID='etl_dim_aisle' AIRFLOW_CTX_EXECUTION_DATE='2024-12-04T15:01:47.992694+00:00' AIRFLOW_CTX_TRY_NUMBER='1' AIRFLOW_CTX_DAG_RUN_ID='manual__2024-12-04T15:01:47.992694+00:00'
[2024-12-04T15:01:56.161+0000] {taskinstance.py:731} INFO - ::endgroup::
[2024-12-04T15:01:56.224+0000] {base.py:84} INFO - Retrieving connection 'mssql_default'
[2024-12-04T15:01:56.482+0000] {logging_mixin.py:190} INFO - Inserting into dim_aisle: Columns: ['aisle_id', 'aisle', 'valid_from', 'valid_to', 'is_current'] Values: [1, 'prepared soups salads', datetime.datetime(2024, 12, 4, 15, 1, 56, 482751), None, 1]
[2024-12-04T15:01:56.554+0000] {logging_mixin.py:190} INFO - Inserting into dim_aisle: Columns: ['aisle_id', 'aisle', 'valid_from', 'valid_to', 'is_current'] Values: [2, 'specialty cheeses', datetime.datetime(2024, 12, 4, 15, 1, 56, 554551), None, 1]
[2024-12-04T15:01:56.561+0000] {logging_mixin.py:190} INFO - Inserting into dim_aisle: Columns: ['aisle_id', 'aisle', 'valid_from', 'valid_to', 'is_current'] Values: [3, 'energy granola bars', datetime.datetime(2024, 12, 4, 15, 1, 56, 561160), None, 1]
[2024-12-04T15:01:56.565+0000] {logging_mixin.py:190} INFO - Inserting into dim_aisle: Columns: ['aisle_id', 'aisle', 'valid_from', 'valid_to', 'is_current'] Values: [4, 'instant foods', datetime.datetime(2024, 12, 4, 15, 1, 56, 565863), None, 1]
[2024-12-04T15:01:56.572+0000] {logging_mixin.py:190} INFO - Inserting into dim_aisle: Columns: ['aisle_id', 'aisle', 'valid_from', 'valid_to', 'is_current'] Values: [5, 'marinades meat preparation', datetime.datetime(2024, 12, 4, 15, 1, 56, 571923), None, 1]
[2024-12-04T15:01:56.578+0000] {logging_mixin.py:190} INFO - Inserting into dim_aisle: Columns: ['aisle_id', 'aisle', 'valid_from', 'valid_to', 'is_current'] Values: [6, 'other', datetime.datetime(2024, 12, 4, 15, 1, 56, 578669), None, 1]
[2024-12-04T15:01:56.582+0000] {logging_mixin.py:190} INFO - Inserting into dim_aisle: Columns: ['aisle_id', 'aisle', 'valid_from', 'valid_to', 'is_current'] Values: [7, 'packaged meat', datetime.datetime(2024, 12, 4, 15, 1, 56, 582650), None, 1]
[2024-12-04T15:01:56.586+0000] {logging_mixin.py:190} INFO - Inserting into dim_aisle: Columns: ['aisle_id', 'aisle', 'valid_from', 'valid_to', 'is_current'] Values: [8, 'bakery desserts', datetime.datetime(2024, 12, 4, 15, 1, 56, 586237), None, 1]
[2024-12-04T15:01:56.592+0000] {logging_mixin.py:190} INFO - Inserting into dim_aisle: Columns: ['aisle_id', 'aisle', 'valid_from', 'valid_to', 'is_current'] Values: [9, 'pasta sauce', datetime.datetime(2024, 12, 4, 15, 1, 56, 592221), None, 1]
[2024-12-04T15:01:56.596+0000] {logging_mixin.py:190} INFO - Inserting into dim_aisle: Columns: ['aisle_id', 'aisle', 'valid_from', 'valid_to', 'is_current'] Values: [10, 'kitchen supplies', datetime.datetime(2024, 12, 4, 15, 1, 56, 596492), None, 1]
[2024-12-04T15:01:56.600+0000] {logging_mixin.py:190} INFO - Inserting into dim_aisle: Columns: ['aisle_id', 'aisle', 'valid_from', 'valid_to', 'is_current'] Values: [11, 'cold flu allergy', datetime.datetime(2024, 12, 4, 15, 1, 56, 600338), None, 1]
[2024-12-04T15:01:56.611+0000] {logging_mixin.py:190} INFO - Inserting into dim_aisle: Columns: ['aisle_id', 'aisle', 'valid_from', 'valid_to', 'is_current'] Values: [12, 'fresh pasta', datetime.datetime(2024, 12, 4, 15, 1, 56, 611836), None, 1]
[2024-12-04T15:01:56.619+0000] {logging_mixin.py:190} INFO - Inserting into dim_aisle: Columns: ['aisle_id', 'aisle', 'valid_from', 'valid_to', 'is_current'] Values: [13, 'prepared meals', datetime.datetime(2024, 12, 4, 15, 1, 56, 619666), None, 1]
[2024-12-04T15:01:56.623+0000] {logging_mixin.py:190} INFO - Inserting into dim_aisle: Columns: ['aisle_id', 'aisle', 'valid_from', 'valid_to', 'is_current'] Values: [14, 'tofu meat alternatives', datetime.datetime(2024, 12, 4, 15, 1, 56, 623862), None, 1]
[2024-12-04T15:01:56.627+0000] {logging_mixin.py:190} INFO - Inserting into dim_aisle: Columns: ['aisle_id', 'aisle', 'valid_from', 'valid_to', 'is_current'] Values: [15, 'packaged seafood', datetime.datetime(2024, 12, 4, 15, 1, 56, 627855), None, 1]
[2024-12-04T15:01:56.631+0000] {logging_mixin.py:190} INFO - Inserting into dim_aisle: Columns: ['aisle_id', 'aisle', 'valid_from', 'valid_to', 'is_current'] Values: [16, 'fresh herbs', datetime.datetime(2024, 12, 4, 15, 1, 56, 631818), None, 1]
[2024-12-04T15:01:56.634+0000] {logging_mixin.py:190} INFO - Inserting into dim_aisle: Columns: ['aisle_id', 'aisle', 'valid_from', 'valid_to', 'is_current'] Values: [17, 'baking ingredients', datetime.datetime(2024, 12, 4, 15, 1, 56, 634905), None, 1]
[2024-12-04T15:01:56.640+0000] {logging_mixin.py:190} INFO - Inserting into dim_aisle: Columns: ['aisle_id', 'aisle', 'valid_from', 'valid_to', 'is_current'] Values: [18, 'bulk dried fruits vegetables', datetime.datetime(2024, 12, 4, 15, 1, 56, 640437), None, 1]
[2024-12-04T15:01:56.649+0000] {logging_mixin.py:190} INFO - Inserting into dim_aisle: Columns: ['aisle_id', 'aisle', 'valid_from', 'valid_to', 'is_current'] Values: [19, 'oils vinegars', datetime.datetime(2024, 12, 4, 15, 1, 56, 649161), None, 1]
[2024-12-04T15:01:56.655+0000] {logging_mixin.py:190} INFO - Inserting into dim_aisle: Columns: ['aisle_id', 'aisle', 'valid_from', 'valid_to', 'is_current'] Values: [20, 'oral hygiene', datetime.datetime(2024, 12, 4, 15, 1, 56, 655477), None, 1]
[2024-12-04T15:01:56.661+0000] {logging_mixin.py:190} INFO - Inserting into dim_aisle: Columns: ['aisle_id', 'aisle', 'valid_from', 'valid_to', 'is_current'] Values: [21, 'packaged cheese', datetime.datetime(2024, 12, 4, 15, 1, 56, 661305), None, 1]
[2024-12-04T15:01:56.666+0000] {logging_mixin.py:190} INFO - Inserting into dim_aisle: Columns: ['aisle_id', 'aisle', 'valid_from', 'valid_to', 'is_current'] Values: [22, 'hair care', datetime.datetime(2024, 12, 4, 15, 1, 56, 666007), None, 1]
[2024-12-04T15:01:56.670+0000] {logging_mixin.py:190} INFO - Inserting into dim_aisle: Columns: ['aisle_id', 'aisle', 'valid_from', 'valid_to', 'is_current'] Values: [23, 'popcorn jerky', datetime.datetime(2024, 12, 4, 15, 1, 56, 670433), None, 1]
[2024-12-04T15:01:56.677+0000] {logging_mixin.py:190} INFO - Inserting into dim_aisle: Columns: ['aisle_id', 'aisle', 'valid_from', 'valid_to', 'is_current'] Values: [24, 'fresh fruits', datetime.datetime(2024, 12, 4, 15, 1, 56, 677166), None, 1]
[2024-12-04T15:01:56.681+0000] {logging_mixin.py:190} INFO - Inserting into dim_aisle: Columns: ['aisle_id', 'aisle', 'valid_from', 'valid_to', 'is_current'] Values: [25, 'soap', datetime.datetime(2024, 12, 4, 15, 1, 56, 681548), None, 1]
[2024-12-04T15:01:56.686+0000] {logging_mixin.py:190} INFO - Inserting into dim_aisle: Columns: ['aisle_id', 'aisle', 'valid_from', 'valid_to', 'is_current'] Values: [26, 'coffee', datetime.datetime(2024, 12, 4, 15, 1, 56, 686276), None, 1]
[2024-12-04T15:01:56.694+0000] {logging_mixin.py:190} INFO - Inserting into dim_aisle: Columns: ['aisle_id', 'aisle', 'valid_from', 'valid_to', 'is_current'] Values: [27, 'beers coolers', datetime.datetime(2024, 12, 4, 15, 1, 56, 694180), None, 1]
[2024-12-04T15:01:56.703+0000] {logging_mixin.py:190} INFO - Inserting into dim_aisle: Columns: ['aisle_id', 'aisle', 'valid_from', 'valid_to', 'is_current'] Values: [28, 'red wines', datetime.datetime(2024, 12, 4, 15, 1, 56, 703433), None, 1]
[2024-12-04T15:01:56.714+0000] {logging_mixin.py:190} INFO - Inserting into dim_aisle: Columns: ['aisle_id', 'aisle', 'valid_from', 'valid_to', 'is_current'] Values: [29, 'honeys syrups nectars', datetime.datetime(2024, 12, 4, 15, 1, 56, 714050), None, 1]
[2024-12-04T15:01:56.719+0000] {logging_mixin.py:190} INFO - Inserting into dim_aisle: Columns: ['aisle_id', 'aisle', 'valid_from', 'valid_to', 'is_current'] Values: [30, 'latino foods', datetime.datetime(2024, 12, 4, 15, 1, 56, 719807), None, 1]
[2024-12-04T15:01:56.728+0000] {logging_mixin.py:190} INFO - Inserting into dim_aisle: Columns: ['aisle_id', 'aisle', 'valid_from', 'valid_to', 'is_current'] Values: [31, 'refrigerated', datetime.datetime(2024, 12, 4, 15, 1, 56, 728882), None, 1]
[2024-12-04T15:01:56.740+0000] {logging_mixin.py:190} INFO - Inserting into dim_aisle: Columns: ['aisle_id', 'aisle', 'valid_from', 'valid_to', 'is_current'] Values: [32, 'packaged produce', datetime.datetime(2024, 12, 4, 15, 1, 56, 740809), None, 1]
[2024-12-04T15:01:56.747+0000] {logging_mixin.py:190} INFO - Inserting into dim_aisle: Columns: ['aisle_id', 'aisle', 'valid_from', 'valid_to', 'is_current'] Values: [33, 'kosher foods', datetime.datetime(2024, 12, 4, 15, 1, 56, 747222), None, 1]
[2024-12-04T15:01:56.752+0000] {logging_mixin.py:190} INFO - Inserting into dim_aisle: Columns: ['aisle_id', 'aisle', 'valid_from', 'valid_to', 'is_current'] Values: [34, 'frozen meat seafood', datetime.datetime(2024, 12, 4, 15, 1, 56, 752425), None, 1]
[2024-12-04T15:01:56.763+0000] {logging_mixin.py:190} INFO - Inserting into dim_aisle: Columns: ['aisle_id', 'aisle', 'valid_from', 'valid_to', 'is_current'] Values: [35, 'poultry counter', datetime.datetime(2024, 12, 4, 15, 1, 56, 763281), None, 1]
[2024-12-04T15:01:56.776+0000] {logging_mixin.py:190} INFO - Inserting into dim_aisle: Columns: ['aisle_id', 'aisle', 'valid_from', 'valid_to', 'is_current'] Values: [36, 'butter', datetime.datetime(2024, 12, 4, 15, 1, 56, 775882), None, 1]
[2024-12-04T15:01:56.780+0000] {logging_mixin.py:190} INFO - Inserting into dim_aisle: Columns: ['aisle_id', 'aisle', 'valid_from', 'valid_to', 'is_current'] Values: [37, 'ice cream ice', datetime.datetime(2024, 12, 4, 15, 1, 56, 780108), None, 1]
[2024-12-04T15:01:56.784+0000] {logging_mixin.py:190} INFO - Inserting into dim_aisle: Columns: ['aisle_id', 'aisle', 'valid_from', 'valid_to', 'is_current'] Values: [38, 'frozen meals', datetime.datetime(2024, 12, 4, 15, 1, 56, 784218), None, 1]
[2024-12-04T15:01:56.794+0000] {logging_mixin.py:190} INFO - Inserting into dim_aisle: Columns: ['aisle_id', 'aisle', 'valid_from', 'valid_to', 'is_current'] Values: [39, 'seafood counter', datetime.datetime(2024, 12, 4, 15, 1, 56, 794192), None, 1]
[2024-12-04T15:01:56.811+0000] {logging_mixin.py:190} INFO - Inserting into dim_aisle: Columns: ['aisle_id', 'aisle', 'valid_from', 'valid_to', 'is_current'] Values: [40, 'dog food care', datetime.datetime(2024, 12, 4, 15, 1, 56, 810844), None, 1]
[2024-12-04T15:01:56.816+0000] {logging_mixin.py:190} INFO - Inserting into dim_aisle: Columns: ['aisle_id', 'aisle', 'valid_from', 'valid_to', 'is_current'] Values: [41, 'cat food care', datetime.datetime(2024, 12, 4, 15, 1, 56, 816599), None, 1]
[2024-12-04T15:01:56.825+0000] {logging_mixin.py:190} INFO - Inserting into dim_aisle: Columns: ['aisle_id', 'aisle', 'valid_from', 'valid_to', 'is_current'] Values: [42, 'frozen vegan vegetarian', datetime.datetime(2024, 12, 4, 15, 1, 56, 825612), None, 1]
[2024-12-04T15:01:56.833+0000] {logging_mixin.py:190} INFO - Inserting into dim_aisle: Columns: ['aisle_id', 'aisle', 'valid_from', 'valid_to', 'is_current'] Values: [43, 'buns rolls', datetime.datetime(2024, 12, 4, 15, 1, 56, 833716), None, 1]
[2024-12-04T15:01:56.846+0000] {logging_mixin.py:190} INFO - Inserting into dim_aisle: Columns: ['aisle_id', 'aisle', 'valid_from', 'valid_to', 'is_current'] Values: [44, 'eye ear care', datetime.datetime(2024, 12, 4, 15, 1, 56, 846629), None, 1]
[2024-12-04T15:01:56.852+0000] {logging_mixin.py:190} INFO - Inserting into dim_aisle: Columns: ['aisle_id', 'aisle', 'valid_from', 'valid_to', 'is_current'] Values: [45, 'candy chocolate', datetime.datetime(2024, 12, 4, 15, 1, 56, 851988), None, 1]
[2024-12-04T15:01:56.858+0000] {logging_mixin.py:190} INFO - Inserting into dim_aisle: Columns: ['aisle_id', 'aisle', 'valid_from', 'valid_to', 'is_current'] Values: [46, 'mint gum', datetime.datetime(2024, 12, 4, 15, 1, 56, 858395), None, 1]
[2024-12-04T15:01:56.863+0000] {logging_mixin.py:190} INFO - Inserting into dim_aisle: Columns: ['aisle_id', 'aisle', 'valid_from', 'valid_to', 'is_current'] Values: [47, 'vitamins supplements', datetime.datetime(2024, 12, 4, 15, 1, 56, 863338), None, 1]
[2024-12-04T15:01:56.872+0000] {logging_mixin.py:190} INFO - Inserting into dim_aisle: Columns: ['aisle_id', 'aisle', 'valid_from', 'valid_to', 'is_current'] Values: [48, 'breakfast bars pastries', datetime.datetime(2024, 12, 4, 15, 1, 56, 872393), None, 1]
[2024-12-04T15:01:56.883+0000] {logging_mixin.py:190} INFO - Inserting into dim_aisle: Columns: ['aisle_id', 'aisle', 'valid_from', 'valid_to', 'is_current'] Values: [49, 'packaged poultry', datetime.datetime(2024, 12, 4, 15, 1, 56, 883844), None, 1]
[2024-12-04T15:01:56.891+0000] {logging_mixin.py:190} INFO - Inserting into dim_aisle: Columns: ['aisle_id', 'aisle', 'valid_from', 'valid_to', 'is_current'] Values: [50, 'fruit vegetable snacks', datetime.datetime(2024, 12, 4, 15, 1, 56, 890948), None, 1]
[2024-12-04T15:01:56.899+0000] {logging_mixin.py:190} INFO - Inserting into dim_aisle: Columns: ['aisle_id', 'aisle', 'valid_from', 'valid_to', 'is_current'] Values: [51, 'preserved dips spreads', datetime.datetime(2024, 12, 4, 15, 1, 56, 899488), None, 1]
[2024-12-04T15:01:56.906+0000] {logging_mixin.py:190} INFO - Inserting into dim_aisle: Columns: ['aisle_id', 'aisle', 'valid_from', 'valid_to', 'is_current'] Values: [52, 'frozen breakfast', datetime.datetime(2024, 12, 4, 15, 1, 56, 906214), None, 1]
[2024-12-04T15:01:56.912+0000] {logging_mixin.py:190} INFO - Inserting into dim_aisle: Columns: ['aisle_id', 'aisle', 'valid_from', 'valid_to', 'is_current'] Values: [53, 'cream', datetime.datetime(2024, 12, 4, 15, 1, 56, 912827), None, 1]
[2024-12-04T15:01:56.925+0000] {logging_mixin.py:190} INFO - Inserting into dim_aisle: Columns: ['aisle_id', 'aisle', 'valid_from', 'valid_to', 'is_current'] Values: [54, 'paper goods', datetime.datetime(2024, 12, 4, 15, 1, 56, 925292), None, 1]
[2024-12-04T15:01:56.929+0000] {logging_mixin.py:190} INFO - Inserting into dim_aisle: Columns: ['aisle_id', 'aisle', 'valid_from', 'valid_to', 'is_current'] Values: [55, 'shave needs', datetime.datetime(2024, 12, 4, 15, 1, 56, 929826), None, 1]
[2024-12-04T15:01:56.934+0000] {logging_mixin.py:190} INFO - Inserting into dim_aisle: Columns: ['aisle_id', 'aisle', 'valid_from', 'valid_to', 'is_current'] Values: [56, 'diapers wipes', datetime.datetime(2024, 12, 4, 15, 1, 56, 933884), None, 1]
[2024-12-04T15:01:56.942+0000] {logging_mixin.py:190} INFO - Inserting into dim_aisle: Columns: ['aisle_id', 'aisle', 'valid_from', 'valid_to', 'is_current'] Values: [57, 'granola', datetime.datetime(2024, 12, 4, 15, 1, 56, 942077), None, 1]
[2024-12-04T15:01:56.949+0000] {logging_mixin.py:190} INFO - Inserting into dim_aisle: Columns: ['aisle_id', 'aisle', 'valid_from', 'valid_to', 'is_current'] Values: [58, 'frozen breads doughs', datetime.datetime(2024, 12, 4, 15, 1, 56, 949776), None, 1]
[2024-12-04T15:01:56.960+0000] {logging_mixin.py:190} INFO - Inserting into dim_aisle: Columns: ['aisle_id', 'aisle', 'valid_from', 'valid_to', 'is_current'] Values: [59, 'canned meals beans', datetime.datetime(2024, 12, 4, 15, 1, 56, 960228), None, 1]
[2024-12-04T15:01:56.965+0000] {logging_mixin.py:190} INFO - Inserting into dim_aisle: Columns: ['aisle_id', 'aisle', 'valid_from', 'valid_to', 'is_current'] Values: [60, 'trash bags liners', datetime.datetime(2024, 12, 4, 15, 1, 56, 965045), None, 1]
[2024-12-04T15:01:56.976+0000] {logging_mixin.py:190} INFO - Inserting into dim_aisle: Columns: ['aisle_id', 'aisle', 'valid_from', 'valid_to', 'is_current'] Values: [61, 'cookies cakes', datetime.datetime(2024, 12, 4, 15, 1, 56, 976868), None, 1]
[2024-12-04T15:01:56.986+0000] {logging_mixin.py:190} INFO - Inserting into dim_aisle: Columns: ['aisle_id', 'aisle', 'valid_from', 'valid_to', 'is_current'] Values: [62, 'white wines', datetime.datetime(2024, 12, 4, 15, 1, 56, 986305), None, 1]
[2024-12-04T15:01:56.993+0000] {logging_mixin.py:190} INFO - Inserting into dim_aisle: Columns: ['aisle_id', 'aisle', 'valid_from', 'valid_to', 'is_current'] Values: [63, 'grains rice dried goods', datetime.datetime(2024, 12, 4, 15, 1, 56, 993222), None, 1]
[2024-12-04T15:01:56.998+0000] {logging_mixin.py:190} INFO - Inserting into dim_aisle: Columns: ['aisle_id', 'aisle', 'valid_from', 'valid_to', 'is_current'] Values: [64, 'energy sports drinks', datetime.datetime(2024, 12, 4, 15, 1, 56, 998491), None, 1]
[2024-12-04T15:01:57.008+0000] {logging_mixin.py:190} INFO - Inserting into dim_aisle: Columns: ['aisle_id', 'aisle', 'valid_from', 'valid_to', 'is_current'] Values: [65, 'protein meal replacements', datetime.datetime(2024, 12, 4, 15, 1, 57, 7955), None, 1]
[2024-12-04T15:01:57.012+0000] {logging_mixin.py:190} INFO - Inserting into dim_aisle: Columns: ['aisle_id', 'aisle', 'valid_from', 'valid_to', 'is_current'] Values: [66, 'asian foods', datetime.datetime(2024, 12, 4, 15, 1, 57, 12501), None, 1]
[2024-12-04T15:01:57.020+0000] {logging_mixin.py:190} INFO - Inserting into dim_aisle: Columns: ['aisle_id', 'aisle', 'valid_from', 'valid_to', 'is_current'] Values: [67, 'fresh dips tapenades', datetime.datetime(2024, 12, 4, 15, 1, 57, 20108), None, 1]
[2024-12-04T15:01:57.028+0000] {logging_mixin.py:190} INFO - Inserting into dim_aisle: Columns: ['aisle_id', 'aisle', 'valid_from', 'valid_to', 'is_current'] Values: [68, 'bulk grains rice dried goods', datetime.datetime(2024, 12, 4, 15, 1, 57, 27944), None, 1]
[2024-12-04T15:01:57.031+0000] {logging_mixin.py:190} INFO - Inserting into dim_aisle: Columns: ['aisle_id', 'aisle', 'valid_from', 'valid_to', 'is_current'] Values: [69, 'soup broth bouillon', datetime.datetime(2024, 12, 4, 15, 1, 57, 31452), None, 1]
[2024-12-04T15:01:57.035+0000] {logging_mixin.py:190} INFO - Inserting into dim_aisle: Columns: ['aisle_id', 'aisle', 'valid_from', 'valid_to', 'is_current'] Values: [70, 'digestion', datetime.datetime(2024, 12, 4, 15, 1, 57, 35350), None, 1]
[2024-12-04T15:01:57.041+0000] {logging_mixin.py:190} INFO - Inserting into dim_aisle: Columns: ['aisle_id', 'aisle', 'valid_from', 'valid_to', 'is_current'] Values: [71, 'refrigerated pudding desserts', datetime.datetime(2024, 12, 4, 15, 1, 57, 40987), None, 1]
[2024-12-04T15:01:57.051+0000] {logging_mixin.py:190} INFO - Inserting into dim_aisle: Columns: ['aisle_id', 'aisle', 'valid_from', 'valid_to', 'is_current'] Values: [72, 'condiments', datetime.datetime(2024, 12, 4, 15, 1, 57, 51751), None, 1]
[2024-12-04T15:01:57.059+0000] {logging_mixin.py:190} INFO - Inserting into dim_aisle: Columns: ['aisle_id', 'aisle', 'valid_from', 'valid_to', 'is_current'] Values: [73, 'facial care', datetime.datetime(2024, 12, 4, 15, 1, 57, 58978), None, 1]
[2024-12-04T15:01:57.065+0000] {logging_mixin.py:190} INFO - Inserting into dim_aisle: Columns: ['aisle_id', 'aisle', 'valid_from', 'valid_to', 'is_current'] Values: [74, 'dish detergents', datetime.datetime(2024, 12, 4, 15, 1, 57, 64981), None, 1]
[2024-12-04T15:01:57.070+0000] {logging_mixin.py:190} INFO - Inserting into dim_aisle: Columns: ['aisle_id', 'aisle', 'valid_from', 'valid_to', 'is_current'] Values: [75, 'laundry', datetime.datetime(2024, 12, 4, 15, 1, 57, 70819), None, 1]
[2024-12-04T15:01:57.078+0000] {logging_mixin.py:190} INFO - Inserting into dim_aisle: Columns: ['aisle_id', 'aisle', 'valid_from', 'valid_to', 'is_current'] Values: [76, 'indian foods', datetime.datetime(2024, 12, 4, 15, 1, 57, 78586), None, 1]
[2024-12-04T15:01:57.084+0000] {logging_mixin.py:190} INFO - Inserting into dim_aisle: Columns: ['aisle_id', 'aisle', 'valid_from', 'valid_to', 'is_current'] Values: [77, 'soft drinks', datetime.datetime(2024, 12, 4, 15, 1, 57, 84507), None, 1]
[2024-12-04T15:01:57.098+0000] {logging_mixin.py:190} INFO - Inserting into dim_aisle: Columns: ['aisle_id', 'aisle', 'valid_from', 'valid_to', 'is_current'] Values: [78, 'crackers', datetime.datetime(2024, 12, 4, 15, 1, 57, 98200), None, 1]
[2024-12-04T15:01:57.107+0000] {logging_mixin.py:190} INFO - Inserting into dim_aisle: Columns: ['aisle_id', 'aisle', 'valid_from', 'valid_to', 'is_current'] Values: [79, 'frozen pizza', datetime.datetime(2024, 12, 4, 15, 1, 57, 107382), None, 1]
[2024-12-04T15:01:57.112+0000] {logging_mixin.py:190} INFO - Inserting into dim_aisle: Columns: ['aisle_id', 'aisle', 'valid_from', 'valid_to', 'is_current'] Values: [80, 'deodorants', datetime.datetime(2024, 12, 4, 15, 1, 57, 112280), None, 1]
[2024-12-04T15:01:57.116+0000] {logging_mixin.py:190} INFO - Inserting into dim_aisle: Columns: ['aisle_id', 'aisle', 'valid_from', 'valid_to', 'is_current'] Values: [81, 'canned jarred vegetables', datetime.datetime(2024, 12, 4, 15, 1, 57, 116780), None, 1]
[2024-12-04T15:01:57.125+0000] {logging_mixin.py:190} INFO - Inserting into dim_aisle: Columns: ['aisle_id', 'aisle', 'valid_from', 'valid_to', 'is_current'] Values: [82, 'baby accessories', datetime.datetime(2024, 12, 4, 15, 1, 57, 125390), None, 1]
[2024-12-04T15:01:57.128+0000] {logging_mixin.py:190} INFO - Inserting into dim_aisle: Columns: ['aisle_id', 'aisle', 'valid_from', 'valid_to', 'is_current'] Values: [83, 'fresh vegetables', datetime.datetime(2024, 12, 4, 15, 1, 57, 128194), None, 1]
[2024-12-04T15:01:57.131+0000] {logging_mixin.py:190} INFO - Inserting into dim_aisle: Columns: ['aisle_id', 'aisle', 'valid_from', 'valid_to', 'is_current'] Values: [84, 'milk', datetime.datetime(2024, 12, 4, 15, 1, 57, 131131), None, 1]
[2024-12-04T15:01:57.134+0000] {logging_mixin.py:190} INFO - Inserting into dim_aisle: Columns: ['aisle_id', 'aisle', 'valid_from', 'valid_to', 'is_current'] Values: [85, 'food storage', datetime.datetime(2024, 12, 4, 15, 1, 57, 134595), None, 1]
[2024-12-04T15:01:57.141+0000] {logging_mixin.py:190} INFO - Inserting into dim_aisle: Columns: ['aisle_id', 'aisle', 'valid_from', 'valid_to', 'is_current'] Values: [86, 'eggs', datetime.datetime(2024, 12, 4, 15, 1, 57, 140944), None, 1]
[2024-12-04T15:01:57.147+0000] {logging_mixin.py:190} INFO - Inserting into dim_aisle: Columns: ['aisle_id', 'aisle', 'valid_from', 'valid_to', 'is_current'] Values: [87, 'more household', datetime.datetime(2024, 12, 4, 15, 1, 57, 147570), None, 1]
[2024-12-04T15:01:57.154+0000] {logging_mixin.py:190} INFO - Inserting into dim_aisle: Columns: ['aisle_id', 'aisle', 'valid_from', 'valid_to', 'is_current'] Values: [88, 'spreads', datetime.datetime(2024, 12, 4, 15, 1, 57, 154622), None, 1]
[2024-12-04T15:01:57.160+0000] {logging_mixin.py:190} INFO - Inserting into dim_aisle: Columns: ['aisle_id', 'aisle', 'valid_from', 'valid_to', 'is_current'] Values: [89, 'salad dressing toppings', datetime.datetime(2024, 12, 4, 15, 1, 57, 160422), None, 1]
[2024-12-04T15:01:57.165+0000] {logging_mixin.py:190} INFO - Inserting into dim_aisle: Columns: ['aisle_id', 'aisle', 'valid_from', 'valid_to', 'is_current'] Values: [90, 'cocoa drink mixes', datetime.datetime(2024, 12, 4, 15, 1, 57, 165812), None, 1]
[2024-12-04T15:01:57.172+0000] {logging_mixin.py:190} INFO - Inserting into dim_aisle: Columns: ['aisle_id', 'aisle', 'valid_from', 'valid_to', 'is_current'] Values: [91, 'soy lactosefree', datetime.datetime(2024, 12, 4, 15, 1, 57, 171885), None, 1]
[2024-12-04T15:01:57.180+0000] {logging_mixin.py:190} INFO - Inserting into dim_aisle: Columns: ['aisle_id', 'aisle', 'valid_from', 'valid_to', 'is_current'] Values: [92, 'baby food formula', datetime.datetime(2024, 12, 4, 15, 1, 57, 180729), None, 1]
[2024-12-04T15:01:57.185+0000] {logging_mixin.py:190} INFO - Inserting into dim_aisle: Columns: ['aisle_id', 'aisle', 'valid_from', 'valid_to', 'is_current'] Values: [93, 'breakfast bakery', datetime.datetime(2024, 12, 4, 15, 1, 57, 185678), None, 1]
[2024-12-04T15:01:57.194+0000] {logging_mixin.py:190} INFO - Inserting into dim_aisle: Columns: ['aisle_id', 'aisle', 'valid_from', 'valid_to', 'is_current'] Values: [94, 'tea', datetime.datetime(2024, 12, 4, 15, 1, 57, 194166), None, 1]
[2024-12-04T15:01:57.199+0000] {logging_mixin.py:190} INFO - Inserting into dim_aisle: Columns: ['aisle_id', 'aisle', 'valid_from', 'valid_to', 'is_current'] Values: [95, 'canned meat seafood', datetime.datetime(2024, 12, 4, 15, 1, 57, 199515), None, 1]
[2024-12-04T15:01:57.203+0000] {logging_mixin.py:190} INFO - Inserting into dim_aisle: Columns: ['aisle_id', 'aisle', 'valid_from', 'valid_to', 'is_current'] Values: [96, 'lunch meat', datetime.datetime(2024, 12, 4, 15, 1, 57, 203535), None, 1]
[2024-12-04T15:01:57.212+0000] {logging_mixin.py:190} INFO - Inserting into dim_aisle: Columns: ['aisle_id', 'aisle', 'valid_from', 'valid_to', 'is_current'] Values: [97, 'baking supplies decor', datetime.datetime(2024, 12, 4, 15, 1, 57, 212292), None, 1]
[2024-12-04T15:01:57.217+0000] {logging_mixin.py:190} INFO - Inserting into dim_aisle: Columns: ['aisle_id', 'aisle', 'valid_from', 'valid_to', 'is_current'] Values: [98, 'juice nectars', datetime.datetime(2024, 12, 4, 15, 1, 57, 216968), None, 1]
[2024-12-04T15:01:57.225+0000] {logging_mixin.py:190} INFO - Inserting into dim_aisle: Columns: ['aisle_id', 'aisle', 'valid_from', 'valid_to', 'is_current'] Values: [99, 'canned fruit applesauce', datetime.datetime(2024, 12, 4, 15, 1, 57, 225645), None, 1]
[2024-12-04T15:01:57.232+0000] {logging_mixin.py:190} INFO - Inserting into dim_aisle: Columns: ['aisle_id', 'aisle', 'valid_from', 'valid_to', 'is_current'] Values: [100, 'missing', datetime.datetime(2024, 12, 4, 15, 1, 57, 232788), None, 1]
[2024-12-04T15:01:57.242+0000] {logging_mixin.py:190} INFO - Inserting into dim_aisle: Columns: ['aisle_id', 'aisle', 'valid_from', 'valid_to', 'is_current'] Values: [101, 'air fresheners candles', datetime.datetime(2024, 12, 4, 15, 1, 57, 242856), None, 1]
[2024-12-04T15:01:57.248+0000] {logging_mixin.py:190} INFO - Inserting into dim_aisle: Columns: ['aisle_id', 'aisle', 'valid_from', 'valid_to', 'is_current'] Values: [102, 'baby bath body care', datetime.datetime(2024, 12, 4, 15, 1, 57, 248261), None, 1]
[2024-12-04T15:01:57.253+0000] {logging_mixin.py:190} INFO - Inserting into dim_aisle: Columns: ['aisle_id', 'aisle', 'valid_from', 'valid_to', 'is_current'] Values: [103, 'ice cream toppings', datetime.datetime(2024, 12, 4, 15, 1, 57, 253511), None, 1]
[2024-12-04T15:01:57.260+0000] {logging_mixin.py:190} INFO - Inserting into dim_aisle: Columns: ['aisle_id', 'aisle', 'valid_from', 'valid_to', 'is_current'] Values: [104, 'spices seasonings', datetime.datetime(2024, 12, 4, 15, 1, 57, 260343), None, 1]
[2024-12-04T15:01:57.264+0000] {logging_mixin.py:190} INFO - Inserting into dim_aisle: Columns: ['aisle_id', 'aisle', 'valid_from', 'valid_to', 'is_current'] Values: [105, 'doughs gelatins bake mixes', datetime.datetime(2024, 12, 4, 15, 1, 57, 264823), None, 1]
[2024-12-04T15:01:57.271+0000] {logging_mixin.py:190} INFO - Inserting into dim_aisle: Columns: ['aisle_id', 'aisle', 'valid_from', 'valid_to', 'is_current'] Values: [106, 'hot dogs bacon sausage', datetime.datetime(2024, 12, 4, 15, 1, 57, 270897), None, 1]
[2024-12-04T15:01:57.280+0000] {logging_mixin.py:190} INFO - Inserting into dim_aisle: Columns: ['aisle_id', 'aisle', 'valid_from', 'valid_to', 'is_current'] Values: [107, 'chips pretzels', datetime.datetime(2024, 12, 4, 15, 1, 57, 280648), None, 1]
[2024-12-04T15:01:57.283+0000] {logging_mixin.py:190} INFO - Inserting into dim_aisle: Columns: ['aisle_id', 'aisle', 'valid_from', 'valid_to', 'is_current'] Values: [108, 'other creams cheeses', datetime.datetime(2024, 12, 4, 15, 1, 57, 283921), None, 1]
[2024-12-04T15:01:57.287+0000] {logging_mixin.py:190} INFO - Inserting into dim_aisle: Columns: ['aisle_id', 'aisle', 'valid_from', 'valid_to', 'is_current'] Values: [109, 'skin care', datetime.datetime(2024, 12, 4, 15, 1, 57, 287387), None, 1]
[2024-12-04T15:01:57.295+0000] {logging_mixin.py:190} INFO - Inserting into dim_aisle: Columns: ['aisle_id', 'aisle', 'valid_from', 'valid_to', 'is_current'] Values: [110, 'pickled goods olives', datetime.datetime(2024, 12, 4, 15, 1, 57, 295479), None, 1]
[2024-12-04T15:01:57.318+0000] {logging_mixin.py:190} INFO - Inserting into dim_aisle: Columns: ['aisle_id', 'aisle', 'valid_from', 'valid_to', 'is_current'] Values: [111, 'plates bowls cups flatware', datetime.datetime(2024, 12, 4, 15, 1, 57, 318692), None, 1]
[2024-12-04T15:01:57.326+0000] {logging_mixin.py:190} INFO - Inserting into dim_aisle: Columns: ['aisle_id', 'aisle', 'valid_from', 'valid_to', 'is_current'] Values: [112, 'bread', datetime.datetime(2024, 12, 4, 15, 1, 57, 326304), None, 1]
[2024-12-04T15:01:57.331+0000] {logging_mixin.py:190} INFO - Inserting into dim_aisle: Columns: ['aisle_id', 'aisle', 'valid_from', 'valid_to', 'is_current'] Values: [113, 'frozen juice', datetime.datetime(2024, 12, 4, 15, 1, 57, 331722), None, 1]
[2024-12-04T15:01:57.335+0000] {logging_mixin.py:190} INFO - Inserting into dim_aisle: Columns: ['aisle_id', 'aisle', 'valid_from', 'valid_to', 'is_current'] Values: [114, 'cleaning products', datetime.datetime(2024, 12, 4, 15, 1, 57, 335464), None, 1]
[2024-12-04T15:01:57.349+0000] {logging_mixin.py:190} INFO - Inserting into dim_aisle: Columns: ['aisle_id', 'aisle', 'valid_from', 'valid_to', 'is_current'] Values: [115, 'water seltzer sparkling water', datetime.datetime(2024, 12, 4, 15, 1, 57, 349680), None, 1]
[2024-12-04T15:01:57.359+0000] {logging_mixin.py:190} INFO - Inserting into dim_aisle: Columns: ['aisle_id', 'aisle', 'valid_from', 'valid_to', 'is_current'] Values: [116, 'frozen produce', datetime.datetime(2024, 12, 4, 15, 1, 57, 359232), None, 1]
[2024-12-04T15:01:57.380+0000] {logging_mixin.py:190} INFO - Inserting into dim_aisle: Columns: ['aisle_id', 'aisle', 'valid_from', 'valid_to', 'is_current'] Values: [117, 'nuts seeds dried fruit', datetime.datetime(2024, 12, 4, 15, 1, 57, 379925), None, 1]
[2024-12-04T15:01:57.383+0000] {logging_mixin.py:190} INFO - Inserting into dim_aisle: Columns: ['aisle_id', 'aisle', 'valid_from', 'valid_to', 'is_current'] Values: [118, 'first aid', datetime.datetime(2024, 12, 4, 15, 1, 57, 383623), None, 1]
[2024-12-04T15:01:57.388+0000] {logging_mixin.py:190} INFO - Inserting into dim_aisle: Columns: ['aisle_id', 'aisle', 'valid_from', 'valid_to', 'is_current'] Values: [119, 'frozen dessert', datetime.datetime(2024, 12, 4, 15, 1, 57, 388021), None, 1]
[2024-12-04T15:01:57.393+0000] {logging_mixin.py:190} INFO - Inserting into dim_aisle: Columns: ['aisle_id', 'aisle', 'valid_from', 'valid_to', 'is_current'] Values: [120, 'yogurt', datetime.datetime(2024, 12, 4, 15, 1, 57, 393817), None, 1]
[2024-12-04T15:01:57.400+0000] {logging_mixin.py:190} INFO - Inserting into dim_aisle: Columns: ['aisle_id', 'aisle', 'valid_from', 'valid_to', 'is_current'] Values: [121, 'cereal', datetime.datetime(2024, 12, 4, 15, 1, 57, 400186), None, 1]
[2024-12-04T15:01:57.419+0000] {logging_mixin.py:190} INFO - Inserting into dim_aisle: Columns: ['aisle_id', 'aisle', 'valid_from', 'valid_to', 'is_current'] Values: [122, 'meat counter', datetime.datetime(2024, 12, 4, 15, 1, 57, 419855), None, 1]
[2024-12-04T15:01:57.441+0000] {logging_mixin.py:190} INFO - Inserting into dim_aisle: Columns: ['aisle_id', 'aisle', 'valid_from', 'valid_to', 'is_current'] Values: [123, 'packaged vegetables fruits', datetime.datetime(2024, 12, 4, 15, 1, 57, 441235), None, 1]
[2024-12-04T15:01:57.446+0000] {logging_mixin.py:190} INFO - Inserting into dim_aisle: Columns: ['aisle_id', 'aisle', 'valid_from', 'valid_to', 'is_current'] Values: [124, 'spirits', datetime.datetime(2024, 12, 4, 15, 1, 57, 445912), None, 1]
[2024-12-04T15:01:57.449+0000] {logging_mixin.py:190} INFO - Inserting into dim_aisle: Columns: ['aisle_id', 'aisle', 'valid_from', 'valid_to', 'is_current'] Values: [125, 'trail mix snack mix', datetime.datetime(2024, 12, 4, 15, 1, 57, 449868), None, 1]
[2024-12-04T15:01:57.454+0000] {logging_mixin.py:190} INFO - Inserting into dim_aisle: Columns: ['aisle_id', 'aisle', 'valid_from', 'valid_to', 'is_current'] Values: [126, 'feminine care', datetime.datetime(2024, 12, 4, 15, 1, 57, 454322), None, 1]
[2024-12-04T15:01:57.462+0000] {logging_mixin.py:190} INFO - Inserting into dim_aisle: Columns: ['aisle_id', 'aisle', 'valid_from', 'valid_to', 'is_current'] Values: [127, 'body lotions soap', datetime.datetime(2024, 12, 4, 15, 1, 57, 462105), None, 1]
[2024-12-04T15:01:57.478+0000] {logging_mixin.py:190} INFO - Inserting into dim_aisle: Columns: ['aisle_id', 'aisle', 'valid_from', 'valid_to', 'is_current'] Values: [128, 'tortillas flat bread', datetime.datetime(2024, 12, 4, 15, 1, 57, 478825), None, 1]
[2024-12-04T15:01:57.482+0000] {logging_mixin.py:190} INFO - Inserting into dim_aisle: Columns: ['aisle_id', 'aisle', 'valid_from', 'valid_to', 'is_current'] Values: [129, 'frozen appetizers sides', datetime.datetime(2024, 12, 4, 15, 1, 57, 482202), None, 1]
[2024-12-04T15:01:57.486+0000] {logging_mixin.py:190} INFO - Inserting into dim_aisle: Columns: ['aisle_id', 'aisle', 'valid_from', 'valid_to', 'is_current'] Values: [130, 'hot cereal pancake mixes', datetime.datetime(2024, 12, 4, 15, 1, 57, 486578), None, 1]
[2024-12-04T15:01:57.493+0000] {logging_mixin.py:190} INFO - Inserting into dim_aisle: Columns: ['aisle_id', 'aisle', 'valid_from', 'valid_to', 'is_current'] Values: [131, 'dry pasta', datetime.datetime(2024, 12, 4, 15, 1, 57, 493708), None, 1]
[2024-12-04T15:01:57.500+0000] {logging_mixin.py:190} INFO - Inserting into dim_aisle: Columns: ['aisle_id', 'aisle', 'valid_from', 'valid_to', 'is_current'] Values: [132, 'beauty', datetime.datetime(2024, 12, 4, 15, 1, 57, 500343), None, 1]
[2024-12-04T15:01:57.516+0000] {logging_mixin.py:190} INFO - Inserting into dim_aisle: Columns: ['aisle_id', 'aisle', 'valid_from', 'valid_to', 'is_current'] Values: [133, 'muscles joints pain relief', datetime.datetime(2024, 12, 4, 15, 1, 57, 516315), None, 1]
[2024-12-04T15:01:57.520+0000] {logging_mixin.py:190} INFO - Inserting into dim_aisle: Columns: ['aisle_id', 'aisle', 'valid_from', 'valid_to', 'is_current'] Values: [134, 'specialty wines champagnes', datetime.datetime(2024, 12, 4, 15, 1, 57, 520322), None, 1]
[2024-12-04T15:01:57.528+0000] {python.py:240} INFO - Done. Returned value was: None
[2024-12-04T15:01:57.541+0000] {taskinstance.py:340} INFO - ::group::Post task execution logs
[2024-12-04T15:01:57.542+0000] {taskinstance.py:352} INFO - Marking task as SUCCESS. dag_id=instacart_etl_pipeline, task_id=etl_dim_aisle, run_id=manual__2024-12-04T15:01:47.992694+00:00, execution_date=20241204T150147, start_date=20241204T150155, end_date=20241204T150157
[2024-12-04T15:01:57.575+0000] {local_task_job_runner.py:266} INFO - Task exited with return code 0
[2024-12-04T15:01:57.598+0000] {taskinstance.py:3895} INFO - 1 downstream tasks scheduled from follow-on schedule check
[2024-12-04T15:01:57.605+0000] {local_task_job_runner.py:245} INFO - ::endgroup::
