[2024-12-04T17:33:21.570+0000] {local_task_job_runner.py:123} INFO - ::group::Pre task execution logs
[2024-12-04T17:33:21.604+0000] {taskinstance.py:2613} INFO - Dependencies all met for dep_context=non-requeueable deps ti=<TaskInstance: instacart_etl_pipeline.etl_dim_department manual__2024-12-04T17:33:18.755612+00:00 [queued]>
[2024-12-04T17:33:21.618+0000] {taskinstance.py:2613} INFO - Dependencies all met for dep_context=requeueable deps ti=<TaskInstance: instacart_etl_pipeline.etl_dim_department manual__2024-12-04T17:33:18.755612+00:00 [queued]>
[2024-12-04T17:33:21.619+0000] {taskinstance.py:2866} INFO - Starting attempt 1 of 1
[2024-12-04T17:33:21.653+0000] {taskinstance.py:2889} INFO - Executing <Task(PythonOperator): etl_dim_department> on 2024-12-04 17:33:18.755612+00:00
[2024-12-04T17:33:21.683+0000] {logging_mixin.py:190} WARNING - /home/***/.local/lib/python3.12/site-packages/***/task/task_runner/standard_task_runner.py:70 DeprecationWarning: This process (pid=15475) is multi-threaded, use of fork() may lead to deadlocks in the child.
[2024-12-04T17:33:21.685+0000] {standard_task_runner.py:72} INFO - Started process 15495 to run task
[2024-12-04T17:33:21.684+0000] {standard_task_runner.py:104} INFO - Running: ['***', 'tasks', 'run', 'instacart_etl_pipeline', 'etl_dim_department', 'manual__2024-12-04T17:33:18.755612+00:00', '--job-id', '266', '--raw', '--subdir', 'DAGS_FOLDER/instacart_etl_dag.py', '--cfg-path', '/tmp/tmp_a3et2wj']
[2024-12-04T17:33:21.695+0000] {standard_task_runner.py:105} INFO - Job 266: Subtask etl_dim_department
[2024-12-04T17:33:22.094+0000] {task_command.py:467} INFO - Running <TaskInstance: instacart_etl_pipeline.etl_dim_department manual__2024-12-04T17:33:18.755612+00:00 [running]> on host e64be71b3b6d
[2024-12-04T17:33:22.576+0000] {taskinstance.py:3132} INFO - Exporting env vars: AIRFLOW_CTX_DAG_OWNER='***' AIRFLOW_CTX_DAG_ID='instacart_etl_pipeline' AIRFLOW_CTX_TASK_ID='etl_dim_department' AIRFLOW_CTX_EXECUTION_DATE='2024-12-04T17:33:18.755612+00:00' AIRFLOW_CTX_TRY_NUMBER='1' AIRFLOW_CTX_DAG_RUN_ID='manual__2024-12-04T17:33:18.755612+00:00'
[2024-12-04T17:33:22.581+0000] {taskinstance.py:731} INFO - ::endgroup::
[2024-12-04T17:33:22.967+0000] {base.py:84} INFO - Retrieving connection 'mssql_default'
[2024-12-04T17:33:23.665+0000] {python.py:240} INFO - Done. Returned value was: None
[2024-12-04T17:33:35.120+0000] {taskinstance.py:340} INFO - ::group::Post task execution logs
[2024-12-04T17:33:35.122+0000] {taskinstance.py:352} INFO - Marking task as SUCCESS. dag_id=instacart_etl_pipeline, task_id=etl_dim_department, run_id=manual__2024-12-04T17:33:18.755612+00:00, execution_date=20241204T173318, start_date=20241204T173321, end_date=20241204T173335
[2024-12-04T17:33:35.135+0000] {job.py:229} INFO - Heartbeat recovered after 13.80 seconds
[2024-12-04T17:33:35.169+0000] {local_task_job_runner.py:266} INFO - Task exited with return code 0
[2024-12-04T17:33:35.208+0000] {taskinstance.py:3895} INFO - 1 downstream tasks scheduled from follow-on schedule check
[2024-12-04T17:33:35.214+0000] {local_task_job_runner.py:245} INFO - ::endgroup::
