[2024-12-05T19:33:21.537+0000] {local_task_job_runner.py:123} INFO - ::group::Pre task execution logs
[2024-12-05T19:33:21.557+0000] {taskinstance.py:2613} INFO - Dependencies all met for dep_context=non-requeueable deps ti=<TaskInstance: instacart_etl.etl_dim_product manual__2024-12-05T19:28:15.746483+00:00 [queued]>
[2024-12-05T19:33:21.568+0000] {taskinstance.py:2613} INFO - Dependencies all met for dep_context=requeueable deps ti=<TaskInstance: instacart_etl.etl_dim_product manual__2024-12-05T19:28:15.746483+00:00 [queued]>
[2024-12-05T19:33:21.568+0000] {taskinstance.py:2866} INFO - Starting attempt 2 of 2
[2024-12-05T19:33:21.588+0000] {taskinstance.py:2889} INFO - Executing <Task(PythonOperator): etl_dim_product> on 2024-12-05 19:28:15.746483+00:00
[2024-12-05T19:33:21.599+0000] {logging_mixin.py:190} WARNING - /home/***/.local/lib/python3.12/site-packages/***/task/task_runner/standard_task_runner.py:70 DeprecationWarning: This process (pid=1005) is multi-threaded, use of fork() may lead to deadlocks in the child.
[2024-12-05T19:33:21.599+0000] {standard_task_runner.py:104} INFO - Running: ['***', 'tasks', 'run', 'instacart_etl', 'etl_dim_product', 'manual__2024-12-05T19:28:15.746483+00:00', '--job-id', '570', '--raw', '--subdir', 'DAGS_FOLDER/test_dag.py', '--cfg-path', '/tmp/tmpn403mnat']
[2024-12-05T19:33:21.601+0000] {standard_task_runner.py:72} INFO - Started process 1007 to run task
[2024-12-05T19:33:21.601+0000] {standard_task_runner.py:105} INFO - Job 570: Subtask etl_dim_product
[2024-12-05T19:33:21.664+0000] {task_command.py:467} INFO - Running <TaskInstance: instacart_etl.etl_dim_product manual__2024-12-05T19:28:15.746483+00:00 [running]> on host d8dedb74dbcd
[2024-12-05T19:33:21.760+0000] {taskinstance.py:3132} INFO - Exporting env vars: AIRFLOW_CTX_DAG_OWNER='***' AIRFLOW_CTX_DAG_ID='instacart_etl' AIRFLOW_CTX_TASK_ID='etl_dim_product' AIRFLOW_CTX_EXECUTION_DATE='2024-12-05T19:28:15.746483+00:00' AIRFLOW_CTX_TRY_NUMBER='2' AIRFLOW_CTX_DAG_RUN_ID='manual__2024-12-05T19:28:15.746483+00:00'
[2024-12-05T19:33:21.762+0000] {taskinstance.py:731} INFO - ::endgroup::
[2024-12-05T19:33:21.795+0000] {base.py:84} INFO - Retrieving connection 'mssql_default'
[2024-12-05T19:33:21.908+0000] {logging_mixin.py:190} INFO - Index(['product_id', 'product_name', 'aisle_id', 'department_id'], dtype='object')
[2024-12-05T19:36:03.748+0000] {job.py:229} INFO - Heartbeat recovered after 15.50 seconds
[2024-12-05T19:38:08.864+0000] {job.py:229} INFO - Heartbeat recovered after 10.90 seconds
[2024-12-05T19:40:50.676+0000] {python.py:240} INFO - Done. Returned value was: None
[2024-12-05T19:40:50.854+0000] {taskinstance.py:340} INFO - ::group::Post task execution logs
[2024-12-05T19:40:50.860+0000] {taskinstance.py:352} INFO - Marking task as SUCCESS. dag_id=instacart_etl, task_id=etl_dim_product, run_id=manual__2024-12-05T19:28:15.746483+00:00, execution_date=20241205T192815, start_date=20241205T193321, end_date=20241205T194050
[2024-12-05T19:40:50.986+0000] {local_task_job_runner.py:266} INFO - Task exited with return code 0
[2024-12-05T19:40:51.058+0000] {taskinstance.py:3895} INFO - 0 downstream tasks scheduled from follow-on schedule check
[2024-12-05T19:40:51.066+0000] {local_task_job_runner.py:245} INFO - ::endgroup::
