[2024-12-18T00:00:07.204+0000] {processor.py:186} INFO - Started process (PID=2958) to work on /opt/airflow/dags/instacart_etl_dag.py
[2024-12-18T00:00:07.207+0000] {processor.py:914} INFO - Processing file /opt/airflow/dags/instacart_etl_dag.py for tasks to queue
[2024-12-18T00:00:07.212+0000] {logging_mixin.py:190} INFO - [2024-12-18T00:00:07.211+0000] {dagbag.py:588} INFO - Filling up the DagBag from /opt/airflow/dags/instacart_etl_dag.py
[2024-12-18T00:00:08.152+0000] {processor.py:925} INFO - DAG(s) 'instacart_etl' retrieved from /opt/airflow/dags/instacart_etl_dag.py
[2024-12-18T00:00:08.194+0000] {logging_mixin.py:190} INFO - [2024-12-18T00:00:08.194+0000] {dag.py:3239} INFO - Sync 1 DAGs
[2024-12-18T00:00:08.222+0000] {logging_mixin.py:190} INFO - [2024-12-18T00:00:08.221+0000] {dag.py:4180} INFO - Setting next_dagrun for instacart_etl to None, run_after=None
[2024-12-18T00:00:08.261+0000] {processor.py:208} INFO - Processing /opt/airflow/dags/instacart_etl_dag.py took 1.068 seconds
[2024-12-18T00:00:38.543+0000] {processor.py:186} INFO - Started process (PID=2981) to work on /opt/airflow/dags/instacart_etl_dag.py
[2024-12-18T00:00:38.544+0000] {processor.py:914} INFO - Processing file /opt/airflow/dags/instacart_etl_dag.py for tasks to queue
[2024-12-18T00:00:38.547+0000] {logging_mixin.py:190} INFO - [2024-12-18T00:00:38.547+0000] {dagbag.py:588} INFO - Filling up the DagBag from /opt/airflow/dags/instacart_etl_dag.py
[2024-12-18T00:00:39.035+0000] {processor.py:925} INFO - DAG(s) 'instacart_etl' retrieved from /opt/airflow/dags/instacart_etl_dag.py
[2024-12-18T00:00:39.054+0000] {logging_mixin.py:190} INFO - [2024-12-18T00:00:39.054+0000] {dag.py:3239} INFO - Sync 1 DAGs
[2024-12-18T00:00:39.068+0000] {logging_mixin.py:190} INFO - [2024-12-18T00:00:39.068+0000] {dag.py:4180} INFO - Setting next_dagrun for instacart_etl to None, run_after=None
[2024-12-18T00:00:39.094+0000] {processor.py:208} INFO - Processing /opt/airflow/dags/instacart_etl_dag.py took 0.559 seconds
[2024-12-18T00:01:09.822+0000] {processor.py:186} INFO - Started process (PID=3004) to work on /opt/airflow/dags/instacart_etl_dag.py
[2024-12-18T00:01:09.823+0000] {processor.py:914} INFO - Processing file /opt/airflow/dags/instacart_etl_dag.py for tasks to queue
[2024-12-18T00:01:09.825+0000] {logging_mixin.py:190} INFO - [2024-12-18T00:01:09.825+0000] {dagbag.py:588} INFO - Filling up the DagBag from /opt/airflow/dags/instacart_etl_dag.py
[2024-12-18T00:01:10.268+0000] {processor.py:925} INFO - DAG(s) 'instacart_etl' retrieved from /opt/airflow/dags/instacart_etl_dag.py
[2024-12-18T00:01:10.291+0000] {logging_mixin.py:190} INFO - [2024-12-18T00:01:10.291+0000] {dag.py:3239} INFO - Sync 1 DAGs
[2024-12-18T00:01:10.304+0000] {logging_mixin.py:190} INFO - [2024-12-18T00:01:10.304+0000] {dag.py:4180} INFO - Setting next_dagrun for instacart_etl to None, run_after=None
[2024-12-18T00:01:10.325+0000] {processor.py:208} INFO - Processing /opt/airflow/dags/instacart_etl_dag.py took 0.509 seconds
[2024-12-18T00:01:40.618+0000] {processor.py:186} INFO - Started process (PID=3028) to work on /opt/airflow/dags/instacart_etl_dag.py
[2024-12-18T00:01:40.619+0000] {processor.py:914} INFO - Processing file /opt/airflow/dags/instacart_etl_dag.py for tasks to queue
[2024-12-18T00:01:40.622+0000] {logging_mixin.py:190} INFO - [2024-12-18T00:01:40.622+0000] {dagbag.py:588} INFO - Filling up the DagBag from /opt/airflow/dags/instacart_etl_dag.py
[2024-12-18T00:01:41.151+0000] {processor.py:925} INFO - DAG(s) 'instacart_etl' retrieved from /opt/airflow/dags/instacart_etl_dag.py
[2024-12-18T00:01:41.172+0000] {logging_mixin.py:190} INFO - [2024-12-18T00:01:41.171+0000] {dag.py:3239} INFO - Sync 1 DAGs
[2024-12-18T00:01:41.184+0000] {logging_mixin.py:190} INFO - [2024-12-18T00:01:41.184+0000] {dag.py:4180} INFO - Setting next_dagrun for instacart_etl to None, run_after=None
[2024-12-18T00:01:41.202+0000] {processor.py:208} INFO - Processing /opt/airflow/dags/instacart_etl_dag.py took 0.591 seconds
[2024-12-18T00:02:11.971+0000] {processor.py:186} INFO - Started process (PID=3051) to work on /opt/airflow/dags/instacart_etl_dag.py
[2024-12-18T00:02:11.973+0000] {processor.py:914} INFO - Processing file /opt/airflow/dags/instacart_etl_dag.py for tasks to queue
[2024-12-18T00:02:11.976+0000] {logging_mixin.py:190} INFO - [2024-12-18T00:02:11.975+0000] {dagbag.py:588} INFO - Filling up the DagBag from /opt/airflow/dags/instacart_etl_dag.py
[2024-12-18T00:02:12.522+0000] {processor.py:925} INFO - DAG(s) 'instacart_etl' retrieved from /opt/airflow/dags/instacart_etl_dag.py
[2024-12-18T00:02:12.543+0000] {logging_mixin.py:190} INFO - [2024-12-18T00:02:12.543+0000] {dag.py:3239} INFO - Sync 1 DAGs
[2024-12-18T00:02:12.556+0000] {logging_mixin.py:190} INFO - [2024-12-18T00:02:12.556+0000] {dag.py:4180} INFO - Setting next_dagrun for instacart_etl to None, run_after=None
[2024-12-18T00:02:12.580+0000] {processor.py:208} INFO - Processing /opt/airflow/dags/instacart_etl_dag.py took 0.614 seconds
[2024-12-18T00:02:43.322+0000] {processor.py:186} INFO - Started process (PID=3074) to work on /opt/airflow/dags/instacart_etl_dag.py
[2024-12-18T00:02:43.323+0000] {processor.py:914} INFO - Processing file /opt/airflow/dags/instacart_etl_dag.py for tasks to queue
[2024-12-18T00:02:43.326+0000] {logging_mixin.py:190} INFO - [2024-12-18T00:02:43.326+0000] {dagbag.py:588} INFO - Filling up the DagBag from /opt/airflow/dags/instacart_etl_dag.py
[2024-12-18T00:02:43.980+0000] {processor.py:925} INFO - DAG(s) 'instacart_etl' retrieved from /opt/airflow/dags/instacart_etl_dag.py
[2024-12-18T00:02:44.011+0000] {logging_mixin.py:190} INFO - [2024-12-18T00:02:44.011+0000] {dag.py:3239} INFO - Sync 1 DAGs
[2024-12-18T00:02:44.028+0000] {logging_mixin.py:190} INFO - [2024-12-18T00:02:44.027+0000] {dag.py:4180} INFO - Setting next_dagrun for instacart_etl to None, run_after=None
[2024-12-18T00:02:44.057+0000] {processor.py:208} INFO - Processing /opt/airflow/dags/instacart_etl_dag.py took 0.742 seconds
[2024-12-18T00:03:14.482+0000] {processor.py:186} INFO - Started process (PID=3113) to work on /opt/airflow/dags/instacart_etl_dag.py
[2024-12-18T00:03:14.483+0000] {processor.py:914} INFO - Processing file /opt/airflow/dags/instacart_etl_dag.py for tasks to queue
[2024-12-18T00:03:14.489+0000] {logging_mixin.py:190} INFO - [2024-12-18T00:03:14.489+0000] {dagbag.py:588} INFO - Filling up the DagBag from /opt/airflow/dags/instacart_etl_dag.py
[2024-12-18T00:03:15.810+0000] {processor.py:925} INFO - DAG(s) 'instacart_etl' retrieved from /opt/airflow/dags/instacart_etl_dag.py
[2024-12-18T00:03:15.860+0000] {logging_mixin.py:190} INFO - [2024-12-18T00:03:15.859+0000] {dag.py:3239} INFO - Sync 1 DAGs
[2024-12-18T00:03:15.903+0000] {logging_mixin.py:190} INFO - [2024-12-18T00:03:15.901+0000] {dag.py:4180} INFO - Setting next_dagrun for instacart_etl to None, run_after=None
[2024-12-18T00:03:15.943+0000] {processor.py:208} INFO - Processing /opt/airflow/dags/instacart_etl_dag.py took 1.475 seconds
[2024-12-18T00:03:46.370+0000] {processor.py:186} INFO - Started process (PID=3140) to work on /opt/airflow/dags/instacart_etl_dag.py
[2024-12-18T00:03:46.380+0000] {processor.py:914} INFO - Processing file /opt/airflow/dags/instacart_etl_dag.py for tasks to queue
[2024-12-18T00:03:46.388+0000] {logging_mixin.py:190} INFO - [2024-12-18T00:03:46.388+0000] {dagbag.py:588} INFO - Filling up the DagBag from /opt/airflow/dags/instacart_etl_dag.py
[2024-12-18T00:03:47.961+0000] {processor.py:925} INFO - DAG(s) 'instacart_etl' retrieved from /opt/airflow/dags/instacart_etl_dag.py
[2024-12-18T00:03:48.011+0000] {logging_mixin.py:190} INFO - [2024-12-18T00:03:48.010+0000] {dag.py:3239} INFO - Sync 1 DAGs
[2024-12-18T00:03:48.034+0000] {logging_mixin.py:190} INFO - [2024-12-18T00:03:48.034+0000] {dag.py:4180} INFO - Setting next_dagrun for instacart_etl to None, run_after=None
[2024-12-18T00:03:48.068+0000] {processor.py:208} INFO - Processing /opt/airflow/dags/instacart_etl_dag.py took 1.727 seconds
[2024-12-18T00:04:18.917+0000] {processor.py:186} INFO - Started process (PID=3163) to work on /opt/airflow/dags/instacart_etl_dag.py
[2024-12-18T00:04:18.919+0000] {processor.py:914} INFO - Processing file /opt/airflow/dags/instacart_etl_dag.py for tasks to queue
[2024-12-18T00:04:18.923+0000] {logging_mixin.py:190} INFO - [2024-12-18T00:04:18.923+0000] {dagbag.py:588} INFO - Filling up the DagBag from /opt/airflow/dags/instacart_etl_dag.py
[2024-12-18T00:04:19.963+0000] {processor.py:925} INFO - DAG(s) 'instacart_etl' retrieved from /opt/airflow/dags/instacart_etl_dag.py
[2024-12-18T00:04:20.056+0000] {logging_mixin.py:190} INFO - [2024-12-18T00:04:20.055+0000] {dag.py:3239} INFO - Sync 1 DAGs
[2024-12-18T00:04:20.090+0000] {logging_mixin.py:190} INFO - [2024-12-18T00:04:20.089+0000] {dag.py:4180} INFO - Setting next_dagrun for instacart_etl to None, run_after=None
[2024-12-18T00:04:20.125+0000] {processor.py:208} INFO - Processing /opt/airflow/dags/instacart_etl_dag.py took 1.222 seconds
[2024-12-18T00:04:50.524+0000] {processor.py:186} INFO - Started process (PID=3192) to work on /opt/airflow/dags/instacart_etl_dag.py
[2024-12-18T00:04:50.526+0000] {processor.py:914} INFO - Processing file /opt/airflow/dags/instacart_etl_dag.py for tasks to queue
[2024-12-18T00:04:50.530+0000] {logging_mixin.py:190} INFO - [2024-12-18T00:04:50.529+0000] {dagbag.py:588} INFO - Filling up the DagBag from /opt/airflow/dags/instacart_etl_dag.py
[2024-12-18T00:04:51.500+0000] {processor.py:925} INFO - DAG(s) 'instacart_etl' retrieved from /opt/airflow/dags/instacart_etl_dag.py
[2024-12-18T00:04:51.544+0000] {logging_mixin.py:190} INFO - [2024-12-18T00:04:51.543+0000] {dag.py:3239} INFO - Sync 1 DAGs
[2024-12-18T00:04:51.566+0000] {logging_mixin.py:190} INFO - [2024-12-18T00:04:51.566+0000] {dag.py:4180} INFO - Setting next_dagrun for instacart_etl to None, run_after=None
[2024-12-18T00:04:51.600+0000] {processor.py:208} INFO - Processing /opt/airflow/dags/instacart_etl_dag.py took 1.088 seconds
[2024-12-18T00:05:22.027+0000] {processor.py:186} INFO - Started process (PID=3215) to work on /opt/airflow/dags/instacart_etl_dag.py
[2024-12-18T00:05:22.028+0000] {processor.py:914} INFO - Processing file /opt/airflow/dags/instacart_etl_dag.py for tasks to queue
[2024-12-18T00:05:22.032+0000] {logging_mixin.py:190} INFO - [2024-12-18T00:05:22.031+0000] {dagbag.py:588} INFO - Filling up the DagBag from /opt/airflow/dags/instacart_etl_dag.py
[2024-12-18T00:05:23.007+0000] {processor.py:925} INFO - DAG(s) 'instacart_etl' retrieved from /opt/airflow/dags/instacart_etl_dag.py
[2024-12-18T00:05:23.054+0000] {logging_mixin.py:190} INFO - [2024-12-18T00:05:23.053+0000] {dag.py:3239} INFO - Sync 1 DAGs
[2024-12-18T00:05:23.078+0000] {logging_mixin.py:190} INFO - [2024-12-18T00:05:23.077+0000] {dag.py:4180} INFO - Setting next_dagrun for instacart_etl to None, run_after=None
[2024-12-18T00:05:23.111+0000] {processor.py:208} INFO - Processing /opt/airflow/dags/instacart_etl_dag.py took 1.094 seconds
[2024-12-18T00:05:53.472+0000] {processor.py:186} INFO - Started process (PID=3238) to work on /opt/airflow/dags/instacart_etl_dag.py
[2024-12-18T00:05:53.473+0000] {processor.py:914} INFO - Processing file /opt/airflow/dags/instacart_etl_dag.py for tasks to queue
[2024-12-18T00:05:53.476+0000] {logging_mixin.py:190} INFO - [2024-12-18T00:05:53.476+0000] {dagbag.py:588} INFO - Filling up the DagBag from /opt/airflow/dags/instacart_etl_dag.py
[2024-12-18T00:05:54.393+0000] {processor.py:925} INFO - DAG(s) 'instacart_etl' retrieved from /opt/airflow/dags/instacart_etl_dag.py
[2024-12-18T00:05:54.437+0000] {logging_mixin.py:190} INFO - [2024-12-18T00:05:54.436+0000] {dag.py:3239} INFO - Sync 1 DAGs
[2024-12-18T00:05:54.458+0000] {logging_mixin.py:190} INFO - [2024-12-18T00:05:54.457+0000] {dag.py:4180} INFO - Setting next_dagrun for instacart_etl to None, run_after=None
[2024-12-18T00:05:54.491+0000] {processor.py:208} INFO - Processing /opt/airflow/dags/instacart_etl_dag.py took 1.030 seconds
[2024-12-18T00:06:24.835+0000] {processor.py:186} INFO - Started process (PID=3261) to work on /opt/airflow/dags/instacart_etl_dag.py
[2024-12-18T00:06:24.837+0000] {processor.py:914} INFO - Processing file /opt/airflow/dags/instacart_etl_dag.py for tasks to queue
[2024-12-18T00:06:24.840+0000] {logging_mixin.py:190} INFO - [2024-12-18T00:06:24.840+0000] {dagbag.py:588} INFO - Filling up the DagBag from /opt/airflow/dags/instacart_etl_dag.py
[2024-12-18T00:06:25.418+0000] {processor.py:925} INFO - DAG(s) 'instacart_etl' retrieved from /opt/airflow/dags/instacart_etl_dag.py
[2024-12-18T00:06:25.446+0000] {logging_mixin.py:190} INFO - [2024-12-18T00:06:25.445+0000] {dag.py:3239} INFO - Sync 1 DAGs
[2024-12-18T00:06:25.461+0000] {logging_mixin.py:190} INFO - [2024-12-18T00:06:25.461+0000] {dag.py:4180} INFO - Setting next_dagrun for instacart_etl to None, run_after=None
[2024-12-18T00:06:26.148+0000] {processor.py:208} INFO - Processing /opt/airflow/dags/instacart_etl_dag.py took 1.319 seconds
[2024-12-18T00:06:56.270+0000] {processor.py:186} INFO - Started process (PID=3285) to work on /opt/airflow/dags/instacart_etl_dag.py
[2024-12-18T00:06:56.271+0000] {processor.py:914} INFO - Processing file /opt/airflow/dags/instacart_etl_dag.py for tasks to queue
[2024-12-18T00:06:56.276+0000] {logging_mixin.py:190} INFO - [2024-12-18T00:06:56.275+0000] {dagbag.py:588} INFO - Filling up the DagBag from /opt/airflow/dags/instacart_etl_dag.py
[2024-12-18T00:06:56.988+0000] {processor.py:925} INFO - DAG(s) 'instacart_etl' retrieved from /opt/airflow/dags/instacart_etl_dag.py
[2024-12-18T00:06:57.024+0000] {logging_mixin.py:190} INFO - [2024-12-18T00:06:57.023+0000] {dag.py:3239} INFO - Sync 1 DAGs
[2024-12-18T00:06:57.046+0000] {logging_mixin.py:190} INFO - [2024-12-18T00:06:57.046+0000] {dag.py:4180} INFO - Setting next_dagrun for instacart_etl to None, run_after=None
[2024-12-18T00:06:57.070+0000] {processor.py:208} INFO - Processing /opt/airflow/dags/instacart_etl_dag.py took 0.812 seconds
[2024-12-18T00:07:27.441+0000] {processor.py:186} INFO - Started process (PID=3308) to work on /opt/airflow/dags/instacart_etl_dag.py
[2024-12-18T00:07:27.443+0000] {processor.py:914} INFO - Processing file /opt/airflow/dags/instacart_etl_dag.py for tasks to queue
[2024-12-18T00:07:27.447+0000] {logging_mixin.py:190} INFO - [2024-12-18T00:07:27.447+0000] {dagbag.py:588} INFO - Filling up the DagBag from /opt/airflow/dags/instacart_etl_dag.py
[2024-12-18T00:07:28.287+0000] {processor.py:925} INFO - DAG(s) 'instacart_etl' retrieved from /opt/airflow/dags/instacart_etl_dag.py
[2024-12-18T00:07:28.328+0000] {logging_mixin.py:190} INFO - [2024-12-18T00:07:28.327+0000] {dag.py:3239} INFO - Sync 1 DAGs
[2024-12-18T00:07:28.353+0000] {logging_mixin.py:190} INFO - [2024-12-18T00:07:28.352+0000] {dag.py:4180} INFO - Setting next_dagrun for instacart_etl to None, run_after=None
[2024-12-18T00:07:28.380+0000] {processor.py:208} INFO - Processing /opt/airflow/dags/instacart_etl_dag.py took 0.953 seconds
[2024-12-18T00:07:58.837+0000] {processor.py:186} INFO - Started process (PID=3331) to work on /opt/airflow/dags/instacart_etl_dag.py
[2024-12-18T00:07:58.841+0000] {processor.py:914} INFO - Processing file /opt/airflow/dags/instacart_etl_dag.py for tasks to queue
[2024-12-18T00:07:58.845+0000] {logging_mixin.py:190} INFO - [2024-12-18T00:07:58.844+0000] {dagbag.py:588} INFO - Filling up the DagBag from /opt/airflow/dags/instacart_etl_dag.py
[2024-12-18T00:07:59.691+0000] {processor.py:925} INFO - DAG(s) 'instacart_etl' retrieved from /opt/airflow/dags/instacart_etl_dag.py
[2024-12-18T00:07:59.730+0000] {logging_mixin.py:190} INFO - [2024-12-18T00:07:59.729+0000] {dag.py:3239} INFO - Sync 1 DAGs
[2024-12-18T00:07:59.753+0000] {logging_mixin.py:190} INFO - [2024-12-18T00:07:59.753+0000] {dag.py:4180} INFO - Setting next_dagrun for instacart_etl to None, run_after=None
[2024-12-18T00:07:59.784+0000] {processor.py:208} INFO - Processing /opt/airflow/dags/instacart_etl_dag.py took 0.959 seconds
[2024-12-18T00:08:30.193+0000] {processor.py:186} INFO - Started process (PID=3354) to work on /opt/airflow/dags/instacart_etl_dag.py
[2024-12-18T00:08:30.196+0000] {processor.py:914} INFO - Processing file /opt/airflow/dags/instacart_etl_dag.py for tasks to queue
[2024-12-18T00:08:30.200+0000] {logging_mixin.py:190} INFO - [2024-12-18T00:08:30.199+0000] {dagbag.py:588} INFO - Filling up the DagBag from /opt/airflow/dags/instacart_etl_dag.py
[2024-12-18T00:08:30.884+0000] {processor.py:925} INFO - DAG(s) 'instacart_etl' retrieved from /opt/airflow/dags/instacart_etl_dag.py
[2024-12-18T00:08:30.915+0000] {logging_mixin.py:190} INFO - [2024-12-18T00:08:30.915+0000] {dag.py:3239} INFO - Sync 1 DAGs
[2024-12-18T00:08:30.932+0000] {logging_mixin.py:190} INFO - [2024-12-18T00:08:30.932+0000] {dag.py:4180} INFO - Setting next_dagrun for instacart_etl to None, run_after=None
[2024-12-18T00:08:30.956+0000] {processor.py:208} INFO - Processing /opt/airflow/dags/instacart_etl_dag.py took 0.771 seconds
[2024-12-18T00:09:01.304+0000] {processor.py:186} INFO - Started process (PID=3377) to work on /opt/airflow/dags/instacart_etl_dag.py
[2024-12-18T00:09:01.305+0000] {processor.py:914} INFO - Processing file /opt/airflow/dags/instacart_etl_dag.py for tasks to queue
[2024-12-18T00:09:01.308+0000] {logging_mixin.py:190} INFO - [2024-12-18T00:09:01.308+0000] {dagbag.py:588} INFO - Filling up the DagBag from /opt/airflow/dags/instacart_etl_dag.py
[2024-12-18T00:09:02.032+0000] {processor.py:925} INFO - DAG(s) 'instacart_etl' retrieved from /opt/airflow/dags/instacart_etl_dag.py
[2024-12-18T00:09:02.070+0000] {logging_mixin.py:190} INFO - [2024-12-18T00:09:02.069+0000] {dag.py:3239} INFO - Sync 1 DAGs
[2024-12-18T00:09:02.089+0000] {logging_mixin.py:190} INFO - [2024-12-18T00:09:02.088+0000] {dag.py:4180} INFO - Setting next_dagrun for instacart_etl to None, run_after=None
[2024-12-18T00:09:02.120+0000] {processor.py:208} INFO - Processing /opt/airflow/dags/instacart_etl_dag.py took 0.826 seconds
[2024-12-18T00:09:32.782+0000] {processor.py:186} INFO - Started process (PID=3404) to work on /opt/airflow/dags/instacart_etl_dag.py
[2024-12-18T00:09:32.784+0000] {processor.py:914} INFO - Processing file /opt/airflow/dags/instacart_etl_dag.py for tasks to queue
[2024-12-18T00:09:32.788+0000] {logging_mixin.py:190} INFO - [2024-12-18T00:09:32.788+0000] {dagbag.py:588} INFO - Filling up the DagBag from /opt/airflow/dags/instacart_etl_dag.py
[2024-12-18T00:09:34.664+0000] {processor.py:925} INFO - DAG(s) 'instacart_etl' retrieved from /opt/airflow/dags/instacart_etl_dag.py
[2024-12-18T00:09:34.706+0000] {logging_mixin.py:190} INFO - [2024-12-18T00:09:34.703+0000] {dag.py:3239} INFO - Sync 1 DAGs
[2024-12-18T00:09:34.730+0000] {logging_mixin.py:190} INFO - [2024-12-18T00:09:34.730+0000] {dag.py:4180} INFO - Setting next_dagrun for instacart_etl to None, run_after=None
[2024-12-18T00:09:34.767+0000] {processor.py:208} INFO - Processing /opt/airflow/dags/instacart_etl_dag.py took 1.998 seconds
[2024-12-18T00:10:05.275+0000] {processor.py:186} INFO - Started process (PID=3427) to work on /opt/airflow/dags/instacart_etl_dag.py
[2024-12-18T00:10:05.276+0000] {processor.py:914} INFO - Processing file /opt/airflow/dags/instacart_etl_dag.py for tasks to queue
[2024-12-18T00:10:05.283+0000] {logging_mixin.py:190} INFO - [2024-12-18T00:10:05.282+0000] {dagbag.py:588} INFO - Filling up the DagBag from /opt/airflow/dags/instacart_etl_dag.py
[2024-12-18T00:10:06.847+0000] {processor.py:925} INFO - DAG(s) 'instacart_etl' retrieved from /opt/airflow/dags/instacart_etl_dag.py
[2024-12-18T00:10:07.075+0000] {logging_mixin.py:190} INFO - [2024-12-18T00:10:07.072+0000] {dag.py:3239} INFO - Sync 1 DAGs
[2024-12-18T00:10:07.110+0000] {logging_mixin.py:190} INFO - [2024-12-18T00:10:07.110+0000] {dag.py:4180} INFO - Setting next_dagrun for instacart_etl to None, run_after=None
[2024-12-18T00:10:07.156+0000] {processor.py:208} INFO - Processing /opt/airflow/dags/instacart_etl_dag.py took 1.892 seconds
[2024-12-18T00:10:37.743+0000] {processor.py:186} INFO - Started process (PID=3450) to work on /opt/airflow/dags/instacart_etl_dag.py
[2024-12-18T00:10:37.744+0000] {processor.py:914} INFO - Processing file /opt/airflow/dags/instacart_etl_dag.py for tasks to queue
[2024-12-18T00:10:37.755+0000] {logging_mixin.py:190} INFO - [2024-12-18T00:10:37.748+0000] {dagbag.py:588} INFO - Filling up the DagBag from /opt/airflow/dags/instacart_etl_dag.py
[2024-12-18T00:10:39.706+0000] {processor.py:925} INFO - DAG(s) 'instacart_etl' retrieved from /opt/airflow/dags/instacart_etl_dag.py
[2024-12-18T00:10:40.809+0000] {logging_mixin.py:190} INFO - [2024-12-18T00:10:40.807+0000] {dag.py:3239} INFO - Sync 1 DAGs
[2024-12-18T00:10:40.831+0000] {logging_mixin.py:190} INFO - [2024-12-18T00:10:40.831+0000] {dag.py:4180} INFO - Setting next_dagrun for instacart_etl to None, run_after=None
[2024-12-18T00:10:40.870+0000] {processor.py:208} INFO - Processing /opt/airflow/dags/instacart_etl_dag.py took 3.154 seconds
[2024-12-18T00:11:11.264+0000] {processor.py:186} INFO - Started process (PID=3473) to work on /opt/airflow/dags/instacart_etl_dag.py
[2024-12-18T00:11:11.266+0000] {processor.py:914} INFO - Processing file /opt/airflow/dags/instacart_etl_dag.py for tasks to queue
[2024-12-18T00:11:11.270+0000] {logging_mixin.py:190} INFO - [2024-12-18T00:11:11.269+0000] {dagbag.py:588} INFO - Filling up the DagBag from /opt/airflow/dags/instacart_etl_dag.py
[2024-12-18T00:11:17.737+0000] {processor.py:925} INFO - DAG(s) 'instacart_etl' retrieved from /opt/airflow/dags/instacart_etl_dag.py
[2024-12-18T00:11:18.397+0000] {logging_mixin.py:190} INFO - [2024-12-18T00:11:18.396+0000] {dag.py:3239} INFO - Sync 1 DAGs
[2024-12-18T00:11:18.443+0000] {logging_mixin.py:190} INFO - [2024-12-18T00:11:18.443+0000] {dag.py:4180} INFO - Setting next_dagrun for instacart_etl to None, run_after=None
[2024-12-18T00:11:18.511+0000] {processor.py:208} INFO - Processing /opt/airflow/dags/instacart_etl_dag.py took 7.261 seconds
[2024-12-18T00:11:48.854+0000] {processor.py:186} INFO - Started process (PID=3496) to work on /opt/airflow/dags/instacart_etl_dag.py
[2024-12-18T00:11:48.855+0000] {processor.py:914} INFO - Processing file /opt/airflow/dags/instacart_etl_dag.py for tasks to queue
[2024-12-18T00:11:48.858+0000] {logging_mixin.py:190} INFO - [2024-12-18T00:11:48.857+0000] {dagbag.py:588} INFO - Filling up the DagBag from /opt/airflow/dags/instacart_etl_dag.py
[2024-12-18T00:11:49.922+0000] {processor.py:925} INFO - DAG(s) 'instacart_etl' retrieved from /opt/airflow/dags/instacart_etl_dag.py
[2024-12-18T00:11:49.947+0000] {logging_mixin.py:190} INFO - [2024-12-18T00:11:49.946+0000] {dag.py:3239} INFO - Sync 1 DAGs
[2024-12-18T00:11:49.963+0000] {logging_mixin.py:190} INFO - [2024-12-18T00:11:49.962+0000] {dag.py:4180} INFO - Setting next_dagrun for instacart_etl to None, run_after=None
[2024-12-18T00:11:49.985+0000] {processor.py:208} INFO - Processing /opt/airflow/dags/instacart_etl_dag.py took 1.142 seconds
[2024-12-18T00:12:20.356+0000] {processor.py:186} INFO - Started process (PID=3525) to work on /opt/airflow/dags/instacart_etl_dag.py
[2024-12-18T00:12:20.358+0000] {processor.py:914} INFO - Processing file /opt/airflow/dags/instacart_etl_dag.py for tasks to queue
[2024-12-18T00:12:20.363+0000] {logging_mixin.py:190} INFO - [2024-12-18T00:12:20.362+0000] {dagbag.py:588} INFO - Filling up the DagBag from /opt/airflow/dags/instacart_etl_dag.py
[2024-12-18T00:12:21.220+0000] {processor.py:925} INFO - DAG(s) 'instacart_etl' retrieved from /opt/airflow/dags/instacart_etl_dag.py
[2024-12-18T00:12:21.253+0000] {logging_mixin.py:190} INFO - [2024-12-18T00:12:21.252+0000] {dag.py:3239} INFO - Sync 1 DAGs
[2024-12-18T00:12:21.283+0000] {logging_mixin.py:190} INFO - [2024-12-18T00:12:21.282+0000] {dag.py:4180} INFO - Setting next_dagrun for instacart_etl to None, run_after=None
[2024-12-18T00:12:21.323+0000] {processor.py:208} INFO - Processing /opt/airflow/dags/instacart_etl_dag.py took 0.979 seconds
[2024-12-18T00:12:51.631+0000] {processor.py:186} INFO - Started process (PID=3548) to work on /opt/airflow/dags/instacart_etl_dag.py
[2024-12-18T00:12:51.632+0000] {processor.py:914} INFO - Processing file /opt/airflow/dags/instacart_etl_dag.py for tasks to queue
[2024-12-18T00:12:51.635+0000] {logging_mixin.py:190} INFO - [2024-12-18T00:12:51.634+0000] {dagbag.py:588} INFO - Filling up the DagBag from /opt/airflow/dags/instacart_etl_dag.py
[2024-12-18T00:12:52.173+0000] {processor.py:925} INFO - DAG(s) 'instacart_etl' retrieved from /opt/airflow/dags/instacart_etl_dag.py
[2024-12-18T00:12:52.197+0000] {logging_mixin.py:190} INFO - [2024-12-18T00:12:52.197+0000] {dag.py:3239} INFO - Sync 1 DAGs
[2024-12-18T00:12:52.211+0000] {logging_mixin.py:190} INFO - [2024-12-18T00:12:52.211+0000] {dag.py:4180} INFO - Setting next_dagrun for instacart_etl to None, run_after=None
[2024-12-18T00:12:52.235+0000] {processor.py:208} INFO - Processing /opt/airflow/dags/instacart_etl_dag.py took 0.610 seconds
[2024-12-18T00:14:14.612+0000] {processor.py:186} INFO - Started process (PID=211) to work on /opt/airflow/dags/instacart_etl_dag.py
[2024-12-18T00:14:14.615+0000] {processor.py:914} INFO - Processing file /opt/airflow/dags/instacart_etl_dag.py for tasks to queue
[2024-12-18T00:14:14.620+0000] {logging_mixin.py:190} INFO - [2024-12-18T00:14:14.619+0000] {dagbag.py:588} INFO - Filling up the DagBag from /opt/airflow/dags/instacart_etl_dag.py
[2024-12-18T00:14:17.692+0000] {processor.py:925} INFO - DAG(s) 'instacart_etl' retrieved from /opt/airflow/dags/instacart_etl_dag.py
[2024-12-18T00:14:17.769+0000] {logging_mixin.py:190} INFO - [2024-12-18T00:14:17.769+0000] {dag.py:3239} INFO - Sync 1 DAGs
[2024-12-18T00:14:17.793+0000] {logging_mixin.py:190} INFO - [2024-12-18T00:14:17.792+0000] {dag.py:4180} INFO - Setting next_dagrun for instacart_etl to None, run_after=None
[2024-12-18T00:14:17.833+0000] {processor.py:208} INFO - Processing /opt/airflow/dags/instacart_etl_dag.py took 3.241 seconds
[2024-12-18T00:14:48.226+0000] {processor.py:186} INFO - Started process (PID=234) to work on /opt/airflow/dags/instacart_etl_dag.py
[2024-12-18T00:14:48.227+0000] {processor.py:914} INFO - Processing file /opt/airflow/dags/instacart_etl_dag.py for tasks to queue
[2024-12-18T00:14:48.230+0000] {logging_mixin.py:190} INFO - [2024-12-18T00:14:48.230+0000] {dagbag.py:588} INFO - Filling up the DagBag from /opt/airflow/dags/instacart_etl_dag.py
[2024-12-18T00:14:49.292+0000] {processor.py:925} INFO - DAG(s) 'instacart_etl' retrieved from /opt/airflow/dags/instacart_etl_dag.py
[2024-12-18T00:14:49.318+0000] {logging_mixin.py:190} INFO - [2024-12-18T00:14:49.317+0000] {dag.py:3239} INFO - Sync 1 DAGs
[2024-12-18T00:14:49.332+0000] {logging_mixin.py:190} INFO - [2024-12-18T00:14:49.331+0000] {dag.py:4180} INFO - Setting next_dagrun for instacart_etl to None, run_after=None
[2024-12-18T00:14:49.356+0000] {processor.py:208} INFO - Processing /opt/airflow/dags/instacart_etl_dag.py took 1.135 seconds
[2024-12-18T00:15:20.147+0000] {processor.py:186} INFO - Started process (PID=261) to work on /opt/airflow/dags/instacart_etl_dag.py
[2024-12-18T00:15:20.156+0000] {processor.py:914} INFO - Processing file /opt/airflow/dags/instacart_etl_dag.py for tasks to queue
[2024-12-18T00:15:20.160+0000] {logging_mixin.py:190} INFO - [2024-12-18T00:15:20.160+0000] {dagbag.py:588} INFO - Filling up the DagBag from /opt/airflow/dags/instacart_etl_dag.py
[2024-12-18T00:15:22.581+0000] {processor.py:925} INFO - DAG(s) 'instacart_etl' retrieved from /opt/airflow/dags/instacart_etl_dag.py
[2024-12-18T00:15:22.623+0000] {logging_mixin.py:190} INFO - [2024-12-18T00:15:22.622+0000] {dag.py:3239} INFO - Sync 1 DAGs
[2024-12-18T00:15:22.644+0000] {logging_mixin.py:190} INFO - [2024-12-18T00:15:22.643+0000] {dag.py:4180} INFO - Setting next_dagrun for instacart_etl to None, run_after=None
[2024-12-18T00:15:22.683+0000] {processor.py:208} INFO - Processing /opt/airflow/dags/instacart_etl_dag.py took 2.594 seconds
[2024-12-18T00:15:53.036+0000] {processor.py:186} INFO - Started process (PID=284) to work on /opt/airflow/dags/instacart_etl_dag.py
[2024-12-18T00:15:53.037+0000] {processor.py:914} INFO - Processing file /opt/airflow/dags/instacart_etl_dag.py for tasks to queue
[2024-12-18T00:15:53.042+0000] {logging_mixin.py:190} INFO - [2024-12-18T00:15:53.041+0000] {dagbag.py:588} INFO - Filling up the DagBag from /opt/airflow/dags/instacart_etl_dag.py
[2024-12-18T00:15:55.823+0000] {processor.py:925} INFO - DAG(s) 'instacart_etl' retrieved from /opt/airflow/dags/instacart_etl_dag.py
[2024-12-18T00:15:55.872+0000] {logging_mixin.py:190} INFO - [2024-12-18T00:15:55.868+0000] {dag.py:3239} INFO - Sync 1 DAGs
[2024-12-18T00:15:55.895+0000] {logging_mixin.py:190} INFO - [2024-12-18T00:15:55.895+0000] {dag.py:4180} INFO - Setting next_dagrun for instacart_etl to None, run_after=None
[2024-12-18T00:15:55.933+0000] {processor.py:208} INFO - Processing /opt/airflow/dags/instacart_etl_dag.py took 2.906 seconds
[2024-12-18T00:16:26.255+0000] {processor.py:186} INFO - Started process (PID=307) to work on /opt/airflow/dags/instacart_etl_dag.py
[2024-12-18T00:16:26.256+0000] {processor.py:914} INFO - Processing file /opt/airflow/dags/instacart_etl_dag.py for tasks to queue
[2024-12-18T00:16:26.259+0000] {logging_mixin.py:190} INFO - [2024-12-18T00:16:26.259+0000] {dagbag.py:588} INFO - Filling up the DagBag from /opt/airflow/dags/instacart_etl_dag.py
[2024-12-18T00:16:27.015+0000] {processor.py:925} INFO - DAG(s) 'instacart_etl' retrieved from /opt/airflow/dags/instacart_etl_dag.py
[2024-12-18T00:16:27.041+0000] {logging_mixin.py:190} INFO - [2024-12-18T00:16:27.040+0000] {dag.py:3239} INFO - Sync 1 DAGs
[2024-12-18T00:16:27.057+0000] {logging_mixin.py:190} INFO - [2024-12-18T00:16:27.057+0000] {dag.py:4180} INFO - Setting next_dagrun for instacart_etl to None, run_after=None
[2024-12-18T00:16:27.083+0000] {processor.py:208} INFO - Processing /opt/airflow/dags/instacart_etl_dag.py took 0.837 seconds
[2024-12-18T00:16:57.393+0000] {processor.py:186} INFO - Started process (PID=330) to work on /opt/airflow/dags/instacart_etl_dag.py
[2024-12-18T00:16:57.394+0000] {processor.py:914} INFO - Processing file /opt/airflow/dags/instacart_etl_dag.py for tasks to queue
[2024-12-18T00:16:57.398+0000] {logging_mixin.py:190} INFO - [2024-12-18T00:16:57.398+0000] {dagbag.py:588} INFO - Filling up the DagBag from /opt/airflow/dags/instacart_etl_dag.py
[2024-12-18T00:16:58.169+0000] {processor.py:925} INFO - DAG(s) 'instacart_etl' retrieved from /opt/airflow/dags/instacart_etl_dag.py
[2024-12-18T00:16:58.213+0000] {logging_mixin.py:190} INFO - [2024-12-18T00:16:58.213+0000] {dag.py:3239} INFO - Sync 1 DAGs
[2024-12-18T00:16:58.238+0000] {logging_mixin.py:190} INFO - [2024-12-18T00:16:58.237+0000] {dag.py:4180} INFO - Setting next_dagrun for instacart_etl to None, run_after=None
[2024-12-18T00:16:58.272+0000] {processor.py:208} INFO - Processing /opt/airflow/dags/instacart_etl_dag.py took 0.887 seconds
[2024-12-18T00:17:28.752+0000] {processor.py:186} INFO - Started process (PID=353) to work on /opt/airflow/dags/instacart_etl_dag.py
[2024-12-18T00:17:28.753+0000] {processor.py:914} INFO - Processing file /opt/airflow/dags/instacart_etl_dag.py for tasks to queue
[2024-12-18T00:17:28.757+0000] {logging_mixin.py:190} INFO - [2024-12-18T00:17:28.756+0000] {dagbag.py:588} INFO - Filling up the DagBag from /opt/airflow/dags/instacart_etl_dag.py
[2024-12-18T00:17:29.523+0000] {processor.py:925} INFO - DAG(s) 'instacart_etl' retrieved from /opt/airflow/dags/instacart_etl_dag.py
[2024-12-18T00:17:29.556+0000] {logging_mixin.py:190} INFO - [2024-12-18T00:17:29.554+0000] {dag.py:3239} INFO - Sync 1 DAGs
[2024-12-18T00:17:29.574+0000] {logging_mixin.py:190} INFO - [2024-12-18T00:17:29.574+0000] {dag.py:4180} INFO - Setting next_dagrun for instacart_etl to None, run_after=None
[2024-12-18T00:17:29.607+0000] {processor.py:208} INFO - Processing /opt/airflow/dags/instacart_etl_dag.py took 0.862 seconds
[2024-12-18T00:17:59.896+0000] {processor.py:186} INFO - Started process (PID=376) to work on /opt/airflow/dags/instacart_etl_dag.py
[2024-12-18T00:17:59.897+0000] {processor.py:914} INFO - Processing file /opt/airflow/dags/instacart_etl_dag.py for tasks to queue
[2024-12-18T00:17:59.900+0000] {logging_mixin.py:190} INFO - [2024-12-18T00:17:59.900+0000] {dagbag.py:588} INFO - Filling up the DagBag from /opt/airflow/dags/instacart_etl_dag.py
[2024-12-18T00:18:00.569+0000] {processor.py:925} INFO - DAG(s) 'instacart_etl' retrieved from /opt/airflow/dags/instacart_etl_dag.py
[2024-12-18T00:18:00.593+0000] {logging_mixin.py:190} INFO - [2024-12-18T00:18:00.592+0000] {dag.py:3239} INFO - Sync 1 DAGs
[2024-12-18T00:18:00.606+0000] {logging_mixin.py:190} INFO - [2024-12-18T00:18:00.606+0000] {dag.py:4180} INFO - Setting next_dagrun for instacart_etl to None, run_after=None
[2024-12-18T00:18:00.631+0000] {processor.py:208} INFO - Processing /opt/airflow/dags/instacart_etl_dag.py took 0.742 seconds
[2024-12-18T00:18:30.940+0000] {processor.py:186} INFO - Started process (PID=399) to work on /opt/airflow/dags/instacart_etl_dag.py
[2024-12-18T00:18:30.942+0000] {processor.py:914} INFO - Processing file /opt/airflow/dags/instacart_etl_dag.py for tasks to queue
[2024-12-18T00:18:30.945+0000] {logging_mixin.py:190} INFO - [2024-12-18T00:18:30.945+0000] {dagbag.py:588} INFO - Filling up the DagBag from /opt/airflow/dags/instacart_etl_dag.py
[2024-12-18T00:18:31.716+0000] {processor.py:925} INFO - DAG(s) 'instacart_etl' retrieved from /opt/airflow/dags/instacart_etl_dag.py
[2024-12-18T00:18:31.766+0000] {logging_mixin.py:190} INFO - [2024-12-18T00:18:31.765+0000] {dag.py:3239} INFO - Sync 1 DAGs
[2024-12-18T00:18:31.801+0000] {logging_mixin.py:190} INFO - [2024-12-18T00:18:31.801+0000] {dag.py:4180} INFO - Setting next_dagrun for instacart_etl to None, run_after=None
[2024-12-18T00:18:31.835+0000] {processor.py:208} INFO - Processing /opt/airflow/dags/instacart_etl_dag.py took 0.902 seconds
[2024-12-18T00:19:02.136+0000] {processor.py:186} INFO - Started process (PID=422) to work on /opt/airflow/dags/instacart_etl_dag.py
[2024-12-18T00:19:02.137+0000] {processor.py:914} INFO - Processing file /opt/airflow/dags/instacart_etl_dag.py for tasks to queue
[2024-12-18T00:19:02.141+0000] {logging_mixin.py:190} INFO - [2024-12-18T00:19:02.141+0000] {dagbag.py:588} INFO - Filling up the DagBag from /opt/airflow/dags/instacart_etl_dag.py
[2024-12-18T00:19:03.291+0000] {processor.py:925} INFO - DAG(s) 'instacart_etl' retrieved from /opt/airflow/dags/instacart_etl_dag.py
[2024-12-18T00:19:03.334+0000] {logging_mixin.py:190} INFO - [2024-12-18T00:19:03.333+0000] {dag.py:3239} INFO - Sync 1 DAGs
[2024-12-18T00:19:03.351+0000] {logging_mixin.py:190} INFO - [2024-12-18T00:19:03.351+0000] {dag.py:4180} INFO - Setting next_dagrun for instacart_etl to None, run_after=None
[2024-12-18T00:19:03.382+0000] {processor.py:208} INFO - Processing /opt/airflow/dags/instacart_etl_dag.py took 1.256 seconds
[2024-12-18T00:19:33.789+0000] {processor.py:186} INFO - Started process (PID=445) to work on /opt/airflow/dags/instacart_etl_dag.py
[2024-12-18T00:19:33.791+0000] {processor.py:914} INFO - Processing file /opt/airflow/dags/instacart_etl_dag.py for tasks to queue
[2024-12-18T00:19:33.794+0000] {logging_mixin.py:190} INFO - [2024-12-18T00:19:33.793+0000] {dagbag.py:588} INFO - Filling up the DagBag from /opt/airflow/dags/instacart_etl_dag.py
[2024-12-18T00:19:34.427+0000] {processor.py:925} INFO - DAG(s) 'instacart_etl' retrieved from /opt/airflow/dags/instacart_etl_dag.py
[2024-12-18T00:19:34.460+0000] {logging_mixin.py:190} INFO - [2024-12-18T00:19:34.460+0000] {dag.py:3239} INFO - Sync 1 DAGs
[2024-12-18T00:19:34.476+0000] {logging_mixin.py:190} INFO - [2024-12-18T00:19:34.475+0000] {dag.py:4180} INFO - Setting next_dagrun for instacart_etl to None, run_after=None
[2024-12-18T00:19:34.501+0000] {processor.py:208} INFO - Processing /opt/airflow/dags/instacart_etl_dag.py took 0.718 seconds
[2024-12-18T00:20:04.877+0000] {processor.py:186} INFO - Started process (PID=469) to work on /opt/airflow/dags/instacart_etl_dag.py
[2024-12-18T00:20:04.879+0000] {processor.py:914} INFO - Processing file /opt/airflow/dags/instacart_etl_dag.py for tasks to queue
[2024-12-18T00:20:04.882+0000] {logging_mixin.py:190} INFO - [2024-12-18T00:20:04.881+0000] {dagbag.py:588} INFO - Filling up the DagBag from /opt/airflow/dags/instacart_etl_dag.py
[2024-12-18T00:20:05.270+0000] {processor.py:925} INFO - DAG(s) 'instacart_etl' retrieved from /opt/airflow/dags/instacart_etl_dag.py
[2024-12-18T00:20:05.305+0000] {logging_mixin.py:190} INFO - [2024-12-18T00:20:05.304+0000] {dag.py:3239} INFO - Sync 1 DAGs
[2024-12-18T00:20:05.323+0000] {logging_mixin.py:190} INFO - [2024-12-18T00:20:05.322+0000] {dag.py:4180} INFO - Setting next_dagrun for instacart_etl to None, run_after=None
[2024-12-18T00:20:05.351+0000] {processor.py:208} INFO - Processing /opt/airflow/dags/instacart_etl_dag.py took 0.482 seconds
[2024-12-18T00:20:35.670+0000] {processor.py:186} INFO - Started process (PID=492) to work on /opt/airflow/dags/instacart_etl_dag.py
[2024-12-18T00:20:35.671+0000] {processor.py:914} INFO - Processing file /opt/airflow/dags/instacart_etl_dag.py for tasks to queue
[2024-12-18T00:20:35.675+0000] {logging_mixin.py:190} INFO - [2024-12-18T00:20:35.674+0000] {dagbag.py:588} INFO - Filling up the DagBag from /opt/airflow/dags/instacart_etl_dag.py
[2024-12-18T00:20:36.009+0000] {processor.py:925} INFO - DAG(s) 'instacart_etl' retrieved from /opt/airflow/dags/instacart_etl_dag.py
[2024-12-18T00:20:36.040+0000] {logging_mixin.py:190} INFO - [2024-12-18T00:20:36.040+0000] {dag.py:3239} INFO - Sync 1 DAGs
[2024-12-18T00:20:36.056+0000] {logging_mixin.py:190} INFO - [2024-12-18T00:20:36.056+0000] {dag.py:4180} INFO - Setting next_dagrun for instacart_etl to None, run_after=None
[2024-12-18T00:20:36.082+0000] {processor.py:208} INFO - Processing /opt/airflow/dags/instacart_etl_dag.py took 0.420 seconds
[2024-12-18T00:21:06.397+0000] {processor.py:186} INFO - Started process (PID=515) to work on /opt/airflow/dags/instacart_etl_dag.py
[2024-12-18T00:21:06.399+0000] {processor.py:914} INFO - Processing file /opt/airflow/dags/instacart_etl_dag.py for tasks to queue
[2024-12-18T00:21:06.402+0000] {logging_mixin.py:190} INFO - [2024-12-18T00:21:06.402+0000] {dagbag.py:588} INFO - Filling up the DagBag from /opt/airflow/dags/instacart_etl_dag.py
[2024-12-18T00:21:06.761+0000] {processor.py:925} INFO - DAG(s) 'instacart_etl' retrieved from /opt/airflow/dags/instacart_etl_dag.py
[2024-12-18T00:21:06.789+0000] {logging_mixin.py:190} INFO - [2024-12-18T00:21:06.788+0000] {dag.py:3239} INFO - Sync 1 DAGs
[2024-12-18T00:21:06.802+0000] {logging_mixin.py:190} INFO - [2024-12-18T00:21:06.802+0000] {dag.py:4180} INFO - Setting next_dagrun for instacart_etl to None, run_after=None
[2024-12-18T00:21:06.826+0000] {processor.py:208} INFO - Processing /opt/airflow/dags/instacart_etl_dag.py took 0.437 seconds
[2024-12-18T00:21:37.140+0000] {processor.py:186} INFO - Started process (PID=538) to work on /opt/airflow/dags/instacart_etl_dag.py
[2024-12-18T00:21:37.143+0000] {processor.py:914} INFO - Processing file /opt/airflow/dags/instacart_etl_dag.py for tasks to queue
[2024-12-18T00:21:37.150+0000] {logging_mixin.py:190} INFO - [2024-12-18T00:21:37.149+0000] {dagbag.py:588} INFO - Filling up the DagBag from /opt/airflow/dags/instacart_etl_dag.py
[2024-12-18T00:21:37.642+0000] {processor.py:925} INFO - DAG(s) 'instacart_etl' retrieved from /opt/airflow/dags/instacart_etl_dag.py
[2024-12-18T00:21:37.668+0000] {logging_mixin.py:190} INFO - [2024-12-18T00:21:37.667+0000] {dag.py:3239} INFO - Sync 1 DAGs
[2024-12-18T00:21:37.684+0000] {logging_mixin.py:190} INFO - [2024-12-18T00:21:37.684+0000] {dag.py:4180} INFO - Setting next_dagrun for instacart_etl to None, run_after=None
[2024-12-18T00:21:37.707+0000] {processor.py:208} INFO - Processing /opt/airflow/dags/instacart_etl_dag.py took 0.576 seconds
[2024-12-18T00:22:08.045+0000] {processor.py:186} INFO - Started process (PID=562) to work on /opt/airflow/dags/instacart_etl_dag.py
[2024-12-18T00:22:08.046+0000] {processor.py:914} INFO - Processing file /opt/airflow/dags/instacart_etl_dag.py for tasks to queue
[2024-12-18T00:22:08.050+0000] {logging_mixin.py:190} INFO - [2024-12-18T00:22:08.050+0000] {dagbag.py:588} INFO - Filling up the DagBag from /opt/airflow/dags/instacart_etl_dag.py
[2024-12-18T00:22:08.597+0000] {processor.py:925} INFO - DAG(s) 'instacart_etl' retrieved from /opt/airflow/dags/instacart_etl_dag.py
[2024-12-18T00:22:08.671+0000] {logging_mixin.py:190} INFO - [2024-12-18T00:22:08.670+0000] {dag.py:3239} INFO - Sync 1 DAGs
[2024-12-18T00:22:08.704+0000] {logging_mixin.py:190} INFO - [2024-12-18T00:22:08.704+0000] {dag.py:4180} INFO - Setting next_dagrun for instacart_etl to None, run_after=None
[2024-12-18T00:22:08.744+0000] {processor.py:208} INFO - Processing /opt/airflow/dags/instacart_etl_dag.py took 0.710 seconds
[2024-12-18T00:22:39.048+0000] {processor.py:186} INFO - Started process (PID=585) to work on /opt/airflow/dags/instacart_etl_dag.py
[2024-12-18T00:22:39.049+0000] {processor.py:914} INFO - Processing file /opt/airflow/dags/instacart_etl_dag.py for tasks to queue
[2024-12-18T00:22:39.052+0000] {logging_mixin.py:190} INFO - [2024-12-18T00:22:39.052+0000] {dagbag.py:588} INFO - Filling up the DagBag from /opt/airflow/dags/instacart_etl_dag.py
[2024-12-18T00:22:39.457+0000] {processor.py:925} INFO - DAG(s) 'instacart_etl' retrieved from /opt/airflow/dags/instacart_etl_dag.py
[2024-12-18T00:22:39.480+0000] {logging_mixin.py:190} INFO - [2024-12-18T00:22:39.480+0000] {dag.py:3239} INFO - Sync 1 DAGs
[2024-12-18T00:22:39.496+0000] {logging_mixin.py:190} INFO - [2024-12-18T00:22:39.496+0000] {dag.py:4180} INFO - Setting next_dagrun for instacart_etl to None, run_after=None
[2024-12-18T00:22:39.520+0000] {processor.py:208} INFO - Processing /opt/airflow/dags/instacart_etl_dag.py took 0.479 seconds
[2024-12-18T00:23:09.859+0000] {processor.py:186} INFO - Started process (PID=608) to work on /opt/airflow/dags/instacart_etl_dag.py
[2024-12-18T00:23:09.860+0000] {processor.py:914} INFO - Processing file /opt/airflow/dags/instacart_etl_dag.py for tasks to queue
[2024-12-18T00:23:09.866+0000] {logging_mixin.py:190} INFO - [2024-12-18T00:23:09.865+0000] {dagbag.py:588} INFO - Filling up the DagBag from /opt/airflow/dags/instacart_etl_dag.py
[2024-12-18T00:23:10.290+0000] {processor.py:925} INFO - DAG(s) 'instacart_etl' retrieved from /opt/airflow/dags/instacart_etl_dag.py
[2024-12-18T00:23:10.326+0000] {logging_mixin.py:190} INFO - [2024-12-18T00:23:10.325+0000] {dag.py:3239} INFO - Sync 1 DAGs
[2024-12-18T00:23:10.350+0000] {logging_mixin.py:190} INFO - [2024-12-18T00:23:10.349+0000] {dag.py:4180} INFO - Setting next_dagrun for instacart_etl to None, run_after=None
[2024-12-18T00:23:10.382+0000] {processor.py:208} INFO - Processing /opt/airflow/dags/instacart_etl_dag.py took 0.538 seconds
[2024-12-18T00:23:40.670+0000] {processor.py:186} INFO - Started process (PID=631) to work on /opt/airflow/dags/instacart_etl_dag.py
[2024-12-18T00:23:40.671+0000] {processor.py:914} INFO - Processing file /opt/airflow/dags/instacart_etl_dag.py for tasks to queue
[2024-12-18T00:23:40.673+0000] {logging_mixin.py:190} INFO - [2024-12-18T00:23:40.673+0000] {dagbag.py:588} INFO - Filling up the DagBag from /opt/airflow/dags/instacart_etl_dag.py
[2024-12-18T00:23:40.992+0000] {processor.py:925} INFO - DAG(s) 'instacart_etl' retrieved from /opt/airflow/dags/instacart_etl_dag.py
[2024-12-18T00:23:41.017+0000] {logging_mixin.py:190} INFO - [2024-12-18T00:23:41.016+0000] {dag.py:3239} INFO - Sync 1 DAGs
[2024-12-18T00:23:41.029+0000] {logging_mixin.py:190} INFO - [2024-12-18T00:23:41.029+0000] {dag.py:4180} INFO - Setting next_dagrun for instacart_etl to None, run_after=None
[2024-12-18T00:23:41.053+0000] {processor.py:208} INFO - Processing /opt/airflow/dags/instacart_etl_dag.py took 0.390 seconds
[2024-12-18T00:24:11.340+0000] {processor.py:186} INFO - Started process (PID=654) to work on /opt/airflow/dags/instacart_etl_dag.py
[2024-12-18T00:24:11.341+0000] {processor.py:914} INFO - Processing file /opt/airflow/dags/instacart_etl_dag.py for tasks to queue
[2024-12-18T00:24:11.344+0000] {logging_mixin.py:190} INFO - [2024-12-18T00:24:11.343+0000] {dagbag.py:588} INFO - Filling up the DagBag from /opt/airflow/dags/instacart_etl_dag.py
[2024-12-18T00:24:11.664+0000] {processor.py:925} INFO - DAG(s) 'instacart_etl' retrieved from /opt/airflow/dags/instacart_etl_dag.py
[2024-12-18T00:24:11.703+0000] {logging_mixin.py:190} INFO - [2024-12-18T00:24:11.703+0000] {dag.py:3239} INFO - Sync 1 DAGs
[2024-12-18T00:24:11.726+0000] {logging_mixin.py:190} INFO - [2024-12-18T00:24:11.725+0000] {dag.py:4180} INFO - Setting next_dagrun for instacart_etl to None, run_after=None
[2024-12-18T00:24:11.757+0000] {processor.py:208} INFO - Processing /opt/airflow/dags/instacart_etl_dag.py took 0.423 seconds
[2024-12-18T03:24:34.717+0000] {processor.py:186} INFO - Started process (PID=677) to work on /opt/airflow/dags/instacart_etl_dag.py
[2024-12-18T03:24:34.720+0000] {processor.py:914} INFO - Processing file /opt/airflow/dags/instacart_etl_dag.py for tasks to queue
[2024-12-18T03:24:34.734+0000] {logging_mixin.py:190} INFO - [2024-12-18T03:24:34.733+0000] {dagbag.py:588} INFO - Filling up the DagBag from /opt/airflow/dags/instacart_etl_dag.py
[2024-12-18T03:24:35.783+0000] {processor.py:925} INFO - DAG(s) 'instacart_etl' retrieved from /opt/airflow/dags/instacart_etl_dag.py
[2024-12-18T03:24:35.825+0000] {logging_mixin.py:190} INFO - [2024-12-18T03:24:35.823+0000] {dag.py:3239} INFO - Sync 1 DAGs
[2024-12-18T03:24:35.854+0000] {logging_mixin.py:190} INFO - [2024-12-18T03:24:35.854+0000] {dag.py:4180} INFO - Setting next_dagrun for instacart_etl to None, run_after=None
[2024-12-18T03:24:35.888+0000] {processor.py:208} INFO - Processing /opt/airflow/dags/instacart_etl_dag.py took 1.192 seconds
