[2024-11-28T19:45:51.244+0000] {local_task_job_runner.py:123} INFO - ::group::Pre task execution logs
[2024-11-28T19:45:51.268+0000] {taskinstance.py:2613} INFO - Dependencies all met for dep_context=non-requeueable deps ti=<TaskInstance: etl_dim_department.etl_dim_department_task manual__2024-11-28T19:45:49.094491+00:00 [queued]>
[2024-11-28T19:45:51.280+0000] {taskinstance.py:2613} INFO - Dependencies all met for dep_context=requeueable deps ti=<TaskInstance: etl_dim_department.etl_dim_department_task manual__2024-11-28T19:45:49.094491+00:00 [queued]>
[2024-11-28T19:45:51.281+0000] {taskinstance.py:2866} INFO - Starting attempt 1 of 1
[2024-11-28T19:45:51.300+0000] {taskinstance.py:2889} INFO - Executing <Task(PythonOperator): etl_dim_department_task> on 2024-11-28 19:45:49.094491+00:00
[2024-11-28T19:45:51.315+0000] {logging_mixin.py:190} WARNING - /home/***/.local/lib/python3.12/site-packages/***/task/task_runner/standard_task_runner.py:70 DeprecationWarning: This process (pid=690) is multi-threaded, use of fork() may lead to deadlocks in the child.
[2024-11-28T19:45:51.317+0000] {standard_task_runner.py:72} INFO - Started process 692 to run task
[2024-11-28T19:45:51.314+0000] {standard_task_runner.py:104} INFO - Running: ['***', 'tasks', 'run', 'etl_dim_department', 'etl_dim_department_task', 'manual__2024-11-28T19:45:49.094491+00:00', '--job-id', '48', '--raw', '--subdir', 'DAGS_FOLDER/instacart_etl_dag.py', '--cfg-path', '/tmp/tmp4npozrf6']
[2024-11-28T19:45:51.319+0000] {standard_task_runner.py:105} INFO - Job 48: Subtask etl_dim_department_task
[2024-11-28T19:45:51.401+0000] {task_command.py:467} INFO - Running <TaskInstance: etl_dim_department.etl_dim_department_task manual__2024-11-28T19:45:49.094491+00:00 [running]> on host 5a34bc2a3776
[2024-11-28T19:45:51.540+0000] {taskinstance.py:3132} INFO - Exporting env vars: AIRFLOW_CTX_DAG_OWNER='***' AIRFLOW_CTX_DAG_ID='etl_dim_department' AIRFLOW_CTX_TASK_ID='etl_dim_department_task' AIRFLOW_CTX_EXECUTION_DATE='2024-11-28T19:45:49.094491+00:00' AIRFLOW_CTX_TRY_NUMBER='1' AIRFLOW_CTX_DAG_RUN_ID='manual__2024-11-28T19:45:49.094491+00:00'
[2024-11-28T19:45:51.542+0000] {taskinstance.py:731} INFO - ::endgroup::
[2024-11-28T19:45:51.576+0000] {base.py:84} INFO - Retrieving connection 'mssql_default'
[2024-11-28T19:45:51.709+0000] {taskinstance.py:3311} ERROR - Task failed with exception
Traceback (most recent call last):
  File "/home/airflow/.local/lib/python3.12/site-packages/airflow/models/taskinstance.py", line 767, in _execute_task
    result = _execute_callable(context=context, **execute_callable_kwargs)
             ^^^^^^^^^^^^^^^^^^^^^^^^^^^^^^^^^^^^^^^^^^^^^^^^^^^^^^^^^^^^^
  File "/home/airflow/.local/lib/python3.12/site-packages/airflow/models/taskinstance.py", line 733, in _execute_callable
    return ExecutionCallableRunner(
           ^^^^^^^^^^^^^^^^^^^^^^^^
  File "/home/airflow/.local/lib/python3.12/site-packages/airflow/utils/operator_helpers.py", line 252, in run
    return self.func(*args, **kwargs)
           ^^^^^^^^^^^^^^^^^^^^^^^^^^
  File "/home/airflow/.local/lib/python3.12/site-packages/airflow/models/baseoperator.py", line 417, in wrapper
    return func(self, *args, **kwargs)
           ^^^^^^^^^^^^^^^^^^^^^^^^^^^
  File "/home/airflow/.local/lib/python3.12/site-packages/airflow/operators/python.py", line 238, in execute
    return_value = self.execute_callable()
                   ^^^^^^^^^^^^^^^^^^^^^^^
  File "/home/airflow/.local/lib/python3.12/site-packages/airflow/operators/python.py", line 256, in execute_callable
    return runner.run(*self.op_args, **self.op_kwargs)
           ^^^^^^^^^^^^^^^^^^^^^^^^^^^^^^^^^^^^^^^^^^^
  File "/home/airflow/.local/lib/python3.12/site-packages/airflow/utils/operator_helpers.py", line 252, in run
    return self.func(*args, **kwargs)
           ^^^^^^^^^^^^^^^^^^^^^^^^^^
  File "/opt/airflow/dags/instacart_etl_dag.py", line 48, in etl_dim_department
    cursor.execute("""
  File "src/pymssql/_pymssql.pyx", line 442, in pymssql._pymssql.Cursor.execute
TypeError: execute() takes at most 2 positional arguments (4 given)
[2024-11-28T19:45:51.727+0000] {taskinstance.py:1225} INFO - Marking task as FAILED. dag_id=etl_dim_department, task_id=etl_dim_department_task, run_id=manual__2024-11-28T19:45:49.094491+00:00, execution_date=20241128T194549, start_date=20241128T194551, end_date=20241128T194551
[2024-11-28T19:45:51.747+0000] {taskinstance.py:340} INFO - ::group::Post task execution logs
[2024-11-28T19:45:51.748+0000] {standard_task_runner.py:124} ERROR - Failed to execute job 48 for task etl_dim_department_task (execute() takes at most 2 positional arguments (4 given); 692)
Traceback (most recent call last):
  File "/home/airflow/.local/lib/python3.12/site-packages/airflow/task/task_runner/standard_task_runner.py", line 117, in _start_by_fork
    ret = args.func(args, dag=self.dag)
          ^^^^^^^^^^^^^^^^^^^^^^^^^^^^^
  File "/home/airflow/.local/lib/python3.12/site-packages/airflow/cli/cli_config.py", line 49, in command
    return func(*args, **kwargs)
           ^^^^^^^^^^^^^^^^^^^^^
  File "/home/airflow/.local/lib/python3.12/site-packages/airflow/utils/cli.py", line 116, in wrapper
    return f(*args, **kwargs)
           ^^^^^^^^^^^^^^^^^^
  File "/home/airflow/.local/lib/python3.12/site-packages/airflow/cli/commands/task_command.py", line 483, in task_run
    task_return_code = _run_task_by_selected_method(args, _dag, ti)
                       ^^^^^^^^^^^^^^^^^^^^^^^^^^^^^^^^^^^^^^^^^^^^
  File "/home/airflow/.local/lib/python3.12/site-packages/airflow/cli/commands/task_command.py", line 256, in _run_task_by_selected_method
    return _run_raw_task(args, ti)
           ^^^^^^^^^^^^^^^^^^^^^^^
  File "/home/airflow/.local/lib/python3.12/site-packages/airflow/cli/commands/task_command.py", line 341, in _run_raw_task
    return ti._run_raw_task(
           ^^^^^^^^^^^^^^^^^
  File "/home/airflow/.local/lib/python3.12/site-packages/airflow/utils/session.py", line 97, in wrapper
    return func(*args, session=session, **kwargs)
           ^^^^^^^^^^^^^^^^^^^^^^^^^^^^^^^^^^^^^^
  File "/home/airflow/.local/lib/python3.12/site-packages/airflow/models/taskinstance.py", line 3005, in _run_raw_task
    return _run_raw_task(
           ^^^^^^^^^^^^^^
  File "/home/airflow/.local/lib/python3.12/site-packages/airflow/models/taskinstance.py", line 273, in _run_raw_task
    TaskInstance._execute_task_with_callbacks(
  File "/home/airflow/.local/lib/python3.12/site-packages/airflow/models/taskinstance.py", line 3159, in _execute_task_with_callbacks
    result = self._execute_task(context, task_orig)
             ^^^^^^^^^^^^^^^^^^^^^^^^^^^^^^^^^^^^^^
  File "/home/airflow/.local/lib/python3.12/site-packages/airflow/models/taskinstance.py", line 3183, in _execute_task
    return _execute_task(self, context, task_orig)
           ^^^^^^^^^^^^^^^^^^^^^^^^^^^^^^^^^^^^^^^
  File "/home/airflow/.local/lib/python3.12/site-packages/airflow/models/taskinstance.py", line 767, in _execute_task
    result = _execute_callable(context=context, **execute_callable_kwargs)
             ^^^^^^^^^^^^^^^^^^^^^^^^^^^^^^^^^^^^^^^^^^^^^^^^^^^^^^^^^^^^^
  File "/home/airflow/.local/lib/python3.12/site-packages/airflow/models/taskinstance.py", line 733, in _execute_callable
    return ExecutionCallableRunner(
           ^^^^^^^^^^^^^^^^^^^^^^^^
  File "/home/airflow/.local/lib/python3.12/site-packages/airflow/utils/operator_helpers.py", line 252, in run
    return self.func(*args, **kwargs)
           ^^^^^^^^^^^^^^^^^^^^^^^^^^
  File "/home/airflow/.local/lib/python3.12/site-packages/airflow/models/baseoperator.py", line 417, in wrapper
    return func(self, *args, **kwargs)
           ^^^^^^^^^^^^^^^^^^^^^^^^^^^
  File "/home/airflow/.local/lib/python3.12/site-packages/airflow/operators/python.py", line 238, in execute
    return_value = self.execute_callable()
                   ^^^^^^^^^^^^^^^^^^^^^^^
  File "/home/airflow/.local/lib/python3.12/site-packages/airflow/operators/python.py", line 256, in execute_callable
    return runner.run(*self.op_args, **self.op_kwargs)
           ^^^^^^^^^^^^^^^^^^^^^^^^^^^^^^^^^^^^^^^^^^^
  File "/home/airflow/.local/lib/python3.12/site-packages/airflow/utils/operator_helpers.py", line 252, in run
    return self.func(*args, **kwargs)
           ^^^^^^^^^^^^^^^^^^^^^^^^^^
  File "/opt/airflow/dags/instacart_etl_dag.py", line 48, in etl_dim_department
    cursor.execute("""
  File "src/pymssql/_pymssql.pyx", line 442, in pymssql._pymssql.Cursor.execute
TypeError: execute() takes at most 2 positional arguments (4 given)
[2024-11-28T19:45:51.776+0000] {local_task_job_runner.py:266} INFO - Task exited with return code 1
[2024-11-28T19:45:51.798+0000] {taskinstance.py:3895} INFO - 0 downstream tasks scheduled from follow-on schedule check
[2024-11-28T19:45:51.804+0000] {local_task_job_runner.py:245} INFO - ::endgroup::
