[2024-12-28T20:40:57.619+0000] {processor.py:186} INFO - Started process (PID=2697) to work on /opt/airflow/dags/instacart_etl_dag.py
[2024-12-28T20:40:57.622+0000] {processor.py:914} INFO - Processing file /opt/airflow/dags/instacart_etl_dag.py for tasks to queue
[2024-12-28T20:40:57.625+0000] {logging_mixin.py:190} INFO - [2024-12-28T20:40:57.624+0000] {dagbag.py:588} INFO - Filling up the DagBag from /opt/airflow/dags/instacart_etl_dag.py
[2024-12-28T20:40:59.145+0000] {processor.py:925} INFO - DAG(s) 'instacart_etl' retrieved from /opt/airflow/dags/instacart_etl_dag.py
[2024-12-28T20:40:59.216+0000] {logging_mixin.py:190} INFO - [2024-12-28T20:40:59.215+0000] {dag.py:3239} INFO - Sync 1 DAGs
[2024-12-28T20:40:59.247+0000] {logging_mixin.py:190} INFO - [2024-12-28T20:40:59.246+0000] {dag.py:4180} INFO - Setting next_dagrun for instacart_etl to None, run_after=None
[2024-12-28T20:40:59.356+0000] {processor.py:208} INFO - Processing /opt/airflow/dags/instacart_etl_dag.py took 1.758 seconds
[2024-12-28T20:41:30.065+0000] {processor.py:186} INFO - Started process (PID=2725) to work on /opt/airflow/dags/instacart_etl_dag.py
[2024-12-28T20:41:30.066+0000] {processor.py:914} INFO - Processing file /opt/airflow/dags/instacart_etl_dag.py for tasks to queue
[2024-12-28T20:41:30.067+0000] {logging_mixin.py:190} INFO - [2024-12-28T20:41:30.067+0000] {dagbag.py:588} INFO - Filling up the DagBag from /opt/airflow/dags/instacart_etl_dag.py
[2024-12-28T20:41:30.709+0000] {processor.py:925} INFO - DAG(s) 'instacart_etl' retrieved from /opt/airflow/dags/instacart_etl_dag.py
[2024-12-28T20:41:30.781+0000] {logging_mixin.py:190} INFO - [2024-12-28T20:41:30.774+0000] {dag.py:3239} INFO - Sync 1 DAGs
[2024-12-28T20:41:30.902+0000] {logging_mixin.py:190} INFO - [2024-12-28T20:41:30.901+0000] {dag.py:4180} INFO - Setting next_dagrun for instacart_etl to None, run_after=None
[2024-12-28T20:41:31.492+0000] {processor.py:208} INFO - Processing /opt/airflow/dags/instacart_etl_dag.py took 1.436 seconds
[2024-12-28T20:42:01.724+0000] {processor.py:186} INFO - Started process (PID=2752) to work on /opt/airflow/dags/instacart_etl_dag.py
[2024-12-28T20:42:01.728+0000] {processor.py:914} INFO - Processing file /opt/airflow/dags/instacart_etl_dag.py for tasks to queue
[2024-12-28T20:42:01.730+0000] {logging_mixin.py:190} INFO - [2024-12-28T20:42:01.729+0000] {dagbag.py:588} INFO - Filling up the DagBag from /opt/airflow/dags/instacart_etl_dag.py
[2024-12-28T20:42:02.701+0000] {processor.py:925} INFO - DAG(s) 'instacart_etl' retrieved from /opt/airflow/dags/instacart_etl_dag.py
[2024-12-28T20:42:02.735+0000] {logging_mixin.py:190} INFO - [2024-12-28T20:42:02.735+0000] {dag.py:3239} INFO - Sync 1 DAGs
[2024-12-28T20:42:02.758+0000] {logging_mixin.py:190} INFO - [2024-12-28T20:42:02.758+0000] {dag.py:4180} INFO - Setting next_dagrun for instacart_etl to None, run_after=None
[2024-12-28T20:42:02.798+0000] {processor.py:208} INFO - Processing /opt/airflow/dags/instacart_etl_dag.py took 1.083 seconds
[2024-12-28T20:42:15.968+0000] {processor.py:186} INFO - Started process (PID=2760) to work on /opt/airflow/dags/instacart_etl_dag.py
[2024-12-28T20:42:15.969+0000] {processor.py:914} INFO - Processing file /opt/airflow/dags/instacart_etl_dag.py for tasks to queue
[2024-12-28T20:42:15.971+0000] {logging_mixin.py:190} INFO - [2024-12-28T20:42:15.970+0000] {dagbag.py:588} INFO - Filling up the DagBag from /opt/airflow/dags/instacart_etl_dag.py
[2024-12-28T20:42:16.890+0000] {processor.py:925} INFO - DAG(s) 'instacart_etl' retrieved from /opt/airflow/dags/instacart_etl_dag.py
[2024-12-28T20:42:16.960+0000] {logging_mixin.py:190} INFO - [2024-12-28T20:42:16.960+0000] {dag.py:3239} INFO - Sync 1 DAGs
[2024-12-28T20:42:16.991+0000] {logging_mixin.py:190} INFO - [2024-12-28T20:42:16.991+0000] {dag.py:4180} INFO - Setting next_dagrun for instacart_etl to None, run_after=None
[2024-12-28T20:42:17.038+0000] {processor.py:208} INFO - Processing /opt/airflow/dags/instacart_etl_dag.py took 1.078 seconds
[2024-12-28T20:42:47.456+0000] {processor.py:186} INFO - Started process (PID=2783) to work on /opt/airflow/dags/instacart_etl_dag.py
[2024-12-28T20:42:47.458+0000] {processor.py:914} INFO - Processing file /opt/airflow/dags/instacart_etl_dag.py for tasks to queue
[2024-12-28T20:42:47.460+0000] {logging_mixin.py:190} INFO - [2024-12-28T20:42:47.459+0000] {dagbag.py:588} INFO - Filling up the DagBag from /opt/airflow/dags/instacart_etl_dag.py
[2024-12-28T20:42:48.783+0000] {processor.py:925} INFO - DAG(s) 'instacart_etl' retrieved from /opt/airflow/dags/instacart_etl_dag.py
[2024-12-28T20:42:48.814+0000] {logging_mixin.py:190} INFO - [2024-12-28T20:42:48.814+0000] {dag.py:3239} INFO - Sync 1 DAGs
[2024-12-28T20:42:48.830+0000] {logging_mixin.py:190} INFO - [2024-12-28T20:42:48.829+0000] {dag.py:4180} INFO - Setting next_dagrun for instacart_etl to None, run_after=None
[2024-12-28T20:42:48.856+0000] {processor.py:208} INFO - Processing /opt/airflow/dags/instacart_etl_dag.py took 1.410 seconds
[2024-12-28T20:43:19.799+0000] {processor.py:186} INFO - Started process (PID=2806) to work on /opt/airflow/dags/instacart_etl_dag.py
[2024-12-28T20:43:19.800+0000] {processor.py:914} INFO - Processing file /opt/airflow/dags/instacart_etl_dag.py for tasks to queue
[2024-12-28T20:43:19.802+0000] {logging_mixin.py:190} INFO - [2024-12-28T20:43:19.801+0000] {dagbag.py:588} INFO - Filling up the DagBag from /opt/airflow/dags/instacart_etl_dag.py
[2024-12-28T20:43:20.301+0000] {processor.py:925} INFO - DAG(s) 'instacart_etl' retrieved from /opt/airflow/dags/instacart_etl_dag.py
[2024-12-28T20:43:20.325+0000] {logging_mixin.py:190} INFO - [2024-12-28T20:43:20.325+0000] {dag.py:3239} INFO - Sync 1 DAGs
[2024-12-28T20:43:20.338+0000] {logging_mixin.py:190} INFO - [2024-12-28T20:43:20.338+0000] {dag.py:4180} INFO - Setting next_dagrun for instacart_etl to None, run_after=None
[2024-12-28T20:43:20.357+0000] {processor.py:208} INFO - Processing /opt/airflow/dags/instacart_etl_dag.py took 0.565 seconds
[2024-12-28T20:43:50.846+0000] {processor.py:186} INFO - Started process (PID=2833) to work on /opt/airflow/dags/instacart_etl_dag.py
[2024-12-28T20:43:50.848+0000] {processor.py:914} INFO - Processing file /opt/airflow/dags/instacart_etl_dag.py for tasks to queue
[2024-12-28T20:43:50.850+0000] {logging_mixin.py:190} INFO - [2024-12-28T20:43:50.850+0000] {dagbag.py:588} INFO - Filling up the DagBag from /opt/airflow/dags/instacart_etl_dag.py
[2024-12-28T20:43:52.409+0000] {processor.py:925} INFO - DAG(s) 'instacart_etl' retrieved from /opt/airflow/dags/instacart_etl_dag.py
[2024-12-28T20:43:52.465+0000] {logging_mixin.py:190} INFO - [2024-12-28T20:43:52.464+0000] {dag.py:3239} INFO - Sync 1 DAGs
[2024-12-28T20:43:52.477+0000] {logging_mixin.py:190} INFO - [2024-12-28T20:43:52.477+0000] {dag.py:4180} INFO - Setting next_dagrun for instacart_etl to None, run_after=None
[2024-12-28T20:43:52.500+0000] {processor.py:208} INFO - Processing /opt/airflow/dags/instacart_etl_dag.py took 1.663 seconds
[2024-12-28T20:44:22.840+0000] {processor.py:186} INFO - Started process (PID=2856) to work on /opt/airflow/dags/instacart_etl_dag.py
[2024-12-28T20:44:22.842+0000] {processor.py:914} INFO - Processing file /opt/airflow/dags/instacart_etl_dag.py for tasks to queue
[2024-12-28T20:44:22.843+0000] {logging_mixin.py:190} INFO - [2024-12-28T20:44:22.843+0000] {dagbag.py:588} INFO - Filling up the DagBag from /opt/airflow/dags/instacart_etl_dag.py
[2024-12-28T20:44:23.442+0000] {processor.py:925} INFO - DAG(s) 'instacart_etl' retrieved from /opt/airflow/dags/instacart_etl_dag.py
[2024-12-28T20:44:23.470+0000] {logging_mixin.py:190} INFO - [2024-12-28T20:44:23.469+0000] {dag.py:3239} INFO - Sync 1 DAGs
[2024-12-28T20:44:23.486+0000] {logging_mixin.py:190} INFO - [2024-12-28T20:44:23.485+0000] {dag.py:4180} INFO - Setting next_dagrun for instacart_etl to None, run_after=None
[2024-12-28T20:44:23.507+0000] {processor.py:208} INFO - Processing /opt/airflow/dags/instacart_etl_dag.py took 0.673 seconds
[2024-12-28T20:44:53.866+0000] {processor.py:186} INFO - Started process (PID=2879) to work on /opt/airflow/dags/instacart_etl_dag.py
[2024-12-28T20:44:53.867+0000] {processor.py:914} INFO - Processing file /opt/airflow/dags/instacart_etl_dag.py for tasks to queue
[2024-12-28T20:44:53.869+0000] {logging_mixin.py:190} INFO - [2024-12-28T20:44:53.868+0000] {dagbag.py:588} INFO - Filling up the DagBag from /opt/airflow/dags/instacart_etl_dag.py
[2024-12-28T20:44:54.308+0000] {processor.py:925} INFO - DAG(s) 'instacart_etl' retrieved from /opt/airflow/dags/instacart_etl_dag.py
[2024-12-28T20:44:54.329+0000] {logging_mixin.py:190} INFO - [2024-12-28T20:44:54.329+0000] {dag.py:3239} INFO - Sync 1 DAGs
[2024-12-28T20:44:54.342+0000] {logging_mixin.py:190} INFO - [2024-12-28T20:44:54.342+0000] {dag.py:4180} INFO - Setting next_dagrun for instacart_etl to None, run_after=None
[2024-12-28T20:44:54.362+0000] {processor.py:208} INFO - Processing /opt/airflow/dags/instacart_etl_dag.py took 0.502 seconds
[2024-12-28T20:45:24.762+0000] {processor.py:186} INFO - Started process (PID=2908) to work on /opt/airflow/dags/instacart_etl_dag.py
[2024-12-28T20:45:24.763+0000] {processor.py:914} INFO - Processing file /opt/airflow/dags/instacart_etl_dag.py for tasks to queue
[2024-12-28T20:45:24.765+0000] {logging_mixin.py:190} INFO - [2024-12-28T20:45:24.764+0000] {dagbag.py:588} INFO - Filling up the DagBag from /opt/airflow/dags/instacart_etl_dag.py
[2024-12-28T20:45:26.133+0000] {processor.py:925} INFO - DAG(s) 'instacart_etl' retrieved from /opt/airflow/dags/instacart_etl_dag.py
[2024-12-28T20:45:26.157+0000] {logging_mixin.py:190} INFO - [2024-12-28T20:45:26.157+0000] {dag.py:3239} INFO - Sync 1 DAGs
[2024-12-28T20:45:26.170+0000] {logging_mixin.py:190} INFO - [2024-12-28T20:45:26.169+0000] {dag.py:4180} INFO - Setting next_dagrun for instacart_etl to None, run_after=None
[2024-12-28T20:45:26.187+0000] {processor.py:208} INFO - Processing /opt/airflow/dags/instacart_etl_dag.py took 1.432 seconds
[2024-12-28T20:45:56.977+0000] {processor.py:186} INFO - Started process (PID=2931) to work on /opt/airflow/dags/instacart_etl_dag.py
[2024-12-28T20:45:56.989+0000] {processor.py:914} INFO - Processing file /opt/airflow/dags/instacart_etl_dag.py for tasks to queue
[2024-12-28T20:45:56.993+0000] {logging_mixin.py:190} INFO - [2024-12-28T20:45:56.992+0000] {dagbag.py:588} INFO - Filling up the DagBag from /opt/airflow/dags/instacart_etl_dag.py
[2024-12-28T20:45:58.050+0000] {processor.py:925} INFO - DAG(s) 'instacart_etl' retrieved from /opt/airflow/dags/instacart_etl_dag.py
[2024-12-28T20:45:58.109+0000] {logging_mixin.py:190} INFO - [2024-12-28T20:45:58.108+0000] {dag.py:3239} INFO - Sync 1 DAGs
[2024-12-28T20:45:58.146+0000] {logging_mixin.py:190} INFO - [2024-12-28T20:45:58.145+0000] {dag.py:4180} INFO - Setting next_dagrun for instacart_etl to None, run_after=None
[2024-12-28T20:45:58.177+0000] {processor.py:208} INFO - Processing /opt/airflow/dags/instacart_etl_dag.py took 1.212 seconds
[2024-12-28T20:46:28.375+0000] {processor.py:186} INFO - Started process (PID=2954) to work on /opt/airflow/dags/instacart_etl_dag.py
[2024-12-28T20:46:28.377+0000] {processor.py:914} INFO - Processing file /opt/airflow/dags/instacart_etl_dag.py for tasks to queue
[2024-12-28T20:46:28.378+0000] {logging_mixin.py:190} INFO - [2024-12-28T20:46:28.378+0000] {dagbag.py:588} INFO - Filling up the DagBag from /opt/airflow/dags/instacart_etl_dag.py
[2024-12-28T20:46:28.861+0000] {processor.py:925} INFO - DAG(s) 'instacart_etl' retrieved from /opt/airflow/dags/instacart_etl_dag.py
[2024-12-28T20:46:28.884+0000] {logging_mixin.py:190} INFO - [2024-12-28T20:46:28.884+0000] {dag.py:3239} INFO - Sync 1 DAGs
[2024-12-28T20:46:28.896+0000] {logging_mixin.py:190} INFO - [2024-12-28T20:46:28.896+0000] {dag.py:4180} INFO - Setting next_dagrun for instacart_etl to None, run_after=None
[2024-12-28T20:46:28.920+0000] {processor.py:208} INFO - Processing /opt/airflow/dags/instacart_etl_dag.py took 0.551 seconds
[2024-12-28T20:46:59.468+0000] {processor.py:186} INFO - Started process (PID=2977) to work on /opt/airflow/dags/instacart_etl_dag.py
[2024-12-28T20:46:59.470+0000] {processor.py:914} INFO - Processing file /opt/airflow/dags/instacart_etl_dag.py for tasks to queue
[2024-12-28T20:46:59.475+0000] {logging_mixin.py:190} INFO - [2024-12-28T20:46:59.473+0000] {dagbag.py:588} INFO - Filling up the DagBag from /opt/airflow/dags/instacart_etl_dag.py
[2024-12-28T20:47:00.348+0000] {processor.py:925} INFO - DAG(s) 'instacart_etl' retrieved from /opt/airflow/dags/instacart_etl_dag.py
[2024-12-28T20:47:00.391+0000] {logging_mixin.py:190} INFO - [2024-12-28T20:47:00.390+0000] {dag.py:3239} INFO - Sync 1 DAGs
[2024-12-28T20:47:00.417+0000] {logging_mixin.py:190} INFO - [2024-12-28T20:47:00.416+0000] {dag.py:4180} INFO - Setting next_dagrun for instacart_etl to None, run_after=None
[2024-12-28T20:47:00.452+0000] {processor.py:208} INFO - Processing /opt/airflow/dags/instacart_etl_dag.py took 0.996 seconds
[2024-12-28T20:47:30.774+0000] {processor.py:186} INFO - Started process (PID=3000) to work on /opt/airflow/dags/instacart_etl_dag.py
[2024-12-28T20:47:30.776+0000] {processor.py:914} INFO - Processing file /opt/airflow/dags/instacart_etl_dag.py for tasks to queue
[2024-12-28T20:47:30.778+0000] {logging_mixin.py:190} INFO - [2024-12-28T20:47:30.777+0000] {dagbag.py:588} INFO - Filling up the DagBag from /opt/airflow/dags/instacart_etl_dag.py
[2024-12-28T20:47:31.957+0000] {processor.py:925} INFO - DAG(s) 'instacart_etl' retrieved from /opt/airflow/dags/instacart_etl_dag.py
[2024-12-28T20:47:31.985+0000] {logging_mixin.py:190} INFO - [2024-12-28T20:47:31.984+0000] {dag.py:3239} INFO - Sync 1 DAGs
[2024-12-28T20:47:31.999+0000] {logging_mixin.py:190} INFO - [2024-12-28T20:47:31.999+0000] {dag.py:4180} INFO - Setting next_dagrun for instacart_etl to None, run_after=None
[2024-12-28T20:47:32.026+0000] {processor.py:208} INFO - Processing /opt/airflow/dags/instacart_etl_dag.py took 1.259 seconds
[2024-12-28T20:48:02.668+0000] {processor.py:186} INFO - Started process (PID=3023) to work on /opt/airflow/dags/instacart_etl_dag.py
[2024-12-28T20:48:02.670+0000] {processor.py:914} INFO - Processing file /opt/airflow/dags/instacart_etl_dag.py for tasks to queue
[2024-12-28T20:48:02.671+0000] {logging_mixin.py:190} INFO - [2024-12-28T20:48:02.671+0000] {dagbag.py:588} INFO - Filling up the DagBag from /opt/airflow/dags/instacart_etl_dag.py
[2024-12-28T20:48:03.142+0000] {processor.py:925} INFO - DAG(s) 'instacart_etl' retrieved from /opt/airflow/dags/instacart_etl_dag.py
[2024-12-28T20:48:03.168+0000] {logging_mixin.py:190} INFO - [2024-12-28T20:48:03.167+0000] {dag.py:3239} INFO - Sync 1 DAGs
[2024-12-28T20:48:03.180+0000] {logging_mixin.py:190} INFO - [2024-12-28T20:48:03.179+0000] {dag.py:4180} INFO - Setting next_dagrun for instacart_etl to None, run_after=None
[2024-12-28T20:48:03.206+0000] {processor.py:208} INFO - Processing /opt/airflow/dags/instacart_etl_dag.py took 0.544 seconds
[2024-12-28T20:48:33.632+0000] {processor.py:186} INFO - Started process (PID=3046) to work on /opt/airflow/dags/instacart_etl_dag.py
[2024-12-28T20:48:33.633+0000] {processor.py:914} INFO - Processing file /opt/airflow/dags/instacart_etl_dag.py for tasks to queue
[2024-12-28T20:48:33.635+0000] {logging_mixin.py:190} INFO - [2024-12-28T20:48:33.634+0000] {dagbag.py:588} INFO - Filling up the DagBag from /opt/airflow/dags/instacart_etl_dag.py
[2024-12-28T20:48:34.064+0000] {processor.py:925} INFO - DAG(s) 'instacart_etl' retrieved from /opt/airflow/dags/instacart_etl_dag.py
[2024-12-28T20:48:34.086+0000] {logging_mixin.py:190} INFO - [2024-12-28T20:48:34.085+0000] {dag.py:3239} INFO - Sync 1 DAGs
[2024-12-28T20:48:34.097+0000] {logging_mixin.py:190} INFO - [2024-12-28T20:48:34.097+0000] {dag.py:4180} INFO - Setting next_dagrun for instacart_etl to None, run_after=None
[2024-12-28T20:48:34.116+0000] {processor.py:208} INFO - Processing /opt/airflow/dags/instacart_etl_dag.py took 0.491 seconds
[2024-12-28T20:49:04.573+0000] {processor.py:186} INFO - Started process (PID=3069) to work on /opt/airflow/dags/instacart_etl_dag.py
[2024-12-28T20:49:04.574+0000] {processor.py:914} INFO - Processing file /opt/airflow/dags/instacart_etl_dag.py for tasks to queue
[2024-12-28T20:49:04.575+0000] {logging_mixin.py:190} INFO - [2024-12-28T20:49:04.575+0000] {dagbag.py:588} INFO - Filling up the DagBag from /opt/airflow/dags/instacart_etl_dag.py
[2024-12-28T20:49:05.052+0000] {processor.py:925} INFO - DAG(s) 'instacart_etl' retrieved from /opt/airflow/dags/instacart_etl_dag.py
[2024-12-28T20:49:05.078+0000] {logging_mixin.py:190} INFO - [2024-12-28T20:49:05.077+0000] {dag.py:3239} INFO - Sync 1 DAGs
[2024-12-28T20:49:05.094+0000] {logging_mixin.py:190} INFO - [2024-12-28T20:49:05.094+0000] {dag.py:4180} INFO - Setting next_dagrun for instacart_etl to None, run_after=None
[2024-12-28T20:49:05.117+0000] {processor.py:208} INFO - Processing /opt/airflow/dags/instacart_etl_dag.py took 0.551 seconds
[2024-12-28T20:49:35.502+0000] {processor.py:186} INFO - Started process (PID=3092) to work on /opt/airflow/dags/instacart_etl_dag.py
[2024-12-28T20:49:35.503+0000] {processor.py:914} INFO - Processing file /opt/airflow/dags/instacart_etl_dag.py for tasks to queue
[2024-12-28T20:49:35.504+0000] {logging_mixin.py:190} INFO - [2024-12-28T20:49:35.504+0000] {dagbag.py:588} INFO - Filling up the DagBag from /opt/airflow/dags/instacart_etl_dag.py
[2024-12-28T20:49:35.993+0000] {processor.py:925} INFO - DAG(s) 'instacart_etl' retrieved from /opt/airflow/dags/instacart_etl_dag.py
[2024-12-28T20:49:36.017+0000] {logging_mixin.py:190} INFO - [2024-12-28T20:49:36.017+0000] {dag.py:3239} INFO - Sync 1 DAGs
[2024-12-28T20:49:36.029+0000] {logging_mixin.py:190} INFO - [2024-12-28T20:49:36.029+0000] {dag.py:4180} INFO - Setting next_dagrun for instacart_etl to None, run_after=None
[2024-12-28T20:49:36.050+0000] {processor.py:208} INFO - Processing /opt/airflow/dags/instacart_etl_dag.py took 0.555 seconds
[2024-12-28T20:50:06.226+0000] {processor.py:186} INFO - Started process (PID=3115) to work on /opt/airflow/dags/instacart_etl_dag.py
[2024-12-28T20:50:06.227+0000] {processor.py:914} INFO - Processing file /opt/airflow/dags/instacart_etl_dag.py for tasks to queue
[2024-12-28T20:50:06.228+0000] {logging_mixin.py:190} INFO - [2024-12-28T20:50:06.228+0000] {dagbag.py:588} INFO - Filling up the DagBag from /opt/airflow/dags/instacart_etl_dag.py
[2024-12-28T20:50:06.643+0000] {processor.py:925} INFO - DAG(s) 'instacart_etl' retrieved from /opt/airflow/dags/instacart_etl_dag.py
[2024-12-28T20:50:06.662+0000] {logging_mixin.py:190} INFO - [2024-12-28T20:50:06.662+0000] {dag.py:3239} INFO - Sync 1 DAGs
[2024-12-28T20:50:06.672+0000] {logging_mixin.py:190} INFO - [2024-12-28T20:50:06.672+0000] {dag.py:4180} INFO - Setting next_dagrun for instacart_etl to None, run_after=None
[2024-12-28T20:50:06.694+0000] {processor.py:208} INFO - Processing /opt/airflow/dags/instacart_etl_dag.py took 0.474 seconds
[2024-12-28T20:50:36.901+0000] {processor.py:186} INFO - Started process (PID=3138) to work on /opt/airflow/dags/instacart_etl_dag.py
[2024-12-28T20:50:36.902+0000] {processor.py:914} INFO - Processing file /opt/airflow/dags/instacart_etl_dag.py for tasks to queue
[2024-12-28T20:50:36.903+0000] {logging_mixin.py:190} INFO - [2024-12-28T20:50:36.903+0000] {dagbag.py:588} INFO - Filling up the DagBag from /opt/airflow/dags/instacart_etl_dag.py
[2024-12-28T20:50:37.317+0000] {processor.py:925} INFO - DAG(s) 'instacart_etl' retrieved from /opt/airflow/dags/instacart_etl_dag.py
[2024-12-28T20:50:37.339+0000] {logging_mixin.py:190} INFO - [2024-12-28T20:50:37.339+0000] {dag.py:3239} INFO - Sync 1 DAGs
[2024-12-28T20:50:37.350+0000] {logging_mixin.py:190} INFO - [2024-12-28T20:50:37.350+0000] {dag.py:4180} INFO - Setting next_dagrun for instacart_etl to None, run_after=None
[2024-12-28T20:50:37.369+0000] {processor.py:208} INFO - Processing /opt/airflow/dags/instacart_etl_dag.py took 0.475 seconds
[2024-12-28T20:51:07.718+0000] {processor.py:186} INFO - Started process (PID=3161) to work on /opt/airflow/dags/instacart_etl_dag.py
[2024-12-28T20:51:07.719+0000] {processor.py:914} INFO - Processing file /opt/airflow/dags/instacart_etl_dag.py for tasks to queue
[2024-12-28T20:51:07.721+0000] {logging_mixin.py:190} INFO - [2024-12-28T20:51:07.720+0000] {dagbag.py:588} INFO - Filling up the DagBag from /opt/airflow/dags/instacart_etl_dag.py
[2024-12-28T20:51:08.157+0000] {processor.py:925} INFO - DAG(s) 'instacart_etl' retrieved from /opt/airflow/dags/instacart_etl_dag.py
[2024-12-28T20:51:08.179+0000] {logging_mixin.py:190} INFO - [2024-12-28T20:51:08.178+0000] {dag.py:3239} INFO - Sync 1 DAGs
[2024-12-28T20:51:08.191+0000] {logging_mixin.py:190} INFO - [2024-12-28T20:51:08.191+0000] {dag.py:4180} INFO - Setting next_dagrun for instacart_etl to None, run_after=None
[2024-12-28T20:51:08.210+0000] {processor.py:208} INFO - Processing /opt/airflow/dags/instacart_etl_dag.py took 0.497 seconds
[2024-12-28T20:51:38.626+0000] {processor.py:186} INFO - Started process (PID=3184) to work on /opt/airflow/dags/instacart_etl_dag.py
[2024-12-28T20:51:38.627+0000] {processor.py:914} INFO - Processing file /opt/airflow/dags/instacart_etl_dag.py for tasks to queue
[2024-12-28T20:51:38.628+0000] {logging_mixin.py:190} INFO - [2024-12-28T20:51:38.628+0000] {dagbag.py:588} INFO - Filling up the DagBag from /opt/airflow/dags/instacart_etl_dag.py
[2024-12-28T20:51:39.054+0000] {processor.py:925} INFO - DAG(s) 'instacart_etl' retrieved from /opt/airflow/dags/instacart_etl_dag.py
[2024-12-28T20:51:39.073+0000] {logging_mixin.py:190} INFO - [2024-12-28T20:51:39.073+0000] {dag.py:3239} INFO - Sync 1 DAGs
[2024-12-28T20:51:39.083+0000] {logging_mixin.py:190} INFO - [2024-12-28T20:51:39.083+0000] {dag.py:4180} INFO - Setting next_dagrun for instacart_etl to None, run_after=None
[2024-12-28T20:51:39.103+0000] {processor.py:208} INFO - Processing /opt/airflow/dags/instacart_etl_dag.py took 0.485 seconds
[2024-12-28T20:52:09.306+0000] {processor.py:186} INFO - Started process (PID=3207) to work on /opt/airflow/dags/instacart_etl_dag.py
[2024-12-28T20:52:09.307+0000] {processor.py:914} INFO - Processing file /opt/airflow/dags/instacart_etl_dag.py for tasks to queue
[2024-12-28T20:52:09.308+0000] {logging_mixin.py:190} INFO - [2024-12-28T20:52:09.308+0000] {dagbag.py:588} INFO - Filling up the DagBag from /opt/airflow/dags/instacart_etl_dag.py
[2024-12-28T20:52:09.745+0000] {processor.py:925} INFO - DAG(s) 'instacart_etl' retrieved from /opt/airflow/dags/instacart_etl_dag.py
[2024-12-28T20:52:09.773+0000] {logging_mixin.py:190} INFO - [2024-12-28T20:52:09.772+0000] {dag.py:3239} INFO - Sync 1 DAGs
[2024-12-28T20:52:09.789+0000] {logging_mixin.py:190} INFO - [2024-12-28T20:52:09.789+0000] {dag.py:4180} INFO - Setting next_dagrun for instacart_etl to None, run_after=None
[2024-12-28T20:52:09.809+0000] {processor.py:208} INFO - Processing /opt/airflow/dags/instacart_etl_dag.py took 0.509 seconds
[2024-12-28T20:52:40.044+0000] {processor.py:186} INFO - Started process (PID=3230) to work on /opt/airflow/dags/instacart_etl_dag.py
[2024-12-28T20:52:40.045+0000] {processor.py:914} INFO - Processing file /opt/airflow/dags/instacart_etl_dag.py for tasks to queue
[2024-12-28T20:52:40.047+0000] {logging_mixin.py:190} INFO - [2024-12-28T20:52:40.046+0000] {dagbag.py:588} INFO - Filling up the DagBag from /opt/airflow/dags/instacart_etl_dag.py
[2024-12-28T20:52:40.507+0000] {processor.py:925} INFO - DAG(s) 'instacart_etl' retrieved from /opt/airflow/dags/instacart_etl_dag.py
[2024-12-28T20:52:40.527+0000] {logging_mixin.py:190} INFO - [2024-12-28T20:52:40.527+0000] {dag.py:3239} INFO - Sync 1 DAGs
[2024-12-28T20:52:40.538+0000] {logging_mixin.py:190} INFO - [2024-12-28T20:52:40.538+0000] {dag.py:4180} INFO - Setting next_dagrun for instacart_etl to None, run_after=None
[2024-12-28T20:52:40.558+0000] {processor.py:208} INFO - Processing /opt/airflow/dags/instacart_etl_dag.py took 0.520 seconds
[2024-12-28T20:53:10.949+0000] {processor.py:186} INFO - Started process (PID=3253) to work on /opt/airflow/dags/instacart_etl_dag.py
[2024-12-28T20:53:10.950+0000] {processor.py:914} INFO - Processing file /opt/airflow/dags/instacart_etl_dag.py for tasks to queue
[2024-12-28T20:53:10.952+0000] {logging_mixin.py:190} INFO - [2024-12-28T20:53:10.951+0000] {dagbag.py:588} INFO - Filling up the DagBag from /opt/airflow/dags/instacart_etl_dag.py
[2024-12-28T20:53:11.586+0000] {processor.py:925} INFO - DAG(s) 'instacart_etl' retrieved from /opt/airflow/dags/instacart_etl_dag.py
[2024-12-28T20:53:11.607+0000] {logging_mixin.py:190} INFO - [2024-12-28T20:53:11.607+0000] {dag.py:3239} INFO - Sync 1 DAGs
[2024-12-28T20:53:11.619+0000] {logging_mixin.py:190} INFO - [2024-12-28T20:53:11.619+0000] {dag.py:4180} INFO - Setting next_dagrun for instacart_etl to None, run_after=None
[2024-12-28T20:53:12.352+0000] {processor.py:208} INFO - Processing /opt/airflow/dags/instacart_etl_dag.py took 1.409 seconds
[2024-12-28T20:53:42.639+0000] {processor.py:186} INFO - Started process (PID=3276) to work on /opt/airflow/dags/instacart_etl_dag.py
[2024-12-28T20:53:42.640+0000] {processor.py:914} INFO - Processing file /opt/airflow/dags/instacart_etl_dag.py for tasks to queue
[2024-12-28T20:53:42.641+0000] {logging_mixin.py:190} INFO - [2024-12-28T20:53:42.641+0000] {dagbag.py:588} INFO - Filling up the DagBag from /opt/airflow/dags/instacart_etl_dag.py
[2024-12-28T20:53:43.069+0000] {processor.py:925} INFO - DAG(s) 'instacart_etl' retrieved from /opt/airflow/dags/instacart_etl_dag.py
[2024-12-28T20:53:43.096+0000] {logging_mixin.py:190} INFO - [2024-12-28T20:53:43.095+0000] {dag.py:3239} INFO - Sync 1 DAGs
[2024-12-28T20:53:43.109+0000] {logging_mixin.py:190} INFO - [2024-12-28T20:53:43.108+0000] {dag.py:4180} INFO - Setting next_dagrun for instacart_etl to None, run_after=None
[2024-12-28T20:53:43.129+0000] {processor.py:208} INFO - Processing /opt/airflow/dags/instacart_etl_dag.py took 0.497 seconds
[2024-12-28T20:54:13.413+0000] {processor.py:186} INFO - Started process (PID=3299) to work on /opt/airflow/dags/instacart_etl_dag.py
[2024-12-28T20:54:13.414+0000] {processor.py:914} INFO - Processing file /opt/airflow/dags/instacart_etl_dag.py for tasks to queue
[2024-12-28T20:54:13.415+0000] {logging_mixin.py:190} INFO - [2024-12-28T20:54:13.415+0000] {dagbag.py:588} INFO - Filling up the DagBag from /opt/airflow/dags/instacart_etl_dag.py
[2024-12-28T20:54:13.851+0000] {processor.py:925} INFO - DAG(s) 'instacart_etl' retrieved from /opt/airflow/dags/instacart_etl_dag.py
[2024-12-28T20:54:13.874+0000] {logging_mixin.py:190} INFO - [2024-12-28T20:54:13.873+0000] {dag.py:3239} INFO - Sync 1 DAGs
[2024-12-28T20:54:13.885+0000] {logging_mixin.py:190} INFO - [2024-12-28T20:54:13.885+0000] {dag.py:4180} INFO - Setting next_dagrun for instacart_etl to None, run_after=None
[2024-12-28T20:54:13.905+0000] {processor.py:208} INFO - Processing /opt/airflow/dags/instacart_etl_dag.py took 0.499 seconds
[2024-12-28T20:54:44.169+0000] {processor.py:186} INFO - Started process (PID=3322) to work on /opt/airflow/dags/instacart_etl_dag.py
[2024-12-28T20:54:44.170+0000] {processor.py:914} INFO - Processing file /opt/airflow/dags/instacart_etl_dag.py for tasks to queue
[2024-12-28T20:54:44.171+0000] {logging_mixin.py:190} INFO - [2024-12-28T20:54:44.171+0000] {dagbag.py:588} INFO - Filling up the DagBag from /opt/airflow/dags/instacart_etl_dag.py
[2024-12-28T20:54:44.597+0000] {processor.py:925} INFO - DAG(s) 'instacart_etl' retrieved from /opt/airflow/dags/instacart_etl_dag.py
[2024-12-28T20:54:44.617+0000] {logging_mixin.py:190} INFO - [2024-12-28T20:54:44.617+0000] {dag.py:3239} INFO - Sync 1 DAGs
[2024-12-28T20:54:44.630+0000] {logging_mixin.py:190} INFO - [2024-12-28T20:54:44.629+0000] {dag.py:4180} INFO - Setting next_dagrun for instacart_etl to None, run_after=None
[2024-12-28T20:54:44.650+0000] {processor.py:208} INFO - Processing /opt/airflow/dags/instacart_etl_dag.py took 0.487 seconds
[2024-12-28T20:55:14.922+0000] {processor.py:186} INFO - Started process (PID=3345) to work on /opt/airflow/dags/instacart_etl_dag.py
[2024-12-28T20:55:14.923+0000] {processor.py:914} INFO - Processing file /opt/airflow/dags/instacart_etl_dag.py for tasks to queue
[2024-12-28T20:55:14.925+0000] {logging_mixin.py:190} INFO - [2024-12-28T20:55:14.924+0000] {dagbag.py:588} INFO - Filling up the DagBag from /opt/airflow/dags/instacart_etl_dag.py
[2024-12-28T20:55:15.408+0000] {processor.py:925} INFO - DAG(s) 'instacart_etl' retrieved from /opt/airflow/dags/instacart_etl_dag.py
[2024-12-28T20:55:15.430+0000] {logging_mixin.py:190} INFO - [2024-12-28T20:55:15.430+0000] {dag.py:3239} INFO - Sync 1 DAGs
[2024-12-28T20:55:15.442+0000] {logging_mixin.py:190} INFO - [2024-12-28T20:55:15.442+0000] {dag.py:4180} INFO - Setting next_dagrun for instacart_etl to None, run_after=None
[2024-12-28T20:55:15.463+0000] {processor.py:208} INFO - Processing /opt/airflow/dags/instacart_etl_dag.py took 0.546 seconds
[2024-12-28T20:55:45.737+0000] {processor.py:186} INFO - Started process (PID=3368) to work on /opt/airflow/dags/instacart_etl_dag.py
[2024-12-28T20:55:45.738+0000] {processor.py:914} INFO - Processing file /opt/airflow/dags/instacart_etl_dag.py for tasks to queue
[2024-12-28T20:55:45.739+0000] {logging_mixin.py:190} INFO - [2024-12-28T20:55:45.739+0000] {dagbag.py:588} INFO - Filling up the DagBag from /opt/airflow/dags/instacart_etl_dag.py
[2024-12-28T20:55:46.120+0000] {processor.py:925} INFO - DAG(s) 'instacart_etl' retrieved from /opt/airflow/dags/instacart_etl_dag.py
[2024-12-28T20:55:46.141+0000] {logging_mixin.py:190} INFO - [2024-12-28T20:55:46.140+0000] {dag.py:3239} INFO - Sync 1 DAGs
[2024-12-28T20:55:46.150+0000] {logging_mixin.py:190} INFO - [2024-12-28T20:55:46.150+0000] {dag.py:4180} INFO - Setting next_dagrun for instacart_etl to None, run_after=None
[2024-12-28T20:55:46.169+0000] {processor.py:208} INFO - Processing /opt/airflow/dags/instacart_etl_dag.py took 0.439 seconds
[2024-12-28T21:09:09.379+0000] {processor.py:186} INFO - Started process (PID=3394) to work on /opt/airflow/dags/instacart_etl_dag.py
[2024-12-28T21:09:09.381+0000] {processor.py:914} INFO - Processing file /opt/airflow/dags/instacart_etl_dag.py for tasks to queue
[2024-12-28T21:09:09.382+0000] {logging_mixin.py:190} INFO - [2024-12-28T21:09:09.382+0000] {dagbag.py:588} INFO - Filling up the DagBag from /opt/airflow/dags/instacart_etl_dag.py
[2024-12-28T21:09:10.301+0000] {processor.py:925} INFO - DAG(s) 'instacart_etl' retrieved from /opt/airflow/dags/instacart_etl_dag.py
[2024-12-28T21:09:10.408+0000] {logging_mixin.py:190} INFO - [2024-12-28T21:09:10.407+0000] {dag.py:3239} INFO - Sync 1 DAGs
[2024-12-28T21:09:10.451+0000] {logging_mixin.py:190} INFO - [2024-12-28T21:09:10.451+0000] {dag.py:4180} INFO - Setting next_dagrun for instacart_etl to None, run_after=None
[2024-12-28T21:09:10.500+0000] {processor.py:208} INFO - Processing /opt/airflow/dags/instacart_etl_dag.py took 1.129 seconds
[2024-12-28T21:09:40.847+0000] {processor.py:186} INFO - Started process (PID=3417) to work on /opt/airflow/dags/instacart_etl_dag.py
[2024-12-28T21:09:40.849+0000] {processor.py:914} INFO - Processing file /opt/airflow/dags/instacart_etl_dag.py for tasks to queue
[2024-12-28T21:09:40.851+0000] {logging_mixin.py:190} INFO - [2024-12-28T21:09:40.850+0000] {dagbag.py:588} INFO - Filling up the DagBag from /opt/airflow/dags/instacart_etl_dag.py
[2024-12-28T21:09:41.460+0000] {processor.py:925} INFO - DAG(s) 'instacart_etl' retrieved from /opt/airflow/dags/instacart_etl_dag.py
[2024-12-28T21:09:41.498+0000] {logging_mixin.py:190} INFO - [2024-12-28T21:09:41.497+0000] {dag.py:3239} INFO - Sync 1 DAGs
[2024-12-28T21:09:41.520+0000] {logging_mixin.py:190} INFO - [2024-12-28T21:09:41.520+0000] {dag.py:4180} INFO - Setting next_dagrun for instacart_etl to None, run_after=None
[2024-12-28T21:09:41.551+0000] {processor.py:208} INFO - Processing /opt/airflow/dags/instacart_etl_dag.py took 0.718 seconds
[2024-12-28T21:10:12.023+0000] {processor.py:186} INFO - Started process (PID=3440) to work on /opt/airflow/dags/instacart_etl_dag.py
[2024-12-28T21:10:12.024+0000] {processor.py:914} INFO - Processing file /opt/airflow/dags/instacart_etl_dag.py for tasks to queue
[2024-12-28T21:10:12.026+0000] {logging_mixin.py:190} INFO - [2024-12-28T21:10:12.026+0000] {dagbag.py:588} INFO - Filling up the DagBag from /opt/airflow/dags/instacart_etl_dag.py
[2024-12-28T21:10:12.703+0000] {processor.py:925} INFO - DAG(s) 'instacart_etl' retrieved from /opt/airflow/dags/instacart_etl_dag.py
[2024-12-28T21:10:12.746+0000] {logging_mixin.py:190} INFO - [2024-12-28T21:10:12.745+0000] {dag.py:3239} INFO - Sync 1 DAGs
[2024-12-28T21:10:12.767+0000] {logging_mixin.py:190} INFO - [2024-12-28T21:10:12.766+0000] {dag.py:4180} INFO - Setting next_dagrun for instacart_etl to None, run_after=None
[2024-12-28T21:10:12.794+0000] {processor.py:208} INFO - Processing /opt/airflow/dags/instacart_etl_dag.py took 0.779 seconds
