[2024-12-25T23:43:41.978+0000] {local_task_job_runner.py:123} INFO - ::group::Pre task execution logs
[2024-12-25T23:43:41.997+0000] {taskinstance.py:2613} INFO - Dependencies all met for dep_context=non-requeueable deps ti=<TaskInstance: dim_date_dag.generate_dim_date manual__2024-12-25T23:43:40.170712+00:00 [queued]>
[2024-12-25T23:43:42.007+0000] {taskinstance.py:2613} INFO - Dependencies all met for dep_context=requeueable deps ti=<TaskInstance: dim_date_dag.generate_dim_date manual__2024-12-25T23:43:40.170712+00:00 [queued]>
[2024-12-25T23:43:42.008+0000] {taskinstance.py:2866} INFO - Starting attempt 1 of 1
[2024-12-25T23:43:42.030+0000] {taskinstance.py:2889} INFO - Executing <Task(PythonOperator): generate_dim_date> on 2024-12-25 23:43:40.170712+00:00
[2024-12-25T23:43:42.039+0000] {standard_task_runner.py:104} INFO - Running: ['***', 'tasks', 'run', 'dim_date_dag', 'generate_dim_date', 'manual__2024-12-25T23:43:40.170712+00:00', '--job-id', '272', '--raw', '--subdir', 'DAGS_FOLDER/test.py', '--cfg-path', '/tmp/tmpqnawfylx']
[2024-12-25T23:43:42.042+0000] {standard_task_runner.py:105} INFO - Job 272: Subtask generate_dim_date
[2024-12-25T23:43:42.068+0000] {logging_mixin.py:190} WARNING - /home/***/.local/lib/python3.12/site-packages/***/task/task_runner/standard_task_runner.py:70 DeprecationWarning: This process (pid=8706) is multi-threaded, use of fork() may lead to deadlocks in the child.
[2024-12-25T23:43:42.070+0000] {standard_task_runner.py:72} INFO - Started process 8707 to run task
[2024-12-25T23:43:42.094+0000] {task_command.py:467} INFO - Running <TaskInstance: dim_date_dag.generate_dim_date manual__2024-12-25T23:43:40.170712+00:00 [running]> on host 53a83a5c1c65
[2024-12-25T23:43:42.188+0000] {taskinstance.py:3132} INFO - Exporting env vars: AIRFLOW_CTX_DAG_OWNER='***' AIRFLOW_CTX_DAG_ID='dim_date_dag' AIRFLOW_CTX_TASK_ID='generate_dim_date' AIRFLOW_CTX_EXECUTION_DATE='2024-12-25T23:43:40.170712+00:00' AIRFLOW_CTX_TRY_NUMBER='1' AIRFLOW_CTX_DAG_RUN_ID='manual__2024-12-25T23:43:40.170712+00:00'
[2024-12-25T23:43:42.189+0000] {taskinstance.py:731} INFO - ::endgroup::
[2024-12-25T23:43:42.243+0000] {logging_mixin.py:190} INFO - Starting date dimension population...
[2024-12-25T23:43:42.256+0000] {logging_mixin.py:190} INFO - Error executing populate_dim_date: ('23000', "[23000] [Microsoft][ODBC Driver 18 for SQL Server][SQL Server]Violation of PRIMARY KEY constraint 'PK__dim_date__67370B4411DC6BD2'. Cannot insert duplicate key in object 'dbo.dim_date'. The duplicate key value is (20210101). (2627) (SQLExecDirectW)")
[2024-12-25T23:43:42.262+0000] {taskinstance.py:3311} ERROR - Task failed with exception
Traceback (most recent call last):
  File "/home/airflow/.local/lib/python3.12/site-packages/airflow/models/taskinstance.py", line 767, in _execute_task
    result = _execute_callable(context=context, **execute_callable_kwargs)
             ^^^^^^^^^^^^^^^^^^^^^^^^^^^^^^^^^^^^^^^^^^^^^^^^^^^^^^^^^^^^^
  File "/home/airflow/.local/lib/python3.12/site-packages/airflow/models/taskinstance.py", line 733, in _execute_callable
    return ExecutionCallableRunner(
           ^^^^^^^^^^^^^^^^^^^^^^^^
  File "/home/airflow/.local/lib/python3.12/site-packages/airflow/utils/operator_helpers.py", line 252, in run
    return self.func(*args, **kwargs)
           ^^^^^^^^^^^^^^^^^^^^^^^^^^
  File "/home/airflow/.local/lib/python3.12/site-packages/airflow/models/baseoperator.py", line 417, in wrapper
    return func(self, *args, **kwargs)
           ^^^^^^^^^^^^^^^^^^^^^^^^^^^
  File "/home/airflow/.local/lib/python3.12/site-packages/airflow/operators/python.py", line 238, in execute
    return_value = self.execute_callable()
                   ^^^^^^^^^^^^^^^^^^^^^^^
  File "/home/airflow/.local/lib/python3.12/site-packages/airflow/operators/python.py", line 256, in execute_callable
    return runner.run(*self.op_args, **self.op_kwargs)
           ^^^^^^^^^^^^^^^^^^^^^^^^^^^^^^^^^^^^^^^^^^^
  File "/home/airflow/.local/lib/python3.12/site-packages/airflow/utils/operator_helpers.py", line 252, in run
    return self.func(*args, **kwargs)
           ^^^^^^^^^^^^^^^^^^^^^^^^^^
  File "/opt/airflow/dags/test.py", line 40, in populate_dim_date
    cursor.execute("EXEC populate_dim_date")
pyodbc.IntegrityError: ('23000', "[23000] [Microsoft][ODBC Driver 18 for SQL Server][SQL Server]Violation of PRIMARY KEY constraint 'PK__dim_date__67370B4411DC6BD2'. Cannot insert duplicate key in object 'dbo.dim_date'. The duplicate key value is (20210101). (2627) (SQLExecDirectW)")
[2024-12-25T23:43:42.286+0000] {taskinstance.py:1225} INFO - Marking task as FAILED. dag_id=dim_date_dag, task_id=generate_dim_date, run_id=manual__2024-12-25T23:43:40.170712+00:00, execution_date=20241225T234340, start_date=20241225T234341, end_date=20241225T234342
[2024-12-25T23:43:42.309+0000] {taskinstance.py:340} INFO - ::group::Post task execution logs
[2024-12-25T23:43:42.309+0000] {standard_task_runner.py:124} ERROR - Failed to execute job 272 for task generate_dim_date (('23000', "[23000] [Microsoft][ODBC Driver 18 for SQL Server][SQL Server]Violation of PRIMARY KEY constraint 'PK__dim_date__67370B4411DC6BD2'. Cannot insert duplicate key in object 'dbo.dim_date'. The duplicate key value is (20210101). (2627) (SQLExecDirectW)"); 8707)
Traceback (most recent call last):
  File "/home/airflow/.local/lib/python3.12/site-packages/airflow/task/task_runner/standard_task_runner.py", line 117, in _start_by_fork
    ret = args.func(args, dag=self.dag)
          ^^^^^^^^^^^^^^^^^^^^^^^^^^^^^
  File "/home/airflow/.local/lib/python3.12/site-packages/airflow/cli/cli_config.py", line 49, in command
    return func(*args, **kwargs)
           ^^^^^^^^^^^^^^^^^^^^^
  File "/home/airflow/.local/lib/python3.12/site-packages/airflow/utils/cli.py", line 116, in wrapper
    return f(*args, **kwargs)
           ^^^^^^^^^^^^^^^^^^
  File "/home/airflow/.local/lib/python3.12/site-packages/airflow/cli/commands/task_command.py", line 483, in task_run
    task_return_code = _run_task_by_selected_method(args, _dag, ti)
                       ^^^^^^^^^^^^^^^^^^^^^^^^^^^^^^^^^^^^^^^^^^^^
  File "/home/airflow/.local/lib/python3.12/site-packages/airflow/cli/commands/task_command.py", line 256, in _run_task_by_selected_method
    return _run_raw_task(args, ti)
           ^^^^^^^^^^^^^^^^^^^^^^^
  File "/home/airflow/.local/lib/python3.12/site-packages/airflow/cli/commands/task_command.py", line 341, in _run_raw_task
    return ti._run_raw_task(
           ^^^^^^^^^^^^^^^^^
  File "/home/airflow/.local/lib/python3.12/site-packages/airflow/utils/session.py", line 97, in wrapper
    return func(*args, session=session, **kwargs)
           ^^^^^^^^^^^^^^^^^^^^^^^^^^^^^^^^^^^^^^
  File "/home/airflow/.local/lib/python3.12/site-packages/airflow/models/taskinstance.py", line 3005, in _run_raw_task
    return _run_raw_task(
           ^^^^^^^^^^^^^^
  File "/home/airflow/.local/lib/python3.12/site-packages/airflow/models/taskinstance.py", line 273, in _run_raw_task
    TaskInstance._execute_task_with_callbacks(
  File "/home/airflow/.local/lib/python3.12/site-packages/airflow/models/taskinstance.py", line 3159, in _execute_task_with_callbacks
    result = self._execute_task(context, task_orig)
             ^^^^^^^^^^^^^^^^^^^^^^^^^^^^^^^^^^^^^^
  File "/home/airflow/.local/lib/python3.12/site-packages/airflow/models/taskinstance.py", line 3183, in _execute_task
    return _execute_task(self, context, task_orig)
           ^^^^^^^^^^^^^^^^^^^^^^^^^^^^^^^^^^^^^^^
  File "/home/airflow/.local/lib/python3.12/site-packages/airflow/models/taskinstance.py", line 767, in _execute_task
    result = _execute_callable(context=context, **execute_callable_kwargs)
             ^^^^^^^^^^^^^^^^^^^^^^^^^^^^^^^^^^^^^^^^^^^^^^^^^^^^^^^^^^^^^
  File "/home/airflow/.local/lib/python3.12/site-packages/airflow/models/taskinstance.py", line 733, in _execute_callable
    return ExecutionCallableRunner(
           ^^^^^^^^^^^^^^^^^^^^^^^^
  File "/home/airflow/.local/lib/python3.12/site-packages/airflow/utils/operator_helpers.py", line 252, in run
    return self.func(*args, **kwargs)
           ^^^^^^^^^^^^^^^^^^^^^^^^^^
  File "/home/airflow/.local/lib/python3.12/site-packages/airflow/models/baseoperator.py", line 417, in wrapper
    return func(self, *args, **kwargs)
           ^^^^^^^^^^^^^^^^^^^^^^^^^^^
  File "/home/airflow/.local/lib/python3.12/site-packages/airflow/operators/python.py", line 238, in execute
    return_value = self.execute_callable()
                   ^^^^^^^^^^^^^^^^^^^^^^^
  File "/home/airflow/.local/lib/python3.12/site-packages/airflow/operators/python.py", line 256, in execute_callable
    return runner.run(*self.op_args, **self.op_kwargs)
           ^^^^^^^^^^^^^^^^^^^^^^^^^^^^^^^^^^^^^^^^^^^
  File "/home/airflow/.local/lib/python3.12/site-packages/airflow/utils/operator_helpers.py", line 252, in run
    return self.func(*args, **kwargs)
           ^^^^^^^^^^^^^^^^^^^^^^^^^^
  File "/opt/airflow/dags/test.py", line 40, in populate_dim_date
    cursor.execute("EXEC populate_dim_date")
pyodbc.IntegrityError: ('23000', "[23000] [Microsoft][ODBC Driver 18 for SQL Server][SQL Server]Violation of PRIMARY KEY constraint 'PK__dim_date__67370B4411DC6BD2'. Cannot insert duplicate key in object 'dbo.dim_date'. The duplicate key value is (20210101). (2627) (SQLExecDirectW)")
[2024-12-25T23:43:42.330+0000] {local_task_job_runner.py:266} INFO - Task exited with return code 1
[2024-12-25T23:43:42.346+0000] {taskinstance.py:3895} INFO - 0 downstream tasks scheduled from follow-on schedule check
[2024-12-25T23:43:42.351+0000] {local_task_job_runner.py:245} INFO - ::endgroup::
